============================================================
Time  2019/08/26 15:14:05 971 
============================================================
[2019/08/26 15:14:05 971] tts        555  SYS_MSG_REGCB param0 =  msp_status_cb  param1 =  func(10072370) 
[2019/08/26 15:14:05 971] config     42   use general cloud  
[2019/08/26 15:14:05 973] tts_cloud  1414 SYS_MSG_REGCB_CLOUD param0 =   msp_status_cb  param1 =  func(10072370) 
[2019/08/26 15:14:05 973] tts        527  TTS_MSG_SSB  
[2019/08/26 15:14:05 973] tts        338  params =  engine_type = local,voice_name=xiaoyan, text_encoding = UTF8, tts_res_path = fo|res/tts/xiaoyan.jet;fo|res/tts/common.jet, sample_rate = 16000, speed = 50, volume = 50, pitch = 50, rdn = 2  
[2019/08/26 15:14:05 973] tts        369  ssb|use local  
[2019/08/26 15:14:05 973] tts        313  local_session_begin  
[2019/08/26 15:14:05 974] tts        533  TTS_MSG_SYN  0  
[2019/08/26 15:14:05 974] tts        404  synth|use local  
[2019/08/26 15:14:05 974] tts        536  TTS_MSG_GETAUDIO  0  
[2019/08/26 15:14:05 974] tts        429  get audio|use local  
[2019/08/26 15:14:05 974] tts        471  0  nil  1  
[2019/08/26 15:14:05 975] tts        536  TTS_MSG_GETAUDIO  0  
[2019/08/26 15:14:05 975] tts        429  get audio|use local  
[2019/08/26 15:14:05 975] tts        471  0  nil  1  
[2019/08/26 15:14:05 975] tts        536  TTS_MSG_GETAUDIO  0  
[2019/08/26 15:14:05 975] tts        429  get audio|use local  
[2019/08/26 15:14:05 975] tts        471  0  nil  1  
[2019/08/26 15:14:05 975] tts        536  TTS_MSG_GETAUDIO  0  
[2019/08/26 15:14:05 975] tts        429  get audio|use local  
[2019/08/26 15:14:05 975] tts        471  0  nil  1  
[2019/08/26 15:14:05 976] tts        536  TTS_MSG_GETAUDIO  0  
[2019/08/26 15:14:05 976] tts        429  get audio|use local  
[2019/08/26 15:14:05 976] tts        471  0  nil  1  
[2019/08/26 15:14:05 976] tts        536  TTS_MSG_GETAUDIO  0  
[2019/08/26 15:14:05 976] tts        429  get audio|use local  
[2019/08/26 15:14:05 976] tts        471  0  nil  1  
[2019/08/26 15:14:05 976] tts        536  TTS_MSG_GETAUDIO  0  
[2019/08/26 15:14:05 976] tts        429  get audio|use local  
[2019/08/26 15:14:05 976] tts        471  0  nil  1  
[2019/08/26 15:14:05 977] tts        536  TTS_MSG_GETAUDIO  0  
[2019/08/26 15:14:05 977] tts        429  get audio|use local  
[2019/08/26 15:14:05 977] tts        471  0  nil  1  
[2019/08/26 15:14:05 977] tts        536  TTS_MSG_GETAUDIO  0  
[2019/08/26 15:14:05 977] tts        429  get audio|use local  
[2019/08/26 15:14:05 977] tts        471  0  nil  1  
[2019/08/26 15:14:05 977] tts        536  TTS_MSG_GETAUDIO  0  
[2019/08/26 15:14:05 977] tts        429  get audio|use local  
[2019/08/26 15:14:05 977] tts        471  0  nil  1  
[2019/08/26 15:14:05 978] tts        536  TTS_MSG_GETAUDIO  0  
[2019/08/26 15:14:05 978] tts        429  get audio|use local  
[2019/08/26 15:14:05 978] tts        471  0  nil  1  
[2019/08/26 15:14:05 978] tts        536  TTS_MSG_GETAUDIO  0  
[2019/08/26 15:14:05 978] tts        429  get audio|use local  
[2019/08/26 15:14:05 978] tts        471  0  nil  1  
[2019/08/26 15:14:05 979] tts        536  TTS_MSG_GETAUDIO  0  
[2019/08/26 15:14:05 979] tts        429  get audio|use local  
[2019/08/26 15:14:05 979] tts        471  0  nil  1  
[2019/08/26 15:14:05 979] tts        536  TTS_MSG_GETAUDIO  0  
[2019/08/26 15:14:05 979] tts        429  get audio|use local  
[2019/08/26 15:14:05 979] tts        471  0  nil  1  
[2019/08/26 15:14:05 980] tts        536  TTS_MSG_GETAUDIO  0  
[2019/08/26 15:14:05 980] tts        429  get audio|use local  
[2019/08/26 15:14:05 980] tts        471  0  nil  1  
[2019/08/26 15:14:05 981] tts        536  TTS_MSG_GETAUDIO  0  
[2019/08/26 15:14:05 981] tts        429  get audio|use local  
[2019/08/26 15:14:05 981] tts        471  0  nil  1  
[2019/08/26 15:14:05 981] tts        536  TTS_MSG_GETAUDIO  0  
[2019/08/26 15:14:05 981] tts        429  get audio|use local  
[2019/08/26 15:14:05 981] tts        471  0  nil  1  
[2019/08/26 15:14:05 981] tts        536  TTS_MSG_GETAUDIO  0  
[2019/08/26 15:14:05 981] tts        429  get audio|use local  
[2019/08/26 15:14:05 981] tts        471  0  nil  1  
[2019/08/26 15:14:05 981] tts        536  TTS_MSG_GETAUDIO  0  
[2019/08/26 15:14:05 981] tts        429  get audio|use local  
[2019/08/26 15:14:05 981] tts        471  0  nil  1  
[2019/08/26 15:14:05 982] tts        536  TTS_MSG_GETAUDIO  0  
[2019/08/26 15:14:05 982] tts        429  get audio|use local  
[2019/08/26 15:14:05 982] tts        471  0  nil  1  
[2019/08/26 15:14:05 982] tts        536  TTS_MSG_GETAUDIO  0  
[2019/08/26 15:14:05 982] tts        429  get audio|use local  
[2019/08/26 15:14:05 982] tts        471  0  nil  1  
[2019/08/26 15:14:05 982] tts        536  TTS_MSG_GETAUDIO  0  
[2019/08/26 15:14:05 982] tts        429  get audio|use local  
[2019/08/26 15:14:05 982] tts        471  0  nil  1  
[2019/08/26 15:14:05 982] tts        536  TTS_MSG_GETAUDIO  0  
[2019/08/26 15:14:05 983] tts        429  get audio|use local  
[2019/08/26 15:14:05 983] tts        471  0  nil  1  
[2019/08/26 15:14:05 983] tts        536  TTS_MSG_GETAUDIO  0  
[2019/08/26 15:14:05 983] tts        429  get audio|use local  
[2019/08/26 15:14:05 983] tts        471  0  nil  1  
[2019/08/26 15:14:05 984] tts        536  TTS_MSG_GETAUDIO  0  
[2019/08/26 15:14:05 984] tts        429  get audio|use local  
[2019/08/26 15:14:05 984] tts        471  0  nil  1  
[2019/08/26 15:14:05 984] tts        536  TTS_MSG_GETAUDIO  0  
[2019/08/26 15:14:05 984] tts        429  get audio|use local  
[2019/08/26 15:14:05 984] tts        471  0  nil  1  
[2019/08/26 15:14:05 985] tts        536  TTS_MSG_GETAUDIO  0  
[2019/08/26 15:14:05 985] tts        429  get audio|use local  
[2019/08/26 15:14:05 985] tts        471  0  nil  1  
[2019/08/26 15:14:05 986] tts        536  TTS_MSG_GETAUDIO  0  
[2019/08/26 15:14:05 986] tts        429  get audio|use local  
[2019/08/26 15:14:05 986] tts        471  0  nil  1  
[2019/08/26 15:14:05 986] tts        536  TTS_MSG_GETAUDIO  0  
[2019/08/26 15:14:05 986] tts        429  get audio|use local  
[2019/08/26 15:14:05 987] tts        471  0  nil  1  
[2019/08/26 15:14:05 988] tts        536  TTS_MSG_GETAUDIO  0  
[2019/08/26 15:14:05 988] tts        429  get audio|use local  
[2019/08/26 15:14:05 988] tts        471  0  nil  1  
[2019/08/26 15:14:05 988] tts        536  TTS_MSG_GETAUDIO  0  
[2019/08/26 15:14:05 988] tts        429  get audio|use local  
[2019/08/26 15:14:05 988] tts        471  0  nil  1  
[2019/08/26 15:14:05 988] tts        536  TTS_MSG_GETAUDIO  0  
[2019/08/26 15:14:05 988] tts        429  get audio|use local  
[2019/08/26 15:14:05 988] tts        471  0  nil  1  
[2019/08/26 15:14:05 989] tts        290  TTS_LOCAL_CB_BEGIN  
[2019/08/26 15:14:05 989] tts        536  TTS_MSG_GETAUDIO  0  
[2019/08/26 15:14:05 991] tts        429  get audio|use local  
[2019/08/26 15:14:05 991] tts        442  local audiolen:  212  ,ced:  5  
[2019/08/26 15:14:05 991] tts        471  0  udata(10050168) 1  
[2019/08/26 15:14:05 991] tts        536  TTS_MSG_GETAUDIO  0  
[2019/08/26 15:14:05 991] tts        429  get audio|use local  
[2019/08/26 15:14:05 991] tts        471  0  nil  1  
[2019/08/26 15:14:05 991] tts        536  TTS_MSG_GETAUDIO  0  
[2019/08/26 15:14:05 991] tts        429  get audio|use local  
[2019/08/26 15:14:05 991] tts        471  0  nil  1  
[2019/08/26 15:14:05 992] tts        536  TTS_MSG_GETAUDIO  0  
[2019/08/26 15:14:05 992] tts        429  get audio|use local  
[2019/08/26 15:14:05 992] tts        471  0  nil  1  
[2019/08/26 15:14:05 992] tts        536  TTS_MSG_GETAUDIO  0  
[2019/08/26 15:14:05 992] tts        429  get audio|use local  
[2019/08/26 15:14:05 992] tts        471  0  nil  1  
[2019/08/26 15:14:05 992] tts        536  TTS_MSG_GETAUDIO  0  
[2019/08/26 15:14:05 992] tts        429  get audio|use local  
[2019/08/26 15:14:05 992] tts        471  0  nil  1  
[2019/08/26 15:14:05 992] tts        536  TTS_MSG_GETAUDIO  0  
[2019/08/26 15:14:05 993] tts        429  get audio|use local  
[2019/08/26 15:14:05 993] tts        471  0  nil  1  
[2019/08/26 15:14:05 993] tts        536  TTS_MSG_GETAUDIO  0  
[2019/08/26 15:14:05 993] tts        429  get audio|use local  
[2019/08/26 15:14:05 993] tts        471  0  nil  1  
[2019/08/26 15:14:05 993] tts        536  TTS_MSG_GETAUDIO  0  
[2019/08/26 15:14:05 993] tts        429  get audio|use local  
[2019/08/26 15:14:05 993] tts        471  0  nil  1  
[2019/08/26 15:14:05 993] tts        536  TTS_MSG_GETAUDIO  0  
[2019/08/26 15:14:05 993] tts        429  get audio|use local  
[2019/08/26 15:14:05 993] tts        471  0  nil  1  
[2019/08/26 15:14:05 993] tts        536  TTS_MSG_GETAUDIO  0  
[2019/08/26 15:14:05 994] tts        429  get audio|use local  
[2019/08/26 15:14:05 994] tts        471  0  nil  1  
[2019/08/26 15:14:05 994] tts        536  TTS_MSG_GETAUDIO  0  
[2019/08/26 15:14:05 994] tts        429  get audio|use local  
[2019/08/26 15:14:05 994] tts        471  0  nil  1  
[2019/08/26 15:14:05 994] tts        536  TTS_MSG_GETAUDIO  0  
[2019/08/26 15:14:05 994] tts        429  get audio|use local  
[2019/08/26 15:14:05 994] tts        471  0  nil  1  
[2019/08/26 15:14:05 994] tts        536  TTS_MSG_GETAUDIO  0  
[2019/08/26 15:14:05 994] tts        429  get audio|use local  
[2019/08/26 15:14:05 994] tts        471  0  nil  1  
[2019/08/26 15:14:05 994] tts        536  TTS_MSG_GETAUDIO  0  
[2019/08/26 15:14:05 994] tts        429  get audio|use local  
[2019/08/26 15:14:05 994] tts        471  0  nil  1  
[2019/08/26 15:14:05 995] tts        536  TTS_MSG_GETAUDIO  0  
[2019/08/26 15:14:05 995] tts        429  get audio|use local  
[2019/08/26 15:14:05 995] tts        471  0  nil  1  
[2019/08/26 15:14:05 995] tts        536  TTS_MSG_GETAUDIO  0  
[2019/08/26 15:14:05 995] tts        429  get audio|use local  
[2019/08/26 15:14:05 995] tts        471  0  nil  1  
[2019/08/26 15:14:05 995] tts        536  TTS_MSG_GETAUDIO  0  
[2019/08/26 15:14:05 995] tts        429  get audio|use local  
[2019/08/26 15:14:05 995] tts        471  0  nil  1  
[2019/08/26 15:14:05 995] tts        536  TTS_MSG_GETAUDIO  0  
[2019/08/26 15:14:05 995] tts        429  get audio|use local  
[2019/08/26 15:14:05 995] tts        471  0  nil  1  
[2019/08/26 15:14:05 995] tts        536  TTS_MSG_GETAUDIO  0  
[2019/08/26 15:14:05 995] tts        429  get audio|use local  
[2019/08/26 15:14:05 995] tts        471  0  nil  1  
[2019/08/26 15:14:05 996] tts        536  TTS_MSG_GETAUDIO  0  
[2019/08/26 15:14:05 996] tts        429  get audio|use local  
[2019/08/26 15:14:05 996] tts        471  0  nil  1  
[2019/08/26 15:14:05 996] tts        536  TTS_MSG_GETAUDIO  0  
[2019/08/26 15:14:05 996] tts        429  get audio|use local  
[2019/08/26 15:14:05 996] tts        471  0  nil  1  
[2019/08/26 15:14:05 996] tts        536  TTS_MSG_GETAUDIO  0  
[2019/08/26 15:14:05 996] tts        429  get audio|use local  
[2019/08/26 15:14:05 997] tts        471  0  nil  1  
[2019/08/26 15:14:05 997] tts        292  0  0  
[2019/08/26 15:14:05 997] tts        299  TTS_LOCAL_CB_END,  2  
[2019/08/26 15:14:05 997] tts        536  TTS_MSG_GETAUDIO  0  
[2019/08/26 15:14:05 997] tts        429  get audio|use local  
[2019/08/26 15:14:05 997] tts        442  local audiolen:  5092  ,ced:  5  
[2019/08/26 15:14:05 998] tts        471  0  udata(10050878) 1  
[2019/08/26 15:14:05 998] tts        536  TTS_MSG_GETAUDIO  0  
[2019/08/26 15:14:05 998] tts        429  get audio|use local  
[2019/08/26 15:14:05 998] tts        442  local audiolen:  2360  ,ced:  5  
[2019/08/26 15:14:05 998] tts        471  0  udata(1004ffb8) 1  
[2019/08/26 15:14:05 998] tts        536  TTS_MSG_GETAUDIO  0  
[2019/08/26 15:14:05 998] tts        429  get audio|use local  
[2019/08/26 15:14:05 998] tts        442  local audiolen:  8968  ,ced:  5  
[2019/08/26 15:14:05 998] tts        471  0  udata(10050008) 2  
[2019/08/26 15:14:05 998] tts        539  TTS_MSG_SSE  
[2019/08/26 15:14:05 999] tts        493  sse|use local  
[2019/08/26 15:14:05 999] tts        509  tts exit  
