============================================================
Time  2018/09/13 10:19:01 834 
============================================================
[2018/09/13 10:19:01 834] lgi        641  SYS_MSG_LOAD  
[2018/09/13 10:19:01 835] lgi        663  SYS_MSG_REGCB  msp_status_cb  func(a0015e20) 
[2018/09/13 10:19:01 835] lgi        292  LGI_MSG_INIT  
[2018/09/13 10:19:01 835] lgi        299  lgi  lgi_  268436457  1495166055  
[2018/09/13 10:19:01 835] lgi        332  lgi params:  appid = 54a61231, work_dir = .  
[2018/09/13 10:19:01 835] lgi        346  auth_time_str=  2018/09/13 10:19:01  
[2018/09/13 10:19:01 836] lgi        352  auth_appid=  54a61231  
[2018/09/13 10:19:01 836] lgi        363  token:  nil  
[2018/09/13 10:19:01 836] lgi        433  msc cver : 5.0.33.1158  
[2018/09/13 10:19:01 836] lgi        476  ns_enable=  1  
[2018/09/13 10:19:01 836] lgi        488  prot_ver=1  
[2018/09/13 10:19:01 836] lgi        499  prot_type=tcp  
[2018/09/13 10:19:01 836] lgi        650  SYS_MSG_UNLOAD  go bg!  
[2018/09/13 10:19:06 263] lgi        654  SYS_MSG_SHUTDOWN  
============================================================
Time  2018/09/13 10:20:21 990 
============================================================
[2018/09/13 10:20:21 990] lgi        641  SYS_MSG_LOAD  
[2018/09/13 10:20:21 991] lgi        663  SYS_MSG_REGCB  msp_status_cb  func(c8013530) 
[2018/09/13 10:20:21 991] lgi        292  LGI_MSG_INIT  
[2018/09/13 10:20:21 991] lgi        299  lgi  lgi_  268436457  1495166055  
[2018/09/13 10:20:21 991] lgi        332  lgi params:  appid = 54a61231, work_dir = .  
[2018/09/13 10:20:21 991] lgi        346  auth_time_str=  2018/09/13 10:20:21  
[2018/09/13 10:20:21 991] lgi        352  auth_appid=  54a61231  
[2018/09/13 10:20:21 991] lgi        363  token:  nil  
[2018/09/13 10:20:21 991] lgi        433  msc cver : 5.0.33.1158  
[2018/09/13 10:20:21 991] lgi        476  ns_enable=  1  
[2018/09/13 10:20:21 991] lgi        488  prot_ver=1  
[2018/09/13 10:20:21 991] lgi        499  prot_type=tcp  
[2018/09/13 10:20:21 991] lgi        650  SYS_MSG_UNLOAD  go bg!  
[2018/09/13 10:20:23 263] lgi        654  SYS_MSG_SHUTDOWN  
============================================================
Time  2019/07/09 17:29:12 132 
============================================================
[2019/07/09 17:29:12 132] lgi        641  SYS_MSG_LOAD  
[2019/07/09 17:29:12 133] lgi        663  SYS_MSG_REGCB  msp_status_cb  func(68015e00) 
[2019/07/09 17:29:12 133] lgi        292  LGI_MSG_INIT  
[2019/07/09 17:29:12 133] lgi        299  lgi  lgi_  268436457  1495166055  
[2019/07/09 17:29:12 133] lgi        332  lgi params:  appid = 54a61231, work_dir = .  
[2019/07/09 17:29:12 133] lgi        346  auth_time_str=  2019/07/09 17:29:12  
[2019/07/09 17:29:12 133] lgi        352  auth_appid=  54a61231  
[2019/07/09 17:29:12 133] lgi        363  token:  nil  
[2019/07/09 17:29:12 133] lgi        433  msc cver : 5.0.33.1158  
[2019/07/09 17:29:12 133] lgi        476  ns_enable=  1  
[2019/07/09 17:29:12 133] lgi        488  prot_ver=1  
[2019/07/09 17:29:12 133] lgi        499  prot_type=tcp  
[2019/07/09 17:29:12 133] lgi        650  SYS_MSG_UNLOAD  go bg!  
[2019/07/09 17:29:14 675] lgi        654  SYS_MSG_SHUTDOWN  
============================================================
Time  2019/07/09 17:30:24 939 
============================================================
[2019/07/09 17:30:24 939] lgi        641  SYS_MSG_LOAD  
[2019/07/09 17:30:24 940] lgi        663  SYS_MSG_REGCB  msp_status_cb  func(fc013530) 
[2019/07/09 17:30:24 940] lgi        292  LGI_MSG_INIT  
[2019/07/09 17:30:24 940] lgi        299  lgi  lgi_  268436457  1495166055  
[2019/07/09 17:30:24 940] lgi        332  lgi params:  appid = 54a61231, work_dir = .  
[2019/07/09 17:30:24 940] lgi        346  auth_time_str=  2019/07/09 17:30:24  
[2019/07/09 17:30:24 940] lgi        352  auth_appid=  54a61231  
[2019/07/09 17:30:24 940] lgi        363  token:  nil  
[2019/07/09 17:30:24 940] lgi        433  msc cver : 5.0.33.1158  
[2019/07/09 17:30:24 940] lgi        476  ns_enable=  1  
[2019/07/09 17:30:24 940] lgi        488  prot_ver=1  
[2019/07/09 17:30:24 940] lgi        499  prot_type=tcp  
[2019/07/09 17:30:24 940] lgi        650  SYS_MSG_UNLOAD  go bg!  
[2019/07/09 17:30:26 505] lgi        654  SYS_MSG_SHUTDOWN  
============================================================
Time  2019/07/09 17:30:41 553 
============================================================
[2019/07/09 17:30:41 553] lgi        641  SYS_MSG_LOAD  
[2019/07/09 17:30:41 554] lgi        663  SYS_MSG_REGCB  msp_status_cb  func(c0015de0) 
[2019/07/09 17:30:41 554] lgi        292  LGI_MSG_INIT  
[2019/07/09 17:30:41 554] lgi        299  lgi  lgi_  268436457  1495166055  
[2019/07/09 17:30:41 554] lgi        332  lgi params:  appid = 54a61231, work_dir = .  
[2019/07/09 17:30:41 554] lgi        346  auth_time_str=  2019/07/09 17:30:41  
[2019/07/09 17:30:41 554] lgi        352  auth_appid=  54a61231  
[2019/07/09 17:30:41 554] lgi        363  token:  nil  
[2019/07/09 17:30:41 554] lgi        433  msc cver : 5.0.33.1158  
[2019/07/09 17:30:41 554] lgi        476  ns_enable=  1  
[2019/07/09 17:30:41 554] lgi        488  prot_ver=1  
[2019/07/09 17:30:41 554] lgi        499  prot_type=tcp  
[2019/07/09 17:30:41 554] lgi        650  SYS_MSG_UNLOAD  go bg!  
============================================================
Time  2019/08/23 12:17:46 984 
============================================================
[2019/08/23 12:17:46 984] lgi        641  SYS_MSG_LOAD  
[2019/08/23 12:17:46 985] lgi        663  SYS_MSG_REGCB  msp_status_cb  func(cc015e20) 
[2019/08/23 12:17:46 985] lgi        292  LGI_MSG_INIT  
[2019/08/23 12:17:46 985] lgi        299  lgi  lgi_  268436457  1495166055  
[2019/08/23 12:17:46 985] lgi        332  lgi params:  appid = 54a61231, work_dir = .  
[2019/08/23 12:17:46 985] lgi        346  auth_time_str=  2019/08/23 12:17:46  
[2019/08/23 12:17:46 985] lgi        352  auth_appid=  54a61231  
[2019/08/23 12:17:46 985] lgi        363  token:  nil  
[2019/08/23 12:17:46 985] lgi        433  msc cver : 5.0.33.1158  
[2019/08/23 12:17:46 985] lgi        476  ns_enable=  1  
[2019/08/23 12:17:46 985] lgi        488  prot_ver=1  
[2019/08/23 12:17:46 985] lgi        499  prot_type=tcp  
[2019/08/23 12:17:46 986] lgi        650  SYS_MSG_UNLOAD  go bg!  
[2019/08/23 12:17:48 572] lgi        654  SYS_MSG_SHUTDOWN  
============================================================
Time  2019/08/23 13:39:18 774 
============================================================
[2019/08/23 13:39:18 774] lgi        641  SYS_MSG_LOAD  
[2019/08/23 13:39:18 775] lgi        663  SYS_MSG_REGCB  msp_status_cb  func(98013530) 
[2019/08/23 13:39:18 775] lgi        292  LGI_MSG_INIT  
[2019/08/23 13:39:18 775] lgi        299  lgi  lgi_  268436457  1495166055  
[2019/08/23 13:39:18 775] lgi        332  lgi params:  appid = 54a61231, work_dir = .  
[2019/08/23 13:39:18 775] lgi        346  auth_time_str=  2019/08/23 13:39:18  
[2019/08/23 13:39:18 775] lgi        352  auth_appid=  54a61231  
[2019/08/23 13:39:18 775] lgi        363  token:  nil  
[2019/08/23 13:39:18 775] lgi        433  msc cver : 5.0.33.1158  
[2019/08/23 13:39:18 775] lgi        476  ns_enable=  1  
[2019/08/23 13:39:18 775] lgi        488  prot_ver=1  
[2019/08/23 13:39:18 776] lgi        499  prot_type=tcp  
[2019/08/23 13:39:18 776] lgi        650  SYS_MSG_UNLOAD  go bg!  
[2019/08/23 13:39:19 821] lgi        654  SYS_MSG_SHUTDOWN  
============================================================
Time  2019/08/26 10:41:34 394 
============================================================
[2019/08/26 10:41:34 394] lgi        641  SYS_MSG_LOAD  
[2019/08/26 10:41:34 394] lgi        663  SYS_MSG_REGCB  msp_status_cb  func(14015e20) 
[2019/08/26 10:41:34 394] lgi        292  LGI_MSG_INIT  
[2019/08/26 10:41:34 394] lgi        299  lgi  lgi_  268436457  1495166055  
[2019/08/26 10:41:34 394] lgi        332  lgi params:  appid = 54a61231, work_dir = .  
[2019/08/26 10:41:34 394] lgi        346  auth_time_str=  2019/08/26 10:41:34  
[2019/08/26 10:41:34 394] lgi        352  auth_appid=  54a61231  
[2019/08/26 10:41:34 394] lgi        363  token:  nil  
[2019/08/26 10:41:34 394] lgi        433  msc cver : 5.0.33.1158  
[2019/08/26 10:41:34 394] lgi        476  ns_enable=  1  
[2019/08/26 10:41:34 394] lgi        488  prot_ver=1  
[2019/08/26 10:41:34 394] lgi        499  prot_type=tcp  
[2019/08/26 10:41:34 395] lgi        650  SYS_MSG_UNLOAD  go bg!  
============================================================
Time  2019/08/26 13:57:08 243 
============================================================
[2019/08/26 13:57:08 243] lgi        641  SYS_MSG_LOAD  
[2019/08/26 13:57:08 243] lgi        663  SYS_MSG_REGCB  msp_status_cb  func(6c013530) 
[2019/08/26 13:57:08 243] lgi        292  LGI_MSG_INIT  
[2019/08/26 13:57:08 244] lgi        299  lgi  lgi_  268436457  1495166055  
[2019/08/26 13:57:08 244] lgi        332  lgi params:  appid = 54a61231, work_dir = .  
[2019/08/26 13:57:08 244] lgi        346  auth_time_str=  2019/08/26 13:57:08  
[2019/08/26 13:57:08 244] lgi        352  auth_appid=  54a61231  
[2019/08/26 13:57:08 244] lgi        363  token:  nil  
[2019/08/26 13:57:08 244] lgi        433  msc cver : 5.0.33.1158  
[2019/08/26 13:57:08 244] lgi        476  ns_enable=  1  
[2019/08/26 13:57:08 244] lgi        488  prot_ver=1  
[2019/08/26 13:57:08 244] lgi        499  prot_type=tcp  
[2019/08/26 13:57:08 244] lgi        650  SYS_MSG_UNLOAD  go bg!  
============================================================
Time  2019/08/26 14:20:10 656 
============================================================
[2019/08/26 14:20:10 656] lgi        641  SYS_MSG_LOAD  
[2019/08/26 14:20:10 656] lgi        663  SYS_MSG_REGCB  msp_status_cb  func(70013530) 
[2019/08/26 14:20:10 656] lgi        292  LGI_MSG_INIT  
[2019/08/26 14:20:10 656] lgi        299  lgi  lgi_  268436457  1495166055  
[2019/08/26 14:20:10 656] lgi        332  lgi params:  appid = 54a61231, work_dir = .  
[2019/08/26 14:20:10 656] lgi        346  auth_time_str=  2019/08/26 14:20:10  
[2019/08/26 14:20:10 656] lgi        352  auth_appid=  54a61231  
[2019/08/26 14:20:10 656] lgi        363  token:  nil  
[2019/08/26 14:20:10 656] lgi        433  msc cver : 5.0.33.1158  
[2019/08/26 14:20:10 656] lgi        476  ns_enable=  1  
[2019/08/26 14:20:10 656] lgi        488  prot_ver=1  
[2019/08/26 14:20:10 656] lgi        499  prot_type=tcp  
[2019/08/26 14:20:10 657] lgi        650  SYS_MSG_UNLOAD  go bg!  
[2019/08/26 14:20:11 422] lgi        654  SYS_MSG_SHUTDOWN  
============================================================
Time  2019/08/26 14:26:05 056 
============================================================
[2019/08/26 14:26:05 056] lgi        641  SYS_MSG_LOAD  
[2019/08/26 14:26:05 057] lgi        663  SYS_MSG_REGCB  msp_status_cb  func(d4015dd0) 
[2019/08/26 14:26:05 057] lgi        292  LGI_MSG_INIT  
[2019/08/26 14:26:05 057] lgi        299  lgi  lgi_  268436457  1495166055  
[2019/08/26 14:26:05 057] lgi        332  lgi params:  appid = 54a61231, work_dir = .  
[2019/08/26 14:26:05 057] lgi        346  auth_time_str=  2019/08/26 14:26:05  
[2019/08/26 14:26:05 057] lgi        352  auth_appid=  54a61231  
[2019/08/26 14:26:05 057] lgi        363  token:  nil  
[2019/08/26 14:26:05 057] lgi        433  msc cver : 5.0.33.1158  
[2019/08/26 14:26:05 057] lgi        476  ns_enable=  1  
[2019/08/26 14:26:05 057] lgi        488  prot_ver=1  
[2019/08/26 14:26:05 057] lgi        499  prot_type=tcp  
[2019/08/26 14:26:05 057] lgi        650  SYS_MSG_UNLOAD  go bg!  
[2019/08/26 14:26:30 149] lgi        654  SYS_MSG_SHUTDOWN  
============================================================
Time  2019/08/26 14:33:57 546 
============================================================
[2019/08/26 14:33:57 546] lgi        641  SYS_MSG_LOAD  
[2019/08/26 14:33:57 547] lgi        663  SYS_MSG_REGCB  msp_status_cb  func(4c015e20) 
[2019/08/26 14:33:57 547] lgi        292  LGI_MSG_INIT  
[2019/08/26 14:33:57 547] lgi        299  lgi  lgi_  268436457  1495166055  
[2019/08/26 14:33:57 547] lgi        332  lgi params:  appid = 54a61231, work_dir = .  
[2019/08/26 14:33:57 547] lgi        346  auth_time_str=  2019/08/26 14:33:57  
[2019/08/26 14:33:57 547] lgi        352  auth_appid=  54a61231  
[2019/08/26 14:33:57 547] lgi        363  token:  nil  
[2019/08/26 14:33:57 547] lgi        433  msc cver : 5.0.33.1158  
[2019/08/26 14:33:57 547] lgi        476  ns_enable=  1  
[2019/08/26 14:33:57 547] lgi        488  prot_ver=1  
[2019/08/26 14:33:57 547] lgi        499  prot_type=tcp  
[2019/08/26 14:33:57 547] lgi        650  SYS_MSG_UNLOAD  go bg!  
[2019/08/26 14:34:05 627] lgi        654  SYS_MSG_SHUTDOWN  
============================================================
Time  2019/08/26 14:37:33 188 
============================================================
[2019/08/26 14:37:33 188] lgi        641  SYS_MSG_LOAD  
[2019/08/26 14:37:33 189] lgi        663  SYS_MSG_REGCB  msp_status_cb  func(dc013530) 
[2019/08/26 14:37:33 189] lgi        292  LGI_MSG_INIT  
[2019/08/26 14:37:33 189] lgi        299  lgi  lgi_  268436457  1495166055  
[2019/08/26 14:37:33 189] lgi        332  lgi params:  appid = 54a61231, work_dir = .  
[2019/08/26 14:37:33 189] lgi        346  auth_time_str=  2019/08/26 14:37:33  
[2019/08/26 14:37:33 189] lgi        352  auth_appid=  54a61231  
[2019/08/26 14:37:33 189] lgi        363  token:  nil  
[2019/08/26 14:37:33 189] lgi        433  msc cver : 5.0.33.1158  
[2019/08/26 14:37:33 189] lgi        476  ns_enable=  1  
[2019/08/26 14:37:33 189] lgi        488  prot_ver=1  
[2019/08/26 14:37:33 189] lgi        499  prot_type=tcp  
[2019/08/26 14:37:33 189] lgi        650  SYS_MSG_UNLOAD  go bg!  
============================================================
Time  2019/08/26 14:45:08 925 
============================================================
[2019/08/26 14:45:08 925] lgi        641  SYS_MSG_LOAD  
[2019/08/26 14:45:08 926] lgi        663  SYS_MSG_REGCB  msp_status_cb  func(8c015e20) 
[2019/08/26 14:45:08 926] lgi        292  LGI_MSG_INIT  
[2019/08/26 14:45:08 926] lgi        299  lgi  lgi_  268436457  1495166055  
[2019/08/26 14:45:08 926] lgi        332  lgi params:  appid = 54a61231, work_dir = .  
[2019/08/26 14:45:08 926] lgi        346  auth_time_str=  2019/08/26 14:45:08  
[2019/08/26 14:45:08 926] lgi        352  auth_appid=  54a61231  
[2019/08/26 14:45:08 926] lgi        363  token:  nil  
[2019/08/26 14:45:08 926] lgi        433  msc cver : 5.0.33.1158  
[2019/08/26 14:45:08 926] lgi        476  ns_enable=  1  
[2019/08/26 14:45:08 926] lgi        488  prot_ver=1  
[2019/08/26 14:45:08 926] lgi        499  prot_type=tcp  
[2019/08/26 14:45:08 926] lgi        650  SYS_MSG_UNLOAD  go bg!  
============================================================
Time  2019/08/26 14:46:30 536 
============================================================
[2019/08/26 14:46:30 536] lgi        641  SYS_MSG_LOAD  
[2019/08/26 14:46:30 536] lgi        663  SYS_MSG_REGCB  msp_status_cb  func(1c015e20) 
[2019/08/26 14:46:30 537] lgi        292  LGI_MSG_INIT  
[2019/08/26 14:46:30 537] lgi        299  lgi  lgi_  268436457  1495166055  
[2019/08/26 14:46:30 537] lgi        332  lgi params:  appid = 54a61231, work_dir = .  
[2019/08/26 14:46:30 537] lgi        346  auth_time_str=  2019/08/26 14:46:30  
[2019/08/26 14:46:30 537] lgi        352  auth_appid=  54a61231  
[2019/08/26 14:46:30 537] lgi        363  token:  nil  
[2019/08/26 14:46:30 537] lgi        433  msc cver : 5.0.33.1158  
[2019/08/26 14:46:30 537] lgi        476  ns_enable=  1  
[2019/08/26 14:46:30 537] lgi        488  prot_ver=1  
[2019/08/26 14:46:30 537] lgi        499  prot_type=tcp  
[2019/08/26 14:46:30 537] lgi        650  SYS_MSG_UNLOAD  go bg!  
============================================================
Time  2019/08/26 14:50:45 130 
============================================================
[2019/08/26 14:50:45 130] lgi        641  SYS_MSG_LOAD  
[2019/08/26 14:50:45 130] lgi        663  SYS_MSG_REGCB  msp_status_cb  func(a8013530) 
[2019/08/26 14:50:45 130] lgi        292  LGI_MSG_INIT  
[2019/08/26 14:50:45 130] lgi        299  lgi  lgi_  268436457  1495166055  
[2019/08/26 14:50:45 130] lgi        332  lgi params:  appid = 54a61231, work_dir = .  
[2019/08/26 14:50:45 130] lgi        346  auth_time_str=  2019/08/26 14:50:45  
[2019/08/26 14:50:45 130] lgi        352  auth_appid=  54a61231  
[2019/08/26 14:50:45 130] lgi        363  token:  nil  
[2019/08/26 14:50:45 130] lgi        433  msc cver : 5.0.33.1158  
[2019/08/26 14:50:45 130] lgi        476  ns_enable=  1  
[2019/08/26 14:50:45 130] lgi        488  prot_ver=1  
[2019/08/26 14:50:45 130] lgi        499  prot_type=tcp  
[2019/08/26 14:50:45 130] lgi        650  SYS_MSG_UNLOAD  go bg!  
============================================================
Time  2019/08/26 14:51:06 399 
============================================================
[2019/08/26 14:51:06 399] lgi        641  SYS_MSG_LOAD  
[2019/08/26 14:51:06 400] lgi        663  SYS_MSG_REGCB  msp_status_cb  func(30013510) 
[2019/08/26 14:51:06 400] lgi        292  LGI_MSG_INIT  
[2019/08/26 14:51:06 400] lgi        299  lgi  lgi_  268436457  1495166055  
[2019/08/26 14:51:06 400] lgi        332  lgi params:  appid = 54a61231, work_dir = .  
[2019/08/26 14:51:06 400] lgi        346  auth_time_str=  2019/08/26 14:51:06  
[2019/08/26 14:51:06 400] lgi        352  auth_appid=  54a61231  
[2019/08/26 14:51:06 400] lgi        363  token:  nil  
[2019/08/26 14:51:06 400] lgi        433  msc cver : 5.0.33.1158  
[2019/08/26 14:51:06 400] lgi        476  ns_enable=  1  
[2019/08/26 14:51:06 400] lgi        488  prot_ver=1  
[2019/08/26 14:51:06 400] lgi        499  prot_type=tcp  
[2019/08/26 14:51:06 400] lgi        650  SYS_MSG_UNLOAD  go bg!  
============================================================
Time  2019/08/26 14:51:57 209 
============================================================
[2019/08/26 14:51:57 209] lgi        641  SYS_MSG_LOAD  
[2019/08/26 14:51:57 210] lgi        663  SYS_MSG_REGCB  msp_status_cb  func(10013530) 
[2019/08/26 14:51:57 210] lgi        292  LGI_MSG_INIT  
[2019/08/26 14:51:57 210] lgi        299  lgi  lgi_  268436457  1495166055  
[2019/08/26 14:51:57 210] lgi        332  lgi params:  appid = 54a61231, work_dir = .  
[2019/08/26 14:51:57 210] lgi        346  auth_time_str=  2019/08/26 14:51:57  
[2019/08/26 14:51:57 210] lgi        352  auth_appid=  54a61231  
[2019/08/26 14:51:57 210] lgi        363  token:  nil  
[2019/08/26 14:51:57 210] lgi        433  msc cver : 5.0.33.1158  
[2019/08/26 14:51:57 210] lgi        476  ns_enable=  1  
[2019/08/26 14:51:57 210] lgi        488  prot_ver=1  
[2019/08/26 14:51:57 210] lgi        499  prot_type=tcp  
[2019/08/26 14:51:57 210] lgi        650  SYS_MSG_UNLOAD  go bg!  
============================================================
Time  2019/08/26 15:04:30 103 
============================================================
[2019/08/26 15:04:30 103] lgi        641  SYS_MSG_LOAD  
[2019/08/26 15:04:30 103] lgi        663  SYS_MSG_REGCB  msp_status_cb  func(24013530) 
[2019/08/26 15:04:30 103] lgi        292  LGI_MSG_INIT  
[2019/08/26 15:04:30 103] lgi        299  lgi  lgi_  268436457  1495166055  
[2019/08/26 15:04:30 103] lgi        332  lgi params:  appid = 54a61231, work_dir = .  
[2019/08/26 15:04:30 104] lgi        346  auth_time_str=  2019/08/26 15:04:30  
[2019/08/26 15:04:30 104] lgi        352  auth_appid=  54a61231  
[2019/08/26 15:04:30 104] lgi        363  token:  nil  
[2019/08/26 15:04:30 104] lgi        433  msc cver : 5.0.33.1158  
[2019/08/26 15:04:30 104] lgi        476  ns_enable=  1  
[2019/08/26 15:04:30 104] lgi        488  prot_ver=1  
[2019/08/26 15:04:30 104] lgi        499  prot_type=tcp  
[2019/08/26 15:04:30 104] lgi        650  SYS_MSG_UNLOAD  go bg!  
============================================================
Time  2019/08/26 15:08:31 888 
============================================================
[2019/08/26 15:08:31 888] lgi        641  SYS_MSG_LOAD  
[2019/08/26 15:08:31 888] lgi        663  SYS_MSG_REGCB  msp_status_cb  func(7c013530) 
[2019/08/26 15:08:31 888] lgi        292  LGI_MSG_INIT  
[2019/08/26 15:08:31 888] lgi        299  lgi  lgi_  268436457  1495166055  
[2019/08/26 15:08:31 888] lgi        332  lgi params:  appid = 54a61231, work_dir = .  
[2019/08/26 15:08:31 888] lgi        346  auth_time_str=  2019/08/26 15:08:31  
[2019/08/26 15:08:31 888] lgi        352  auth_appid=  54a61231  
[2019/08/26 15:08:31 888] lgi        363  token:  nil  
[2019/08/26 15:08:31 888] lgi        433  msc cver : 5.0.33.1158  
[2019/08/26 15:08:31 888] lgi        476  ns_enable=  1  
[2019/08/26 15:08:31 888] lgi        488  prot_ver=1  
[2019/08/26 15:08:31 889] lgi        499  prot_type=tcp  
[2019/08/26 15:08:31 889] lgi        650  SYS_MSG_UNLOAD  go bg!  
============================================================
Time  2019/08/26 15:11:24 618 
============================================================
[2019/08/26 15:11:24 618] lgi        641  SYS_MSG_LOAD  
[2019/08/26 15:11:24 619] lgi        663  SYS_MSG_REGCB  msp_status_cb  func(d0013530) 
[2019/08/26 15:11:24 619] lgi        292  LGI_MSG_INIT  
[2019/08/26 15:11:24 619] lgi        299  lgi  lgi_  268436457  1495166055  
[2019/08/26 15:11:24 619] lgi        332  lgi params:  appid = 54a61231, work_dir = .  
[2019/08/26 15:11:24 619] lgi        346  auth_time_str=  2019/08/26 15:11:24  
[2019/08/26 15:11:24 619] lgi        352  auth_appid=  54a61231  
[2019/08/26 15:11:24 619] lgi        363  token:  nil  
[2019/08/26 15:11:24 619] lgi        433  msc cver : 5.0.33.1158  
[2019/08/26 15:11:24 619] lgi        476  ns_enable=  1  
[2019/08/26 15:11:24 619] lgi        488  prot_ver=1  
[2019/08/26 15:11:24 619] lgi        499  prot_type=tcp  
[2019/08/26 15:11:24 619] lgi        650  SYS_MSG_UNLOAD  go bg!  
============================================================
Time  2019/08/26 15:13:37 930 
============================================================
[2019/08/26 15:13:37 930] lgi        641  SYS_MSG_LOAD  
[2019/08/26 15:13:37 931] lgi        663  SYS_MSG_REGCB  msp_status_cb  func(10015e20) 
[2019/08/26 15:13:37 931] lgi        292  LGI_MSG_INIT  
[2019/08/26 15:13:37 931] lgi        299  lgi  lgi_  268436457  1495166055  
[2019/08/26 15:13:37 931] lgi        332  lgi params:  appid = 54a61231, work_dir = .  
[2019/08/26 15:13:37 931] lgi        346  auth_time_str=  2019/08/26 15:13:37  
[2019/08/26 15:13:37 931] lgi        352  auth_appid=  54a61231  
[2019/08/26 15:13:37 931] lgi        363  token:  nil  
[2019/08/26 15:13:37 931] lgi        433  msc cver : 5.0.33.1158  
[2019/08/26 15:13:37 931] lgi        476  ns_enable=  1  
[2019/08/26 15:13:37 931] lgi        488  prot_ver=1  
[2019/08/26 15:13:37 931] lgi        499  prot_type=tcp  
[2019/08/26 15:13:37 931] lgi        650  SYS_MSG_UNLOAD  go bg!  
[2019/08/26 15:13:37 957] lgi        654  SYS_MSG_SHUTDOWN  
============================================================
Time  2019/08/26 15:13:42 340 
============================================================
[2019/08/26 15:13:42 340] lgi        641  SYS_MSG_LOAD  
[2019/08/26 15:13:42 341] lgi        663  SYS_MSG_REGCB  msp_status_cb  func(28015e40) 
[2019/08/26 15:13:42 341] lgi        292  LGI_MSG_INIT  
[2019/08/26 15:13:42 341] lgi        299  lgi  lgi_  268436457  1495166055  
[2019/08/26 15:13:42 341] lgi        332  lgi params:  appid = 54a61231, work_dir = .  
[2019/08/26 15:13:42 341] lgi        346  auth_time_str=  2019/08/26 15:13:42  
[2019/08/26 15:13:42 341] lgi        352  auth_appid=  54a61231  
[2019/08/26 15:13:42 341] lgi        363  token:  nil  
[2019/08/26 15:13:42 341] lgi        433  msc cver : 5.0.33.1158  
[2019/08/26 15:13:42 341] lgi        476  ns_enable=  1  
[2019/08/26 15:13:42 341] lgi        488  prot_ver=1  
[2019/08/26 15:13:42 341] lgi        499  prot_type=tcp  
[2019/08/26 15:13:42 341] lgi        650  SYS_MSG_UNLOAD  go bg!  
[2019/08/26 15:13:42 383] lgi        654  SYS_MSG_SHUTDOWN  
============================================================
Time  2019/08/26 15:13:46 926 
============================================================
[2019/08/26 15:13:46 926] lgi        641  SYS_MSG_LOAD  
[2019/08/26 15:13:46 927] lgi        663  SYS_MSG_REGCB  msp_status_cb  func(1c02cbd0) 
[2019/08/26 15:13:46 927] lgi        292  LGI_MSG_INIT  
[2019/08/26 15:13:46 927] lgi        299  lgi  lgi_  268436457  1495166055  
[2019/08/26 15:13:46 927] lgi        332  lgi params:  appid = 54a61231, work_dir = .  
[2019/08/26 15:13:46 927] lgi        346  auth_time_str=  2019/08/26 15:13:46  
[2019/08/26 15:13:46 927] lgi        352  auth_appid=  54a61231  
[2019/08/26 15:13:46 927] lgi        363  token:  nil  
[2019/08/26 15:13:46 927] lgi        433  msc cver : 5.0.33.1158  
[2019/08/26 15:13:46 927] lgi        476  ns_enable=  1  
[2019/08/26 15:13:46 927] lgi        488  prot_ver=1  
[2019/08/26 15:13:46 927] lgi        499  prot_type=tcp  
[2019/08/26 15:13:46 927] lgi        650  SYS_MSG_UNLOAD  go bg!  
[2019/08/26 15:13:46 982] lgi        654  SYS_MSG_SHUTDOWN  
============================================================
Time  2019/08/26 15:13:52 522 
============================================================
[2019/08/26 15:13:52 522] lgi        641  SYS_MSG_LOAD  
[2019/08/26 15:13:52 523] lgi        663  SYS_MSG_REGCB  msp_status_cb  func(24015200) 
[2019/08/26 15:13:52 523] lgi        292  LGI_MSG_INIT  
[2019/08/26 15:13:52 523] lgi        299  lgi  lgi_  268436457  1495166055  
[2019/08/26 15:13:52 523] lgi        332  lgi params:  appid = 54a61231, work_dir = .  
[2019/08/26 15:13:52 524] lgi        346  auth_time_str=  2019/08/26 15:13:52  
[2019/08/26 15:13:52 524] lgi        352  auth_appid=  54a61231  
[2019/08/26 15:13:52 524] lgi        363  token:  nil  
[2019/08/26 15:13:52 524] lgi        433  msc cver : 5.0.33.1158  
[2019/08/26 15:13:52 524] lgi        476  ns_enable=  1  
[2019/08/26 15:13:52 524] lgi        488  prot_ver=1  
[2019/08/26 15:13:52 524] lgi        499  prot_type=tcp  
[2019/08/26 15:13:52 524] lgi        650  SYS_MSG_UNLOAD  go bg!  
[2019/08/26 15:13:52 569] lgi        654  SYS_MSG_SHUTDOWN  
============================================================
Time  2019/08/26 15:14:04 976 
============================================================
[2019/08/26 15:14:04 976] lgi        641  SYS_MSG_LOAD  
[2019/08/26 15:14:04 977] lgi        663  SYS_MSG_REGCB  msp_status_cb  func(28012290) 
[2019/08/26 15:14:04 977] lgi        292  LGI_MSG_INIT  
[2019/08/26 15:14:04 977] lgi        299  lgi  lgi_  268436457  1495166055  
[2019/08/26 15:14:04 977] lgi        332  lgi params:  appid = 54a61231, work_dir = .  
[2019/08/26 15:14:04 977] lgi        346  auth_time_str=  2019/08/26 15:14:04  
[2019/08/26 15:14:04 977] lgi        352  auth_appid=  54a61231  
[2019/08/26 15:14:04 977] lgi        363  token:  nil  
[2019/08/26 15:14:04 977] lgi        433  msc cver : 5.0.33.1158  
[2019/08/26 15:14:04 977] lgi        476  ns_enable=  1  
[2019/08/26 15:14:04 977] lgi        488  prot_ver=1  
[2019/08/26 15:14:04 977] lgi        499  prot_type=tcp  
[2019/08/26 15:14:04 977] lgi        650  SYS_MSG_UNLOAD  go bg!  
[2019/08/26 15:14:05 017] lgi        654  SYS_MSG_SHUTDOWN  
============================================================
Time  2019/08/26 15:14:05 389 
============================================================
[2019/08/26 15:14:05 389] lgi        641  SYS_MSG_LOAD  
[2019/08/26 15:14:05 390] lgi        663  SYS_MSG_REGCB  msp_status_cb  func(1c015e40) 
[2019/08/26 15:14:05 390] lgi        292  LGI_MSG_INIT  
[2019/08/26 15:14:05 390] lgi        299  lgi  lgi_  268436457  1495166055  
[2019/08/26 15:14:05 390] lgi        332  lgi params:  appid = 54a61231, work_dir = .  
[2019/08/26 15:14:05 390] lgi        346  auth_time_str=  2019/08/26 15:14:05  
[2019/08/26 15:14:05 390] lgi        352  auth_appid=  54a61231  
[2019/08/26 15:14:05 390] lgi        363  token:  nil  
[2019/08/26 15:14:05 390] lgi        433  msc cver : 5.0.33.1158  
[2019/08/26 15:14:05 390] lgi        476  ns_enable=  1  
[2019/08/26 15:14:05 390] lgi        488  prot_ver=1  
[2019/08/26 15:14:05 390] lgi        499  prot_type=tcp  
[2019/08/26 15:14:05 390] lgi        650  SYS_MSG_UNLOAD  go bg!  
[2019/08/26 15:14:05 428] lgi        654  SYS_MSG_SHUTDOWN  
============================================================
Time  2019/08/26 15:14:05 968 
============================================================
[2019/08/26 15:14:05 968] lgi        641  SYS_MSG_LOAD  
[2019/08/26 15:14:05 969] lgi        663  SYS_MSG_REGCB  msp_status_cb  func(24015a60) 
[2019/08/26 15:14:05 969] lgi        292  LGI_MSG_INIT  
[2019/08/26 15:14:05 969] lgi        299  lgi  lgi_  268436457  1495166055  
[2019/08/26 15:14:05 969] lgi        332  lgi params:  appid = 54a61231, work_dir = .  
[2019/08/26 15:14:05 969] lgi        346  auth_time_str=  2019/08/26 15:14:05  
[2019/08/26 15:14:05 969] lgi        352  auth_appid=  54a61231  
[2019/08/26 15:14:05 969] lgi        363  token:  nil  
[2019/08/26 15:14:05 969] lgi        433  msc cver : 5.0.33.1158  
[2019/08/26 15:14:05 969] lgi        476  ns_enable=  1  
[2019/08/26 15:14:05 969] lgi        488  prot_ver=1  
[2019/08/26 15:14:05 969] lgi        499  prot_type=tcp  
[2019/08/26 15:14:05 970] lgi        650  SYS_MSG_UNLOAD  go bg!  
[2019/08/26 15:14:06 006] lgi        654  SYS_MSG_SHUTDOWN  
