============================================================
Time  2017/07/13 23:59:13 644 
============================================================
[2017/07/13 23:59:13 644] tts        555  SYS_MSG_REGCB param0 =  msp_status_cb  param1 =  func(f80182e0) 
[2017/07/13 23:59:13 645] config     42   use general cloud  
[2017/07/13 23:59:13 647] tts_cloud  1414 SYS_MSG_REGCB_CLOUD param0 =   msp_status_cb  param1 =  func(f80182e0) 
[2017/07/13 23:59:13 647] tts        527  TTS_MSG_SSB  
[2017/07/13 23:59:13 647] tts        338  params =  engine_type = local, text_encoding = UTF8,voice_name=xiaofeng,tts_res_path = fo|res/tts/xiaofeng.jet;fo|res/tts/common.jet, sample_rate = 16000, speed = 50, volume = 50, pitch = 50, rdn = 2  
[2017/07/13 23:59:13 647] tts        369  ssb|use local  
[2017/07/13 23:59:13 647] tts        313  local_session_begin  
[2017/07/13 23:59:13 653] tts        533  TTS_MSG_SYN  0  
[2017/07/13 23:59:13 653] tts        404  synth|use local  
[2017/07/13 23:59:13 654] tts        536  TTS_MSG_GETAUDIO  0  
[2017/07/13 23:59:13 654] tts        429  get audio|use local  
[2017/07/13 23:59:13 654] tts        471  0  nil  1  
[2017/07/13 23:59:13 655] tts        536  TTS_MSG_GETAUDIO  0  
[2017/07/13 23:59:13 655] tts        429  get audio|use local  
[2017/07/13 23:59:13 655] tts        471  0  nil  1  
[2017/07/13 23:59:13 656] tts        536  TTS_MSG_GETAUDIO  0  
[2017/07/13 23:59:13 656] tts        429  get audio|use local  
[2017/07/13 23:59:13 656] tts        471  0  nil  1  
[2017/07/13 23:59:13 656] tts        536  TTS_MSG_GETAUDIO  0  
[2017/07/13 23:59:13 656] tts        429  get audio|use local  
[2017/07/13 23:59:13 656] tts        471  0  nil  1  
[2017/07/13 23:59:13 656] tts        536  TTS_MSG_GETAUDIO  0  
[2017/07/13 23:59:13 656] tts        429  get audio|use local  
[2017/07/13 23:59:13 656] tts        471  0  nil  1  
[2017/07/13 23:59:13 657] tts        536  TTS_MSG_GETAUDIO  0  
[2017/07/13 23:59:13 657] tts        429  get audio|use local  
[2017/07/13 23:59:13 657] tts        471  0  nil  1  
[2017/07/13 23:59:13 657] tts        536  TTS_MSG_GETAUDIO  0  
[2017/07/13 23:59:13 657] tts        429  get audio|use local  
[2017/07/13 23:59:13 657] tts        471  0  nil  1  
[2017/07/13 23:59:13 658] tts        536  TTS_MSG_GETAUDIO  0  
[2017/07/13 23:59:13 658] tts        429  get audio|use local  
[2017/07/13 23:59:13 658] tts        471  0  nil  1  
[2017/07/13 23:59:13 658] tts        536  TTS_MSG_GETAUDIO  0  
[2017/07/13 23:59:13 658] tts        429  get audio|use local  
[2017/07/13 23:59:13 658] tts        471  0  nil  1  
[2017/07/13 23:59:13 658] tts        536  TTS_MSG_GETAUDIO  0  
[2017/07/13 23:59:13 658] tts        429  get audio|use local  
[2017/07/13 23:59:13 658] tts        471  0  nil  1  
[2017/07/13 23:59:13 659] tts        536  TTS_MSG_GETAUDIO  0  
[2017/07/13 23:59:13 659] tts        429  get audio|use local  
[2017/07/13 23:59:13 659] tts        471  0  nil  1  
[2017/07/13 23:59:13 660] tts        536  TTS_MSG_GETAUDIO  0  
[2017/07/13 23:59:13 660] tts        429  get audio|use local  
[2017/07/13 23:59:13 660] tts        471  0  nil  1  
[2017/07/13 23:59:13 661] tts        536  TTS_MSG_GETAUDIO  0  
[2017/07/13 23:59:13 661] tts        429  get audio|use local  
[2017/07/13 23:59:13 661] tts        471  0  nil  1  
[2017/07/13 23:59:13 661] tts        536  TTS_MSG_GETAUDIO  0  
[2017/07/13 23:59:13 661] tts        429  get audio|use local  
[2017/07/13 23:59:13 661] tts        471  0  nil  1  
[2017/07/13 23:59:13 662] tts        536  TTS_MSG_GETAUDIO  0  
[2017/07/13 23:59:13 662] tts        429  get audio|use local  
[2017/07/13 23:59:13 662] tts        471  0  nil  1  
[2017/07/13 23:59:13 662] tts        536  TTS_MSG_GETAUDIO  0  
[2017/07/13 23:59:13 662] tts        429  get audio|use local  
[2017/07/13 23:59:13 662] tts        471  0  nil  1  
[2017/07/13 23:59:13 663] tts        536  TTS_MSG_GETAUDIO  0  
[2017/07/13 23:59:13 663] tts        429  get audio|use local  
[2017/07/13 23:59:13 663] tts        471  0  nil  1  
[2017/07/13 23:59:13 663] tts        536  TTS_MSG_GETAUDIO  0  
[2017/07/13 23:59:13 663] tts        429  get audio|use local  
[2017/07/13 23:59:13 663] tts        471  0  nil  1  
[2017/07/13 23:59:13 663] tts        290  TTS_LOCAL_CB_BEGIN  
[2017/07/13 23:59:13 665] tts        536  TTS_MSG_GETAUDIO  0  
[2017/07/13 23:59:13 665] tts        429  get audio|use local  
[2017/07/13 23:59:13 665] tts        471  0  nil  1  
[2017/07/13 23:59:13 666] tts        536  TTS_MSG_GETAUDIO  0  
[2017/07/13 23:59:13 666] tts        429  get audio|use local  
[2017/07/13 23:59:13 666] tts        471  0  nil  1  
[2017/07/13 23:59:13 666] tts        536  TTS_MSG_GETAUDIO  0  
[2017/07/13 23:59:13 666] tts        429  get audio|use local  
[2017/07/13 23:59:13 666] tts        471  0  nil  1  
[2017/07/13 23:59:13 666] tts        536  TTS_MSG_GETAUDIO  0  
[2017/07/13 23:59:13 666] tts        429  get audio|use local  
[2017/07/13 23:59:13 666] tts        471  0  nil  1  
[2017/07/13 23:59:13 667] tts        536  TTS_MSG_GETAUDIO  0  
[2017/07/13 23:59:13 667] tts        429  get audio|use local  
[2017/07/13 23:59:13 667] tts        471  0  nil  1  
[2017/07/13 23:59:13 667] tts        536  TTS_MSG_GETAUDIO  0  
[2017/07/13 23:59:13 667] tts        429  get audio|use local  
[2017/07/13 23:59:13 667] tts        471  0  nil  1  
[2017/07/13 23:59:13 667] tts        536  TTS_MSG_GETAUDIO  0  
[2017/07/13 23:59:13 667] tts        429  get audio|use local  
[2017/07/13 23:59:13 668] tts        471  0  nil  1  
[2017/07/13 23:59:13 668] tts        536  TTS_MSG_GETAUDIO  0  
[2017/07/13 23:59:13 668] tts        429  get audio|use local  
[2017/07/13 23:59:13 668] tts        471  0  nil  1  
[2017/07/13 23:59:13 668] tts        536  TTS_MSG_GETAUDIO  0  
[2017/07/13 23:59:13 668] tts        429  get audio|use local  
[2017/07/13 23:59:13 668] tts        471  0  nil  1  
[2017/07/13 23:59:13 669] tts        536  TTS_MSG_GETAUDIO  0  
[2017/07/13 23:59:13 669] tts        429  get audio|use local  
[2017/07/13 23:59:13 669] tts        471  0  nil  1  
[2017/07/13 23:59:13 669] tts        536  TTS_MSG_GETAUDIO  0  
[2017/07/13 23:59:13 670] tts        429  get audio|use local  
[2017/07/13 23:59:13 670] tts        471  0  nil  1  
[2017/07/13 23:59:13 670] tts        536  TTS_MSG_GETAUDIO  0  
[2017/07/13 23:59:13 670] tts        429  get audio|use local  
[2017/07/13 23:59:13 670] tts        471  0  nil  1  
[2017/07/13 23:59:13 671] tts        536  TTS_MSG_GETAUDIO  0  
[2017/07/13 23:59:13 671] tts        429  get audio|use local  
[2017/07/13 23:59:13 671] tts        471  0  nil  1  
[2017/07/13 23:59:13 671] tts        536  TTS_MSG_GETAUDIO  0  
[2017/07/13 23:59:13 671] tts        429  get audio|use local  
[2017/07/13 23:59:13 672] tts        442  local audiolen:  300  ,ced:  18  
[2017/07/13 23:59:13 672] tts        471  0  udata(f806e268) 1  
[2017/07/13 23:59:13 674] tts        536  TTS_MSG_GETAUDIO  0  
[2017/07/13 23:59:13 674] tts        429  get audio|use local  
[2017/07/13 23:59:13 674] tts        442  local audiolen:  4472  ,ced:  18  
[2017/07/13 23:59:13 674] tts        471  0  udata(f80846c8) 1  
[2017/07/13 23:59:13 675] tts        536  TTS_MSG_GETAUDIO  0  
[2017/07/13 23:59:13 675] tts        429  get audio|use local  
[2017/07/13 23:59:13 675] tts        442  local audiolen:  7136  ,ced:  18  
[2017/07/13 23:59:13 675] tts        471  0  udata(f8083e18) 1  
[2017/07/13 23:59:13 676] tts        536  TTS_MSG_GETAUDIO  0  
[2017/07/13 23:59:13 676] tts        429  get audio|use local  
[2017/07/13 23:59:13 676] tts        442  local audiolen:  4510  ,ced:  18  
[2017/07/13 23:59:13 676] tts        471  0  udata(f806e0b8) 1  
[2017/07/13 23:59:13 677] tts        536  TTS_MSG_GETAUDIO  0  
[2017/07/13 23:59:13 677] tts        429  get audio|use local  
[2017/07/13 23:59:13 677] tts        442  local audiolen:  12914  ,ced:  18  
[2017/07/13 23:59:13 677] tts        471  0  udata(f8083bf8) 1  
[2017/07/13 23:59:13 678] tts        536  TTS_MSG_GETAUDIO  0  
[2017/07/13 23:59:13 678] tts        429  get audio|use local  
[2017/07/13 23:59:13 678] tts        442  local audiolen:  6038  ,ced:  18  
[2017/07/13 23:59:13 678] tts        471  0  udata(f8083fe8) 1  
[2017/07/13 23:59:13 682] tts        536  TTS_MSG_GETAUDIO  0  
[2017/07/13 23:59:13 682] tts        429  get audio|use local  
[2017/07/13 23:59:13 682] tts        442  local audiolen:  512  ,ced:  18  
[2017/07/13 23:59:13 682] tts        471  0  udata(f8079708) 1  
[2017/07/13 23:59:13 683] tts        536  TTS_MSG_GETAUDIO  0  
[2017/07/13 23:59:13 683] tts        429  get audio|use local  
[2017/07/13 23:59:13 683] tts        442  local audiolen:  512  ,ced:  18  
[2017/07/13 23:59:13 683] tts        471  0  udata(f8083f58) 1  
[2017/07/13 23:59:13 684] tts        536  TTS_MSG_GETAUDIO  0  
[2017/07/13 23:59:13 684] tts        429  get audio|use local  
[2017/07/13 23:59:13 686] tts        442  local audiolen:  512  ,ced:  18  
[2017/07/13 23:59:13 686] tts        471  0  udata(f8084138) 1  
[2017/07/13 23:59:13 689] tts        536  TTS_MSG_GETAUDIO  0  
[2017/07/13 23:59:13 689] tts        429  get audio|use local  
[2017/07/13 23:59:13 689] tts        442  local audiolen:  512  ,ced:  18  
[2017/07/13 23:59:13 689] tts        471  0  udata(f807a068) 1  
[2017/07/13 23:59:13 690] tts        536  TTS_MSG_GETAUDIO  0  
[2017/07/13 23:59:13 690] tts        429  get audio|use local  
[2017/07/13 23:59:13 690] tts        442  local audiolen:  512  ,ced:  18  
[2017/07/13 23:59:13 690] tts        471  0  udata(f80794f8) 1  
[2017/07/13 23:59:13 691] tts        536  TTS_MSG_GETAUDIO  0  
[2017/07/13 23:59:13 691] tts        429  get audio|use local  
[2017/07/13 23:59:13 691] tts        442  local audiolen:  512  ,ced:  18  
[2017/07/13 23:59:13 692] tts        471  0  udata(f8079548) 1  
[2017/07/13 23:59:13 695] tts        536  TTS_MSG_GETAUDIO  0  
[2017/07/13 23:59:13 695] tts        429  get audio|use local  
[2017/07/13 23:59:13 695] tts        442  local audiolen:  512  ,ced:  18  
[2017/07/13 23:59:13 695] tts        471  0  udata(f8079598) 1  
[2017/07/13 23:59:13 698] tts        536  TTS_MSG_GETAUDIO  0  
[2017/07/13 23:59:13 698] tts        429  get audio|use local  
[2017/07/13 23:59:13 698] tts        442  local audiolen:  512  ,ced:  18  
[2017/07/13 23:59:13 698] tts        471  0  udata(f80795e8) 1  
[2017/07/13 23:59:13 699] tts        536  TTS_MSG_GETAUDIO  0  
[2017/07/13 23:59:13 699] tts        429  get audio|use local  
[2017/07/13 23:59:13 699] tts        442  local audiolen:  512  ,ced:  18  
[2017/07/13 23:59:13 699] tts        471  0  udata(f8079638) 1  
[2017/07/13 23:59:13 699] tts        536  TTS_MSG_GETAUDIO  0  
[2017/07/13 23:59:13 699] tts        429  get audio|use local  
[2017/07/13 23:59:13 699] tts        442  local audiolen:  512  ,ced:  18  
[2017/07/13 23:59:13 699] tts        471  0  udata(f807a118) 1  
[2017/07/13 23:59:13 700] tts        536  TTS_MSG_GETAUDIO  0  
[2017/07/13 23:59:13 700] tts        429  get audio|use local  
[2017/07/13 23:59:13 700] tts        442  local audiolen:  512  ,ced:  18  
[2017/07/13 23:59:13 700] tts        471  0  udata(f807a168) 1  
[2017/07/13 23:59:13 701] tts        536  TTS_MSG_GETAUDIO  0  
[2017/07/13 23:59:13 701] tts        429  get audio|use local  
[2017/07/13 23:59:13 701] tts        442  local audiolen:  512  ,ced:  18  
[2017/07/13 23:59:13 701] tts        471  0  udata(f807a1b8) 1  
[2017/07/13 23:59:13 702] tts        536  TTS_MSG_GETAUDIO  0  
[2017/07/13 23:59:13 702] tts        429  get audio|use local  
[2017/07/13 23:59:13 702] tts        442  local audiolen:  512  ,ced:  18  
[2017/07/13 23:59:13 702] tts        471  0  udata(f807a2a8) 1  
[2017/07/13 23:59:13 702] tts        536  TTS_MSG_GETAUDIO  0  
[2017/07/13 23:59:13 703] tts        429  get audio|use local  
[2017/07/13 23:59:13 703] tts        442  local audiolen:  512  ,ced:  18  
[2017/07/13 23:59:13 703] tts        471  0  udata(f807a888) 1  
[2017/07/13 23:59:13 703] tts        536  TTS_MSG_GETAUDIO  0  
[2017/07/13 23:59:13 704] tts        429  get audio|use local  
[2017/07/13 23:59:13 704] tts        442  local audiolen:  512  ,ced:  18  
[2017/07/13 23:59:13 704] tts        471  0  udata(f807b058) 1  
[2017/07/13 23:59:13 706] tts        536  TTS_MSG_GETAUDIO  0  
[2017/07/13 23:59:13 706] tts        429  get audio|use local  
[2017/07/13 23:59:13 706] tts        442  local audiolen:  512  ,ced:  18  
[2017/07/13 23:59:13 706] tts        471  0  udata(f8020768) 1  
[2017/07/13 23:59:13 707] tts        536  TTS_MSG_GETAUDIO  0  
[2017/07/13 23:59:13 708] tts        429  get audio|use local  
[2017/07/13 23:59:13 708] tts        442  local audiolen:  512  ,ced:  18  
[2017/07/13 23:59:13 708] tts        471  0  udata(f806e158) 1  
[2017/07/13 23:59:13 708] tts        536  TTS_MSG_GETAUDIO  0  
[2017/07/13 23:59:13 709] tts        429  get audio|use local  
[2017/07/13 23:59:13 709] tts        442  local audiolen:  512  ,ced:  18  
[2017/07/13 23:59:13 709] tts        471  0  udata(f8078fe8) 1  
[2017/07/13 23:59:13 711] tts        536  TTS_MSG_GETAUDIO  0  
[2017/07/13 23:59:13 711] tts        429  get audio|use local  
[2017/07/13 23:59:13 711] tts        442  local audiolen:  160  ,ced:  18  
[2017/07/13 23:59:13 711] tts        471  0  udata(f807ac98) 1  
[2017/07/13 23:59:13 711] tts        536  TTS_MSG_GETAUDIO  0  
[2017/07/13 23:59:13 711] tts        429  get audio|use local  
[2017/07/13 23:59:13 711] tts        442  local audiolen:  244  ,ced:  27  
[2017/07/13 23:59:13 711] tts        471  0  udata(f807abe8) 1  
[2017/07/13 23:59:13 712] tts        536  TTS_MSG_GETAUDIO  0  
[2017/07/13 23:59:13 712] tts        429  get audio|use local  
[2017/07/13 23:59:13 712] tts        442  local audiolen:  9884  ,ced:  27  
[2017/07/13 23:59:13 712] tts        471  0  udata(f807ac38) 1  
[2017/07/13 23:59:13 713] tts        536  TTS_MSG_GETAUDIO  0  
[2017/07/13 23:59:13 713] tts        429  get audio|use local  
[2017/07/13 23:59:13 713] tts        442  local audiolen:  7908  ,ced:  27  
[2017/07/13 23:59:13 713] tts        471  0  udata(f806e1a8) 1  
[2017/07/13 23:59:13 713] tts        536  TTS_MSG_GETAUDIO  0  
[2017/07/13 23:59:13 713] tts        429  get audio|use local  
[2017/07/13 23:59:13 713] tts        442  local audiolen:  512  ,ced:  27  
[2017/07/13 23:59:13 713] tts        471  0  udata(f8079248) 1  
[2017/07/13 23:59:13 714] tts        536  TTS_MSG_GETAUDIO  0  
[2017/07/13 23:59:13 714] tts        429  get audio|use local  
[2017/07/13 23:59:13 714] tts        442  local audiolen:  512  ,ced:  27  
[2017/07/13 23:59:13 714] tts        471  0  udata(f807ad48) 1  
[2017/07/13 23:59:13 714] tts        536  TTS_MSG_GETAUDIO  0  
[2017/07/13 23:59:13 714] tts        429  get audio|use local  
[2017/07/13 23:59:13 714] tts        442  local audiolen:  512  ,ced:  27  
[2017/07/13 23:59:13 714] tts        471  0  udata(f807ad98) 1  
[2017/07/13 23:59:13 714] tts        536  TTS_MSG_GETAUDIO  0  
[2017/07/13 23:59:13 714] tts        429  get audio|use local  
[2017/07/13 23:59:13 715] tts        442  local audiolen:  512  ,ced:  27  
[2017/07/13 23:59:13 715] tts        471  0  udata(f8079298) 1  
[2017/07/13 23:59:13 715] tts        536  TTS_MSG_GETAUDIO  0  
[2017/07/13 23:59:13 715] tts        429  get audio|use local  
[2017/07/13 23:59:13 715] tts        442  local audiolen:  512  ,ced:  27  
[2017/07/13 23:59:13 715] tts        471  0  udata(f8079038) 1  
[2017/07/13 23:59:13 716] tts        536  TTS_MSG_GETAUDIO  0  
[2017/07/13 23:59:13 716] tts        429  get audio|use local  
[2017/07/13 23:59:13 716] tts        442  local audiolen:  512  ,ced:  27  
[2017/07/13 23:59:13 716] tts        471  0  udata(f8079128) 1  
[2017/07/13 23:59:13 716] tts        536  TTS_MSG_GETAUDIO  0  
[2017/07/13 23:59:13 716] tts        429  get audio|use local  
[2017/07/13 23:59:13 716] tts        442  local audiolen:  512  ,ced:  27  
[2017/07/13 23:59:13 716] tts        471  0  udata(f80791d8) 1  
[2017/07/13 23:59:13 717] tts        536  TTS_MSG_GETAUDIO  0  
[2017/07/13 23:59:13 718] tts        429  get audio|use local  
[2017/07/13 23:59:13 718] tts        442  local audiolen:  512  ,ced:  27  
[2017/07/13 23:59:13 718] tts        471  0  udata(f8020c18) 1  
[2017/07/13 23:59:13 719] tts        536  TTS_MSG_GETAUDIO  0  
[2017/07/13 23:59:13 719] tts        429  get audio|use local  
[2017/07/13 23:59:13 719] tts        442  local audiolen:  512  ,ced:  27  
[2017/07/13 23:59:13 719] tts        471  0  udata(f8022028) 1  
[2017/07/13 23:59:13 720] tts        536  TTS_MSG_GETAUDIO  0  
[2017/07/13 23:59:13 720] tts        429  get audio|use local  
[2017/07/13 23:59:13 720] tts        442  local audiolen:  512  ,ced:  27  
[2017/07/13 23:59:13 720] tts        471  0  udata(f8022178) 1  
[2017/07/13 23:59:13 722] tts        536  TTS_MSG_GETAUDIO  0  
[2017/07/13 23:59:13 722] tts        429  get audio|use local  
[2017/07/13 23:59:13 722] tts        442  local audiolen:  512  ,ced:  27  
[2017/07/13 23:59:13 722] tts        471  0  udata(f80222c8) 1  
[2017/07/13 23:59:13 723] tts        536  TTS_MSG_GETAUDIO  0  
[2017/07/13 23:59:13 723] tts        429  get audio|use local  
[2017/07/13 23:59:13 723] tts        442  local audiolen:  512  ,ced:  27  
[2017/07/13 23:59:13 723] tts        471  0  udata(f8022378) 1  
[2017/07/13 23:59:13 724] tts        536  TTS_MSG_GETAUDIO  0  
[2017/07/13 23:59:13 724] tts        429  get audio|use local  
[2017/07/13 23:59:13 724] tts        442  local audiolen:  512  ,ced:  27  
[2017/07/13 23:59:13 724] tts        471  0  udata(f8023698) 1  
[2017/07/13 23:59:13 724] tts        536  TTS_MSG_GETAUDIO  0  
[2017/07/13 23:59:13 724] tts        429  get audio|use local  
[2017/07/13 23:59:13 724] tts        442  local audiolen:  512  ,ced:  27  
[2017/07/13 23:59:13 724] tts        471  0  udata(f8023748) 1  
[2017/07/13 23:59:13 725] tts        536  TTS_MSG_GETAUDIO  0  
[2017/07/13 23:59:13 725] tts        429  get audio|use local  
[2017/07/13 23:59:13 725] tts        442  local audiolen:  512  ,ced:  27  
[2017/07/13 23:59:13 725] tts        471  0  udata(f80792e8) 1  
[2017/07/13 23:59:13 726] tts        536  TTS_MSG_GETAUDIO  0  
[2017/07/13 23:59:13 726] tts        429  get audio|use local  
[2017/07/13 23:59:13 726] tts        442  local audiolen:  512  ,ced:  27  
[2017/07/13 23:59:13 726] tts        471  0  udata(f8079338) 1  
[2017/07/13 23:59:13 726] tts        536  TTS_MSG_GETAUDIO  0  
[2017/07/13 23:59:13 726] tts        429  get audio|use local  
[2017/07/13 23:59:13 726] tts        442  local audiolen:  512  ,ced:  27  
[2017/07/13 23:59:13 726] tts        471  0  udata(f8079388) 1  
[2017/07/13 23:59:13 727] tts        536  TTS_MSG_GETAUDIO  0  
[2017/07/13 23:59:13 727] tts        429  get audio|use local  
[2017/07/13 23:59:13 727] tts        442  local audiolen:  512  ,ced:  27  
[2017/07/13 23:59:13 727] tts        471  0  udata(f80793d8) 1  
[2017/07/13 23:59:13 728] tts        536  TTS_MSG_GETAUDIO  0  
[2017/07/13 23:59:13 728] tts        429  get audio|use local  
[2017/07/13 23:59:13 728] tts        442  local audiolen:  160  ,ced:  27  
[2017/07/13 23:59:13 728] tts        471  0  udata(f8023798) 1  
[2017/07/13 23:59:13 728] tts        536  TTS_MSG_GETAUDIO  0  
[2017/07/13 23:59:13 728] tts        429  get audio|use local  
[2017/07/13 23:59:13 728] tts        442  local audiolen:  302  ,ced:  57  
[2017/07/13 23:59:13 728] tts        471  0  udata(f8023928) 1  
[2017/07/13 23:59:13 729] tts        536  TTS_MSG_GETAUDIO  0  
[2017/07/13 23:59:13 729] tts        429  get audio|use local  
[2017/07/13 23:59:13 729] tts        442  local audiolen:  972  ,ced:  57  
[2017/07/13 23:59:13 729] tts        471  0  udata(f8020b98) 1  
[2017/07/13 23:59:13 730] tts        536  TTS_MSG_GETAUDIO  0  
[2017/07/13 23:59:13 730] tts        429  get audio|use local  
[2017/07/13 23:59:13 730] tts        442  local audiolen:  7628  ,ced:  57  
[2017/07/13 23:59:13 730] tts        471  0  udata(f80236e8) 1  
[2017/07/13 23:59:13 731] tts        536  TTS_MSG_GETAUDIO  0  
[2017/07/13 23:59:13 731] tts        429  get audio|use local  
[2017/07/13 23:59:13 731] tts        442  local audiolen:  4282  ,ced:  57  
[2017/07/13 23:59:13 731] tts        471  0  udata(f8079428) 1  
[2017/07/13 23:59:13 733] tts        536  TTS_MSG_GETAUDIO  0  
[2017/07/13 23:59:13 734] tts        429  get audio|use local  
[2017/07/13 23:59:13 734] tts        442  local audiolen:  7110  ,ced:  57  
[2017/07/13 23:59:13 734] tts        471  0  udata(f8079478) 1  
[2017/07/13 23:59:13 735] tts        536  TTS_MSG_GETAUDIO  0  
[2017/07/13 23:59:13 735] tts        429  get audio|use local  
[2017/07/13 23:59:13 735] tts        442  local audiolen:  3632  ,ced:  57  
[2017/07/13 23:59:13 735] tts        471  0  udata(f80237e8) 1  
[2017/07/13 23:59:13 736] tts        536  TTS_MSG_GETAUDIO  0  
[2017/07/13 23:59:13 737] tts        429  get audio|use local  
[2017/07/13 23:59:13 737] tts        442  local audiolen:  7226  ,ced:  57  
[2017/07/13 23:59:13 737] tts        471  0  udata(f8024858) 1  
[2017/07/13 23:59:13 739] tts        536  TTS_MSG_GETAUDIO  0  
[2017/07/13 23:59:13 739] tts        429  get audio|use local  
[2017/07/13 23:59:13 739] tts        442  local audiolen:  9160  ,ced:  57  
[2017/07/13 23:59:13 739] tts        471  0  udata(f80248a8) 1  
[2017/07/13 23:59:13 740] tts        536  TTS_MSG_GETAUDIO  0  
[2017/07/13 23:59:13 740] tts        429  get audio|use local  
[2017/07/13 23:59:13 740] tts        442  local audiolen:  6982  ,ced:  57  
[2017/07/13 23:59:13 740] tts        471  0  udata(f8024488) 1  
[2017/07/13 23:59:13 741] tts        536  TTS_MSG_GETAUDIO  0  
[2017/07/13 23:59:13 741] tts        429  get audio|use local  
[2017/07/13 23:59:13 741] tts        442  local audiolen:  8976  ,ced:  57  
[2017/07/13 23:59:13 741] tts        471  0  udata(f80246d8) 1  
[2017/07/13 23:59:13 741] tts        536  TTS_MSG_GETAUDIO  0  
[2017/07/13 23:59:13 741] tts        429  get audio|use local  
[2017/07/13 23:59:13 741] tts        442  local audiolen:  7678  ,ced:  57  
[2017/07/13 23:59:13 743] tts        471  0  udata(f8024728) 1  
[2017/07/13 23:59:13 745] tts        536  TTS_MSG_GETAUDIO  0  
[2017/07/13 23:59:13 745] tts        429  get audio|use local  
[2017/07/13 23:59:13 745] tts        442  local audiolen:  3576  ,ced:  57  
[2017/07/13 23:59:13 745] tts        471  0  udata(f8028fb8) 1  
[2017/07/13 23:59:13 745] tts        536  TTS_MSG_GETAUDIO  0  
[2017/07/13 23:59:13 745] tts        429  get audio|use local  
[2017/07/13 23:59:13 745] tts        442  local audiolen:  512  ,ced:  57  
[2017/07/13 23:59:13 745] tts        471  0  udata(f80283b8) 1  
[2017/07/13 23:59:13 746] tts        536  TTS_MSG_GETAUDIO  0  
[2017/07/13 23:59:13 746] tts        429  get audio|use local  
[2017/07/13 23:59:13 746] tts        442  local audiolen:  512  ,ced:  57  
[2017/07/13 23:59:13 746] tts        471  0  udata(f8028408) 1  
[2017/07/13 23:59:13 746] tts        536  TTS_MSG_GETAUDIO  0  
[2017/07/13 23:59:13 746] tts        429  get audio|use local  
[2017/07/13 23:59:13 747] tts        442  local audiolen:  512  ,ced:  57  
[2017/07/13 23:59:13 747] tts        471  0  udata(f80284f8) 1  
[2017/07/13 23:59:13 747] tts        536  TTS_MSG_GETAUDIO  0  
[2017/07/13 23:59:13 747] tts        429  get audio|use local  
[2017/07/13 23:59:13 747] tts        442  local audiolen:  512  ,ced:  57  
[2017/07/13 23:59:13 747] tts        471  0  udata(f80285a8) 1  
[2017/07/13 23:59:13 748] tts        536  TTS_MSG_GETAUDIO  0  
[2017/07/13 23:59:13 748] tts        429  get audio|use local  
[2017/07/13 23:59:13 748] tts        442  local audiolen:  512  ,ced:  57  
[2017/07/13 23:59:13 748] tts        471  0  udata(f80281a8) 1  
[2017/07/13 23:59:13 748] tts        536  TTS_MSG_GETAUDIO  0  
[2017/07/13 23:59:13 748] tts        429  get audio|use local  
[2017/07/13 23:59:13 748] tts        442  local audiolen:  512  ,ced:  57  
[2017/07/13 23:59:13 748] tts        471  0  udata(f80281f8) 1  
[2017/07/13 23:59:13 749] tts        536  TTS_MSG_GETAUDIO  0  
[2017/07/13 23:59:13 749] tts        429  get audio|use local  
[2017/07/13 23:59:13 749] tts        442  local audiolen:  512  ,ced:  57  
[2017/07/13 23:59:13 749] tts        471  0  udata(f8028248) 1  
[2017/07/13 23:59:13 750] tts        536  TTS_MSG_GETAUDIO  0  
[2017/07/13 23:59:13 750] tts        429  get audio|use local  
[2017/07/13 23:59:13 750] tts        442  local audiolen:  512  ,ced:  57  
[2017/07/13 23:59:13 750] tts        471  0  udata(f8028338) 1  
[2017/07/13 23:59:13 751] tts        536  TTS_MSG_GETAUDIO  0  
[2017/07/13 23:59:13 752] tts        429  get audio|use local  
[2017/07/13 23:59:13 752] tts        442  local audiolen:  512  ,ced:  57  
[2017/07/13 23:59:13 752] tts        471  0  udata(f8028f28) 1  
[2017/07/13 23:59:13 752] tts        536  TTS_MSG_GETAUDIO  0  
[2017/07/13 23:59:13 752] tts        429  get audio|use local  
[2017/07/13 23:59:13 752] tts        442  local audiolen:  512  ,ced:  57  
[2017/07/13 23:59:13 752] tts        471  0  udata(f8028a08) 1  
[2017/07/13 23:59:13 753] tts        536  TTS_MSG_GETAUDIO  0  
[2017/07/13 23:59:13 753] tts        429  get audio|use local  
[2017/07/13 23:59:13 753] tts        442  local audiolen:  512  ,ced:  57  
[2017/07/13 23:59:13 753] tts        471  0  udata(f80290b8) 1  
[2017/07/13 23:59:13 754] tts        536  TTS_MSG_GETAUDIO  0  
[2017/07/13 23:59:13 754] tts        429  get audio|use local  
[2017/07/13 23:59:13 754] tts        442  local audiolen:  512  ,ced:  57  
[2017/07/13 23:59:13 754] tts        471  0  udata(f8029408) 1  
[2017/07/13 23:59:13 754] tts        536  TTS_MSG_GETAUDIO  0  
[2017/07/13 23:59:13 755] tts        429  get audio|use local  
[2017/07/13 23:59:13 755] tts        442  local audiolen:  512  ,ced:  57  
[2017/07/13 23:59:13 755] tts        471  0  udata(f80294b8) 1  
[2017/07/13 23:59:13 755] tts        536  TTS_MSG_GETAUDIO  0  
[2017/07/13 23:59:13 755] tts        429  get audio|use local  
[2017/07/13 23:59:13 755] tts        442  local audiolen:  512  ,ced:  57  
[2017/07/13 23:59:13 755] tts        471  0  udata(f8029508) 1  
[2017/07/13 23:59:13 756] tts        536  TTS_MSG_GETAUDIO  0  
[2017/07/13 23:59:13 756] tts        429  get audio|use local  
[2017/07/13 23:59:13 756] tts        442  local audiolen:  512  ,ced:  57  
[2017/07/13 23:59:13 756] tts        471  0  udata(f8028c18) 1  
[2017/07/13 23:59:13 757] tts        536  TTS_MSG_GETAUDIO  0  
[2017/07/13 23:59:13 757] tts        429  get audio|use local  
[2017/07/13 23:59:13 757] tts        442  local audiolen:  512  ,ced:  57  
[2017/07/13 23:59:13 757] tts        471  0  udata(f8028c68) 1  
[2017/07/13 23:59:13 758] tts        536  TTS_MSG_GETAUDIO  0  
[2017/07/13 23:59:13 758] tts        429  get audio|use local  
[2017/07/13 23:59:13 758] tts        442  local audiolen:  512  ,ced:  57  
[2017/07/13 23:59:13 758] tts        471  0  udata(f80299c8) 1  
[2017/07/13 23:59:13 763] tts        536  TTS_MSG_GETAUDIO  0  
[2017/07/13 23:59:13 763] tts        429  get audio|use local  
[2017/07/13 23:59:13 763] tts        442  local audiolen:  512  ,ced:  57  
[2017/07/13 23:59:13 763] tts        471  0  udata(f802b028) 1  
[2017/07/13 23:59:13 763] tts        536  TTS_MSG_GETAUDIO  0  
[2017/07/13 23:59:13 763] tts        429  get audio|use local  
[2017/07/13 23:59:13 763] tts        442  local audiolen:  160  ,ced:  57  
[2017/07/13 23:59:13 763] tts        471  0  udata(f8029608) 1  
[2017/07/13 23:59:13 764] tts        536  TTS_MSG_GETAUDIO  0  
[2017/07/13 23:59:13 764] tts        429  get audio|use local  
[2017/07/13 23:59:13 764] tts        442  local audiolen:  286  ,ced:  73  
[2017/07/13 23:59:13 764] tts        471  0  udata(f802b208) 1  
[2017/07/13 23:59:13 764] tts        536  TTS_MSG_GETAUDIO  0  
[2017/07/13 23:59:13 764] tts        429  get audio|use local  
[2017/07/13 23:59:13 764] tts        442  local audiolen:  1392  ,ced:  73  
[2017/07/13 23:59:13 764] tts        471  0  udata(f80296f8) 1  
[2017/07/13 23:59:13 765] tts        536  TTS_MSG_GETAUDIO  0  
[2017/07/13 23:59:13 765] tts        429  get audio|use local  
[2017/07/13 23:59:13 765] tts        442  local audiolen:  9008  ,ced:  73  
[2017/07/13 23:59:13 765] tts        471  0  udata(f8029558) 1  
[2017/07/13 23:59:13 766] tts        536  TTS_MSG_GETAUDIO  0  
[2017/07/13 23:59:13 766] tts        429  get audio|use local  
[2017/07/13 23:59:13 766] tts        442  local audiolen:  4462  ,ced:  73  
[2017/07/13 23:59:13 766] tts        471  0  udata(f80295a8) 1  
[2017/07/13 23:59:13 766] tts        536  TTS_MSG_GETAUDIO  0  
[2017/07/13 23:59:13 766] tts        429  get audio|use local  
[2017/07/13 23:59:13 766] tts        442  local audiolen:  6282  ,ced:  73  
[2017/07/13 23:59:13 766] tts        471  0  udata(f802caf8) 1  
[2017/07/13 23:59:13 767] tts        536  TTS_MSG_GETAUDIO  0  
[2017/07/13 23:59:13 767] tts        429  get audio|use local  
[2017/07/13 23:59:13 767] tts        442  local audiolen:  11036  ,ced:  73  
[2017/07/13 23:59:13 767] tts        471  0  udata(f802cb48) 1  
[2017/07/13 23:59:13 767] tts        536  TTS_MSG_GETAUDIO  0  
[2017/07/13 23:59:13 767] tts        429  get audio|use local  
[2017/07/13 23:59:13 767] tts        442  local audiolen:  512  ,ced:  73  
[2017/07/13 23:59:13 767] tts        471  0  udata(f802cf18) 1  
[2017/07/13 23:59:13 768] tts        536  TTS_MSG_GETAUDIO  0  
[2017/07/13 23:59:13 768] tts        429  get audio|use local  
[2017/07/13 23:59:13 768] tts        442  local audiolen:  512  ,ced:  73  
[2017/07/13 23:59:13 768] tts        471  0  udata(f802d008) 1  
[2017/07/13 23:59:13 768] tts        536  TTS_MSG_GETAUDIO  0  
[2017/07/13 23:59:13 768] tts        429  get audio|use local  
[2017/07/13 23:59:13 768] tts        442  local audiolen:  512  ,ced:  73  
[2017/07/13 23:59:13 769] tts        471  0  udata(f802d0b8) 1  
[2017/07/13 23:59:13 769] tts        536  TTS_MSG_GETAUDIO  0  
[2017/07/13 23:59:13 769] tts        429  get audio|use local  
[2017/07/13 23:59:13 769] tts        442  local audiolen:  512  ,ced:  73  
[2017/07/13 23:59:13 769] tts        471  0  udata(f802d108) 1  
[2017/07/13 23:59:13 770] tts        536  TTS_MSG_GETAUDIO  0  
[2017/07/13 23:59:13 770] tts        429  get audio|use local  
[2017/07/13 23:59:13 770] tts        442  local audiolen:  512  ,ced:  73  
[2017/07/13 23:59:13 770] tts        471  0  udata(f802cd08) 1  
[2017/07/13 23:59:13 770] tts        536  TTS_MSG_GETAUDIO  0  
[2017/07/13 23:59:13 771] tts        429  get audio|use local  
[2017/07/13 23:59:13 771] tts        442  local audiolen:  512  ,ced:  73  
[2017/07/13 23:59:13 771] tts        471  0  udata(f802cd58) 1  
[2017/07/13 23:59:13 771] tts        536  TTS_MSG_GETAUDIO  0  
[2017/07/13 23:59:13 771] tts        429  get audio|use local  
[2017/07/13 23:59:13 771] tts        442  local audiolen:  512  ,ced:  73  
[2017/07/13 23:59:13 771] tts        471  0  udata(f802ce48) 1  
[2017/07/13 23:59:13 772] tts        536  TTS_MSG_GETAUDIO  0  
[2017/07/13 23:59:13 772] tts        429  get audio|use local  
[2017/07/13 23:59:13 773] tts        442  local audiolen:  512  ,ced:  73  
[2017/07/13 23:59:13 773] tts        471  0  udata(f802d158) 1  
[2017/07/13 23:59:13 773] tts        536  TTS_MSG_GETAUDIO  0  
[2017/07/13 23:59:13 773] tts        429  get audio|use local  
[2017/07/13 23:59:13 773] tts        442  local audiolen:  512  ,ced:  73  
[2017/07/13 23:59:13 773] tts        471  0  udata(f802d1a8) 1  
[2017/07/13 23:59:13 774] tts        536  TTS_MSG_GETAUDIO  0  
[2017/07/13 23:59:13 774] tts        429  get audio|use local  
[2017/07/13 23:59:13 774] tts        442  local audiolen:  512  ,ced:  73  
[2017/07/13 23:59:13 774] tts        471  0  udata(f802d1f8) 1  
[2017/07/13 23:59:13 775] tts        536  TTS_MSG_GETAUDIO  0  
[2017/07/13 23:59:13 775] tts        429  get audio|use local  
[2017/07/13 23:59:13 775] tts        442  local audiolen:  512  ,ced:  73  
[2017/07/13 23:59:13 775] tts        471  0  udata(f802de38) 1  
[2017/07/13 23:59:13 776] tts        536  TTS_MSG_GETAUDIO  0  
[2017/07/13 23:59:13 776] tts        429  get audio|use local  
[2017/07/13 23:59:13 776] tts        442  local audiolen:  512  ,ced:  73  
[2017/07/13 23:59:13 776] tts        471  0  udata(f802dee8) 1  
[2017/07/13 23:59:13 777] tts        536  TTS_MSG_GETAUDIO  0  
[2017/07/13 23:59:13 777] tts        429  get audio|use local  
[2017/07/13 23:59:13 777] tts        442  local audiolen:  512  ,ced:  73  
[2017/07/13 23:59:13 777] tts        471  0  udata(f802df38) 1  
[2017/07/13 23:59:13 778] tts        536  TTS_MSG_GETAUDIO  0  
[2017/07/13 23:59:13 779] tts        429  get audio|use local  
[2017/07/13 23:59:13 779] tts        442  local audiolen:  512  ,ced:  73  
[2017/07/13 23:59:13 780] tts        471  0  udata(f802df88) 1  
[2017/07/13 23:59:13 781] tts        536  TTS_MSG_GETAUDIO  0  
[2017/07/13 23:59:13 782] tts        429  get audio|use local  
[2017/07/13 23:59:13 782] tts        442  local audiolen:  512  ,ced:  73  
[2017/07/13 23:59:13 782] tts        471  0  udata(f802b2f8) 1  
[2017/07/13 23:59:13 784] tts        292  0  0  
[2017/07/13 23:59:13 784] tts        299  TTS_LOCAL_CB_END,  2  
[2017/07/13 23:59:13 784] tts        536  TTS_MSG_GETAUDIO  0  
[2017/07/13 23:59:13 784] tts        429  get audio|use local  
[2017/07/13 23:59:13 784] tts        442  local audiolen:  512  ,ced:  73  
[2017/07/13 23:59:13 784] tts        471  0  udata(f802c6b8) 1  
[2017/07/13 23:59:13 785] tts        536  TTS_MSG_GETAUDIO  0  
[2017/07/13 23:59:13 785] tts        429  get audio|use local  
[2017/07/13 23:59:13 785] tts        442  local audiolen:  512  ,ced:  73  
[2017/07/13 23:59:13 785] tts        471  0  udata(f802c768) 1  
[2017/07/13 23:59:13 785] tts        536  TTS_MSG_GETAUDIO  0  
[2017/07/13 23:59:13 785] tts        429  get audio|use local  
[2017/07/13 23:59:13 785] tts        442  local audiolen:  512  ,ced:  73  
[2017/07/13 23:59:13 785] tts        471  0  udata(f802c7b8) 1  
[2017/07/13 23:59:13 786] tts        536  TTS_MSG_GETAUDIO  0  
[2017/07/13 23:59:13 786] tts        429  get audio|use local  
[2017/07/13 23:59:13 786] tts        442  local audiolen:  160  ,ced:  73  
[2017/07/13 23:59:13 786] tts        471  0  udata(f802d518) 1  
[2017/07/13 23:59:13 786] tts        536  TTS_MSG_GETAUDIO  0  
[2017/07/13 23:59:13 786] tts        429  get audio|use local  
[2017/07/13 23:59:13 786] tts        442  local audiolen:  300  ,ced:  116  
[2017/07/13 23:59:13 786] tts        471  0  udata(f802c948) 1  
[2017/07/13 23:59:13 787] tts        536  TTS_MSG_GETAUDIO  0  
[2017/07/13 23:59:13 787] tts        429  get audio|use local  
[2017/07/13 23:59:13 787] tts        442  local audiolen:  3320  ,ced:  116  
[2017/07/13 23:59:13 787] tts        471  0  udata(f802c708) 1  
[2017/07/13 23:59:13 787] tts        536  TTS_MSG_GETAUDIO  0  
[2017/07/13 23:59:13 787] tts        429  get audio|use local  
[2017/07/13 23:59:13 787] tts        442  local audiolen:  12700  ,ced:  116  
[2017/07/13 23:59:13 787] tts        471  0  udata(f802d468) 1  
[2017/07/13 23:59:13 788] tts        536  TTS_MSG_GETAUDIO  0  
[2017/07/13 23:59:13 788] tts        429  get audio|use local  
[2017/07/13 23:59:13 788] tts        442  local audiolen:  14004  ,ced:  116  
[2017/07/13 23:59:13 788] tts        471  0  udata(f802d4b8) 1  
[2017/07/13 23:59:13 789] tts        536  TTS_MSG_GETAUDIO  0  
[2017/07/13 23:59:13 789] tts        429  get audio|use local  
[2017/07/13 23:59:13 789] tts        442  local audiolen:  3070  ,ced:  116  
[2017/07/13 23:59:13 789] tts        471  0  udata(f802d568) 1  
[2017/07/13 23:59:13 789] tts        536  TTS_MSG_GETAUDIO  0  
[2017/07/13 23:59:13 789] tts        429  get audio|use local  
[2017/07/13 23:59:13 789] tts        442  local audiolen:  6616  ,ced:  116  
[2017/07/13 23:59:13 789] tts        471  0  udata(f802d5b8) 1  
[2017/07/13 23:59:13 789] tts        536  TTS_MSG_GETAUDIO  0  
[2017/07/13 23:59:13 789] tts        429  get audio|use local  
[2017/07/13 23:59:13 789] tts        442  local audiolen:  11918  ,ced:  116  
[2017/07/13 23:59:13 789] tts        471  0  udata(f802d608) 1  
[2017/07/13 23:59:13 790] tts        536  TTS_MSG_GETAUDIO  0  
[2017/07/13 23:59:13 790] tts        429  get audio|use local  
[2017/07/13 23:59:13 790] tts        442  local audiolen:  7666  ,ced:  116  
[2017/07/13 23:59:13 790] tts        471  0  udata(f802c808) 1  
[2017/07/13 23:59:13 791] tts        536  TTS_MSG_GETAUDIO  0  
[2017/07/13 23:59:13 791] tts        429  get audio|use local  
[2017/07/13 23:59:13 791] tts        442  local audiolen:  8724  ,ced:  116  
[2017/07/13 23:59:13 791] tts        471  0  udata(f802c858) 1  
[2017/07/13 23:59:13 791] tts        536  TTS_MSG_GETAUDIO  0  
[2017/07/13 23:59:13 791] tts        429  get audio|use local  
[2017/07/13 23:59:13 791] tts        442  local audiolen:  7102  ,ced:  116  
[2017/07/13 23:59:13 791] tts        471  0  udata(f802c8a8) 1  
[2017/07/13 23:59:13 792] tts        536  TTS_MSG_GETAUDIO  0  
[2017/07/13 23:59:13 792] tts        429  get audio|use local  
[2017/07/13 23:59:13 792] tts        442  local audiolen:  7910  ,ced:  116  
[2017/07/13 23:59:13 792] tts        471  0  udata(f802c8f8) 1  
[2017/07/13 23:59:13 793] tts        536  TTS_MSG_GETAUDIO  0  
[2017/07/13 23:59:13 793] tts        429  get audio|use local  
[2017/07/13 23:59:13 793] tts        442  local audiolen:  6998  ,ced:  116  
[2017/07/13 23:59:13 793] tts        471  0  udata(f802c998) 1  
[2017/07/13 23:59:13 794] tts        536  TTS_MSG_GETAUDIO  0  
[2017/07/13 23:59:13 794] tts        429  get audio|use local  
[2017/07/13 23:59:13 794] tts        442  local audiolen:  7268  ,ced:  116  
[2017/07/13 23:59:13 794] tts        471  0  udata(f802c9e8) 1  
[2017/07/13 23:59:13 794] tts        536  TTS_MSG_GETAUDIO  0  
[2017/07/13 23:59:13 794] tts        429  get audio|use local  
[2017/07/13 23:59:13 794] tts        442  local audiolen:  512  ,ced:  116  
[2017/07/13 23:59:13 794] tts        471  0  udata(f80469f8) 1  
[2017/07/13 23:59:13 795] tts        536  TTS_MSG_GETAUDIO  0  
[2017/07/13 23:59:13 795] tts        429  get audio|use local  
[2017/07/13 23:59:13 795] tts        442  local audiolen:  512  ,ced:  116  
[2017/07/13 23:59:13 795] tts        471  0  udata(f802ca98) 1  
[2017/07/13 23:59:13 795] tts        536  TTS_MSG_GETAUDIO  0  
[2017/07/13 23:59:13 795] tts        429  get audio|use local  
[2017/07/13 23:59:13 795] tts        442  local audiolen:  512  ,ced:  116  
[2017/07/13 23:59:13 795] tts        471  0  udata(f8046a48) 1  
[2017/07/13 23:59:13 796] tts        536  TTS_MSG_GETAUDIO  0  
[2017/07/13 23:59:13 796] tts        429  get audio|use local  
[2017/07/13 23:59:13 796] tts        442  local audiolen:  512  ,ced:  116  
[2017/07/13 23:59:13 796] tts        471  0  udata(f8046a98) 1  
[2017/07/13 23:59:13 796] tts        536  TTS_MSG_GETAUDIO  0  
[2017/07/13 23:59:13 796] tts        429  get audio|use local  
[2017/07/13 23:59:13 796] tts        442  local audiolen:  512  ,ced:  116  
[2017/07/13 23:59:13 796] tts        471  0  udata(f8046ae8) 1  
[2017/07/13 23:59:13 796] tts        536  TTS_MSG_GETAUDIO  0  
[2017/07/13 23:59:13 796] tts        429  get audio|use local  
[2017/07/13 23:59:13 796] tts        442  local audiolen:  512  ,ced:  116  
[2017/07/13 23:59:13 796] tts        471  0  udata(f8046b38) 1  
[2017/07/13 23:59:13 797] tts        536  TTS_MSG_GETAUDIO  0  
[2017/07/13 23:59:13 797] tts        429  get audio|use local  
[2017/07/13 23:59:13 797] tts        442  local audiolen:  512  ,ced:  116  
[2017/07/13 23:59:13 797] tts        471  0  udata(f8046b88) 1  
[2017/07/13 23:59:13 797] tts        536  TTS_MSG_GETAUDIO  0  
[2017/07/13 23:59:13 797] tts        429  get audio|use local  
[2017/07/13 23:59:13 797] tts        442  local audiolen:  512  ,ced:  116  
[2017/07/13 23:59:13 797] tts        471  0  udata(f8046bd8) 1  
[2017/07/13 23:59:13 797] tts        536  TTS_MSG_GETAUDIO  0  
[2017/07/13 23:59:13 797] tts        429  get audio|use local  
[2017/07/13 23:59:13 798] tts        442  local audiolen:  512  ,ced:  116  
[2017/07/13 23:59:13 798] tts        471  0  udata(f8046c28) 1  
[2017/07/13 23:59:13 798] tts        536  TTS_MSG_GETAUDIO  0  
[2017/07/13 23:59:13 798] tts        429  get audio|use local  
[2017/07/13 23:59:13 798] tts        442  local audiolen:  512  ,ced:  116  
[2017/07/13 23:59:13 798] tts        471  0  udata(f8046c78) 1  
[2017/07/13 23:59:13 798] tts        536  TTS_MSG_GETAUDIO  0  
[2017/07/13 23:59:13 798] tts        429  get audio|use local  
[2017/07/13 23:59:13 798] tts        442  local audiolen:  512  ,ced:  116  
[2017/07/13 23:59:13 798] tts        471  0  udata(f8046cc8) 1  
[2017/07/13 23:59:13 799] tts        536  TTS_MSG_GETAUDIO  0  
[2017/07/13 23:59:13 799] tts        429  get audio|use local  
[2017/07/13 23:59:13 799] tts        442  local audiolen:  512  ,ced:  116  
[2017/07/13 23:59:13 799] tts        471  0  udata(f8046d18) 1  
[2017/07/13 23:59:13 799] tts        536  TTS_MSG_GETAUDIO  0  
[2017/07/13 23:59:13 799] tts        429  get audio|use local  
[2017/07/13 23:59:13 799] tts        442  local audiolen:  512  ,ced:  116  
[2017/07/13 23:59:13 799] tts        471  0  udata(f8046d68) 1  
[2017/07/13 23:59:13 799] tts        536  TTS_MSG_GETAUDIO  0  
[2017/07/13 23:59:13 799] tts        429  get audio|use local  
[2017/07/13 23:59:13 799] tts        442  local audiolen:  512  ,ced:  116  
[2017/07/13 23:59:13 799] tts        471  0  udata(f8046db8) 1  
[2017/07/13 23:59:13 800] tts        536  TTS_MSG_GETAUDIO  0  
[2017/07/13 23:59:13 800] tts        429  get audio|use local  
[2017/07/13 23:59:13 800] tts        442  local audiolen:  512  ,ced:  116  
[2017/07/13 23:59:13 800] tts        471  0  udata(f8046e08) 1  
[2017/07/13 23:59:13 800] tts        536  TTS_MSG_GETAUDIO  0  
[2017/07/13 23:59:13 800] tts        429  get audio|use local  
[2017/07/13 23:59:13 800] tts        442  local audiolen:  512  ,ced:  116  
[2017/07/13 23:59:13 800] tts        471  0  udata(f8046e58) 1  
[2017/07/13 23:59:13 801] tts        536  TTS_MSG_GETAUDIO  0  
[2017/07/13 23:59:13 801] tts        429  get audio|use local  
[2017/07/13 23:59:13 801] tts        442  local audiolen:  512  ,ced:  116  
[2017/07/13 23:59:13 801] tts        471  0  udata(f8046ea8) 1  
[2017/07/13 23:59:13 801] tts        536  TTS_MSG_GETAUDIO  0  
[2017/07/13 23:59:13 801] tts        429  get audio|use local  
[2017/07/13 23:59:13 801] tts        442  local audiolen:  512  ,ced:  116  
[2017/07/13 23:59:13 801] tts        471  0  udata(f8046ef8) 1  
[2017/07/13 23:59:13 801] tts        536  TTS_MSG_GETAUDIO  0  
[2017/07/13 23:59:13 801] tts        429  get audio|use local  
[2017/07/13 23:59:13 801] tts        442  local audiolen:  160  ,ced:  116  
[2017/07/13 23:59:13 801] tts        471  0  udata(f8046898) 1  
[2017/07/13 23:59:13 802] tts        536  TTS_MSG_GETAUDIO  0  
[2017/07/13 23:59:13 802] tts        429  get audio|use local  
[2017/07/13 23:59:13 802] tts        442  local audiolen:  300  ,ced:  143  
[2017/07/13 23:59:13 802] tts        471  0  udata(f8047088) 1  
[2017/07/13 23:59:13 802] tts        536  TTS_MSG_GETAUDIO  0  
[2017/07/13 23:59:13 802] tts        429  get audio|use local  
[2017/07/13 23:59:13 802] tts        442  local audiolen:  634  ,ced:  143  
[2017/07/13 23:59:13 802] tts        471  0  udata(f8047368) 1  
[2017/07/13 23:59:13 802] tts        536  TTS_MSG_GETAUDIO  0  
[2017/07/13 23:59:13 802] tts        429  get audio|use local  
[2017/07/13 23:59:13 802] tts        442  local audiolen:  7202  ,ced:  143  
[2017/07/13 23:59:13 802] tts        471  0  udata(f802ca38) 1  
[2017/07/13 23:59:13 803] tts        536  TTS_MSG_GETAUDIO  0  
[2017/07/13 23:59:13 803] tts        429  get audio|use local  
[2017/07/13 23:59:13 803] tts        442  local audiolen:  13316  ,ced:  143  
[2017/07/13 23:59:13 803] tts        471  0  udata(f80467e8) 1  
[2017/07/13 23:59:13 804] tts        536  TTS_MSG_GETAUDIO  0  
[2017/07/13 23:59:13 804] tts        429  get audio|use local  
[2017/07/13 23:59:13 804] tts        442  local audiolen:  7630  ,ced:  143  
[2017/07/13 23:59:13 804] tts        471  0  udata(f8046838) 1  
[2017/07/13 23:59:13 804] tts        536  TTS_MSG_GETAUDIO  0  
[2017/07/13 23:59:13 804] tts        429  get audio|use local  
[2017/07/13 23:59:13 804] tts        442  local audiolen:  9120  ,ced:  143  
[2017/07/13 23:59:13 804] tts        471  0  udata(f80468e8) 1  
[2017/07/13 23:59:13 805] tts        536  TTS_MSG_GETAUDIO  0  
[2017/07/13 23:59:13 805] tts        429  get audio|use local  
[2017/07/13 23:59:13 805] tts        442  local audiolen:  5372  ,ced:  143  
[2017/07/13 23:59:13 805] tts        471  0  udata(f8046938) 1  
[2017/07/13 23:59:13 805] tts        536  TTS_MSG_GETAUDIO  0  
[2017/07/13 23:59:13 805] tts        429  get audio|use local  
[2017/07/13 23:59:13 805] tts        442  local audiolen:  12548  ,ced:  143  
[2017/07/13 23:59:13 805] tts        471  0  udata(f8046988) 1  
[2017/07/13 23:59:13 806] tts        536  TTS_MSG_GETAUDIO  0  
[2017/07/13 23:59:13 806] tts        429  get audio|use local  
[2017/07/13 23:59:13 806] tts        442  local audiolen:  512  ,ced:  143  
[2017/07/13 23:59:13 806] tts        471  0  udata(f80472e8) 1  
[2017/07/13 23:59:13 806] tts        536  TTS_MSG_GETAUDIO  0  
[2017/07/13 23:59:13 806] tts        429  get audio|use local  
[2017/07/13 23:59:13 806] tts        442  local audiolen:  512  ,ced:  143  
[2017/07/13 23:59:13 806] tts        471  0  udata(f8046fa8) 1  
[2017/07/13 23:59:13 807] tts        536  TTS_MSG_GETAUDIO  0  
[2017/07/13 23:59:13 807] tts        429  get audio|use local  
[2017/07/13 23:59:13 807] tts        442  local audiolen:  512  ,ced:  143  
[2017/07/13 23:59:13 807] tts        471  0  udata(f8046ff8) 1  
[2017/07/13 23:59:13 807] tts        536  TTS_MSG_GETAUDIO  0  
[2017/07/13 23:59:13 807] tts        429  get audio|use local  
[2017/07/13 23:59:13 807] tts        442  local audiolen:  512  ,ced:  143  
[2017/07/13 23:59:13 807] tts        471  0  udata(f80473b8) 1  
[2017/07/13 23:59:13 807] tts        536  TTS_MSG_GETAUDIO  0  
[2017/07/13 23:59:13 807] tts        429  get audio|use local  
[2017/07/13 23:59:13 807] tts        442  local audiolen:  512  ,ced:  143  
[2017/07/13 23:59:13 808] tts        471  0  udata(f8047408) 1  
[2017/07/13 23:59:13 808] tts        536  TTS_MSG_GETAUDIO  0  
[2017/07/13 23:59:13 808] tts        429  get audio|use local  
[2017/07/13 23:59:13 808] tts        442  local audiolen:  512  ,ced:  143  
[2017/07/13 23:59:13 808] tts        471  0  udata(f8047458) 1  
[2017/07/13 23:59:13 808] tts        536  TTS_MSG_GETAUDIO  0  
[2017/07/13 23:59:13 808] tts        429  get audio|use local  
[2017/07/13 23:59:13 808] tts        442  local audiolen:  512  ,ced:  143  
[2017/07/13 23:59:13 808] tts        471  0  udata(f80474a8) 1  
[2017/07/13 23:59:13 809] tts        536  TTS_MSG_GETAUDIO  0  
[2017/07/13 23:59:13 809] tts        429  get audio|use local  
[2017/07/13 23:59:13 809] tts        442  local audiolen:  512  ,ced:  143  
[2017/07/13 23:59:13 809] tts        471  0  udata(f80474f8) 1  
[2017/07/13 23:59:13 810] tts        536  TTS_MSG_GETAUDIO  0  
[2017/07/13 23:59:13 810] tts        429  get audio|use local  
[2017/07/13 23:59:13 810] tts        442  local audiolen:  512  ,ced:  143  
[2017/07/13 23:59:13 810] tts        471  0  udata(f8047548) 1  
[2017/07/13 23:59:13 810] tts        536  TTS_MSG_GETAUDIO  0  
[2017/07/13 23:59:13 810] tts        429  get audio|use local  
[2017/07/13 23:59:13 810] tts        442  local audiolen:  512  ,ced:  143  
[2017/07/13 23:59:13 810] tts        471  0  udata(f8047598) 1  
[2017/07/13 23:59:13 811] tts        536  TTS_MSG_GETAUDIO  0  
[2017/07/13 23:59:13 811] tts        429  get audio|use local  
[2017/07/13 23:59:13 811] tts        442  local audiolen:  512  ,ced:  143  
[2017/07/13 23:59:13 811] tts        471  0  udata(f80475e8) 1  
[2017/07/13 23:59:13 811] tts        536  TTS_MSG_GETAUDIO  0  
[2017/07/13 23:59:13 811] tts        429  get audio|use local  
[2017/07/13 23:59:13 811] tts        442  local audiolen:  512  ,ced:  143  
[2017/07/13 23:59:13 811] tts        471  0  udata(f8047638) 1  
[2017/07/13 23:59:13 812] tts        536  TTS_MSG_GETAUDIO  0  
[2017/07/13 23:59:13 812] tts        429  get audio|use local  
[2017/07/13 23:59:13 812] tts        442  local audiolen:  512  ,ced:  143  
[2017/07/13 23:59:13 812] tts        471  0  udata(f8047688) 1  
[2017/07/13 23:59:13 812] tts        536  TTS_MSG_GETAUDIO  0  
[2017/07/13 23:59:13 812] tts        429  get audio|use local  
[2017/07/13 23:59:13 812] tts        442  local audiolen:  512  ,ced:  143  
[2017/07/13 23:59:13 812] tts        471  0  udata(f80476d8) 1  
[2017/07/13 23:59:13 813] tts        536  TTS_MSG_GETAUDIO  0  
[2017/07/13 23:59:13 813] tts        429  get audio|use local  
[2017/07/13 23:59:13 813] tts        442  local audiolen:  512  ,ced:  143  
[2017/07/13 23:59:13 813] tts        471  0  udata(f8047728) 1  
[2017/07/13 23:59:13 813] tts        536  TTS_MSG_GETAUDIO  0  
[2017/07/13 23:59:13 813] tts        429  get audio|use local  
[2017/07/13 23:59:13 813] tts        442  local audiolen:  512  ,ced:  143  
[2017/07/13 23:59:13 813] tts        471  0  udata(f8047778) 1  
[2017/07/13 23:59:13 813] tts        536  TTS_MSG_GETAUDIO  0  
[2017/07/13 23:59:13 813] tts        429  get audio|use local  
[2017/07/13 23:59:13 813] tts        442  local audiolen:  512  ,ced:  143  
[2017/07/13 23:59:13 813] tts        471  0  udata(f80477c8) 1  
[2017/07/13 23:59:13 814] tts        536  TTS_MSG_GETAUDIO  0  
[2017/07/13 23:59:13 814] tts        429  get audio|use local  
[2017/07/13 23:59:13 814] tts        442  local audiolen:  512  ,ced:  143  
[2017/07/13 23:59:13 814] tts        471  0  udata(f8047818) 1  
[2017/07/13 23:59:13 814] tts        536  TTS_MSG_GETAUDIO  0  
[2017/07/13 23:59:13 814] tts        429  get audio|use local  
[2017/07/13 23:59:13 814] tts        442  local audiolen:  160  ,ced:  143  
[2017/07/13 23:59:13 814] tts        471  0  udata(f8047188) 1  
[2017/07/13 23:59:13 815] tts        536  TTS_MSG_GETAUDIO  0  
[2017/07/13 23:59:13 815] tts        429  get audio|use local  
[2017/07/13 23:59:13 815] tts        442  local audiolen:  300  ,ced:  176  
[2017/07/13 23:59:13 815] tts        471  0  udata(f80479a8) 1  
[2017/07/13 23:59:13 815] tts        536  TTS_MSG_GETAUDIO  0  
[2017/07/13 23:59:13 815] tts        429  get audio|use local  
[2017/07/13 23:59:13 815] tts        442  local audiolen:  634  ,ced:  176  
[2017/07/13 23:59:13 815] tts        471  0  udata(f8047c88) 1  
[2017/07/13 23:59:13 815] tts        536  TTS_MSG_GETAUDIO  0  
[2017/07/13 23:59:13 815] tts        429  get audio|use local  
[2017/07/13 23:59:13 815] tts        442  local audiolen:  8528  ,ced:  176  
[2017/07/13 23:59:13 815] tts        471  0  udata(f8046f48) 1  
[2017/07/13 23:59:13 816] tts        536  TTS_MSG_GETAUDIO  0  
[2017/07/13 23:59:13 816] tts        429  get audio|use local  
[2017/07/13 23:59:13 816] tts        442  local audiolen:  7092  ,ced:  176  
[2017/07/13 23:59:13 816] tts        471  0  udata(f80470d8) 1  
[2017/07/13 23:59:13 817] tts        536  TTS_MSG_GETAUDIO  0  
[2017/07/13 23:59:13 817] tts        429  get audio|use local  
[2017/07/13 23:59:13 817] tts        442  local audiolen:  6376  ,ced:  176  
[2017/07/13 23:59:13 817] tts        471  0  udata(f8047128) 1  
[2017/07/13 23:59:13 817] tts        536  TTS_MSG_GETAUDIO  0  
[2017/07/13 23:59:13 817] tts        429  get audio|use local  
[2017/07/13 23:59:13 817] tts        442  local audiolen:  7488  ,ced:  176  
[2017/07/13 23:59:13 817] tts        471  0  udata(f80471d8) 1  
[2017/07/13 23:59:13 818] tts        536  TTS_MSG_GETAUDIO  0  
[2017/07/13 23:59:13 818] tts        429  get audio|use local  
[2017/07/13 23:59:13 818] tts        442  local audiolen:  8846  ,ced:  176  
[2017/07/13 23:59:13 818] tts        471  0  udata(f8047228) 1  
[2017/07/13 23:59:13 819] tts        536  TTS_MSG_GETAUDIO  0  
[2017/07/13 23:59:13 819] tts        429  get audio|use local  
[2017/07/13 23:59:13 819] tts        442  local audiolen:  7224  ,ced:  176  
[2017/07/13 23:59:13 819] tts        471  0  udata(f8047278) 1  
[2017/07/13 23:59:13 819] tts        536  TTS_MSG_GETAUDIO  0  
[2017/07/13 23:59:13 819] tts        429  get audio|use local  
[2017/07/13 23:59:13 819] tts        442  local audiolen:  13396  ,ced:  176  
[2017/07/13 23:59:13 819] tts        471  0  udata(f8047868) 1  
[2017/07/13 23:59:13 820] tts        536  TTS_MSG_GETAUDIO  0  
[2017/07/13 23:59:13 820] tts        429  get audio|use local  
[2017/07/13 23:59:13 820] tts        442  local audiolen:  7156  ,ced:  176  
[2017/07/13 23:59:13 820] tts        471  0  udata(f80478b8) 1  
[2017/07/13 23:59:13 821] tts        536  TTS_MSG_GETAUDIO  0  
[2017/07/13 23:59:13 821] tts        429  get audio|use local  
[2017/07/13 23:59:13 821] tts        442  local audiolen:  5896  ,ced:  176  
[2017/07/13 23:59:13 821] tts        471  0  udata(f8047908) 1  
[2017/07/13 23:59:13 822] tts        536  TTS_MSG_GETAUDIO  0  
[2017/07/13 23:59:13 822] tts        429  get audio|use local  
[2017/07/13 23:59:13 822] tts        442  local audiolen:  512  ,ced:  176  
[2017/07/13 23:59:13 822] tts        471  0  udata(f8047958) 1  
[2017/07/13 23:59:13 823] tts        536  TTS_MSG_GETAUDIO  0  
[2017/07/13 23:59:13 823] tts        429  get audio|use local  
[2017/07/13 23:59:13 823] tts        442  local audiolen:  512  ,ced:  176  
[2017/07/13 23:59:13 823] tts        471  0  udata(f8047cd8) 1  
[2017/07/13 23:59:13 823] tts        536  TTS_MSG_GETAUDIO  0  
[2017/07/13 23:59:13 823] tts        429  get audio|use local  
[2017/07/13 23:59:13 823] tts        442  local audiolen:  512  ,ced:  176  
[2017/07/13 23:59:13 823] tts        471  0  udata(f8047d28) 1  
[2017/07/13 23:59:13 824] tts        536  TTS_MSG_GETAUDIO  0  
[2017/07/13 23:59:13 824] tts        429  get audio|use local  
[2017/07/13 23:59:13 824] tts        442  local audiolen:  512  ,ced:  176  
[2017/07/13 23:59:13 824] tts        471  0  udata(f8047d78) 1  
[2017/07/13 23:59:13 824] tts        536  TTS_MSG_GETAUDIO  0  
[2017/07/13 23:59:13 825] tts        429  get audio|use local  
[2017/07/13 23:59:13 825] tts        442  local audiolen:  512  ,ced:  176  
[2017/07/13 23:59:13 825] tts        471  0  udata(f8047dc8) 1  
[2017/07/13 23:59:13 827] tts        536  TTS_MSG_GETAUDIO  0  
[2017/07/13 23:59:13 827] tts        429  get audio|use local  
[2017/07/13 23:59:13 827] tts        442  local audiolen:  512  ,ced:  176  
[2017/07/13 23:59:13 827] tts        471  0  udata(f8047e18) 1  
[2017/07/13 23:59:13 827] tts        536  TTS_MSG_GETAUDIO  0  
[2017/07/13 23:59:13 827] tts        429  get audio|use local  
[2017/07/13 23:59:13 827] tts        442  local audiolen:  512  ,ced:  176  
[2017/07/13 23:59:13 827] tts        471  0  udata(f8047e68) 1  
[2017/07/13 23:59:13 827] tts        536  TTS_MSG_GETAUDIO  0  
[2017/07/13 23:59:13 827] tts        429  get audio|use local  
[2017/07/13 23:59:13 828] tts        442  local audiolen:  512  ,ced:  176  
[2017/07/13 23:59:13 828] tts        471  0  udata(f8047eb8) 1  
[2017/07/13 23:59:13 828] tts        536  TTS_MSG_GETAUDIO  0  
[2017/07/13 23:59:13 828] tts        429  get audio|use local  
[2017/07/13 23:59:13 828] tts        442  local audiolen:  512  ,ced:  176  
[2017/07/13 23:59:13 828] tts        471  0  udata(f8047f08) 1  
[2017/07/13 23:59:13 828] tts        536  TTS_MSG_GETAUDIO  0  
[2017/07/13 23:59:13 828] tts        429  get audio|use local  
[2017/07/13 23:59:13 828] tts        442  local audiolen:  512  ,ced:  176  
[2017/07/13 23:59:13 828] tts        471  0  udata(f8047f58) 1  
[2017/07/13 23:59:13 829] tts        536  TTS_MSG_GETAUDIO  0  
[2017/07/13 23:59:13 829] tts        429  get audio|use local  
[2017/07/13 23:59:13 829] tts        442  local audiolen:  512  ,ced:  176  
[2017/07/13 23:59:13 829] tts        471  0  udata(f8047fa8) 1  
[2017/07/13 23:59:13 829] tts        536  TTS_MSG_GETAUDIO  0  
[2017/07/13 23:59:13 829] tts        429  get audio|use local  
[2017/07/13 23:59:13 829] tts        442  local audiolen:  512  ,ced:  176  
[2017/07/13 23:59:13 829] tts        471  0  udata(f8047ff8) 1  
[2017/07/13 23:59:13 830] tts        536  TTS_MSG_GETAUDIO  0  
[2017/07/13 23:59:13 830] tts        429  get audio|use local  
[2017/07/13 23:59:13 830] tts        442  local audiolen:  512  ,ced:  176  
[2017/07/13 23:59:13 830] tts        471  0  udata(f8048048) 1  
[2017/07/13 23:59:13 830] tts        536  TTS_MSG_GETAUDIO  0  
[2017/07/13 23:59:13 830] tts        429  get audio|use local  
[2017/07/13 23:59:13 830] tts        442  local audiolen:  512  ,ced:  176  
[2017/07/13 23:59:13 830] tts        471  0  udata(f8048098) 1  
[2017/07/13 23:59:13 831] tts        536  TTS_MSG_GETAUDIO  0  
[2017/07/13 23:59:13 831] tts        429  get audio|use local  
[2017/07/13 23:59:13 831] tts        442  local audiolen:  512  ,ced:  176  
[2017/07/13 23:59:13 831] tts        471  0  udata(f80480e8) 1  
[2017/07/13 23:59:13 831] tts        536  TTS_MSG_GETAUDIO  0  
[2017/07/13 23:59:13 831] tts        429  get audio|use local  
[2017/07/13 23:59:13 831] tts        442  local audiolen:  512  ,ced:  176  
[2017/07/13 23:59:13 831] tts        471  0  udata(f8048138) 1  
[2017/07/13 23:59:13 832] tts        536  TTS_MSG_GETAUDIO  0  
[2017/07/13 23:59:13 832] tts        429  get audio|use local  
[2017/07/13 23:59:13 832] tts        442  local audiolen:  512  ,ced:  176  
[2017/07/13 23:59:13 832] tts        471  0  udata(f8048188) 1  
[2017/07/13 23:59:13 832] tts        536  TTS_MSG_GETAUDIO  0  
[2017/07/13 23:59:13 832] tts        429  get audio|use local  
[2017/07/13 23:59:13 832] tts        442  local audiolen:  512  ,ced:  176  
[2017/07/13 23:59:13 832] tts        471  0  udata(f80481d8) 1  
[2017/07/13 23:59:13 832] tts        536  TTS_MSG_GETAUDIO  0  
[2017/07/13 23:59:13 832] tts        429  get audio|use local  
[2017/07/13 23:59:13 832] tts        442  local audiolen:  160  ,ced:  176  
[2017/07/13 23:59:13 832] tts        471  0  udata(f8047b08) 1  
[2017/07/13 23:59:13 833] tts        536  TTS_MSG_GETAUDIO  0  
[2017/07/13 23:59:13 833] tts        429  get audio|use local  
[2017/07/13 23:59:13 833] tts        442  local audiolen:  272  ,ced:  200  
[2017/07/13 23:59:13 833] tts        471  0  udata(f8047a58) 1  
[2017/07/13 23:59:13 833] tts        536  TTS_MSG_GETAUDIO  0  
[2017/07/13 23:59:13 833] tts        429  get audio|use local  
[2017/07/13 23:59:13 833] tts        442  local audiolen:  11504  ,ced:  200  
[2017/07/13 23:59:13 833] tts        471  0  udata(f8047aa8) 1  
[2017/07/13 23:59:13 834] tts        536  TTS_MSG_GETAUDIO  0  
[2017/07/13 23:59:13 834] tts        429  get audio|use local  
[2017/07/13 23:59:13 834] tts        442  local audiolen:  7070  ,ced:  200  
[2017/07/13 23:59:13 834] tts        471  0  udata(f80479f8) 1  
[2017/07/13 23:59:13 835] tts        536  TTS_MSG_GETAUDIO  0  
[2017/07/13 23:59:13 835] tts        429  get audio|use local  
[2017/07/13 23:59:13 835] tts        442  local audiolen:  6802  ,ced:  200  
[2017/07/13 23:59:13 835] tts        471  0  udata(f8047b58) 1  
[2017/07/13 23:59:13 835] tts        536  TTS_MSG_GETAUDIO  0  
[2017/07/13 23:59:13 835] tts        429  get audio|use local  
[2017/07/13 23:59:13 835] tts        442  local audiolen:  7136  ,ced:  200  
[2017/07/13 23:59:13 835] tts        471  0  udata(f8047ba8) 1  
[2017/07/13 23:59:13 836] tts        536  TTS_MSG_GETAUDIO  0  
[2017/07/13 23:59:13 836] tts        429  get audio|use local  
[2017/07/13 23:59:13 836] tts        442  local audiolen:  3944  ,ced:  200  
[2017/07/13 23:59:13 836] tts        471  0  udata(f8047bf8) 1  
[2017/07/13 23:59:13 837] tts        536  TTS_MSG_GETAUDIO  0  
[2017/07/13 23:59:13 837] tts        429  get audio|use local  
[2017/07/13 23:59:13 837] tts        442  local audiolen:  10648  ,ced:  200  
[2017/07/13 23:59:13 837] tts        471  0  udata(f804abd8) 1  
[2017/07/13 23:59:13 838] tts        536  TTS_MSG_GETAUDIO  0  
[2017/07/13 23:59:13 838] tts        429  get audio|use local  
[2017/07/13 23:59:13 838] tts        442  local audiolen:  4700  ,ced:  200  
[2017/07/13 23:59:13 838] tts        471  0  udata(f8049498) 1  
[2017/07/13 23:59:13 838] tts        536  TTS_MSG_GETAUDIO  0  
[2017/07/13 23:59:13 838] tts        429  get audio|use local  
[2017/07/13 23:59:13 838] tts        442  local audiolen:  7102  ,ced:  200  
[2017/07/13 23:59:13 838] tts        471  0  udata(f8048228) 2  
[2017/07/13 23:59:13 839] tts        539  TTS_MSG_SSE  
[2017/07/13 23:59:13 839] tts        493  sse|use local  
[2017/07/13 23:59:13 844] tts        509  tts exit  
