============================================================
Time  2017/07/13 23:54:47 754 
============================================================
[2017/07/13 23:54:47 754] tts        555  SYS_MSG_REGCB param0 =  msp_status_cb  param1 =  func(4c0182e0) 
[2017/07/13 23:54:47 755] config     42   use general cloud  
[2017/07/13 23:54:47 757] tts_cloud  1414 SYS_MSG_REGCB_CLOUD param0 =   msp_status_cb  param1 =  func(4c0182e0) 
[2017/07/13 23:54:47 757] tts        527  TTS_MSG_SSB  
[2017/07/13 23:54:47 757] tts        338  params =  engine_type = local, text_encoding = UTF8,voice_name=xiaofeng,tts_res_path = fo|res/tts/xiaofeng.jet;fo|res/tts/common.jet, sample_rate = 16000, speed = 50, volume = 50, pitch = 50, rdn = 2  
[2017/07/13 23:54:47 757] tts        369  ssb|use local  
[2017/07/13 23:54:47 757] tts        313  local_session_begin  
[2017/07/13 23:54:47 759] tts        533  TTS_MSG_SYN  0  
[2017/07/13 23:54:47 759] tts        404  synth|use local  
[2017/07/13 23:54:47 759] tts        536  TTS_MSG_GETAUDIO  0  
[2017/07/13 23:54:47 759] tts        429  get audio|use local  
[2017/07/13 23:54:47 759] tts        471  0  nil  1  
[2017/07/13 23:54:47 759] tts        536  TTS_MSG_GETAUDIO  0  
[2017/07/13 23:54:47 759] tts        429  get audio|use local  
[2017/07/13 23:54:47 759] tts        471  0  nil  1  
[2017/07/13 23:54:47 759] tts        536  TTS_MSG_GETAUDIO  0  
[2017/07/13 23:54:47 759] tts        429  get audio|use local  
[2017/07/13 23:54:47 759] tts        471  0  nil  1  
[2017/07/13 23:54:47 760] tts        536  TTS_MSG_GETAUDIO  0  
[2017/07/13 23:54:47 760] tts        429  get audio|use local  
[2017/07/13 23:54:47 760] tts        471  0  nil  1  
[2017/07/13 23:54:47 760] tts        536  TTS_MSG_GETAUDIO  0  
[2017/07/13 23:54:47 760] tts        429  get audio|use local  
[2017/07/13 23:54:47 760] tts        471  0  nil  1  
[2017/07/13 23:54:47 761] tts        536  TTS_MSG_GETAUDIO  0  
[2017/07/13 23:54:47 761] tts        429  get audio|use local  
[2017/07/13 23:54:47 761] tts        471  0  nil  1  
[2017/07/13 23:54:47 761] tts        536  TTS_MSG_GETAUDIO  0  
[2017/07/13 23:54:47 761] tts        429  get audio|use local  
[2017/07/13 23:54:47 761] tts        471  0  nil  1  
[2017/07/13 23:54:47 761] tts        536  TTS_MSG_GETAUDIO  0  
[2017/07/13 23:54:47 761] tts        429  get audio|use local  
[2017/07/13 23:54:47 761] tts        471  0  nil  1  
[2017/07/13 23:54:47 761] tts        536  TTS_MSG_GETAUDIO  0  
[2017/07/13 23:54:47 761] tts        429  get audio|use local  
[2017/07/13 23:54:47 761] tts        471  0  nil  1  
[2017/07/13 23:54:47 761] tts        536  TTS_MSG_GETAUDIO  0  
[2017/07/13 23:54:47 761] tts        429  get audio|use local  
[2017/07/13 23:54:47 761] tts        471  0  nil  1  
[2017/07/13 23:54:47 761] tts        536  TTS_MSG_GETAUDIO  0  
[2017/07/13 23:54:47 761] tts        429  get audio|use local  
[2017/07/13 23:54:47 761] tts        471  0  nil  1  
[2017/07/13 23:54:47 761] tts        536  TTS_MSG_GETAUDIO  0  
[2017/07/13 23:54:47 761] tts        429  get audio|use local  
[2017/07/13 23:54:47 761] tts        471  0  nil  1  
[2017/07/13 23:54:47 761] tts        536  TTS_MSG_GETAUDIO  0  
[2017/07/13 23:54:47 762] tts        429  get audio|use local  
[2017/07/13 23:54:47 762] tts        471  0  nil  1  
[2017/07/13 23:54:47 762] tts        536  TTS_MSG_GETAUDIO  0  
[2017/07/13 23:54:47 762] tts        429  get audio|use local  
[2017/07/13 23:54:47 762] tts        471  0  nil  1  
[2017/07/13 23:54:47 762] tts        536  TTS_MSG_GETAUDIO  0  
[2017/07/13 23:54:47 762] tts        429  get audio|use local  
[2017/07/13 23:54:47 762] tts        471  0  nil  1  
[2017/07/13 23:54:47 762] tts        536  TTS_MSG_GETAUDIO  0  
[2017/07/13 23:54:47 762] tts        429  get audio|use local  
[2017/07/13 23:54:47 762] tts        471  0  nil  1  
[2017/07/13 23:54:47 762] tts        536  TTS_MSG_GETAUDIO  0  
[2017/07/13 23:54:47 762] tts        429  get audio|use local  
[2017/07/13 23:54:47 762] tts        471  0  nil  1  
[2017/07/13 23:54:47 762] tts        536  TTS_MSG_GETAUDIO  0  
[2017/07/13 23:54:47 762] tts        429  get audio|use local  
[2017/07/13 23:54:47 762] tts        471  0  nil  1  
[2017/07/13 23:54:47 763] tts        536  TTS_MSG_GETAUDIO  0  
[2017/07/13 23:54:47 763] tts        429  get audio|use local  
[2017/07/13 23:54:47 763] tts        471  0  nil  1  
[2017/07/13 23:54:47 763] tts        536  TTS_MSG_GETAUDIO  0  
[2017/07/13 23:54:47 763] tts        429  get audio|use local  
[2017/07/13 23:54:47 763] tts        471  0  nil  1  
[2017/07/13 23:54:47 764] tts        536  TTS_MSG_GETAUDIO  0  
[2017/07/13 23:54:47 764] tts        429  get audio|use local  
[2017/07/13 23:54:47 764] tts        471  0  nil  1  
[2017/07/13 23:54:47 764] tts        536  TTS_MSG_GETAUDIO  0  
[2017/07/13 23:54:47 764] tts        429  get audio|use local  
[2017/07/13 23:54:47 764] tts        471  0  nil  1  
[2017/07/13 23:54:47 765] tts        536  TTS_MSG_GETAUDIO  0  
[2017/07/13 23:54:47 765] tts        429  get audio|use local  
[2017/07/13 23:54:47 765] tts        471  0  nil  1  
[2017/07/13 23:54:47 765] tts        536  TTS_MSG_GETAUDIO  0  
[2017/07/13 23:54:47 765] tts        429  get audio|use local  
[2017/07/13 23:54:47 765] tts        471  0  nil  1  
[2017/07/13 23:54:47 765] tts        536  TTS_MSG_GETAUDIO  0  
[2017/07/13 23:54:47 765] tts        429  get audio|use local  
[2017/07/13 23:54:47 765] tts        471  0  nil  1  
[2017/07/13 23:54:47 766] tts        536  TTS_MSG_GETAUDIO  0  
[2017/07/13 23:54:47 766] tts        429  get audio|use local  
[2017/07/13 23:54:47 766] tts        471  0  nil  1  
[2017/07/13 23:54:47 766] tts        536  TTS_MSG_GETAUDIO  0  
[2017/07/13 23:54:47 766] tts        429  get audio|use local  
[2017/07/13 23:54:47 767] tts        471  0  nil  1  
[2017/07/13 23:54:47 767] tts        536  TTS_MSG_GETAUDIO  0  
[2017/07/13 23:54:47 767] tts        429  get audio|use local  
[2017/07/13 23:54:47 767] tts        471  0  nil  1  
[2017/07/13 23:54:47 767] tts        536  TTS_MSG_GETAUDIO  0  
[2017/07/13 23:54:47 767] tts        429  get audio|use local  
[2017/07/13 23:54:47 767] tts        471  0  nil  1  
[2017/07/13 23:54:47 768] tts        536  TTS_MSG_GETAUDIO  0  
[2017/07/13 23:54:47 768] tts        429  get audio|use local  
[2017/07/13 23:54:47 768] tts        471  0  nil  1  
[2017/07/13 23:54:47 768] tts        536  TTS_MSG_GETAUDIO  0  
[2017/07/13 23:54:47 768] tts        429  get audio|use local  
[2017/07/13 23:54:47 768] tts        471  0  nil  1  
[2017/07/13 23:54:47 768] tts        536  TTS_MSG_GETAUDIO  0  
[2017/07/13 23:54:47 768] tts        429  get audio|use local  
[2017/07/13 23:54:47 768] tts        471  0  nil  1  
[2017/07/13 23:54:47 768] tts        536  TTS_MSG_GETAUDIO  0  
[2017/07/13 23:54:47 768] tts        429  get audio|use local  
[2017/07/13 23:54:47 768] tts        471  0  nil  1  
[2017/07/13 23:54:47 768] tts        536  TTS_MSG_GETAUDIO  0  
[2017/07/13 23:54:47 768] tts        429  get audio|use local  
[2017/07/13 23:54:47 768] tts        471  0  nil  1  
[2017/07/13 23:54:47 768] tts        536  TTS_MSG_GETAUDIO  0  
[2017/07/13 23:54:47 768] tts        429  get audio|use local  
[2017/07/13 23:54:47 768] tts        471  0  nil  1  
[2017/07/13 23:54:47 768] tts        536  TTS_MSG_GETAUDIO  0  
[2017/07/13 23:54:47 768] tts        429  get audio|use local  
[2017/07/13 23:54:47 769] tts        471  0  nil  1  
[2017/07/13 23:54:47 769] tts        536  TTS_MSG_GETAUDIO  0  
[2017/07/13 23:54:47 769] tts        429  get audio|use local  
[2017/07/13 23:54:47 769] tts        471  0  nil  1  
[2017/07/13 23:54:47 769] tts        536  TTS_MSG_GETAUDIO  0  
[2017/07/13 23:54:47 769] tts        429  get audio|use local  
[2017/07/13 23:54:47 769] tts        471  0  nil  1  
[2017/07/13 23:54:47 769] tts        536  TTS_MSG_GETAUDIO  0  
[2017/07/13 23:54:47 769] tts        429  get audio|use local  
[2017/07/13 23:54:47 769] tts        471  0  nil  1  
[2017/07/13 23:54:47 769] tts        536  TTS_MSG_GETAUDIO  0  
[2017/07/13 23:54:47 769] tts        429  get audio|use local  
[2017/07/13 23:54:47 769] tts        471  0  nil  1  
[2017/07/13 23:54:47 769] tts        536  TTS_MSG_GETAUDIO  0  
[2017/07/13 23:54:47 769] tts        429  get audio|use local  
[2017/07/13 23:54:47 769] tts        471  0  nil  1  
[2017/07/13 23:54:47 769] tts        536  TTS_MSG_GETAUDIO  0  
[2017/07/13 23:54:47 769] tts        429  get audio|use local  
[2017/07/13 23:54:47 769] tts        471  0  nil  1  
[2017/07/13 23:54:47 770] tts        536  TTS_MSG_GETAUDIO  0  
[2017/07/13 23:54:47 770] tts        429  get audio|use local  
[2017/07/13 23:54:47 770] tts        471  0  nil  1  
[2017/07/13 23:54:47 770] tts        536  TTS_MSG_GETAUDIO  0  
[2017/07/13 23:54:47 770] tts        429  get audio|use local  
[2017/07/13 23:54:47 770] tts        471  0  nil  1  
[2017/07/13 23:54:47 770] tts        536  TTS_MSG_GETAUDIO  0  
[2017/07/13 23:54:47 770] tts        429  get audio|use local  
[2017/07/13 23:54:47 770] tts        471  0  nil  1  
[2017/07/13 23:54:47 770] tts        536  TTS_MSG_GETAUDIO  0  
[2017/07/13 23:54:47 770] tts        429  get audio|use local  
[2017/07/13 23:54:47 770] tts        471  0  nil  1  
[2017/07/13 23:54:47 770] tts        536  TTS_MSG_GETAUDIO  0  
[2017/07/13 23:54:47 770] tts        429  get audio|use local  
[2017/07/13 23:54:47 770] tts        471  0  nil  1  
[2017/07/13 23:54:47 770] tts        536  TTS_MSG_GETAUDIO  0  
[2017/07/13 23:54:47 770] tts        429  get audio|use local  
[2017/07/13 23:54:47 770] tts        471  0  nil  1  
[2017/07/13 23:54:47 770] tts        536  TTS_MSG_GETAUDIO  0  
[2017/07/13 23:54:47 770] tts        429  get audio|use local  
[2017/07/13 23:54:47 770] tts        471  0  nil  1  
[2017/07/13 23:54:47 770] tts        536  TTS_MSG_GETAUDIO  0  
[2017/07/13 23:54:47 770] tts        429  get audio|use local  
[2017/07/13 23:54:47 770] tts        471  0  nil  1  
[2017/07/13 23:54:47 770] tts        536  TTS_MSG_GETAUDIO  0  
[2017/07/13 23:54:47 770] tts        429  get audio|use local  
[2017/07/13 23:54:47 770] tts        471  0  nil  1  
[2017/07/13 23:54:47 771] tts        536  TTS_MSG_GETAUDIO  0  
[2017/07/13 23:54:47 771] tts        429  get audio|use local  
[2017/07/13 23:54:47 771] tts        471  0  nil  1  
[2017/07/13 23:54:47 771] tts        536  TTS_MSG_GETAUDIO  0  
[2017/07/13 23:54:47 771] tts        429  get audio|use local  
[2017/07/13 23:54:47 771] tts        471  0  nil  1  
[2017/07/13 23:54:47 771] tts        536  TTS_MSG_GETAUDIO  0  
[2017/07/13 23:54:47 771] tts        429  get audio|use local  
[2017/07/13 23:54:47 771] tts        471  0  nil  1  
[2017/07/13 23:54:47 771] tts        536  TTS_MSG_GETAUDIO  0  
[2017/07/13 23:54:47 771] tts        429  get audio|use local  
[2017/07/13 23:54:47 771] tts        471  0  nil  1  
[2017/07/13 23:54:47 771] tts        536  TTS_MSG_GETAUDIO  0  
[2017/07/13 23:54:47 771] tts        429  get audio|use local  
[2017/07/13 23:54:47 771] tts        471  0  nil  1  
[2017/07/13 23:54:47 771] tts        536  TTS_MSG_GETAUDIO  0  
[2017/07/13 23:54:47 771] tts        429  get audio|use local  
[2017/07/13 23:54:47 771] tts        471  0  nil  1  
[2017/07/13 23:54:47 771] tts        536  TTS_MSG_GETAUDIO  0  
[2017/07/13 23:54:47 771] tts        429  get audio|use local  
[2017/07/13 23:54:47 771] tts        471  0  nil  1  
[2017/07/13 23:54:47 771] tts        536  TTS_MSG_GETAUDIO  0  
[2017/07/13 23:54:47 771] tts        429  get audio|use local  
[2017/07/13 23:54:47 771] tts        471  0  nil  1  
[2017/07/13 23:54:47 771] tts        536  TTS_MSG_GETAUDIO  0  
[2017/07/13 23:54:47 771] tts        429  get audio|use local  
[2017/07/13 23:54:47 772] tts        471  0  nil  1  
[2017/07/13 23:54:47 772] tts        536  TTS_MSG_GETAUDIO  0  
[2017/07/13 23:54:47 772] tts        429  get audio|use local  
[2017/07/13 23:54:47 772] tts        471  0  nil  1  
[2017/07/13 23:54:47 772] tts        536  TTS_MSG_GETAUDIO  0  
[2017/07/13 23:54:47 772] tts        429  get audio|use local  
[2017/07/13 23:54:47 772] tts        471  0  nil  1  
[2017/07/13 23:54:47 772] tts        536  TTS_MSG_GETAUDIO  0  
[2017/07/13 23:54:47 772] tts        429  get audio|use local  
[2017/07/13 23:54:47 772] tts        471  0  nil  1  
[2017/07/13 23:54:47 772] tts        536  TTS_MSG_GETAUDIO  0  
[2017/07/13 23:54:47 772] tts        429  get audio|use local  
[2017/07/13 23:54:47 772] tts        471  0  nil  1  
[2017/07/13 23:54:47 772] tts        536  TTS_MSG_GETAUDIO  0  
[2017/07/13 23:54:47 772] tts        429  get audio|use local  
[2017/07/13 23:54:47 772] tts        471  0  nil  1  
[2017/07/13 23:54:47 772] tts        536  TTS_MSG_GETAUDIO  0  
[2017/07/13 23:54:47 772] tts        429  get audio|use local  
[2017/07/13 23:54:47 772] tts        471  0  nil  1  
[2017/07/13 23:54:47 772] tts        536  TTS_MSG_GETAUDIO  0  
[2017/07/13 23:54:47 772] tts        429  get audio|use local  
[2017/07/13 23:54:47 772] tts        471  0  nil  1  
[2017/07/13 23:54:47 773] tts        536  TTS_MSG_GETAUDIO  0  
[2017/07/13 23:54:47 773] tts        429  get audio|use local  
[2017/07/13 23:54:47 773] tts        471  0  nil  1  
[2017/07/13 23:54:47 773] tts        536  TTS_MSG_GETAUDIO  0  
[2017/07/13 23:54:47 773] tts        429  get audio|use local  
[2017/07/13 23:54:47 773] tts        471  0  nil  1  
[2017/07/13 23:54:47 773] tts        536  TTS_MSG_GETAUDIO  0  
[2017/07/13 23:54:47 773] tts        429  get audio|use local  
[2017/07/13 23:54:47 773] tts        471  0  nil  1  
[2017/07/13 23:54:47 773] tts        536  TTS_MSG_GETAUDIO  0  
[2017/07/13 23:54:47 773] tts        429  get audio|use local  
[2017/07/13 23:54:47 773] tts        471  0  nil  1  
[2017/07/13 23:54:47 773] tts        536  TTS_MSG_GETAUDIO  0  
[2017/07/13 23:54:47 773] tts        429  get audio|use local  
[2017/07/13 23:54:47 773] tts        471  0  nil  1  
[2017/07/13 23:54:47 773] tts        536  TTS_MSG_GETAUDIO  0  
[2017/07/13 23:54:47 773] tts        429  get audio|use local  
[2017/07/13 23:54:47 773] tts        471  0  nil  1  
[2017/07/13 23:54:47 773] tts        536  TTS_MSG_GETAUDIO  0  
[2017/07/13 23:54:47 773] tts        429  get audio|use local  
[2017/07/13 23:54:47 773] tts        471  0  nil  1  
[2017/07/13 23:54:47 773] tts        536  TTS_MSG_GETAUDIO  0  
[2017/07/13 23:54:47 773] tts        429  get audio|use local  
[2017/07/13 23:54:47 773] tts        471  0  nil  1  
[2017/07/13 23:54:47 773] tts        536  TTS_MSG_GETAUDIO  0  
[2017/07/13 23:54:47 773] tts        429  get audio|use local  
[2017/07/13 23:54:47 773] tts        471  0  nil  1  
[2017/07/13 23:54:47 774] tts        536  TTS_MSG_GETAUDIO  0  
[2017/07/13 23:54:47 774] tts        429  get audio|use local  
[2017/07/13 23:54:47 774] tts        471  0  nil  1  
[2017/07/13 23:54:47 774] tts        536  TTS_MSG_GETAUDIO  0  
[2017/07/13 23:54:47 774] tts        429  get audio|use local  
[2017/07/13 23:54:47 774] tts        471  0  nil  1  
[2017/07/13 23:54:47 774] tts        536  TTS_MSG_GETAUDIO  0  
[2017/07/13 23:54:47 774] tts        429  get audio|use local  
[2017/07/13 23:54:47 774] tts        471  0  nil  1  
[2017/07/13 23:54:47 774] tts        536  TTS_MSG_GETAUDIO  0  
[2017/07/13 23:54:47 774] tts        429  get audio|use local  
[2017/07/13 23:54:47 774] tts        471  0  nil  1  
[2017/07/13 23:54:47 774] tts        536  TTS_MSG_GETAUDIO  0  
[2017/07/13 23:54:47 774] tts        429  get audio|use local  
[2017/07/13 23:54:47 775] tts        471  0  nil  1  
[2017/07/13 23:54:47 775] tts        536  TTS_MSG_GETAUDIO  0  
[2017/07/13 23:54:47 775] tts        429  get audio|use local  
[2017/07/13 23:54:47 775] tts        471  0  nil  1  
[2017/07/13 23:54:47 775] tts        536  TTS_MSG_GETAUDIO  0  
[2017/07/13 23:54:47 775] tts        429  get audio|use local  
[2017/07/13 23:54:47 775] tts        471  0  nil  1  
[2017/07/13 23:54:47 775] tts        536  TTS_MSG_GETAUDIO  0  
[2017/07/13 23:54:47 775] tts        429  get audio|use local  
[2017/07/13 23:54:47 775] tts        471  0  nil  1  
[2017/07/13 23:54:47 775] tts        536  TTS_MSG_GETAUDIO  0  
[2017/07/13 23:54:47 775] tts        429  get audio|use local  
[2017/07/13 23:54:47 775] tts        471  0  nil  1  
[2017/07/13 23:54:47 775] tts        536  TTS_MSG_GETAUDIO  0  
[2017/07/13 23:54:47 775] tts        429  get audio|use local  
[2017/07/13 23:54:47 775] tts        471  0  nil  1  
[2017/07/13 23:54:47 775] tts        536  TTS_MSG_GETAUDIO  0  
[2017/07/13 23:54:47 775] tts        429  get audio|use local  
[2017/07/13 23:54:47 775] tts        471  0  nil  1  
[2017/07/13 23:54:47 775] tts        536  TTS_MSG_GETAUDIO  0  
[2017/07/13 23:54:47 775] tts        429  get audio|use local  
[2017/07/13 23:54:47 775] tts        471  0  nil  1  
[2017/07/13 23:54:47 775] tts        536  TTS_MSG_GETAUDIO  0  
[2017/07/13 23:54:47 776] tts        429  get audio|use local  
[2017/07/13 23:54:47 776] tts        471  0  nil  1  
[2017/07/13 23:54:47 776] tts        536  TTS_MSG_GETAUDIO  0  
[2017/07/13 23:54:47 776] tts        429  get audio|use local  
[2017/07/13 23:54:47 776] tts        471  0  nil  1  
[2017/07/13 23:54:47 776] tts        536  TTS_MSG_GETAUDIO  0  
[2017/07/13 23:54:47 776] tts        429  get audio|use local  
[2017/07/13 23:54:47 776] tts        471  0  nil  1  
[2017/07/13 23:54:47 776] tts        536  TTS_MSG_GETAUDIO  0  
[2017/07/13 23:54:47 776] tts        429  get audio|use local  
[2017/07/13 23:54:47 776] tts        471  0  nil  1  
[2017/07/13 23:54:47 776] tts        536  TTS_MSG_GETAUDIO  0  
[2017/07/13 23:54:47 776] tts        429  get audio|use local  
[2017/07/13 23:54:47 776] tts        471  0  nil  1  
[2017/07/13 23:54:47 776] tts        536  TTS_MSG_GETAUDIO  0  
[2017/07/13 23:54:47 776] tts        429  get audio|use local  
[2017/07/13 23:54:47 776] tts        471  0  nil  1  
[2017/07/13 23:54:47 776] tts        536  TTS_MSG_GETAUDIO  0  
[2017/07/13 23:54:47 776] tts        429  get audio|use local  
[2017/07/13 23:54:47 776] tts        471  0  nil  1  
[2017/07/13 23:54:47 776] tts        536  TTS_MSG_GETAUDIO  0  
[2017/07/13 23:54:47 776] tts        429  get audio|use local  
[2017/07/13 23:54:47 776] tts        471  0  nil  1  
[2017/07/13 23:54:47 776] tts        536  TTS_MSG_GETAUDIO  0  
[2017/07/13 23:54:47 776] tts        429  get audio|use local  
[2017/07/13 23:54:47 776] tts        471  0  nil  1  
[2017/07/13 23:54:47 776] tts        536  TTS_MSG_GETAUDIO  0  
[2017/07/13 23:54:47 776] tts        429  get audio|use local  
[2017/07/13 23:54:47 776] tts        471  0  nil  1  
[2017/07/13 23:54:47 777] tts        536  TTS_MSG_GETAUDIO  0  
[2017/07/13 23:54:47 777] tts        429  get audio|use local  
[2017/07/13 23:54:47 777] tts        471  0  nil  1  
[2017/07/13 23:54:47 777] tts        536  TTS_MSG_GETAUDIO  0  
[2017/07/13 23:54:47 777] tts        429  get audio|use local  
[2017/07/13 23:54:47 777] tts        471  0  nil  1  
[2017/07/13 23:54:47 777] tts        536  TTS_MSG_GETAUDIO  0  
[2017/07/13 23:54:47 777] tts        429  get audio|use local  
[2017/07/13 23:54:47 777] tts        471  0  nil  1  
[2017/07/13 23:54:47 777] tts        536  TTS_MSG_GETAUDIO  0  
[2017/07/13 23:54:47 777] tts        429  get audio|use local  
[2017/07/13 23:54:47 777] tts        471  0  nil  1  
[2017/07/13 23:54:47 777] tts        536  TTS_MSG_GETAUDIO  0  
[2017/07/13 23:54:47 777] tts        429  get audio|use local  
[2017/07/13 23:54:47 777] tts        471  0  nil  1  
[2017/07/13 23:54:47 777] tts        536  TTS_MSG_GETAUDIO  0  
[2017/07/13 23:54:47 777] tts        429  get audio|use local  
[2017/07/13 23:54:47 777] tts        471  0  nil  1  
[2017/07/13 23:54:47 777] tts        536  TTS_MSG_GETAUDIO  0  
[2017/07/13 23:54:47 777] tts        429  get audio|use local  
[2017/07/13 23:54:47 777] tts        471  0  nil  1  
[2017/07/13 23:54:47 777] tts        536  TTS_MSG_GETAUDIO  0  
[2017/07/13 23:54:47 778] tts        429  get audio|use local  
[2017/07/13 23:54:47 778] tts        471  0  nil  1  
[2017/07/13 23:54:47 778] tts        536  TTS_MSG_GETAUDIO  0  
[2017/07/13 23:54:47 778] tts        429  get audio|use local  
[2017/07/13 23:54:47 778] tts        471  0  nil  1  
[2017/07/13 23:54:47 778] tts        536  TTS_MSG_GETAUDIO  0  
[2017/07/13 23:54:47 778] tts        429  get audio|use local  
[2017/07/13 23:54:47 778] tts        471  0  nil  1  
[2017/07/13 23:54:47 778] tts        536  TTS_MSG_GETAUDIO  0  
[2017/07/13 23:54:47 779] tts        429  get audio|use local  
[2017/07/13 23:54:47 779] tts        471  0  nil  1  
[2017/07/13 23:54:47 779] tts        536  TTS_MSG_GETAUDIO  0  
[2017/07/13 23:54:47 779] tts        429  get audio|use local  
[2017/07/13 23:54:47 779] tts        471  0  nil  1  
[2017/07/13 23:54:47 779] tts        536  TTS_MSG_GETAUDIO  0  
[2017/07/13 23:54:47 779] tts        429  get audio|use local  
[2017/07/13 23:54:47 779] tts        471  0  nil  1  
[2017/07/13 23:54:47 780] tts        536  TTS_MSG_GETAUDIO  0  
[2017/07/13 23:54:47 780] tts        429  get audio|use local  
[2017/07/13 23:54:47 780] tts        471  0  nil  1  
[2017/07/13 23:54:47 780] tts        536  TTS_MSG_GETAUDIO  0  
[2017/07/13 23:54:47 780] tts        429  get audio|use local  
[2017/07/13 23:54:47 780] tts        471  0  nil  1  
[2017/07/13 23:54:47 781] tts        536  TTS_MSG_GETAUDIO  0  
[2017/07/13 23:54:47 781] tts        429  get audio|use local  
[2017/07/13 23:54:47 781] tts        471  0  nil  1  
[2017/07/13 23:54:47 781] tts        536  TTS_MSG_GETAUDIO  0  
[2017/07/13 23:54:47 781] tts        429  get audio|use local  
[2017/07/13 23:54:47 781] tts        471  0  nil  1  
[2017/07/13 23:54:47 781] tts        536  TTS_MSG_GETAUDIO  0  
[2017/07/13 23:54:47 781] tts        429  get audio|use local  
[2017/07/13 23:54:47 781] tts        471  0  nil  1  
[2017/07/13 23:54:47 781] tts        536  TTS_MSG_GETAUDIO  0  
[2017/07/13 23:54:47 781] tts        429  get audio|use local  
[2017/07/13 23:54:47 781] tts        471  0  nil  1  
[2017/07/13 23:54:47 781] tts        536  TTS_MSG_GETAUDIO  0  
[2017/07/13 23:54:47 781] tts        429  get audio|use local  
[2017/07/13 23:54:47 782] tts        471  0  nil  1  
[2017/07/13 23:54:47 782] tts        536  TTS_MSG_GETAUDIO  0  
[2017/07/13 23:54:47 782] tts        429  get audio|use local  
[2017/07/13 23:54:47 782] tts        471  0  nil  1  
[2017/07/13 23:54:47 782] tts        536  TTS_MSG_GETAUDIO  0  
[2017/07/13 23:54:47 782] tts        429  get audio|use local  
[2017/07/13 23:54:47 782] tts        471  0  nil  1  
[2017/07/13 23:54:47 783] tts        536  TTS_MSG_GETAUDIO  0  
[2017/07/13 23:54:47 783] tts        429  get audio|use local  
[2017/07/13 23:54:47 783] tts        471  0  nil  1  
[2017/07/13 23:54:47 783] tts        536  TTS_MSG_GETAUDIO  0  
[2017/07/13 23:54:47 784] tts        429  get audio|use local  
[2017/07/13 23:54:47 784] tts        471  0  nil  1  
[2017/07/13 23:54:47 784] tts        536  TTS_MSG_GETAUDIO  0  
[2017/07/13 23:54:47 784] tts        429  get audio|use local  
[2017/07/13 23:54:47 784] tts        471  0  nil  1  
[2017/07/13 23:54:47 784] tts        536  TTS_MSG_GETAUDIO  0  
[2017/07/13 23:54:47 784] tts        429  get audio|use local  
[2017/07/13 23:54:47 784] tts        471  0  nil  1  
[2017/07/13 23:54:47 785] tts        536  TTS_MSG_GETAUDIO  0  
[2017/07/13 23:54:47 785] tts        429  get audio|use local  
[2017/07/13 23:54:47 785] tts        471  0  nil  1  
[2017/07/13 23:54:47 785] tts        536  TTS_MSG_GETAUDIO  0  
[2017/07/13 23:54:47 785] tts        429  get audio|use local  
[2017/07/13 23:54:47 785] tts        471  0  nil  1  
[2017/07/13 23:54:47 786] tts        536  TTS_MSG_GETAUDIO  0  
[2017/07/13 23:54:47 786] tts        429  get audio|use local  
[2017/07/13 23:54:47 786] tts        471  0  nil  1  
[2017/07/13 23:54:47 786] tts        536  TTS_MSG_GETAUDIO  0  
[2017/07/13 23:54:47 786] tts        429  get audio|use local  
[2017/07/13 23:54:47 786] tts        471  0  nil  1  
[2017/07/13 23:54:47 786] tts        536  TTS_MSG_GETAUDIO  0  
[2017/07/13 23:54:47 786] tts        429  get audio|use local  
[2017/07/13 23:54:47 786] tts        471  0  nil  1  
[2017/07/13 23:54:47 786] tts        536  TTS_MSG_GETAUDIO  0  
[2017/07/13 23:54:47 786] tts        429  get audio|use local  
[2017/07/13 23:54:47 786] tts        471  0  nil  1  
[2017/07/13 23:54:47 786] tts        536  TTS_MSG_GETAUDIO  0  
[2017/07/13 23:54:47 786] tts        429  get audio|use local  
[2017/07/13 23:54:47 786] tts        471  0  nil  1  
[2017/07/13 23:54:47 786] tts        536  TTS_MSG_GETAUDIO  0  
[2017/07/13 23:54:47 786] tts        429  get audio|use local  
[2017/07/13 23:54:47 786] tts        471  0  nil  1  
[2017/07/13 23:54:47 787] tts        536  TTS_MSG_GETAUDIO  0  
[2017/07/13 23:54:47 787] tts        429  get audio|use local  
[2017/07/13 23:54:47 787] tts        471  0  nil  1  
[2017/07/13 23:54:47 787] tts        536  TTS_MSG_GETAUDIO  0  
[2017/07/13 23:54:47 794] tts        429  get audio|use local  
[2017/07/13 23:54:47 795] tts        471  0  nil  1  
[2017/07/13 23:54:47 795] tts        290  TTS_LOCAL_CB_BEGIN  
[2017/07/13 23:54:47 799] tts        536  TTS_MSG_GETAUDIO  0  
[2017/07/13 23:54:47 799] tts        429  get audio|use local  
[2017/07/13 23:54:47 799] tts        471  0  nil  1  
[2017/07/13 23:54:47 799] tts        536  TTS_MSG_GETAUDIO  0  
[2017/07/13 23:54:47 799] tts        429  get audio|use local  
[2017/07/13 23:54:47 799] tts        471  0  nil  1  
[2017/07/13 23:54:47 799] tts        536  TTS_MSG_GETAUDIO  0  
[2017/07/13 23:54:47 799] tts        429  get audio|use local  
[2017/07/13 23:54:47 799] tts        471  0  nil  1  
[2017/07/13 23:54:47 800] tts        536  TTS_MSG_GETAUDIO  0  
[2017/07/13 23:54:47 800] tts        429  get audio|use local  
[2017/07/13 23:54:47 800] tts        471  0  nil  1  
[2017/07/13 23:54:47 800] tts        536  TTS_MSG_GETAUDIO  0  
[2017/07/13 23:54:47 800] tts        429  get audio|use local  
[2017/07/13 23:54:47 800] tts        471  0  nil  1  
[2017/07/13 23:54:47 800] tts        536  TTS_MSG_GETAUDIO  0  
[2017/07/13 23:54:47 800] tts        429  get audio|use local  
[2017/07/13 23:54:47 800] tts        471  0  nil  1  
[2017/07/13 23:54:47 800] tts        536  TTS_MSG_GETAUDIO  0  
[2017/07/13 23:54:47 801] tts        429  get audio|use local  
[2017/07/13 23:54:47 801] tts        471  0  nil  1  
[2017/07/13 23:54:47 801] tts        536  TTS_MSG_GETAUDIO  0  
[2017/07/13 23:54:47 801] tts        429  get audio|use local  
[2017/07/13 23:54:47 801] tts        471  0  nil  1  
[2017/07/13 23:54:47 801] tts        536  TTS_MSG_GETAUDIO  0  
[2017/07/13 23:54:47 801] tts        429  get audio|use local  
[2017/07/13 23:54:47 801] tts        471  0  nil  1  
[2017/07/13 23:54:47 802] tts        536  TTS_MSG_GETAUDIO  0  
[2017/07/13 23:54:47 802] tts        429  get audio|use local  
[2017/07/13 23:54:47 802] tts        471  0  nil  1  
[2017/07/13 23:54:47 802] tts        536  TTS_MSG_GETAUDIO  0  
[2017/07/13 23:54:47 803] tts        429  get audio|use local  
[2017/07/13 23:54:47 803] tts        471  0  nil  1  
[2017/07/13 23:54:47 803] tts        536  TTS_MSG_GETAUDIO  0  
[2017/07/13 23:54:47 803] tts        429  get audio|use local  
[2017/07/13 23:54:47 803] tts        442  local audiolen:  300  ,ced:  18  
[2017/07/13 23:54:47 803] tts        471  0  udata(4c083de8) 1  
[2017/07/13 23:54:47 804] tts        536  TTS_MSG_GETAUDIO  0  
[2017/07/13 23:54:47 804] tts        429  get audio|use local  
[2017/07/13 23:54:47 804] tts        442  local audiolen:  4472  ,ced:  18  
[2017/07/13 23:54:47 804] tts        471  0  udata(4c07bb98) 1  
[2017/07/13 23:54:47 805] tts        536  TTS_MSG_GETAUDIO  0  
[2017/07/13 23:54:47 805] tts        429  get audio|use local  
[2017/07/13 23:54:47 805] tts        442  local audiolen:  7136  ,ced:  18  
[2017/07/13 23:54:47 805] tts        471  0  udata(4c06e068) 1  
[2017/07/13 23:54:47 806] tts        536  TTS_MSG_GETAUDIO  0  
[2017/07/13 23:54:47 806] tts        429  get audio|use local  
[2017/07/13 23:54:47 806] tts        442  local audiolen:  4510  ,ced:  18  
[2017/07/13 23:54:47 806] tts        471  0  udata(4c07ba38) 1  
[2017/07/13 23:54:47 809] tts        536  TTS_MSG_GETAUDIO  0  
[2017/07/13 23:54:47 809] tts        429  get audio|use local  
[2017/07/13 23:54:47 809] tts        442  local audiolen:  12914  ,ced:  18  
[2017/07/13 23:54:47 810] tts        471  0  udata(4c07b408) 1  
[2017/07/13 23:54:47 814] tts        536  TTS_MSG_GETAUDIO  0  
[2017/07/13 23:54:47 814] tts        429  get audio|use local  
[2017/07/13 23:54:47 814] tts        442  local audiolen:  6038  ,ced:  18  
[2017/07/13 23:54:47 814] tts        471  0  udata(4c021d68) 1  
[2017/07/13 23:54:47 814] tts        536  TTS_MSG_GETAUDIO  0  
[2017/07/13 23:54:47 814] tts        429  get audio|use local  
[2017/07/13 23:54:47 814] tts        442  local audiolen:  512  ,ced:  18  
[2017/07/13 23:54:47 814] tts        471  0  udata(4c0207c8) 1  
[2017/07/13 23:54:47 814] tts        536  TTS_MSG_GETAUDIO  0  
[2017/07/13 23:54:47 814] tts        429  get audio|use local  
[2017/07/13 23:54:47 814] tts        442  local audiolen:  512  ,ced:  18  
[2017/07/13 23:54:47 814] tts        471  0  udata(4c020818) 1  
[2017/07/13 23:54:47 815] tts        536  TTS_MSG_GETAUDIO  0  
[2017/07/13 23:54:47 815] tts        429  get audio|use local  
[2017/07/13 23:54:47 815] tts        442  local audiolen:  512  ,ced:  18  
[2017/07/13 23:54:47 815] tts        471  0  udata(4c020868) 1  
[2017/07/13 23:54:47 815] tts        536  TTS_MSG_GETAUDIO  0  
[2017/07/13 23:54:47 815] tts        429  get audio|use local  
[2017/07/13 23:54:47 815] tts        442  local audiolen:  512  ,ced:  18  
[2017/07/13 23:54:47 815] tts        471  0  udata(4c0208b8) 1  
[2017/07/13 23:54:47 815] tts        536  TTS_MSG_GETAUDIO  0  
[2017/07/13 23:54:47 815] tts        429  get audio|use local  
[2017/07/13 23:54:47 815] tts        442  local audiolen:  512  ,ced:  18  
[2017/07/13 23:54:47 815] tts        471  0  udata(4c020908) 1  
[2017/07/13 23:54:47 816] tts        536  TTS_MSG_GETAUDIO  0  
[2017/07/13 23:54:47 816] tts        429  get audio|use local  
[2017/07/13 23:54:47 816] tts        442  local audiolen:  512  ,ced:  18  
[2017/07/13 23:54:47 816] tts        471  0  udata(4c020958) 1  
[2017/07/13 23:54:47 817] tts        536  TTS_MSG_GETAUDIO  0  
[2017/07/13 23:54:47 817] tts        429  get audio|use local  
[2017/07/13 23:54:47 817] tts        442  local audiolen:  512  ,ced:  18  
[2017/07/13 23:54:47 817] tts        471  0  udata(4c0209a8) 1  
[2017/07/13 23:54:47 817] tts        536  TTS_MSG_GETAUDIO  0  
[2017/07/13 23:54:47 817] tts        429  get audio|use local  
[2017/07/13 23:54:47 817] tts        442  local audiolen:  512  ,ced:  18  
[2017/07/13 23:54:47 817] tts        471  0  udata(4c0209f8) 1  
[2017/07/13 23:54:47 818] tts        536  TTS_MSG_GETAUDIO  0  
[2017/07/13 23:54:47 818] tts        429  get audio|use local  
[2017/07/13 23:54:47 818] tts        442  local audiolen:  512  ,ced:  18  
[2017/07/13 23:54:47 819] tts        471  0  udata(4c07bab8) 1  
[2017/07/13 23:54:47 819] tts        536  TTS_MSG_GETAUDIO  0  
[2017/07/13 23:54:47 819] tts        429  get audio|use local  
[2017/07/13 23:54:47 819] tts        442  local audiolen:  512  ,ced:  18  
[2017/07/13 23:54:47 819] tts        471  0  udata(4c0206a8) 1  
[2017/07/13 23:54:47 820] tts        536  TTS_MSG_GETAUDIO  0  
[2017/07/13 23:54:47 820] tts        429  get audio|use local  
[2017/07/13 23:54:47 820] tts        442  local audiolen:  512  ,ced:  18  
[2017/07/13 23:54:47 820] tts        471  0  udata(4c020758) 1  
[2017/07/13 23:54:47 820] tts        536  TTS_MSG_GETAUDIO  0  
[2017/07/13 23:54:47 820] tts        429  get audio|use local  
[2017/07/13 23:54:47 820] tts        442  local audiolen:  512  ,ced:  18  
[2017/07/13 23:54:47 820] tts        471  0  udata(4c079018) 1  
[2017/07/13 23:54:47 820] tts        536  TTS_MSG_GETAUDIO  0  
[2017/07/13 23:54:47 820] tts        429  get audio|use local  
[2017/07/13 23:54:47 820] tts        442  local audiolen:  512  ,ced:  18  
[2017/07/13 23:54:47 820] tts        471  0  udata(4c079068) 1  
[2017/07/13 23:54:47 821] tts        536  TTS_MSG_GETAUDIO  0  
[2017/07/13 23:54:47 821] tts        429  get audio|use local  
[2017/07/13 23:54:47 821] tts        442  local audiolen:  512  ,ced:  18  
[2017/07/13 23:54:47 821] tts        471  0  udata(4c0790b8) 1  
[2017/07/13 23:54:47 821] tts        536  TTS_MSG_GETAUDIO  0  
[2017/07/13 23:54:47 821] tts        429  get audio|use local  
[2017/07/13 23:54:47 821] tts        442  local audiolen:  512  ,ced:  18  
[2017/07/13 23:54:47 821] tts        471  0  udata(4c079108) 1  
[2017/07/13 23:54:47 821] tts        536  TTS_MSG_GETAUDIO  0  
[2017/07/13 23:54:47 821] tts        429  get audio|use local  
[2017/07/13 23:54:47 821] tts        442  local audiolen:  512  ,ced:  18  
[2017/07/13 23:54:47 821] tts        471  0  udata(4c079158) 1  
[2017/07/13 23:54:47 822] tts        536  TTS_MSG_GETAUDIO  0  
[2017/07/13 23:54:47 822] tts        429  get audio|use local  
[2017/07/13 23:54:47 822] tts        442  local audiolen:  512  ,ced:  18  
[2017/07/13 23:54:47 823] tts        471  0  udata(4c079248) 1  
[2017/07/13 23:54:47 824] tts        536  TTS_MSG_GETAUDIO  0  
[2017/07/13 23:54:47 824] tts        429  get audio|use local  
[2017/07/13 23:54:47 824] tts        442  local audiolen:  512  ,ced:  18  
[2017/07/13 23:54:47 824] tts        471  0  udata(4c079998) 1  
[2017/07/13 23:54:47 827] tts        536  TTS_MSG_GETAUDIO  0  
[2017/07/13 23:54:47 827] tts        429  get audio|use local  
[2017/07/13 23:54:47 828] tts        442  local audiolen:  160  ,ced:  18  
[2017/07/13 23:54:47 828] tts        471  0  udata(4c020af8) 1  
[2017/07/13 23:54:47 828] tts        536  TTS_MSG_GETAUDIO  0  
[2017/07/13 23:54:47 828] tts        429  get audio|use local  
[2017/07/13 23:54:47 828] tts        442  local audiolen:  244  ,ced:  27  
[2017/07/13 23:54:47 828] tts        471  0  udata(4c021278) 1  
[2017/07/13 23:54:47 831] tts        536  TTS_MSG_GETAUDIO  0  
[2017/07/13 23:54:47 831] tts        429  get audio|use local  
[2017/07/13 23:54:47 831] tts        442  local audiolen:  9884  ,ced:  27  
[2017/07/13 23:54:47 831] tts        471  0  udata(4c020a48) 1  
[2017/07/13 23:54:47 834] tts        536  TTS_MSG_GETAUDIO  0  
[2017/07/13 23:54:47 834] tts        429  get audio|use local  
[2017/07/13 23:54:47 834] tts        442  local audiolen:  7908  ,ced:  27  
[2017/07/13 23:54:47 835] tts        471  0  udata(4c022938) 1  
[2017/07/13 23:54:47 835] tts        536  TTS_MSG_GETAUDIO  0  
[2017/07/13 23:54:47 835] tts        429  get audio|use local  
[2017/07/13 23:54:47 835] tts        442  local audiolen:  512  ,ced:  27  
[2017/07/13 23:54:47 835] tts        471  0  udata(4c022bf8) 1  
[2017/07/13 23:54:47 835] tts        536  TTS_MSG_GETAUDIO  0  
[2017/07/13 23:54:47 835] tts        429  get audio|use local  
[2017/07/13 23:54:47 835] tts        442  local audiolen:  512  ,ced:  27  
[2017/07/13 23:54:47 835] tts        471  0  udata(4c0229e8) 1  
[2017/07/13 23:54:47 835] tts        536  TTS_MSG_GETAUDIO  0  
[2017/07/13 23:54:47 835] tts        429  get audio|use local  
[2017/07/13 23:54:47 836] tts        442  local audiolen:  512  ,ced:  27  
[2017/07/13 23:54:47 836] tts        471  0  udata(4c022a38) 1  
[2017/07/13 23:54:47 836] tts        536  TTS_MSG_GETAUDIO  0  
[2017/07/13 23:54:47 836] tts        429  get audio|use local  
[2017/07/13 23:54:47 836] tts        442  local audiolen:  512  ,ced:  27  
[2017/07/13 23:54:47 836] tts        471  0  udata(4c022a88) 1  
[2017/07/13 23:54:47 836] tts        536  TTS_MSG_GETAUDIO  0  
[2017/07/13 23:54:47 836] tts        429  get audio|use local  
[2017/07/13 23:54:47 836] tts        442  local audiolen:  512  ,ced:  27  
[2017/07/13 23:54:47 836] tts        471  0  udata(4c022ad8) 1  
[2017/07/13 23:54:47 836] tts        536  TTS_MSG_GETAUDIO  0  
[2017/07/13 23:54:47 836] tts        429  get audio|use local  
[2017/07/13 23:54:47 836] tts        442  local audiolen:  512  ,ced:  27  
[2017/07/13 23:54:47 836] tts        471  0  udata(4c022e88) 1  
[2017/07/13 23:54:47 838] tts        536  TTS_MSG_GETAUDIO  0  
[2017/07/13 23:54:47 838] tts        429  get audio|use local  
[2017/07/13 23:54:47 838] tts        442  local audiolen:  512  ,ced:  27  
[2017/07/13 23:54:47 838] tts        471  0  udata(4c0233d8) 1  
[2017/07/13 23:54:47 838] tts        536  TTS_MSG_GETAUDIO  0  
[2017/07/13 23:54:47 838] tts        429  get audio|use local  
[2017/07/13 23:54:47 838] tts        442  local audiolen:  512  ,ced:  27  
[2017/07/13 23:54:47 838] tts        471  0  udata(4c023488) 1  
[2017/07/13 23:54:47 838] tts        536  TTS_MSG_GETAUDIO  0  
[2017/07/13 23:54:47 838] tts        429  get audio|use local  
[2017/07/13 23:54:47 838] tts        442  local audiolen:  512  ,ced:  27  
[2017/07/13 23:54:47 838] tts        471  0  udata(4c0234d8) 1  
[2017/07/13 23:54:47 840] tts        536  TTS_MSG_GETAUDIO  0  
[2017/07/13 23:54:47 840] tts        429  get audio|use local  
[2017/07/13 23:54:47 840] tts        442  local audiolen:  512  ,ced:  27  
[2017/07/13 23:54:47 840] tts        471  0  udata(4c023528) 1  
[2017/07/13 23:54:47 840] tts        536  TTS_MSG_GETAUDIO  0  
[2017/07/13 23:54:47 840] tts        429  get audio|use local  
[2017/07/13 23:54:47 840] tts        442  local audiolen:  512  ,ced:  27  
[2017/07/13 23:54:47 840] tts        471  0  udata(4c023578) 1  
[2017/07/13 23:54:47 841] tts        536  TTS_MSG_GETAUDIO  0  
[2017/07/13 23:54:47 841] tts        429  get audio|use local  
[2017/07/13 23:54:47 841] tts        442  local audiolen:  512  ,ced:  27  
[2017/07/13 23:54:47 841] tts        471  0  udata(4c0235c8) 1  
[2017/07/13 23:54:47 841] tts        536  TTS_MSG_GETAUDIO  0  
[2017/07/13 23:54:47 841] tts        429  get audio|use local  
[2017/07/13 23:54:47 841] tts        442  local audiolen:  512  ,ced:  27  
[2017/07/13 23:54:47 841] tts        471  0  udata(4c023618) 1  
[2017/07/13 23:54:47 841] tts        536  TTS_MSG_GETAUDIO  0  
[2017/07/13 23:54:47 841] tts        429  get audio|use local  
[2017/07/13 23:54:47 841] tts        442  local audiolen:  512  ,ced:  27  
[2017/07/13 23:54:47 841] tts        471  0  udata(4c023668) 1  
[2017/07/13 23:54:47 841] tts        536  TTS_MSG_GETAUDIO  0  
[2017/07/13 23:54:47 841] tts        429  get audio|use local  
[2017/07/13 23:54:47 841] tts        442  local audiolen:  512  ,ced:  27  
[2017/07/13 23:54:47 841] tts        471  0  udata(4c0236b8) 1  
[2017/07/13 23:54:47 842] tts        536  TTS_MSG_GETAUDIO  0  
[2017/07/13 23:54:47 842] tts        429  get audio|use local  
[2017/07/13 23:54:47 842] tts        442  local audiolen:  512  ,ced:  27  
[2017/07/13 23:54:47 842] tts        471  0  udata(4c023708) 1  
[2017/07/13 23:54:47 842] tts        536  TTS_MSG_GETAUDIO  0  
[2017/07/13 23:54:47 842] tts        429  get audio|use local  
[2017/07/13 23:54:47 842] tts        442  local audiolen:  512  ,ced:  27  
[2017/07/13 23:54:47 842] tts        471  0  udata(4c023758) 1  
[2017/07/13 23:54:47 843] tts        536  TTS_MSG_GETAUDIO  0  
[2017/07/13 23:54:47 843] tts        429  get audio|use local  
[2017/07/13 23:54:47 843] tts        442  local audiolen:  512  ,ced:  27  
[2017/07/13 23:54:47 843] tts        471  0  udata(4c023ff8) 1  
[2017/07/13 23:54:47 845] tts        536  TTS_MSG_GETAUDIO  0  
[2017/07/13 23:54:47 845] tts        429  get audio|use local  
[2017/07/13 23:54:47 845] tts        442  local audiolen:  160  ,ced:  27  
[2017/07/13 23:54:47 845] tts        471  0  udata(4c022cf8) 1  
[2017/07/13 23:54:47 846] tts        536  TTS_MSG_GETAUDIO  0  
[2017/07/13 23:54:47 846] tts        429  get audio|use local  
[2017/07/13 23:54:47 846] tts        442  local audiolen:  302  ,ced:  57  
[2017/07/13 23:54:47 846] tts        471  0  udata(4c024e88) 1  
[2017/07/13 23:54:47 846] tts        536  TTS_MSG_GETAUDIO  0  
[2017/07/13 23:54:47 846] tts        429  get audio|use local  
[2017/07/13 23:54:47 846] tts        442  local audiolen:  972  ,ced:  57  
[2017/07/13 23:54:47 846] tts        471  0  udata(4c0252b8) 1  
[2017/07/13 23:54:47 847] tts        536  TTS_MSG_GETAUDIO  0  
[2017/07/13 23:54:47 847] tts        429  get audio|use local  
[2017/07/13 23:54:47 847] tts        442  local audiolen:  7628  ,ced:  57  
[2017/07/13 23:54:47 847] tts        471  0  udata(4c024da8) 1  
[2017/07/13 23:54:47 848] tts        536  TTS_MSG_GETAUDIO  0  
[2017/07/13 23:54:47 848] tts        429  get audio|use local  
[2017/07/13 23:54:47 848] tts        442  local audiolen:  4282  ,ced:  57  
[2017/07/13 23:54:47 848] tts        471  0  udata(4c024df8) 1  
[2017/07/13 23:54:47 848] tts        536  TTS_MSG_GETAUDIO  0  
[2017/07/13 23:54:47 848] tts        429  get audio|use local  
[2017/07/13 23:54:47 848] tts        442  local audiolen:  7110  ,ced:  57  
[2017/07/13 23:54:47 848] tts        471  0  udata(4c024ed8) 1  
[2017/07/13 23:54:47 848] tts        536  TTS_MSG_GETAUDIO  0  
[2017/07/13 23:54:47 848] tts        429  get audio|use local  
[2017/07/13 23:54:47 848] tts        442  local audiolen:  3632  ,ced:  57  
[2017/07/13 23:54:47 848] tts        471  0  udata(4c024f28) 1  
[2017/07/13 23:54:47 849] tts        536  TTS_MSG_GETAUDIO  0  
[2017/07/13 23:54:47 849] tts        429  get audio|use local  
[2017/07/13 23:54:47 849] tts        442  local audiolen:  7226  ,ced:  57  
[2017/07/13 23:54:47 849] tts        471  0  udata(4c024f78) 1  
[2017/07/13 23:54:47 849] tts        536  TTS_MSG_GETAUDIO  0  
[2017/07/13 23:54:47 849] tts        429  get audio|use local  
[2017/07/13 23:54:47 849] tts        442  local audiolen:  9160  ,ced:  57  
[2017/07/13 23:54:47 849] tts        471  0  udata(4c024fc8) 1  
[2017/07/13 23:54:47 850] tts        536  TTS_MSG_GETAUDIO  0  
[2017/07/13 23:54:47 850] tts        429  get audio|use local  
[2017/07/13 23:54:47 850] tts        442  local audiolen:  6982  ,ced:  57  
[2017/07/13 23:54:47 850] tts        471  0  udata(4c025018) 1  
[2017/07/13 23:54:47 850] tts        536  TTS_MSG_GETAUDIO  0  
[2017/07/13 23:54:47 850] tts        429  get audio|use local  
[2017/07/13 23:54:47 850] tts        442  local audiolen:  8976  ,ced:  57  
[2017/07/13 23:54:47 850] tts        471  0  udata(4c025068) 1  
[2017/07/13 23:54:47 851] tts        536  TTS_MSG_GETAUDIO  0  
[2017/07/13 23:54:47 851] tts        429  get audio|use local  
[2017/07/13 23:54:47 851] tts        442  local audiolen:  7678  ,ced:  57  
[2017/07/13 23:54:47 852] tts        471  0  udata(4c0250b8) 1  
[2017/07/13 23:54:47 852] tts        536  TTS_MSG_GETAUDIO  0  
[2017/07/13 23:54:47 852] tts        429  get audio|use local  
[2017/07/13 23:54:47 852] tts        442  local audiolen:  3576  ,ced:  57  
[2017/07/13 23:54:47 852] tts        471  0  udata(4c025108) 1  
[2017/07/13 23:54:47 853] tts        536  TTS_MSG_GETAUDIO  0  
[2017/07/13 23:54:47 853] tts        429  get audio|use local  
[2017/07/13 23:54:47 853] tts        442  local audiolen:  512  ,ced:  57  
[2017/07/13 23:54:47 853] tts        471  0  udata(4c020e68) 1  
[2017/07/13 23:54:47 853] tts        536  TTS_MSG_GETAUDIO  0  
[2017/07/13 23:54:47 853] tts        429  get audio|use local  
[2017/07/13 23:54:47 853] tts        442  local audiolen:  512  ,ced:  57  
[2017/07/13 23:54:47 853] tts        471  0  udata(4c0251b8) 1  
[2017/07/13 23:54:47 853] tts        536  TTS_MSG_GETAUDIO  0  
[2017/07/13 23:54:47 853] tts        429  get audio|use local  
[2017/07/13 23:54:47 853] tts        442  local audiolen:  512  ,ced:  57  
[2017/07/13 23:54:47 853] tts        471  0  udata(4c025208) 1  
[2017/07/13 23:54:47 853] tts        536  TTS_MSG_GETAUDIO  0  
[2017/07/13 23:54:47 853] tts        429  get audio|use local  
[2017/07/13 23:54:47 853] tts        442  local audiolen:  512  ,ced:  57  
[2017/07/13 23:54:47 853] tts        471  0  udata(4c025258) 1  
[2017/07/13 23:54:47 853] tts        536  TTS_MSG_GETAUDIO  0  
[2017/07/13 23:54:47 853] tts        429  get audio|use local  
[2017/07/13 23:54:47 853] tts        442  local audiolen:  512  ,ced:  57  
[2017/07/13 23:54:47 853] tts        471  0  udata(4c020eb8) 1  
[2017/07/13 23:54:47 854] tts        536  TTS_MSG_GETAUDIO  0  
[2017/07/13 23:54:47 854] tts        429  get audio|use local  
[2017/07/13 23:54:47 854] tts        442  local audiolen:  512  ,ced:  57  
[2017/07/13 23:54:47 854] tts        471  0  udata(4c020fa8) 1  
[2017/07/13 23:54:47 857] tts        536  TTS_MSG_GETAUDIO  0  
[2017/07/13 23:54:47 857] tts        429  get audio|use local  
[2017/07/13 23:54:47 857] tts        442  local audiolen:  512  ,ced:  57  
[2017/07/13 23:54:47 857] tts        471  0  udata(4c0210f8) 1  
[2017/07/13 23:54:47 861] tts        536  TTS_MSG_GETAUDIO  0  
[2017/07/13 23:54:47 861] tts        429  get audio|use local  
[2017/07/13 23:54:47 861] tts        442  local audiolen:  512  ,ced:  57  
[2017/07/13 23:54:47 862] tts        471  0  udata(4c027c18) 1  
[2017/07/13 23:54:47 862] tts        536  TTS_MSG_GETAUDIO  0  
[2017/07/13 23:54:47 862] tts        429  get audio|use local  
[2017/07/13 23:54:47 862] tts        442  local audiolen:  512  ,ced:  57  
[2017/07/13 23:54:47 862] tts        471  0  udata(4c027cc8) 1  
[2017/07/13 23:54:47 862] tts        536  TTS_MSG_GETAUDIO  0  
[2017/07/13 23:54:47 862] tts        429  get audio|use local  
[2017/07/13 23:54:47 862] tts        442  local audiolen:  512  ,ced:  57  
[2017/07/13 23:54:47 862] tts        471  0  udata(4c027d18) 1  
[2017/07/13 23:54:47 862] tts        536  TTS_MSG_GETAUDIO  0  
[2017/07/13 23:54:47 862] tts        429  get audio|use local  
[2017/07/13 23:54:47 862] tts        442  local audiolen:  512  ,ced:  57  
[2017/07/13 23:54:47 862] tts        471  0  udata(4c027d68) 1  
[2017/07/13 23:54:47 863] tts        536  TTS_MSG_GETAUDIO  0  
[2017/07/13 23:54:47 863] tts        429  get audio|use local  
[2017/07/13 23:54:47 863] tts        442  local audiolen:  512  ,ced:  57  
[2017/07/13 23:54:47 863] tts        471  0  udata(4c027db8) 1  
[2017/07/13 23:54:47 863] tts        536  TTS_MSG_GETAUDIO  0  
[2017/07/13 23:54:47 863] tts        429  get audio|use local  
[2017/07/13 23:54:47 863] tts        442  local audiolen:  512  ,ced:  57  
[2017/07/13 23:54:47 863] tts        471  0  udata(4c027e08) 1  
[2017/07/13 23:54:47 863] tts        536  TTS_MSG_GETAUDIO  0  
[2017/07/13 23:54:47 863] tts        429  get audio|use local  
[2017/07/13 23:54:47 863] tts        442  local audiolen:  512  ,ced:  57  
[2017/07/13 23:54:47 863] tts        471  0  udata(4c027e58) 1  
[2017/07/13 23:54:47 863] tts        536  TTS_MSG_GETAUDIO  0  
[2017/07/13 23:54:47 863] tts        429  get audio|use local  
[2017/07/13 23:54:47 863] tts        442  local audiolen:  512  ,ced:  57  
[2017/07/13 23:54:47 863] tts        471  0  udata(4c027ea8) 1  
[2017/07/13 23:54:47 863] tts        536  TTS_MSG_GETAUDIO  0  
[2017/07/13 23:54:47 863] tts        429  get audio|use local  
[2017/07/13 23:54:47 864] tts        442  local audiolen:  512  ,ced:  57  
[2017/07/13 23:54:47 864] tts        471  0  udata(4c027ef8) 1  
[2017/07/13 23:54:47 864] tts        536  TTS_MSG_GETAUDIO  0  
[2017/07/13 23:54:47 864] tts        429  get audio|use local  
[2017/07/13 23:54:47 864] tts        442  local audiolen:  512  ,ced:  57  
[2017/07/13 23:54:47 864] tts        471  0  udata(4c027f48) 1  
[2017/07/13 23:54:47 865] tts        536  TTS_MSG_GETAUDIO  0  
[2017/07/13 23:54:47 865] tts        429  get audio|use local  
[2017/07/13 23:54:47 865] tts        442  local audiolen:  512  ,ced:  57  
[2017/07/13 23:54:47 865] tts        471  0  udata(4c027f98) 1  
[2017/07/13 23:54:47 865] tts        536  TTS_MSG_GETAUDIO  0  
[2017/07/13 23:54:47 865] tts        429  get audio|use local  
[2017/07/13 23:54:47 865] tts        442  local audiolen:  160  ,ced:  57  
[2017/07/13 23:54:47 865] tts        471  0  udata(4c020d08) 1  
[2017/07/13 23:54:47 866] tts        536  TTS_MSG_GETAUDIO  0  
[2017/07/13 23:54:47 866] tts        429  get audio|use local  
[2017/07/13 23:54:47 866] tts        442  local audiolen:  286  ,ced:  73  
[2017/07/13 23:54:47 866] tts        471  0  udata(4c028118) 1  
[2017/07/13 23:54:47 866] tts        536  TTS_MSG_GETAUDIO  0  
[2017/07/13 23:54:47 866] tts        429  get audio|use local  
[2017/07/13 23:54:47 866] tts        442  local audiolen:  1392  ,ced:  73  
[2017/07/13 23:54:47 866] tts        471  0  udata(4c027c68) 1  
[2017/07/13 23:54:47 867] tts        536  TTS_MSG_GETAUDIO  0  
[2017/07/13 23:54:47 867] tts        429  get audio|use local  
[2017/07/13 23:54:47 867] tts        442  local audiolen:  9008  ,ced:  73  
[2017/07/13 23:54:47 867] tts        471  0  udata(4c020c58) 1  
[2017/07/13 23:54:47 868] tts        536  TTS_MSG_GETAUDIO  0  
[2017/07/13 23:54:47 868] tts        429  get audio|use local  
[2017/07/13 23:54:47 868] tts        442  local audiolen:  4462  ,ced:  73  
[2017/07/13 23:54:47 868] tts        471  0  udata(4c020ca8) 1  
[2017/07/13 23:54:47 868] tts        536  TTS_MSG_GETAUDIO  0  
[2017/07/13 23:54:47 868] tts        429  get audio|use local  
[2017/07/13 23:54:47 868] tts        442  local audiolen:  6282  ,ced:  73  
[2017/07/13 23:54:47 868] tts        471  0  udata(4c020d58) 1  
[2017/07/13 23:54:47 871] tts        536  TTS_MSG_GETAUDIO  0  
[2017/07/13 23:54:47 871] tts        429  get audio|use local  
[2017/07/13 23:54:47 871] tts        442  local audiolen:  11036  ,ced:  73  
[2017/07/13 23:54:47 871] tts        471  0  udata(4c02aef8) 1  
[2017/07/13 23:54:47 872] tts        536  TTS_MSG_GETAUDIO  0  
[2017/07/13 23:54:47 872] tts        429  get audio|use local  
[2017/07/13 23:54:47 872] tts        442  local audiolen:  512  ,ced:  73  
[2017/07/13 23:54:47 872] tts        471  0  udata(4c02b1b8) 1  
[2017/07/13 23:54:47 872] tts        536  TTS_MSG_GETAUDIO  0  
[2017/07/13 23:54:47 872] tts        429  get audio|use local  
[2017/07/13 23:54:47 872] tts        442  local audiolen:  512  ,ced:  73  
[2017/07/13 23:54:47 872] tts        471  0  udata(4c02afa8) 1  
[2017/07/13 23:54:47 872] tts        536  TTS_MSG_GETAUDIO  0  
[2017/07/13 23:54:47 872] tts        429  get audio|use local  
[2017/07/13 23:54:47 872] tts        442  local audiolen:  512  ,ced:  73  
[2017/07/13 23:54:47 872] tts        471  0  udata(4c02aff8) 1  
[2017/07/13 23:54:47 872] tts        536  TTS_MSG_GETAUDIO  0  
[2017/07/13 23:54:47 872] tts        429  get audio|use local  
[2017/07/13 23:54:47 872] tts        442  local audiolen:  512  ,ced:  73  
[2017/07/13 23:54:47 872] tts        471  0  udata(4c02b048) 1  
[2017/07/13 23:54:47 873] tts        536  TTS_MSG_GETAUDIO  0  
[2017/07/13 23:54:47 873] tts        429  get audio|use local  
[2017/07/13 23:54:47 873] tts        442  local audiolen:  512  ,ced:  73  
[2017/07/13 23:54:47 873] tts        471  0  udata(4c02b098) 1  
[2017/07/13 23:54:47 873] tts        536  TTS_MSG_GETAUDIO  0  
[2017/07/13 23:54:47 873] tts        429  get audio|use local  
[2017/07/13 23:54:47 873] tts        442  local audiolen:  512  ,ced:  73  
[2017/07/13 23:54:47 873] tts        471  0  udata(4c02b0e8) 1  
[2017/07/13 23:54:47 873] tts        536  TTS_MSG_GETAUDIO  0  
[2017/07/13 23:54:47 873] tts        429  get audio|use local  
[2017/07/13 23:54:47 873] tts        442  local audiolen:  512  ,ced:  73  
[2017/07/13 23:54:47 873] tts        471  0  udata(4c02b138) 1  
[2017/07/13 23:54:47 873] tts        536  TTS_MSG_GETAUDIO  0  
[2017/07/13 23:54:47 873] tts        429  get audio|use local  
[2017/07/13 23:54:47 873] tts        442  local audiolen:  512  ,ced:  73  
[2017/07/13 23:54:47 873] tts        471  0  udata(4c02b448) 1  
[2017/07/13 23:54:47 874] tts        536  TTS_MSG_GETAUDIO  0  
[2017/07/13 23:54:47 874] tts        429  get audio|use local  
[2017/07/13 23:54:47 874] tts        442  local audiolen:  512  ,ced:  73  
[2017/07/13 23:54:47 874] tts        471  0  udata(4c02b498) 1  
[2017/07/13 23:54:47 874] tts        536  TTS_MSG_GETAUDIO  0  
[2017/07/13 23:54:47 874] tts        429  get audio|use local  
[2017/07/13 23:54:47 874] tts        442  local audiolen:  512  ,ced:  73  
[2017/07/13 23:54:47 874] tts        471  0  udata(4c02b588) 1  
[2017/07/13 23:54:47 877] tts        536  TTS_MSG_GETAUDIO  0  
[2017/07/13 23:54:47 877] tts        429  get audio|use local  
[2017/07/13 23:54:47 877] tts        442  local audiolen:  512  ,ced:  73  
[2017/07/13 23:54:47 877] tts        471  0  udata(4c028578) 1  
[2017/07/13 23:54:47 877] tts        536  TTS_MSG_GETAUDIO  0  
[2017/07/13 23:54:47 877] tts        429  get audio|use local  
[2017/07/13 23:54:47 877] tts        442  local audiolen:  512  ,ced:  73  
[2017/07/13 23:54:47 877] tts        471  0  udata(4c028628) 1  
[2017/07/13 23:54:47 878] tts        536  TTS_MSG_GETAUDIO  0  
[2017/07/13 23:54:47 878] tts        429  get audio|use local  
[2017/07/13 23:54:47 878] tts        442  local audiolen:  512  ,ced:  73  
[2017/07/13 23:54:47 878] tts        471  0  udata(4c028678) 1  
[2017/07/13 23:54:47 878] tts        536  TTS_MSG_GETAUDIO  0  
[2017/07/13 23:54:47 878] tts        429  get audio|use local  
[2017/07/13 23:54:47 878] tts        442  local audiolen:  512  ,ced:  73  
[2017/07/13 23:54:47 878] tts        471  0  udata(4c028768) 1  
[2017/07/13 23:54:47 880] tts        536  TTS_MSG_GETAUDIO  0  
[2017/07/13 23:54:47 880] tts        429  get audio|use local  
[2017/07/13 23:54:47 880] tts        442  local audiolen:  512  ,ced:  73  
[2017/07/13 23:54:47 880] tts        471  0  udata(4c028ab8) 1  
[2017/07/13 23:54:47 883] tts        536  TTS_MSG_GETAUDIO  0  
[2017/07/13 23:54:47 883] tts        429  get audio|use local  
[2017/07/13 23:54:47 883] tts        442  local audiolen:  512  ,ced:  73  
[2017/07/13 23:54:47 883] tts        471  0  udata(4c029908) 1  
[2017/07/13 23:54:47 883] tts        536  TTS_MSG_GETAUDIO  0  
[2017/07/13 23:54:47 883] tts        429  get audio|use local  
[2017/07/13 23:54:47 883] tts        442  local audiolen:  512  ,ced:  73  
[2017/07/13 23:54:47 883] tts        471  0  udata(4c029c58) 1  
[2017/07/13 23:54:47 884] tts        536  TTS_MSG_GETAUDIO  0  
[2017/07/13 23:54:47 884] tts        429  get audio|use local  
[2017/07/13 23:54:47 884] tts        442  local audiolen:  512  ,ced:  73  
[2017/07/13 23:54:47 884] tts        471  0  udata(4c029fa8) 1  
[2017/07/13 23:54:47 884] tts        536  TTS_MSG_GETAUDIO  0  
[2017/07/13 23:54:47 884] tts        429  get audio|use local  
[2017/07/13 23:54:47 884] tts        442  local audiolen:  160  ,ced:  73  
[2017/07/13 23:54:47 884] tts        471  0  udata(4c02b2b8) 1  
[2017/07/13 23:54:47 885] tts        536  TTS_MSG_GETAUDIO  0  
[2017/07/13 23:54:47 885] tts        429  get audio|use local  
[2017/07/13 23:54:47 885] tts        442  local audiolen:  300  ,ced:  116  
[2017/07/13 23:54:47 885] tts        471  0  udata(4c02a248) 1  
[2017/07/13 23:54:47 886] tts        536  TTS_MSG_GETAUDIO  0  
[2017/07/13 23:54:47 886] tts        429  get audio|use local  
[2017/07/13 23:54:47 886] tts        442  local audiolen:  3320  ,ced:  116  
[2017/07/13 23:54:47 886] tts        471  0  udata(4c02a108) 1  
[2017/07/13 23:54:47 886] tts        536  TTS_MSG_GETAUDIO  0  
[2017/07/13 23:54:47 886] tts        429  get audio|use local  
[2017/07/13 23:54:47 886] tts        442  local audiolen:  12700  ,ced:  116  
[2017/07/13 23:54:47 886] tts        471  0  udata(4c02a448) 1  
[2017/07/13 23:54:47 887] tts        536  TTS_MSG_GETAUDIO  0  
[2017/07/13 23:54:47 888] tts        429  get audio|use local  
[2017/07/13 23:54:47 888] tts        442  local audiolen:  14004  ,ced:  116  
[2017/07/13 23:54:47 888] tts        471  0  udata(4c02a798) 1  
[2017/07/13 23:54:47 888] tts        292  0  0  
[2017/07/13 23:54:47 888] tts        299  TTS_LOCAL_CB_END,  2  
[2017/07/13 23:54:47 888] tts        536  TTS_MSG_GETAUDIO  0  
[2017/07/13 23:54:47 888] tts        429  get audio|use local  
[2017/07/13 23:54:47 888] tts        442  local audiolen:  3070  ,ced:  116  
[2017/07/13 23:54:47 888] tts        471  0  udata(4c02a7e8) 1  
[2017/07/13 23:54:47 888] tts        536  TTS_MSG_GETAUDIO  0  
[2017/07/13 23:54:47 888] tts        429  get audio|use local  
[2017/07/13 23:54:47 888] tts        442  local audiolen:  6616  ,ced:  116  
[2017/07/13 23:54:47 888] tts        471  0  udata(4c02a9e8) 1  
[2017/07/13 23:54:47 889] tts        536  TTS_MSG_GETAUDIO  0  
[2017/07/13 23:54:47 889] tts        429  get audio|use local  
[2017/07/13 23:54:47 889] tts        442  local audiolen:  11918  ,ced:  116  
[2017/07/13 23:54:47 889] tts        471  0  udata(4c02aa38) 1  
[2017/07/13 23:54:47 889] tts        536  TTS_MSG_GETAUDIO  0  
[2017/07/13 23:54:47 889] tts        429  get audio|use local  
[2017/07/13 23:54:47 889] tts        442  local audiolen:  7666  ,ced:  116  
[2017/07/13 23:54:47 889] tts        471  0  udata(4c02aa88) 1  
[2017/07/13 23:54:47 890] tts        536  TTS_MSG_GETAUDIO  0  
[2017/07/13 23:54:47 890] tts        429  get audio|use local  
[2017/07/13 23:54:47 890] tts        442  local audiolen:  8724  ,ced:  116  
[2017/07/13 23:54:47 890] tts        471  0  udata(4c02aad8) 1  
[2017/07/13 23:54:47 890] tts        536  TTS_MSG_GETAUDIO  0  
[2017/07/13 23:54:47 890] tts        429  get audio|use local  
[2017/07/13 23:54:47 890] tts        442  local audiolen:  7102  ,ced:  116  
[2017/07/13 23:54:47 890] tts        471  0  udata(4c02ab28) 1  
[2017/07/13 23:54:47 890] tts        536  TTS_MSG_GETAUDIO  0  
[2017/07/13 23:54:47 890] tts        429  get audio|use local  
[2017/07/13 23:54:47 890] tts        442  local audiolen:  7910  ,ced:  116  
[2017/07/13 23:54:47 890] tts        471  0  udata(4c02ab78) 1  
[2017/07/13 23:54:47 891] tts        536  TTS_MSG_GETAUDIO  0  
[2017/07/13 23:54:47 891] tts        429  get audio|use local  
[2017/07/13 23:54:47 891] tts        442  local audiolen:  6998  ,ced:  116  
[2017/07/13 23:54:47 891] tts        471  0  udata(4c02abc8) 1  
[2017/07/13 23:54:47 891] tts        536  TTS_MSG_GETAUDIO  0  
[2017/07/13 23:54:47 891] tts        429  get audio|use local  
[2017/07/13 23:54:47 891] tts        442  local audiolen:  7268  ,ced:  116  
[2017/07/13 23:54:47 891] tts        471  0  udata(4c02ac18) 1  
[2017/07/13 23:54:47 892] tts        536  TTS_MSG_GETAUDIO  0  
[2017/07/13 23:54:47 892] tts        429  get audio|use local  
[2017/07/13 23:54:47 892] tts        442  local audiolen:  512  ,ced:  116  
[2017/07/13 23:54:47 892] tts        471  0  udata(4c0467e8) 1  
[2017/07/13 23:54:47 892] tts        536  TTS_MSG_GETAUDIO  0  
[2017/07/13 23:54:47 892] tts        429  get audio|use local  
[2017/07/13 23:54:47 892] tts        442  local audiolen:  512  ,ced:  116  
[2017/07/13 23:54:47 892] tts        471  0  udata(4c046838) 1  
[2017/07/13 23:54:47 892] tts        536  TTS_MSG_GETAUDIO  0  
[2017/07/13 23:54:47 892] tts        429  get audio|use local  
[2017/07/13 23:54:47 892] tts        442  local audiolen:  512  ,ced:  116  
[2017/07/13 23:54:47 892] tts        471  0  udata(4c046888) 1  
[2017/07/13 23:54:47 892] tts        536  TTS_MSG_GETAUDIO  0  
[2017/07/13 23:54:47 892] tts        429  get audio|use local  
[2017/07/13 23:54:47 892] tts        442  local audiolen:  512  ,ced:  116  
[2017/07/13 23:54:47 892] tts        471  0  udata(4c0468d8) 1  
[2017/07/13 23:54:47 893] tts        536  TTS_MSG_GETAUDIO  0  
[2017/07/13 23:54:47 893] tts        429  get audio|use local  
[2017/07/13 23:54:47 893] tts        442  local audiolen:  512  ,ced:  116  
[2017/07/13 23:54:47 893] tts        471  0  udata(4c046928) 1  
[2017/07/13 23:54:47 893] tts        536  TTS_MSG_GETAUDIO  0  
[2017/07/13 23:54:47 893] tts        429  get audio|use local  
[2017/07/13 23:54:47 893] tts        442  local audiolen:  512  ,ced:  116  
[2017/07/13 23:54:47 893] tts        471  0  udata(4c046978) 1  
[2017/07/13 23:54:47 893] tts        536  TTS_MSG_GETAUDIO  0  
[2017/07/13 23:54:47 893] tts        429  get audio|use local  
[2017/07/13 23:54:47 893] tts        442  local audiolen:  512  ,ced:  116  
[2017/07/13 23:54:47 893] tts        471  0  udata(4c0469c8) 1  
[2017/07/13 23:54:47 893] tts        536  TTS_MSG_GETAUDIO  0  
[2017/07/13 23:54:47 893] tts        429  get audio|use local  
[2017/07/13 23:54:47 893] tts        442  local audiolen:  512  ,ced:  116  
[2017/07/13 23:54:47 893] tts        471  0  udata(4c046a18) 1  
[2017/07/13 23:54:47 894] tts        536  TTS_MSG_GETAUDIO  0  
[2017/07/13 23:54:47 894] tts        429  get audio|use local  
[2017/07/13 23:54:47 894] tts        442  local audiolen:  512  ,ced:  116  
[2017/07/13 23:54:47 894] tts        471  0  udata(4c046a68) 1  
[2017/07/13 23:54:47 894] tts        536  TTS_MSG_GETAUDIO  0  
[2017/07/13 23:54:47 894] tts        429  get audio|use local  
[2017/07/13 23:54:47 894] tts        442  local audiolen:  512  ,ced:  116  
[2017/07/13 23:54:47 894] tts        471  0  udata(4c046ab8) 1  
[2017/07/13 23:54:47 894] tts        536  TTS_MSG_GETAUDIO  0  
[2017/07/13 23:54:47 894] tts        429  get audio|use local  
[2017/07/13 23:54:47 894] tts        442  local audiolen:  512  ,ced:  116  
[2017/07/13 23:54:47 894] tts        471  0  udata(4c046b08) 1  
[2017/07/13 23:54:47 894] tts        536  TTS_MSG_GETAUDIO  0  
[2017/07/13 23:54:47 894] tts        429  get audio|use local  
[2017/07/13 23:54:47 894] tts        442  local audiolen:  512  ,ced:  116  
[2017/07/13 23:54:47 894] tts        471  0  udata(4c046b58) 1  
[2017/07/13 23:54:47 895] tts        536  TTS_MSG_GETAUDIO  0  
[2017/07/13 23:54:47 895] tts        429  get audio|use local  
[2017/07/13 23:54:47 895] tts        442  local audiolen:  512  ,ced:  116  
[2017/07/13 23:54:47 895] tts        471  0  udata(4c046ba8) 1  
[2017/07/13 23:54:47 895] tts        536  TTS_MSG_GETAUDIO  0  
[2017/07/13 23:54:47 895] tts        429  get audio|use local  
[2017/07/13 23:54:47 895] tts        442  local audiolen:  512  ,ced:  116  
[2017/07/13 23:54:47 895] tts        471  0  udata(4c046bf8) 1  
[2017/07/13 23:54:47 895] tts        536  TTS_MSG_GETAUDIO  0  
[2017/07/13 23:54:47 895] tts        429  get audio|use local  
[2017/07/13 23:54:47 895] tts        442  local audiolen:  512  ,ced:  116  
[2017/07/13 23:54:47 895] tts        471  0  udata(4c046c48) 1  
[2017/07/13 23:54:47 895] tts        536  TTS_MSG_GETAUDIO  0  
[2017/07/13 23:54:47 895] tts        429  get audio|use local  
[2017/07/13 23:54:47 895] tts        442  local audiolen:  512  ,ced:  116  
[2017/07/13 23:54:47 896] tts        471  0  udata(4c046c98) 1  
[2017/07/13 23:54:47 896] tts        536  TTS_MSG_GETAUDIO  0  
[2017/07/13 23:54:47 896] tts        429  get audio|use local  
[2017/07/13 23:54:47 896] tts        442  local audiolen:  512  ,ced:  116  
[2017/07/13 23:54:47 896] tts        471  0  udata(4c046ce8) 1  
[2017/07/13 23:54:47 896] tts        536  TTS_MSG_GETAUDIO  0  
[2017/07/13 23:54:47 896] tts        429  get audio|use local  
[2017/07/13 23:54:47 896] tts        442  local audiolen:  512  ,ced:  116  
[2017/07/13 23:54:47 896] tts        471  0  udata(4c046d38) 1  
[2017/07/13 23:54:47 896] tts        536  TTS_MSG_GETAUDIO  0  
[2017/07/13 23:54:47 896] tts        429  get audio|use local  
[2017/07/13 23:54:47 896] tts        442  local audiolen:  160  ,ced:  116  
[2017/07/13 23:54:47 896] tts        471  0  udata(4c02ad78) 1  
[2017/07/13 23:54:47 896] tts        536  TTS_MSG_GETAUDIO  0  
[2017/07/13 23:54:47 896] tts        429  get audio|use local  
[2017/07/13 23:54:47 896] tts        442  local audiolen:  300  ,ced:  143  
[2017/07/13 23:54:47 897] tts        471  0  udata(4c046ec8) 1  
[2017/07/13 23:54:47 897] tts        536  TTS_MSG_GETAUDIO  0  
[2017/07/13 23:54:47 897] tts        429  get audio|use local  
[2017/07/13 23:54:47 897] tts        442  local audiolen:  634  ,ced:  143  
[2017/07/13 23:54:47 897] tts        471  0  udata(4c0471a8) 1  
[2017/07/13 23:54:47 897] tts        536  TTS_MSG_GETAUDIO  0  
[2017/07/13 23:54:47 897] tts        429  get audio|use local  
[2017/07/13 23:54:47 897] tts        442  local audiolen:  7202  ,ced:  143  
[2017/07/13 23:54:47 897] tts        471  0  udata(4c02ac68) 1  
[2017/07/13 23:54:47 897] tts        536  TTS_MSG_GETAUDIO  0  
[2017/07/13 23:54:47 897] tts        429  get audio|use local  
[2017/07/13 23:54:47 897] tts        442  local audiolen:  13316  ,ced:  143  
[2017/07/13 23:54:47 897] tts        471  0  udata(4c02acb8) 1  
[2017/07/13 23:54:47 898] tts        536  TTS_MSG_GETAUDIO  0  
[2017/07/13 23:54:47 898] tts        429  get audio|use local  
[2017/07/13 23:54:47 898] tts        442  local audiolen:  7630  ,ced:  143  
[2017/07/13 23:54:47 898] tts        471  0  udata(4c02ad08) 1  
[2017/07/13 23:54:47 899] tts        536  TTS_MSG_GETAUDIO  0  
[2017/07/13 23:54:47 899] tts        429  get audio|use local  
[2017/07/13 23:54:47 899] tts        442  local audiolen:  9120  ,ced:  143  
[2017/07/13 23:54:47 899] tts        471  0  udata(4c02adc8) 1  
[2017/07/13 23:54:47 899] tts        536  TTS_MSG_GETAUDIO  0  
[2017/07/13 23:54:47 899] tts        429  get audio|use local  
[2017/07/13 23:54:47 899] tts        442  local audiolen:  5372  ,ced:  143  
[2017/07/13 23:54:47 899] tts        471  0  udata(4c02ae18) 1  
[2017/07/13 23:54:47 899] tts        536  TTS_MSG_GETAUDIO  0  
[2017/07/13 23:54:47 899] tts        429  get audio|use local  
[2017/07/13 23:54:47 899] tts        442  local audiolen:  12548  ,ced:  143  
[2017/07/13 23:54:47 899] tts        471  0  udata(4c02ae68) 1  
[2017/07/13 23:54:47 900] tts        536  TTS_MSG_GETAUDIO  0  
[2017/07/13 23:54:47 900] tts        429  get audio|use local  
[2017/07/13 23:54:47 900] tts        442  local audiolen:  512  ,ced:  143  
[2017/07/13 23:54:47 900] tts        471  0  udata(4c047128) 1  
[2017/07/13 23:54:47 900] tts        536  TTS_MSG_GETAUDIO  0  
[2017/07/13 23:54:47 900] tts        429  get audio|use local  
[2017/07/13 23:54:47 900] tts        442  local audiolen:  512  ,ced:  143  
[2017/07/13 23:54:47 900] tts        471  0  udata(4c046de8) 1  
[2017/07/13 23:54:47 900] tts        536  TTS_MSG_GETAUDIO  0  
[2017/07/13 23:54:47 900] tts        429  get audio|use local  
[2017/07/13 23:54:47 900] tts        442  local audiolen:  512  ,ced:  143  
[2017/07/13 23:54:47 900] tts        471  0  udata(4c046e38) 1  
[2017/07/13 23:54:47 900] tts        536  TTS_MSG_GETAUDIO  0  
[2017/07/13 23:54:47 900] tts        429  get audio|use local  
[2017/07/13 23:54:47 900] tts        442  local audiolen:  512  ,ced:  143  
[2017/07/13 23:54:47 900] tts        471  0  udata(4c0471f8) 1  
[2017/07/13 23:54:47 901] tts        536  TTS_MSG_GETAUDIO  0  
[2017/07/13 23:54:47 901] tts        429  get audio|use local  
[2017/07/13 23:54:47 901] tts        442  local audiolen:  512  ,ced:  143  
[2017/07/13 23:54:47 901] tts        471  0  udata(4c047248) 1  
[2017/07/13 23:54:47 901] tts        536  TTS_MSG_GETAUDIO  0  
[2017/07/13 23:54:47 901] tts        429  get audio|use local  
[2017/07/13 23:54:47 901] tts        442  local audiolen:  512  ,ced:  143  
[2017/07/13 23:54:47 901] tts        471  0  udata(4c047298) 1  
[2017/07/13 23:54:47 901] tts        536  TTS_MSG_GETAUDIO  0  
[2017/07/13 23:54:47 901] tts        429  get audio|use local  
[2017/07/13 23:54:47 901] tts        442  local audiolen:  512  ,ced:  143  
[2017/07/13 23:54:47 901] tts        471  0  udata(4c0472e8) 1  
[2017/07/13 23:54:47 901] tts        536  TTS_MSG_GETAUDIO  0  
[2017/07/13 23:54:47 901] tts        429  get audio|use local  
[2017/07/13 23:54:47 901] tts        442  local audiolen:  512  ,ced:  143  
[2017/07/13 23:54:47 902] tts        471  0  udata(4c047338) 1  
[2017/07/13 23:54:47 902] tts        536  TTS_MSG_GETAUDIO  0  
[2017/07/13 23:54:47 902] tts        429  get audio|use local  
[2017/07/13 23:54:47 902] tts        442  local audiolen:  512  ,ced:  143  
[2017/07/13 23:54:47 902] tts        471  0  udata(4c047388) 1  
[2017/07/13 23:54:47 902] tts        536  TTS_MSG_GETAUDIO  0  
[2017/07/13 23:54:47 902] tts        429  get audio|use local  
[2017/07/13 23:54:47 902] tts        442  local audiolen:  512  ,ced:  143  
[2017/07/13 23:54:47 902] tts        471  0  udata(4c0473d8) 1  
[2017/07/13 23:54:47 902] tts        536  TTS_MSG_GETAUDIO  0  
[2017/07/13 23:54:47 902] tts        429  get audio|use local  
[2017/07/13 23:54:47 902] tts        442  local audiolen:  512  ,ced:  143  
[2017/07/13 23:54:47 902] tts        471  0  udata(4c047428) 1  
[2017/07/13 23:54:47 902] tts        536  TTS_MSG_GETAUDIO  0  
[2017/07/13 23:54:47 902] tts        429  get audio|use local  
[2017/07/13 23:54:47 902] tts        442  local audiolen:  512  ,ced:  143  
[2017/07/13 23:54:47 903] tts        471  0  udata(4c047478) 1  
[2017/07/13 23:54:47 903] tts        536  TTS_MSG_GETAUDIO  0  
[2017/07/13 23:54:47 903] tts        429  get audio|use local  
[2017/07/13 23:54:47 903] tts        442  local audiolen:  512  ,ced:  143  
[2017/07/13 23:54:47 903] tts        471  0  udata(4c0474c8) 1  
[2017/07/13 23:54:47 903] tts        536  TTS_MSG_GETAUDIO  0  
[2017/07/13 23:54:47 903] tts        429  get audio|use local  
[2017/07/13 23:54:47 903] tts        442  local audiolen:  512  ,ced:  143  
[2017/07/13 23:54:47 903] tts        471  0  udata(4c047518) 1  
[2017/07/13 23:54:47 903] tts        536  TTS_MSG_GETAUDIO  0  
[2017/07/13 23:54:47 903] tts        429  get audio|use local  
[2017/07/13 23:54:47 903] tts        442  local audiolen:  512  ,ced:  143  
[2017/07/13 23:54:47 903] tts        471  0  udata(4c047568) 1  
[2017/07/13 23:54:47 903] tts        536  TTS_MSG_GETAUDIO  0  
[2017/07/13 23:54:47 903] tts        429  get audio|use local  
[2017/07/13 23:54:47 904] tts        442  local audiolen:  512  ,ced:  143  
[2017/07/13 23:54:47 904] tts        471  0  udata(4c0475b8) 1  
[2017/07/13 23:54:47 904] tts        536  TTS_MSG_GETAUDIO  0  
[2017/07/13 23:54:47 904] tts        429  get audio|use local  
[2017/07/13 23:54:47 904] tts        442  local audiolen:  512  ,ced:  143  
[2017/07/13 23:54:47 904] tts        471  0  udata(4c047608) 1  
[2017/07/13 23:54:47 904] tts        536  TTS_MSG_GETAUDIO  0  
[2017/07/13 23:54:47 904] tts        429  get audio|use local  
[2017/07/13 23:54:47 904] tts        442  local audiolen:  512  ,ced:  143  
[2017/07/13 23:54:47 904] tts        471  0  udata(4c047658) 1  
[2017/07/13 23:54:47 904] tts        536  TTS_MSG_GETAUDIO  0  
[2017/07/13 23:54:47 904] tts        429  get audio|use local  
[2017/07/13 23:54:47 904] tts        442  local audiolen:  160  ,ced:  143  
[2017/07/13 23:54:47 904] tts        471  0  udata(4c046fc8) 1  
[2017/07/13 23:54:47 904] tts        536  TTS_MSG_GETAUDIO  0  
[2017/07/13 23:54:47 904] tts        429  get audio|use local  
[2017/07/13 23:54:47 904] tts        442  local audiolen:  300  ,ced:  176  
[2017/07/13 23:54:47 904] tts        471  0  udata(4c0477e8) 1  
[2017/07/13 23:54:47 905] tts        536  TTS_MSG_GETAUDIO  0  
[2017/07/13 23:54:47 905] tts        429  get audio|use local  
[2017/07/13 23:54:47 905] tts        442  local audiolen:  634  ,ced:  176  
[2017/07/13 23:54:47 905] tts        471  0  udata(4c047ac8) 1  
[2017/07/13 23:54:47 905] tts        536  TTS_MSG_GETAUDIO  0  
[2017/07/13 23:54:47 905] tts        429  get audio|use local  
[2017/07/13 23:54:47 905] tts        442  local audiolen:  8528  ,ced:  176  
[2017/07/13 23:54:47 905] tts        471  0  udata(4c046d88) 1  
[2017/07/13 23:54:47 905] tts        536  TTS_MSG_GETAUDIO  0  
[2017/07/13 23:54:47 905] tts        429  get audio|use local  
[2017/07/13 23:54:47 905] tts        442  local audiolen:  7092  ,ced:  176  
[2017/07/13 23:54:47 905] tts        471  0  udata(4c046f18) 1  
[2017/07/13 23:54:47 906] tts        536  TTS_MSG_GETAUDIO  0  
[2017/07/13 23:54:47 906] tts        429  get audio|use local  
[2017/07/13 23:54:47 906] tts        442  local audiolen:  6376  ,ced:  176  
[2017/07/13 23:54:47 906] tts        471  0  udata(4c046f68) 1  
[2017/07/13 23:54:47 906] tts        536  TTS_MSG_GETAUDIO  0  
[2017/07/13 23:54:47 906] tts        429  get audio|use local  
[2017/07/13 23:54:47 906] tts        442  local audiolen:  7488  ,ced:  176  
[2017/07/13 23:54:47 906] tts        471  0  udata(4c047018) 1  
[2017/07/13 23:54:47 906] tts        536  TTS_MSG_GETAUDIO  0  
[2017/07/13 23:54:47 906] tts        429  get audio|use local  
[2017/07/13 23:54:47 906] tts        442  local audiolen:  8846  ,ced:  176  
[2017/07/13 23:54:47 906] tts        471  0  udata(4c047068) 1  
[2017/07/13 23:54:47 907] tts        536  TTS_MSG_GETAUDIO  0  
[2017/07/13 23:54:47 907] tts        429  get audio|use local  
[2017/07/13 23:54:47 907] tts        442  local audiolen:  7224  ,ced:  176  
[2017/07/13 23:54:47 907] tts        471  0  udata(4c0470b8) 1  
[2017/07/13 23:54:47 907] tts        536  TTS_MSG_GETAUDIO  0  
[2017/07/13 23:54:47 907] tts        429  get audio|use local  
[2017/07/13 23:54:47 907] tts        442  local audiolen:  13396  ,ced:  176  
[2017/07/13 23:54:47 907] tts        471  0  udata(4c0476a8) 1  
[2017/07/13 23:54:47 908] tts        536  TTS_MSG_GETAUDIO  0  
[2017/07/13 23:54:47 908] tts        429  get audio|use local  
[2017/07/13 23:54:47 908] tts        442  local audiolen:  7156  ,ced:  176  
[2017/07/13 23:54:47 908] tts        471  0  udata(4c0476f8) 1  
[2017/07/13 23:54:47 908] tts        536  TTS_MSG_GETAUDIO  0  
[2017/07/13 23:54:47 908] tts        429  get audio|use local  
[2017/07/13 23:54:47 908] tts        442  local audiolen:  5896  ,ced:  176  
[2017/07/13 23:54:47 908] tts        471  0  udata(4c047748) 1  
[2017/07/13 23:54:47 908] tts        536  TTS_MSG_GETAUDIO  0  
[2017/07/13 23:54:47 908] tts        429  get audio|use local  
[2017/07/13 23:54:47 908] tts        442  local audiolen:  512  ,ced:  176  
[2017/07/13 23:54:47 908] tts        471  0  udata(4c047798) 1  
[2017/07/13 23:54:47 909] tts        536  TTS_MSG_GETAUDIO  0  
[2017/07/13 23:54:47 909] tts        429  get audio|use local  
[2017/07/13 23:54:47 909] tts        442  local audiolen:  512  ,ced:  176  
[2017/07/13 23:54:47 909] tts        471  0  udata(4c047b18) 1  
[2017/07/13 23:54:47 909] tts        536  TTS_MSG_GETAUDIO  0  
[2017/07/13 23:54:47 909] tts        429  get audio|use local  
[2017/07/13 23:54:47 909] tts        442  local audiolen:  512  ,ced:  176  
[2017/07/13 23:54:47 909] tts        471  0  udata(4c047b68) 1  
[2017/07/13 23:54:47 909] tts        536  TTS_MSG_GETAUDIO  0  
[2017/07/13 23:54:47 909] tts        429  get audio|use local  
[2017/07/13 23:54:47 909] tts        442  local audiolen:  512  ,ced:  176  
[2017/07/13 23:54:47 909] tts        471  0  udata(4c047bb8) 1  
[2017/07/13 23:54:47 909] tts        536  TTS_MSG_GETAUDIO  0  
[2017/07/13 23:54:47 909] tts        429  get audio|use local  
[2017/07/13 23:54:47 909] tts        442  local audiolen:  512  ,ced:  176  
[2017/07/13 23:54:47 909] tts        471  0  udata(4c047c08) 1  
[2017/07/13 23:54:47 910] tts        536  TTS_MSG_GETAUDIO  0  
[2017/07/13 23:54:47 910] tts        429  get audio|use local  
[2017/07/13 23:54:47 910] tts        442  local audiolen:  512  ,ced:  176  
[2017/07/13 23:54:47 910] tts        471  0  udata(4c047c58) 1  
[2017/07/13 23:54:47 910] tts        536  TTS_MSG_GETAUDIO  0  
[2017/07/13 23:54:47 910] tts        429  get audio|use local  
[2017/07/13 23:54:47 910] tts        442  local audiolen:  512  ,ced:  176  
[2017/07/13 23:54:47 910] tts        471  0  udata(4c047ca8) 1  
[2017/07/13 23:54:47 910] tts        536  TTS_MSG_GETAUDIO  0  
[2017/07/13 23:54:47 910] tts        429  get audio|use local  
[2017/07/13 23:54:47 910] tts        442  local audiolen:  512  ,ced:  176  
[2017/07/13 23:54:47 910] tts        471  0  udata(4c047cf8) 1  
[2017/07/13 23:54:47 910] tts        536  TTS_MSG_GETAUDIO  0  
[2017/07/13 23:54:47 910] tts        429  get audio|use local  
[2017/07/13 23:54:47 910] tts        442  local audiolen:  512  ,ced:  176  
[2017/07/13 23:54:47 910] tts        471  0  udata(4c047d48) 1  
[2017/07/13 23:54:47 911] tts        536  TTS_MSG_GETAUDIO  0  
[2017/07/13 23:54:47 911] tts        429  get audio|use local  
[2017/07/13 23:54:47 911] tts        442  local audiolen:  512  ,ced:  176  
[2017/07/13 23:54:47 911] tts        471  0  udata(4c047d98) 1  
[2017/07/13 23:54:47 911] tts        536  TTS_MSG_GETAUDIO  0  
[2017/07/13 23:54:47 911] tts        429  get audio|use local  
[2017/07/13 23:54:47 911] tts        442  local audiolen:  512  ,ced:  176  
[2017/07/13 23:54:47 911] tts        471  0  udata(4c047de8) 1  
[2017/07/13 23:54:47 911] tts        536  TTS_MSG_GETAUDIO  0  
[2017/07/13 23:54:47 911] tts        429  get audio|use local  
[2017/07/13 23:54:47 911] tts        442  local audiolen:  512  ,ced:  176  
[2017/07/13 23:54:47 911] tts        471  0  udata(4c047e38) 1  
[2017/07/13 23:54:47 911] tts        536  TTS_MSG_GETAUDIO  0  
[2017/07/13 23:54:47 911] tts        429  get audio|use local  
[2017/07/13 23:54:47 911] tts        442  local audiolen:  512  ,ced:  176  
[2017/07/13 23:54:47 911] tts        471  0  udata(4c047e88) 1  
[2017/07/13 23:54:47 912] tts        536  TTS_MSG_GETAUDIO  0  
[2017/07/13 23:54:47 912] tts        429  get audio|use local  
[2017/07/13 23:54:47 912] tts        442  local audiolen:  512  ,ced:  176  
[2017/07/13 23:54:47 912] tts        471  0  udata(4c047ed8) 1  
[2017/07/13 23:54:47 912] tts        536  TTS_MSG_GETAUDIO  0  
[2017/07/13 23:54:47 912] tts        429  get audio|use local  
[2017/07/13 23:54:47 912] tts        442  local audiolen:  512  ,ced:  176  
[2017/07/13 23:54:47 912] tts        471  0  udata(4c047f28) 1  
[2017/07/13 23:54:47 912] tts        536  TTS_MSG_GETAUDIO  0  
[2017/07/13 23:54:47 912] tts        429  get audio|use local  
[2017/07/13 23:54:47 912] tts        442  local audiolen:  512  ,ced:  176  
[2017/07/13 23:54:47 912] tts        471  0  udata(4c047f78) 1  
[2017/07/13 23:54:47 912] tts        536  TTS_MSG_GETAUDIO  0  
[2017/07/13 23:54:47 912] tts        429  get audio|use local  
[2017/07/13 23:54:47 912] tts        442  local audiolen:  512  ,ced:  176  
[2017/07/13 23:54:47 912] tts        471  0  udata(4c047fc8) 1  
[2017/07/13 23:54:47 913] tts        536  TTS_MSG_GETAUDIO  0  
[2017/07/13 23:54:47 913] tts        429  get audio|use local  
[2017/07/13 23:54:47 913] tts        442  local audiolen:  512  ,ced:  176  
[2017/07/13 23:54:47 913] tts        471  0  udata(4c048018) 1  
[2017/07/13 23:54:47 913] tts        536  TTS_MSG_GETAUDIO  0  
[2017/07/13 23:54:47 913] tts        429  get audio|use local  
[2017/07/13 23:54:47 913] tts        442  local audiolen:  160  ,ced:  176  
[2017/07/13 23:54:47 913] tts        471  0  udata(4c047948) 1  
[2017/07/13 23:54:47 913] tts        536  TTS_MSG_GETAUDIO  0  
[2017/07/13 23:54:47 913] tts        429  get audio|use local  
[2017/07/13 23:54:47 913] tts        442  local audiolen:  272  ,ced:  200  
[2017/07/13 23:54:47 913] tts        471  0  udata(4c047898) 1  
[2017/07/13 23:54:47 913] tts        536  TTS_MSG_GETAUDIO  0  
[2017/07/13 23:54:47 913] tts        429  get audio|use local  
[2017/07/13 23:54:47 913] tts        442  local audiolen:  11504  ,ced:  200  
[2017/07/13 23:54:47 913] tts        471  0  udata(4c0478e8) 1  
[2017/07/13 23:54:47 914] tts        536  TTS_MSG_GETAUDIO  0  
[2017/07/13 23:54:47 914] tts        429  get audio|use local  
[2017/07/13 23:54:47 914] tts        442  local audiolen:  7070  ,ced:  200  
[2017/07/13 23:54:47 914] tts        471  0  udata(4c047838) 1  
[2017/07/13 23:54:47 914] tts        536  TTS_MSG_GETAUDIO  0  
[2017/07/13 23:54:47 914] tts        429  get audio|use local  
[2017/07/13 23:54:47 914] tts        442  local audiolen:  6802  ,ced:  200  
[2017/07/13 23:54:47 914] tts        471  0  udata(4c047998) 1  
[2017/07/13 23:54:47 914] tts        536  TTS_MSG_GETAUDIO  0  
[2017/07/13 23:54:47 914] tts        429  get audio|use local  
[2017/07/13 23:54:47 914] tts        442  local audiolen:  7136  ,ced:  200  
[2017/07/13 23:54:47 915] tts        471  0  udata(4c0479e8) 1  
[2017/07/13 23:54:47 915] tts        536  TTS_MSG_GETAUDIO  0  
[2017/07/13 23:54:47 915] tts        429  get audio|use local  
[2017/07/13 23:54:47 915] tts        442  local audiolen:  3944  ,ced:  200  
[2017/07/13 23:54:47 915] tts        471  0  udata(4c047a38) 1  
[2017/07/13 23:54:47 915] tts        536  TTS_MSG_GETAUDIO  0  
[2017/07/13 23:54:47 915] tts        429  get audio|use local  
[2017/07/13 23:54:47 915] tts        442  local audiolen:  10648  ,ced:  200  
[2017/07/13 23:54:47 915] tts        471  0  udata(4c04aa18) 1  
[2017/07/13 23:54:47 915] tts        536  TTS_MSG_GETAUDIO  0  
[2017/07/13 23:54:47 916] tts        429  get audio|use local  
[2017/07/13 23:54:47 916] tts        442  local audiolen:  4700  ,ced:  200  
[2017/07/13 23:54:47 916] tts        471  0  udata(4c0492d8) 1  
[2017/07/13 23:54:47 916] tts        536  TTS_MSG_GETAUDIO  0  
[2017/07/13 23:54:47 916] tts        429  get audio|use local  
[2017/07/13 23:54:47 916] tts        442  local audiolen:  7102  ,ced:  200  
[2017/07/13 23:54:47 916] tts        471  0  udata(4c048068) 2  
[2017/07/13 23:54:47 917] tts        539  TTS_MSG_SSE  
[2017/07/13 23:54:47 917] tts        493  sse|use local  
[2017/07/13 23:54:47 919] tts        509  tts exit  
[2017/07/13 23:54:47 920] tts        546  SYS_MSG_UNLOAD  
