============================================================
Time  2018/09/13 10:20:21 993 
============================================================
[2018/09/13 10:20:21 993] tts        555  SYS_MSG_REGCB param0 =  msp_status_cb  param1 =  func(c40182e0) 
[2018/09/13 10:20:21 993] config     42   use general cloud  
[2018/09/13 10:20:21 995] tts_cloud  1414 SYS_MSG_REGCB_CLOUD param0 =   msp_status_cb  param1 =  func(c40182e0) 
[2018/09/13 10:20:21 995] tts        527  TTS_MSG_SSB  
[2018/09/13 10:20:21 995] tts        338  params =  engine_type = local, text_encoding = UTF8, tts_res_path = fo|res/tts/xiaoyan.jet;fo|res/tts/common.jet, sample_rate = 16000, speed = 50, volume = 50, pitch = 50, rdn = 2  
[2018/09/13 10:20:21 995] tts        369  ssb|use local  
[2018/09/13 10:20:21 995] tts        313  local_session_begin  
[2018/09/13 10:20:21 997] tts        533  TTS_MSG_SYN  0  
[2018/09/13 10:20:21 997] tts        404  synth|use local  
[2018/09/13 10:20:22 000] tts        536  TTS_MSG_GETAUDIO  0  
[2018/09/13 10:20:22 000] tts        429  get audio|use local  
[2018/09/13 10:20:22 000] tts        471  0  nil  1  
[2018/09/13 10:20:22 004] tts        536  TTS_MSG_GETAUDIO  0  
[2018/09/13 10:20:22 004] tts        429  get audio|use local  
[2018/09/13 10:20:22 004] tts        471  0  nil  1  
[2018/09/13 10:20:22 005] tts        536  TTS_MSG_GETAUDIO  0  
[2018/09/13 10:20:22 005] tts        429  get audio|use local  
[2018/09/13 10:20:22 005] tts        471  0  nil  1  
[2018/09/13 10:20:22 006] tts        536  TTS_MSG_GETAUDIO  0  
[2018/09/13 10:20:22 006] tts        429  get audio|use local  
[2018/09/13 10:20:22 006] tts        471  0  nil  1  
[2018/09/13 10:20:22 006] tts        536  TTS_MSG_GETAUDIO  0  
[2018/09/13 10:20:22 007] tts        429  get audio|use local  
[2018/09/13 10:20:22 007] tts        471  0  nil  1  
[2018/09/13 10:20:22 007] tts        536  TTS_MSG_GETAUDIO  0  
[2018/09/13 10:20:22 007] tts        429  get audio|use local  
[2018/09/13 10:20:22 007] tts        471  0  nil  1  
[2018/09/13 10:20:22 008] tts        536  TTS_MSG_GETAUDIO  0  
[2018/09/13 10:20:22 008] tts        429  get audio|use local  
[2018/09/13 10:20:22 008] tts        471  0  nil  1  
[2018/09/13 10:20:22 009] tts        536  TTS_MSG_GETAUDIO  0  
[2018/09/13 10:20:22 009] tts        429  get audio|use local  
[2018/09/13 10:20:22 009] tts        471  0  nil  1  
[2018/09/13 10:20:22 009] tts        536  TTS_MSG_GETAUDIO  0  
[2018/09/13 10:20:22 009] tts        429  get audio|use local  
[2018/09/13 10:20:22 009] tts        471  0  nil  1  
[2018/09/13 10:20:22 009] tts        536  TTS_MSG_GETAUDIO  0  
[2018/09/13 10:20:22 009] tts        429  get audio|use local  
[2018/09/13 10:20:22 009] tts        471  0  nil  1  
[2018/09/13 10:20:22 010] tts        536  TTS_MSG_GETAUDIO  0  
[2018/09/13 10:20:22 010] tts        429  get audio|use local  
[2018/09/13 10:20:22 010] tts        471  0  nil  1  
[2018/09/13 10:20:22 010] tts        536  TTS_MSG_GETAUDIO  0  
[2018/09/13 10:20:22 010] tts        429  get audio|use local  
[2018/09/13 10:20:22 010] tts        471  0  nil  1  
[2018/09/13 10:20:22 011] tts        536  TTS_MSG_GETAUDIO  0  
[2018/09/13 10:20:22 011] tts        429  get audio|use local  
[2018/09/13 10:20:22 011] tts        471  0  nil  1  
[2018/09/13 10:20:22 011] tts        536  TTS_MSG_GETAUDIO  0  
[2018/09/13 10:20:22 011] tts        429  get audio|use local  
[2018/09/13 10:20:22 011] tts        471  0  nil  1  
[2018/09/13 10:20:22 011] tts        536  TTS_MSG_GETAUDIO  0  
[2018/09/13 10:20:22 011] tts        429  get audio|use local  
[2018/09/13 10:20:22 011] tts        471  0  nil  1  
[2018/09/13 10:20:22 012] tts        536  TTS_MSG_GETAUDIO  0  
[2018/09/13 10:20:22 012] tts        429  get audio|use local  
[2018/09/13 10:20:22 012] tts        471  0  nil  1  
[2018/09/13 10:20:22 012] tts        536  TTS_MSG_GETAUDIO  0  
[2018/09/13 10:20:22 012] tts        429  get audio|use local  
[2018/09/13 10:20:22 012] tts        471  0  nil  1  
[2018/09/13 10:20:22 012] tts        536  TTS_MSG_GETAUDIO  0  
[2018/09/13 10:20:22 012] tts        429  get audio|use local  
[2018/09/13 10:20:22 012] tts        471  0  nil  1  
[2018/09/13 10:20:22 012] tts        536  TTS_MSG_GETAUDIO  0  
[2018/09/13 10:20:22 013] tts        429  get audio|use local  
[2018/09/13 10:20:22 013] tts        471  0  nil  1  
[2018/09/13 10:20:22 013] tts        536  TTS_MSG_GETAUDIO  0  
[2018/09/13 10:20:22 013] tts        429  get audio|use local  
[2018/09/13 10:20:22 013] tts        471  0  nil  1  
[2018/09/13 10:20:22 013] tts        536  TTS_MSG_GETAUDIO  0  
[2018/09/13 10:20:22 013] tts        429  get audio|use local  
[2018/09/13 10:20:22 013] tts        471  0  nil  1  
[2018/09/13 10:20:22 013] tts        536  TTS_MSG_GETAUDIO  0  
[2018/09/13 10:20:22 013] tts        429  get audio|use local  
[2018/09/13 10:20:22 013] tts        471  0  nil  1  
[2018/09/13 10:20:22 013] tts        536  TTS_MSG_GETAUDIO  0  
[2018/09/13 10:20:22 013] tts        429  get audio|use local  
[2018/09/13 10:20:22 013] tts        471  0  nil  1  
[2018/09/13 10:20:22 014] tts        536  TTS_MSG_GETAUDIO  0  
[2018/09/13 10:20:22 014] tts        429  get audio|use local  
[2018/09/13 10:20:22 014] tts        471  0  nil  1  
[2018/09/13 10:20:22 014] tts        536  TTS_MSG_GETAUDIO  0  
[2018/09/13 10:20:22 014] tts        429  get audio|use local  
[2018/09/13 10:20:22 014] tts        471  0  nil  1  
[2018/09/13 10:20:22 014] tts        536  TTS_MSG_GETAUDIO  0  
[2018/09/13 10:20:22 014] tts        429  get audio|use local  
[2018/09/13 10:20:22 014] tts        471  0  nil  1  
[2018/09/13 10:20:22 015] tts        536  TTS_MSG_GETAUDIO  0  
[2018/09/13 10:20:22 015] tts        429  get audio|use local  
[2018/09/13 10:20:22 016] tts        471  0  nil  1  
[2018/09/13 10:20:22 016] tts        536  TTS_MSG_GETAUDIO  0  
[2018/09/13 10:20:22 016] tts        429  get audio|use local  
[2018/09/13 10:20:22 016] tts        471  0  nil  1  
[2018/09/13 10:20:22 016] tts        536  TTS_MSG_GETAUDIO  0  
[2018/09/13 10:20:22 016] tts        429  get audio|use local  
[2018/09/13 10:20:22 016] tts        471  0  nil  1  
[2018/09/13 10:20:22 016] tts        536  TTS_MSG_GETAUDIO  0  
[2018/09/13 10:20:22 017] tts        429  get audio|use local  
[2018/09/13 10:20:22 017] tts        471  0  nil  1  
[2018/09/13 10:20:22 017] tts        536  TTS_MSG_GETAUDIO  0  
[2018/09/13 10:20:22 017] tts        429  get audio|use local  
[2018/09/13 10:20:22 017] tts        471  0  nil  1  
[2018/09/13 10:20:22 017] tts        536  TTS_MSG_GETAUDIO  0  
[2018/09/13 10:20:22 017] tts        429  get audio|use local  
[2018/09/13 10:20:22 017] tts        471  0  nil  1  
[2018/09/13 10:20:22 017] tts        536  TTS_MSG_GETAUDIO  0  
[2018/09/13 10:20:22 017] tts        429  get audio|use local  
[2018/09/13 10:20:22 017] tts        471  0  nil  1  
[2018/09/13 10:20:22 018] tts        536  TTS_MSG_GETAUDIO  0  
[2018/09/13 10:20:22 018] tts        429  get audio|use local  
[2018/09/13 10:20:22 018] tts        471  0  nil  1  
[2018/09/13 10:20:22 018] tts        536  TTS_MSG_GETAUDIO  0  
[2018/09/13 10:20:22 018] tts        429  get audio|use local  
[2018/09/13 10:20:22 018] tts        471  0  nil  1  
[2018/09/13 10:20:22 018] tts        536  TTS_MSG_GETAUDIO  0  
[2018/09/13 10:20:22 018] tts        429  get audio|use local  
[2018/09/13 10:20:22 018] tts        471  0  nil  1  
[2018/09/13 10:20:22 019] tts        536  TTS_MSG_GETAUDIO  0  
[2018/09/13 10:20:22 019] tts        429  get audio|use local  
[2018/09/13 10:20:22 019] tts        471  0  nil  1  
[2018/09/13 10:20:22 019] tts        536  TTS_MSG_GETAUDIO  0  
[2018/09/13 10:20:22 019] tts        429  get audio|use local  
[2018/09/13 10:20:22 019] tts        471  0  nil  1  
[2018/09/13 10:20:22 019] tts        536  TTS_MSG_GETAUDIO  0  
[2018/09/13 10:20:22 019] tts        429  get audio|use local  
[2018/09/13 10:20:22 019] tts        471  0  nil  1  
[2018/09/13 10:20:22 020] tts        536  TTS_MSG_GETAUDIO  0  
[2018/09/13 10:20:22 020] tts        429  get audio|use local  
[2018/09/13 10:20:22 020] tts        471  0  nil  1  
[2018/09/13 10:20:22 020] tts        536  TTS_MSG_GETAUDIO  0  
[2018/09/13 10:20:22 020] tts        429  get audio|use local  
[2018/09/13 10:20:22 020] tts        471  0  nil  1  
[2018/09/13 10:20:22 021] tts        536  TTS_MSG_GETAUDIO  0  
[2018/09/13 10:20:22 021] tts        429  get audio|use local  
[2018/09/13 10:20:22 021] tts        471  0  nil  1  
[2018/09/13 10:20:22 021] tts        536  TTS_MSG_GETAUDIO  0  
[2018/09/13 10:20:22 021] tts        429  get audio|use local  
[2018/09/13 10:20:22 021] tts        471  0  nil  1  
[2018/09/13 10:20:22 022] tts        536  TTS_MSG_GETAUDIO  0  
[2018/09/13 10:20:22 022] tts        429  get audio|use local  
[2018/09/13 10:20:22 022] tts        471  0  nil  1  
[2018/09/13 10:20:22 022] tts        536  TTS_MSG_GETAUDIO  0  
[2018/09/13 10:20:22 022] tts        429  get audio|use local  
[2018/09/13 10:20:22 022] tts        471  0  nil  1  
[2018/09/13 10:20:22 023] tts        536  TTS_MSG_GETAUDIO  0  
[2018/09/13 10:20:22 023] tts        429  get audio|use local  
[2018/09/13 10:20:22 023] tts        471  0  nil  1  
[2018/09/13 10:20:22 023] tts        536  TTS_MSG_GETAUDIO  0  
[2018/09/13 10:20:22 023] tts        429  get audio|use local  
[2018/09/13 10:20:22 023] tts        471  0  nil  1  
[2018/09/13 10:20:22 024] tts        536  TTS_MSG_GETAUDIO  0  
[2018/09/13 10:20:22 024] tts        429  get audio|use local  
[2018/09/13 10:20:22 024] tts        471  0  nil  1  
[2018/09/13 10:20:22 024] tts        536  TTS_MSG_GETAUDIO  0  
[2018/09/13 10:20:22 024] tts        429  get audio|use local  
[2018/09/13 10:20:22 024] tts        471  0  nil  1  
[2018/09/13 10:20:22 025] tts        536  TTS_MSG_GETAUDIO  0  
[2018/09/13 10:20:22 025] tts        429  get audio|use local  
[2018/09/13 10:20:22 025] tts        471  0  nil  1  
[2018/09/13 10:20:22 026] tts        536  TTS_MSG_GETAUDIO  0  
[2018/09/13 10:20:22 026] tts        429  get audio|use local  
[2018/09/13 10:20:22 026] tts        471  0  nil  1  
[2018/09/13 10:20:22 026] tts        536  TTS_MSG_GETAUDIO  0  
[2018/09/13 10:20:22 026] tts        429  get audio|use local  
[2018/09/13 10:20:22 026] tts        471  0  nil  1  
[2018/09/13 10:20:22 027] tts        536  TTS_MSG_GETAUDIO  0  
[2018/09/13 10:20:22 027] tts        429  get audio|use local  
[2018/09/13 10:20:22 028] tts        471  0  nil  1  
[2018/09/13 10:20:22 029] tts        536  TTS_MSG_GETAUDIO  0  
[2018/09/13 10:20:22 029] tts        429  get audio|use local  
[2018/09/13 10:20:22 029] tts        471  0  nil  1  
[2018/09/13 10:20:22 030] tts        536  TTS_MSG_GETAUDIO  0  
[2018/09/13 10:20:22 031] tts        429  get audio|use local  
[2018/09/13 10:20:22 031] tts        471  0  nil  1  
[2018/09/13 10:20:22 031] tts        536  TTS_MSG_GETAUDIO  0  
[2018/09/13 10:20:22 031] tts        429  get audio|use local  
[2018/09/13 10:20:22 031] tts        471  0  nil  1  
[2018/09/13 10:20:22 033] tts        536  TTS_MSG_GETAUDIO  0  
[2018/09/13 10:20:22 033] tts        429  get audio|use local  
[2018/09/13 10:20:22 033] tts        471  0  nil  1  
[2018/09/13 10:20:22 036] tts        536  TTS_MSG_GETAUDIO  0  
[2018/09/13 10:20:22 036] tts        429  get audio|use local  
[2018/09/13 10:20:22 036] tts        471  0  nil  1  
[2018/09/13 10:20:22 037] tts        536  TTS_MSG_GETAUDIO  0  
[2018/09/13 10:20:22 037] tts        429  get audio|use local  
[2018/09/13 10:20:22 037] tts        471  0  nil  1  
[2018/09/13 10:20:22 037] tts        536  TTS_MSG_GETAUDIO  0  
[2018/09/13 10:20:22 037] tts        429  get audio|use local  
[2018/09/13 10:20:22 037] tts        471  0  nil  1  
[2018/09/13 10:20:22 038] tts        536  TTS_MSG_GETAUDIO  0  
[2018/09/13 10:20:22 038] tts        429  get audio|use local  
[2018/09/13 10:20:22 039] tts        471  0  nil  1  
[2018/09/13 10:20:22 041] tts        536  TTS_MSG_GETAUDIO  0  
[2018/09/13 10:20:22 042] tts        429  get audio|use local  
[2018/09/13 10:20:22 042] tts        471  0  nil  1  
[2018/09/13 10:20:22 043] tts        290  TTS_LOCAL_CB_BEGIN  
[2018/09/13 10:20:22 044] tts        536  TTS_MSG_GETAUDIO  0  
[2018/09/13 10:20:22 044] tts        429  get audio|use local  
[2018/09/13 10:20:22 044] tts        442  local audiolen:  212  ,ced:  21  
[2018/09/13 10:20:22 045] tts        471  0  udata(c406d498) 1  
[2018/09/13 10:20:22 046] tts        536  TTS_MSG_GETAUDIO  0  
[2018/09/13 10:20:22 046] tts        429  get audio|use local  
[2018/09/13 10:20:22 046] tts        442  local audiolen:  5380  ,ced:  21  
[2018/09/13 10:20:22 046] tts        471  0  udata(c406d798) 1  
[2018/09/13 10:20:22 048] tts        536  TTS_MSG_GETAUDIO  0  
[2018/09/13 10:20:22 049] tts        429  get audio|use local  
[2018/09/13 10:20:22 049] tts        471  0  nil  1  
[2018/09/13 10:20:22 049] tts        536  TTS_MSG_GETAUDIO  0  
[2018/09/13 10:20:22 050] tts        429  get audio|use local  
[2018/09/13 10:20:22 050] tts        471  0  nil  1  
[2018/09/13 10:20:22 051] tts        536  TTS_MSG_GETAUDIO  0  
[2018/09/13 10:20:22 051] tts        429  get audio|use local  
[2018/09/13 10:20:22 051] tts        442  local audiolen:  7024  ,ced:  21  
[2018/09/13 10:20:22 051] tts        471  0  udata(c4078f98) 1  
[2018/09/13 10:20:22 052] tts        536  TTS_MSG_GETAUDIO  0  
[2018/09/13 10:20:22 052] tts        429  get audio|use local  
[2018/09/13 10:20:22 053] tts        442  local audiolen:  7198  ,ced:  21  
[2018/09/13 10:20:22 053] tts        471  0  udata(c406d388) 1  
[2018/09/13 10:20:22 053] tts        536  TTS_MSG_GETAUDIO  0  
[2018/09/13 10:20:22 054] tts        429  get audio|use local  
[2018/09/13 10:20:22 054] tts        442  local audiolen:  6472  ,ced:  21  
[2018/09/13 10:20:22 054] tts        471  0  udata(c4078ee8) 1  
[2018/09/13 10:20:22 055] tts        536  TTS_MSG_GETAUDIO  0  
[2018/09/13 10:20:22 055] tts        429  get audio|use local  
[2018/09/13 10:20:22 055] tts        471  0  nil  1  
[2018/09/13 10:20:22 058] tts        536  TTS_MSG_GETAUDIO  0  
[2018/09/13 10:20:22 058] tts        429  get audio|use local  
[2018/09/13 10:20:22 059] tts        442  local audiolen:  7218  ,ced:  21  
[2018/09/13 10:20:22 059] tts        471  0  udata(c4079408) 1  
[2018/09/13 10:20:22 060] tts        536  TTS_MSG_GETAUDIO  0  
[2018/09/13 10:20:22 060] tts        429  get audio|use local  
[2018/09/13 10:20:22 061] tts        442  local audiolen:  7238  ,ced:  21  
[2018/09/13 10:20:22 061] tts        471  0  udata(c4079118) 1  
[2018/09/13 10:20:22 062] tts        536  TTS_MSG_GETAUDIO  0  
[2018/09/13 10:20:22 062] tts        429  get audio|use local  
[2018/09/13 10:20:22 062] tts        442  local audiolen:  7412  ,ced:  21  
[2018/09/13 10:20:22 063] tts        471  0  udata(c4084688) 1  
[2018/09/13 10:20:22 064] tts        536  TTS_MSG_GETAUDIO  0  
[2018/09/13 10:20:22 064] tts        429  get audio|use local  
[2018/09/13 10:20:22 065] tts        442  local audiolen:  512  ,ced:  21  
[2018/09/13 10:20:22 065] tts        471  0  udata(c407bc58) 1  
[2018/09/13 10:20:22 066] tts        536  TTS_MSG_GETAUDIO  0  
[2018/09/13 10:20:22 066] tts        429  get audio|use local  
[2018/09/13 10:20:22 067] tts        442  local audiolen:  512  ,ced:  21  
[2018/09/13 10:20:22 067] tts        471  0  udata(c407bff8) 1  
[2018/09/13 10:20:22 068] tts        536  TTS_MSG_GETAUDIO  0  
[2018/09/13 10:20:22 069] tts        429  get audio|use local  
[2018/09/13 10:20:22 069] tts        442  local audiolen:  512  ,ced:  21  
[2018/09/13 10:20:22 069] tts        471  0  udata(c4079e88) 1  
[2018/09/13 10:20:22 070] tts        536  TTS_MSG_GETAUDIO  0  
[2018/09/13 10:20:22 070] tts        429  get audio|use local  
[2018/09/13 10:20:22 070] tts        442  local audiolen:  512  ,ced:  21  
[2018/09/13 10:20:22 070] tts        471  0  udata(c407a0d8) 1  
[2018/09/13 10:20:22 071] tts        536  TTS_MSG_GETAUDIO  0  
[2018/09/13 10:20:22 071] tts        429  get audio|use local  
[2018/09/13 10:20:22 071] tts        442  local audiolen:  512  ,ced:  21  
[2018/09/13 10:20:22 071] tts        471  0  udata(c407a188) 1  
[2018/09/13 10:20:22 071] tts        536  TTS_MSG_GETAUDIO  0  
[2018/09/13 10:20:22 071] tts        429  get audio|use local  
[2018/09/13 10:20:22 071] tts        442  local audiolen:  512  ,ced:  21  
[2018/09/13 10:20:22 071] tts        471  0  udata(c407a1d8) 1  
[2018/09/13 10:20:22 071] tts        536  TTS_MSG_GETAUDIO  0  
[2018/09/13 10:20:22 071] tts        429  get audio|use local  
[2018/09/13 10:20:22 071] tts        442  local audiolen:  512  ,ced:  21  
[2018/09/13 10:20:22 071] tts        471  0  udata(c407a228) 1  
[2018/09/13 10:20:22 072] tts        536  TTS_MSG_GETAUDIO  0  
[2018/09/13 10:20:22 072] tts        429  get audio|use local  
[2018/09/13 10:20:22 072] tts        442  local audiolen:  512  ,ced:  21  
[2018/09/13 10:20:22 072] tts        471  0  udata(c407a278) 1  
[2018/09/13 10:20:22 072] tts        536  TTS_MSG_GETAUDIO  0  
[2018/09/13 10:20:22 072] tts        429  get audio|use local  
[2018/09/13 10:20:22 072] tts        442  local audiolen:  512  ,ced:  21  
[2018/09/13 10:20:22 072] tts        471  0  udata(c407a2c8) 1  
[2018/09/13 10:20:22 073] tts        536  TTS_MSG_GETAUDIO  0  
[2018/09/13 10:20:22 073] tts        429  get audio|use local  
[2018/09/13 10:20:22 073] tts        442  local audiolen:  512  ,ced:  21  
[2018/09/13 10:20:22 073] tts        471  0  udata(c407a318) 1  
[2018/09/13 10:20:22 073] tts        536  TTS_MSG_GETAUDIO  0  
[2018/09/13 10:20:22 073] tts        429  get audio|use local  
[2018/09/13 10:20:22 073] tts        442  local audiolen:  512  ,ced:  21  
[2018/09/13 10:20:22 073] tts        471  0  udata(c407a368) 1  
[2018/09/13 10:20:22 073] tts        536  TTS_MSG_GETAUDIO  0  
[2018/09/13 10:20:22 073] tts        429  get audio|use local  
[2018/09/13 10:20:22 073] tts        442  local audiolen:  512  ,ced:  21  
[2018/09/13 10:20:22 073] tts        471  0  udata(c407a3b8) 1  
[2018/09/13 10:20:22 074] tts        536  TTS_MSG_GETAUDIO  0  
[2018/09/13 10:20:22 074] tts        429  get audio|use local  
[2018/09/13 10:20:22 074] tts        442  local audiolen:  512  ,ced:  21  
[2018/09/13 10:20:22 074] tts        471  0  udata(c407a408) 1  
[2018/09/13 10:20:22 074] tts        536  TTS_MSG_GETAUDIO  0  
[2018/09/13 10:20:22 074] tts        429  get audio|use local  
[2018/09/13 10:20:22 074] tts        442  local audiolen:  512  ,ced:  21  
[2018/09/13 10:20:22 074] tts        471  0  udata(c407a458) 1  
[2018/09/13 10:20:22 075] tts        536  TTS_MSG_GETAUDIO  0  
[2018/09/13 10:20:22 075] tts        429  get audio|use local  
[2018/09/13 10:20:22 075] tts        442  local audiolen:  512  ,ced:  21  
[2018/09/13 10:20:22 075] tts        471  0  udata(c407a4a8) 1  
[2018/09/13 10:20:22 075] tts        536  TTS_MSG_GETAUDIO  0  
[2018/09/13 10:20:22 075] tts        429  get audio|use local  
[2018/09/13 10:20:22 075] tts        442  local audiolen:  512  ,ced:  21  
[2018/09/13 10:20:22 075] tts        471  0  udata(c407a4f8) 1  
[2018/09/13 10:20:22 075] tts        536  TTS_MSG_GETAUDIO  0  
[2018/09/13 10:20:22 075] tts        429  get audio|use local  
[2018/09/13 10:20:22 075] tts        442  local audiolen:  512  ,ced:  21  
[2018/09/13 10:20:22 075] tts        471  0  udata(c407a548) 1  
[2018/09/13 10:20:22 076] tts        536  TTS_MSG_GETAUDIO  0  
[2018/09/13 10:20:22 076] tts        429  get audio|use local  
[2018/09/13 10:20:22 076] tts        442  local audiolen:  512  ,ced:  21  
[2018/09/13 10:20:22 076] tts        471  0  udata(c407a598) 1  
[2018/09/13 10:20:22 076] tts        536  TTS_MSG_GETAUDIO  0  
[2018/09/13 10:20:22 076] tts        429  get audio|use local  
[2018/09/13 10:20:22 076] tts        442  local audiolen:  160  ,ced:  21  
[2018/09/13 10:20:22 076] tts        471  0  udata(c407bdb8) 1  
[2018/09/13 10:20:22 076] tts        536  TTS_MSG_GETAUDIO  0  
[2018/09/13 10:20:22 076] tts        429  get audio|use local  
[2018/09/13 10:20:22 076] tts        442  local audiolen:  212  ,ced:  30  
[2018/09/13 10:20:22 076] tts        471  0  udata(c407bd08) 1  
[2018/09/13 10:20:22 077] tts        536  TTS_MSG_GETAUDIO  0  
[2018/09/13 10:20:22 077] tts        429  get audio|use local  
[2018/09/13 10:20:22 077] tts        442  local audiolen:  6052  ,ced:  30  
[2018/09/13 10:20:22 077] tts        471  0  udata(c407bd58) 1  
[2018/09/13 10:20:22 077] tts        536  TTS_MSG_GETAUDIO  0  
[2018/09/13 10:20:22 077] tts        429  get audio|use local  
[2018/09/13 10:20:22 077] tts        471  0  nil  1  
[2018/09/13 10:20:22 077] tts        536  TTS_MSG_GETAUDIO  0  
[2018/09/13 10:20:22 077] tts        429  get audio|use local  
[2018/09/13 10:20:22 077] tts        471  0  nil  1  
[2018/09/13 10:20:22 078] tts        536  TTS_MSG_GETAUDIO  0  
[2018/09/13 10:20:22 078] tts        429  get audio|use local  
[2018/09/13 10:20:22 078] tts        471  0  nil  1  
[2018/09/13 10:20:22 078] tts        536  TTS_MSG_GETAUDIO  0  
[2018/09/13 10:20:22 078] tts        429  get audio|use local  
[2018/09/13 10:20:22 078] tts        471  0  nil  1  
[2018/09/13 10:20:22 079] tts        536  TTS_MSG_GETAUDIO  0  
[2018/09/13 10:20:22 079] tts        429  get audio|use local  
[2018/09/13 10:20:22 079] tts        471  0  nil  1  
[2018/09/13 10:20:22 079] tts        536  TTS_MSG_GETAUDIO  0  
[2018/09/13 10:20:22 079] tts        429  get audio|use local  
[2018/09/13 10:20:22 079] tts        471  0  nil  1  
[2018/09/13 10:20:22 079] tts        536  TTS_MSG_GETAUDIO  0  
[2018/09/13 10:20:22 079] tts        429  get audio|use local  
[2018/09/13 10:20:22 079] tts        471  0  nil  1  
[2018/09/13 10:20:22 080] tts        536  TTS_MSG_GETAUDIO  0  
[2018/09/13 10:20:22 080] tts        429  get audio|use local  
[2018/09/13 10:20:22 080] tts        471  0  nil  1  
[2018/09/13 10:20:22 080] tts        536  TTS_MSG_GETAUDIO  0  
[2018/09/13 10:20:22 080] tts        429  get audio|use local  
[2018/09/13 10:20:22 080] tts        471  0  nil  1  
[2018/09/13 10:20:22 081] tts        536  TTS_MSG_GETAUDIO  0  
[2018/09/13 10:20:22 081] tts        429  get audio|use local  
[2018/09/13 10:20:22 081] tts        471  0  nil  1  
[2018/09/13 10:20:22 081] tts        536  TTS_MSG_GETAUDIO  0  
[2018/09/13 10:20:22 081] tts        429  get audio|use local  
[2018/09/13 10:20:22 081] tts        471  0  nil  1  
[2018/09/13 10:20:22 081] tts        536  TTS_MSG_GETAUDIO  0  
[2018/09/13 10:20:22 081] tts        429  get audio|use local  
[2018/09/13 10:20:22 081] tts        471  0  nil  1  
[2018/09/13 10:20:22 081] tts        536  TTS_MSG_GETAUDIO  0  
[2018/09/13 10:20:22 081] tts        429  get audio|use local  
[2018/09/13 10:20:22 081] tts        471  0  nil  1  
[2018/09/13 10:20:22 081] tts        536  TTS_MSG_GETAUDIO  0  
[2018/09/13 10:20:22 081] tts        429  get audio|use local  
[2018/09/13 10:20:22 081] tts        471  0  nil  1  
[2018/09/13 10:20:22 082] tts        536  TTS_MSG_GETAUDIO  0  
[2018/09/13 10:20:22 082] tts        429  get audio|use local  
[2018/09/13 10:20:22 082] tts        471  0  nil  1  
[2018/09/13 10:20:22 082] tts        536  TTS_MSG_GETAUDIO  0  
[2018/09/13 10:20:22 082] tts        429  get audio|use local  
[2018/09/13 10:20:22 082] tts        471  0  nil  1  
[2018/09/13 10:20:22 082] tts        536  TTS_MSG_GETAUDIO  0  
[2018/09/13 10:20:22 082] tts        429  get audio|use local  
[2018/09/13 10:20:22 082] tts        471  0  nil  1  
[2018/09/13 10:20:22 082] tts        536  TTS_MSG_GETAUDIO  0  
[2018/09/13 10:20:22 082] tts        429  get audio|use local  
[2018/09/13 10:20:22 082] tts        471  0  nil  1  
[2018/09/13 10:20:22 083] tts        536  TTS_MSG_GETAUDIO  0  
[2018/09/13 10:20:22 083] tts        429  get audio|use local  
[2018/09/13 10:20:22 083] tts        471  0  nil  1  
[2018/09/13 10:20:22 083] tts        536  TTS_MSG_GETAUDIO  0  
[2018/09/13 10:20:22 083] tts        429  get audio|use local  
[2018/09/13 10:20:22 083] tts        471  0  nil  1  
[2018/09/13 10:20:22 084] tts        536  TTS_MSG_GETAUDIO  0  
[2018/09/13 10:20:22 084] tts        429  get audio|use local  
[2018/09/13 10:20:22 084] tts        471  0  nil  1  
[2018/09/13 10:20:22 084] tts        536  TTS_MSG_GETAUDIO  0  
[2018/09/13 10:20:22 084] tts        429  get audio|use local  
[2018/09/13 10:20:22 084] tts        471  0  nil  1  
[2018/09/13 10:20:22 085] tts        536  TTS_MSG_GETAUDIO  0  
[2018/09/13 10:20:22 085] tts        429  get audio|use local  
[2018/09/13 10:20:22 085] tts        471  0  nil  1  
[2018/09/13 10:20:22 085] tts        536  TTS_MSG_GETAUDIO  0  
[2018/09/13 10:20:22 085] tts        429  get audio|use local  
[2018/09/13 10:20:22 086] tts        471  0  nil  1  
[2018/09/13 10:20:22 086] tts        536  TTS_MSG_GETAUDIO  0  
[2018/09/13 10:20:22 086] tts        429  get audio|use local  
[2018/09/13 10:20:22 086] tts        471  0  nil  1  
[2018/09/13 10:20:22 088] tts        536  TTS_MSG_GETAUDIO  0  
[2018/09/13 10:20:22 088] tts        429  get audio|use local  
[2018/09/13 10:20:22 088] tts        442  local audiolen:  5830  ,ced:  30  
[2018/09/13 10:20:22 088] tts        471  0  udata(c4079628) 1  
[2018/09/13 10:20:22 089] tts        292  0  0  
[2018/09/13 10:20:22 089] tts        299  TTS_LOCAL_CB_END,  2  
[2018/09/13 10:20:22 089] tts        536  TTS_MSG_GETAUDIO  0  
[2018/09/13 10:20:22 089] tts        429  get audio|use local  
[2018/09/13 10:20:22 089] tts        442  local audiolen:  5608  ,ced:  30  
[2018/09/13 10:20:22 089] tts        471  0  udata(c4079678) 1  
[2018/09/13 10:20:22 090] tts        536  TTS_MSG_GETAUDIO  0  
[2018/09/13 10:20:22 090] tts        429  get audio|use local  
[2018/09/13 10:20:22 090] tts        442  local audiolen:  9966  ,ced:  30  
[2018/09/13 10:20:22 090] tts        471  0  udata(c4079878) 2  
[2018/09/13 10:20:22 091] tts        539  TTS_MSG_SSE  
[2018/09/13 10:20:22 091] tts        493  sse|use local  
[2018/09/13 10:20:22 092] tts        509  tts exit  
