============================================================
Time  2017/07/13 23:45:10 379 
============================================================
[2017/07/13 23:45:10 379] tts        555  SYS_MSG_REGCB param0 =  msp_status_cb  param1 =  func(800182e0) 
[2017/07/13 23:45:10 380] config     42   use general cloud  
[2017/07/13 23:45:10 381] tts_cloud  1414 SYS_MSG_REGCB_CLOUD param0 =   msp_status_cb  param1 =  func(800182e0) 
[2017/07/13 23:45:10 381] tts        527  TTS_MSG_SSB  
[2017/07/13 23:45:10 381] tts        338  params =  engine_type = local, text_encoding = UTF8,voice_name=xiaofeng,tts_res_path = fo|res/tts/xiaofeng.jet;fo|res/tts/common.jet, sample_rate = 16000, speed = 50, volume = 50, pitch = 50, rdn = 2  
[2017/07/13 23:45:10 381] tts        369  ssb|use local  
[2017/07/13 23:45:10 381] tts        313  local_session_begin  
[2017/07/13 23:45:10 384] tts        533  TTS_MSG_SYN  0  
[2017/07/13 23:45:10 384] tts        404  synth|use local  
[2017/07/13 23:45:10 384] tts        536  TTS_MSG_GETAUDIO  0  
[2017/07/13 23:45:10 384] tts        429  get audio|use local  
[2017/07/13 23:45:10 384] tts        471  0  nil  1  
[2017/07/13 23:45:10 385] tts        536  TTS_MSG_GETAUDIO  0  
[2017/07/13 23:45:10 385] tts        429  get audio|use local  
[2017/07/13 23:45:10 385] tts        471  0  nil  1  
[2017/07/13 23:45:10 385] tts        536  TTS_MSG_GETAUDIO  0  
[2017/07/13 23:45:10 385] tts        429  get audio|use local  
[2017/07/13 23:45:10 385] tts        471  0  nil  1  
[2017/07/13 23:45:10 385] tts        536  TTS_MSG_GETAUDIO  0  
[2017/07/13 23:45:10 385] tts        429  get audio|use local  
[2017/07/13 23:45:10 385] tts        471  0  nil  1  
[2017/07/13 23:45:10 385] tts        536  TTS_MSG_GETAUDIO  0  
[2017/07/13 23:45:10 385] tts        429  get audio|use local  
[2017/07/13 23:45:10 385] tts        471  0  nil  1  
[2017/07/13 23:45:10 385] tts        536  TTS_MSG_GETAUDIO  0  
[2017/07/13 23:45:10 385] tts        429  get audio|use local  
[2017/07/13 23:45:10 385] tts        471  0  nil  1  
[2017/07/13 23:45:10 385] tts        536  TTS_MSG_GETAUDIO  0  
[2017/07/13 23:45:10 385] tts        429  get audio|use local  
[2017/07/13 23:45:10 385] tts        471  0  nil  1  
[2017/07/13 23:45:10 386] tts        536  TTS_MSG_GETAUDIO  0  
[2017/07/13 23:45:10 386] tts        429  get audio|use local  
[2017/07/13 23:45:10 386] tts        471  0  nil  1  
[2017/07/13 23:45:10 386] tts        536  TTS_MSG_GETAUDIO  0  
[2017/07/13 23:45:10 386] tts        429  get audio|use local  
[2017/07/13 23:45:10 386] tts        471  0  nil  1  
[2017/07/13 23:45:10 387] tts        536  TTS_MSG_GETAUDIO  0  
[2017/07/13 23:45:10 387] tts        429  get audio|use local  
[2017/07/13 23:45:10 387] tts        471  0  nil  1  
[2017/07/13 23:45:10 387] tts        536  TTS_MSG_GETAUDIO  0  
[2017/07/13 23:45:10 387] tts        429  get audio|use local  
[2017/07/13 23:45:10 387] tts        471  0  nil  1  
[2017/07/13 23:45:10 388] tts        536  TTS_MSG_GETAUDIO  0  
[2017/07/13 23:45:10 388] tts        429  get audio|use local  
[2017/07/13 23:45:10 388] tts        471  0  nil  1  
[2017/07/13 23:45:10 388] tts        536  TTS_MSG_GETAUDIO  0  
[2017/07/13 23:45:10 388] tts        429  get audio|use local  
[2017/07/13 23:45:10 388] tts        471  0  nil  1  
[2017/07/13 23:45:10 389] tts        536  TTS_MSG_GETAUDIO  0  
[2017/07/13 23:45:10 389] tts        429  get audio|use local  
[2017/07/13 23:45:10 389] tts        471  0  nil  1  
[2017/07/13 23:45:10 390] tts        536  TTS_MSG_GETAUDIO  0  
[2017/07/13 23:45:10 390] tts        429  get audio|use local  
[2017/07/13 23:45:10 390] tts        471  0  nil  1  
[2017/07/13 23:45:10 390] tts        536  TTS_MSG_GETAUDIO  0  
[2017/07/13 23:45:10 390] tts        429  get audio|use local  
[2017/07/13 23:45:10 390] tts        471  0  nil  1  
[2017/07/13 23:45:10 391] tts        536  TTS_MSG_GETAUDIO  0  
[2017/07/13 23:45:10 391] tts        429  get audio|use local  
[2017/07/13 23:45:10 391] tts        471  0  nil  1  
[2017/07/13 23:45:10 391] tts        536  TTS_MSG_GETAUDIO  0  
[2017/07/13 23:45:10 391] tts        429  get audio|use local  
[2017/07/13 23:45:10 391] tts        471  0  nil  1  
[2017/07/13 23:45:10 391] tts        536  TTS_MSG_GETAUDIO  0  
[2017/07/13 23:45:10 391] tts        429  get audio|use local  
[2017/07/13 23:45:10 392] tts        471  0  nil  1  
[2017/07/13 23:45:10 392] tts        536  TTS_MSG_GETAUDIO  0  
[2017/07/13 23:45:10 392] tts        429  get audio|use local  
[2017/07/13 23:45:10 392] tts        471  0  nil  1  
[2017/07/13 23:45:10 392] tts        536  TTS_MSG_GETAUDIO  0  
[2017/07/13 23:45:10 392] tts        429  get audio|use local  
[2017/07/13 23:45:10 392] tts        471  0  nil  1  
[2017/07/13 23:45:10 392] tts        536  TTS_MSG_GETAUDIO  0  
[2017/07/13 23:45:10 392] tts        429  get audio|use local  
[2017/07/13 23:45:10 392] tts        471  0  nil  1  
[2017/07/13 23:45:10 392] tts        536  TTS_MSG_GETAUDIO  0  
[2017/07/13 23:45:10 392] tts        429  get audio|use local  
[2017/07/13 23:45:10 392] tts        471  0  nil  1  
[2017/07/13 23:45:10 392] tts        536  TTS_MSG_GETAUDIO  0  
[2017/07/13 23:45:10 392] tts        429  get audio|use local  
[2017/07/13 23:45:10 392] tts        471  0  nil  1  
[2017/07/13 23:45:10 392] tts        536  TTS_MSG_GETAUDIO  0  
[2017/07/13 23:45:10 392] tts        429  get audio|use local  
[2017/07/13 23:45:10 392] tts        471  0  nil  1  
[2017/07/13 23:45:10 393] tts        536  TTS_MSG_GETAUDIO  0  
[2017/07/13 23:45:10 393] tts        429  get audio|use local  
[2017/07/13 23:45:10 393] tts        471  0  nil  1  
[2017/07/13 23:45:10 393] tts        536  TTS_MSG_GETAUDIO  0  
[2017/07/13 23:45:10 393] tts        429  get audio|use local  
[2017/07/13 23:45:10 393] tts        471  0  nil  1  
[2017/07/13 23:45:10 393] tts        536  TTS_MSG_GETAUDIO  0  
[2017/07/13 23:45:10 393] tts        429  get audio|use local  
[2017/07/13 23:45:10 393] tts        471  0  nil  1  
[2017/07/13 23:45:10 393] tts        536  TTS_MSG_GETAUDIO  0  
[2017/07/13 23:45:10 393] tts        429  get audio|use local  
[2017/07/13 23:45:10 393] tts        471  0  nil  1  
[2017/07/13 23:45:10 393] tts        536  TTS_MSG_GETAUDIO  0  
[2017/07/13 23:45:10 393] tts        429  get audio|use local  
[2017/07/13 23:45:10 393] tts        471  0  nil  1  
[2017/07/13 23:45:10 394] tts        536  TTS_MSG_GETAUDIO  0  
[2017/07/13 23:45:10 394] tts        429  get audio|use local  
[2017/07/13 23:45:10 394] tts        471  0  nil  1  
[2017/07/13 23:45:10 394] tts        536  TTS_MSG_GETAUDIO  0  
[2017/07/13 23:45:10 394] tts        429  get audio|use local  
[2017/07/13 23:45:10 394] tts        471  0  nil  1  
[2017/07/13 23:45:10 394] tts        536  TTS_MSG_GETAUDIO  0  
[2017/07/13 23:45:10 394] tts        429  get audio|use local  
[2017/07/13 23:45:10 394] tts        471  0  nil  1  
[2017/07/13 23:45:10 394] tts        536  TTS_MSG_GETAUDIO  0  
[2017/07/13 23:45:10 394] tts        429  get audio|use local  
[2017/07/13 23:45:10 394] tts        471  0  nil  1  
[2017/07/13 23:45:10 394] tts        536  TTS_MSG_GETAUDIO  0  
[2017/07/13 23:45:10 394] tts        429  get audio|use local  
[2017/07/13 23:45:10 394] tts        471  0  nil  1  
[2017/07/13 23:45:10 394] tts        536  TTS_MSG_GETAUDIO  0  
[2017/07/13 23:45:10 394] tts        429  get audio|use local  
[2017/07/13 23:45:10 394] tts        471  0  nil  1  
[2017/07/13 23:45:10 394] tts        536  TTS_MSG_GETAUDIO  0  
[2017/07/13 23:45:10 394] tts        429  get audio|use local  
[2017/07/13 23:45:10 394] tts        471  0  nil  1  
[2017/07/13 23:45:10 394] tts        536  TTS_MSG_GETAUDIO  0  
[2017/07/13 23:45:10 394] tts        429  get audio|use local  
[2017/07/13 23:45:10 394] tts        471  0  nil  1  
[2017/07/13 23:45:10 394] tts        536  TTS_MSG_GETAUDIO  0  
[2017/07/13 23:45:10 394] tts        429  get audio|use local  
[2017/07/13 23:45:10 394] tts        471  0  nil  1  
[2017/07/13 23:45:10 395] tts        536  TTS_MSG_GETAUDIO  0  
[2017/07/13 23:45:10 395] tts        429  get audio|use local  
[2017/07/13 23:45:10 395] tts        471  0  nil  1  
[2017/07/13 23:45:10 395] tts        536  TTS_MSG_GETAUDIO  0  
[2017/07/13 23:45:10 395] tts        429  get audio|use local  
[2017/07/13 23:45:10 395] tts        471  0  nil  1  
[2017/07/13 23:45:10 395] tts        536  TTS_MSG_GETAUDIO  0  
[2017/07/13 23:45:10 395] tts        429  get audio|use local  
[2017/07/13 23:45:10 395] tts        471  0  nil  1  
[2017/07/13 23:45:10 395] tts        536  TTS_MSG_GETAUDIO  0  
[2017/07/13 23:45:10 395] tts        429  get audio|use local  
[2017/07/13 23:45:10 395] tts        471  0  nil  1  
[2017/07/13 23:45:10 395] tts        536  TTS_MSG_GETAUDIO  0  
[2017/07/13 23:45:10 395] tts        429  get audio|use local  
[2017/07/13 23:45:10 395] tts        471  0  nil  1  
[2017/07/13 23:45:10 395] tts        536  TTS_MSG_GETAUDIO  0  
[2017/07/13 23:45:10 395] tts        429  get audio|use local  
[2017/07/13 23:45:10 395] tts        471  0  nil  1  
[2017/07/13 23:45:10 395] tts        536  TTS_MSG_GETAUDIO  0  
[2017/07/13 23:45:10 395] tts        429  get audio|use local  
[2017/07/13 23:45:10 395] tts        471  0  nil  1  
[2017/07/13 23:45:10 395] tts        536  TTS_MSG_GETAUDIO  0  
[2017/07/13 23:45:10 395] tts        429  get audio|use local  
[2017/07/13 23:45:10 395] tts        471  0  nil  1  
[2017/07/13 23:45:10 395] tts        536  TTS_MSG_GETAUDIO  0  
[2017/07/13 23:45:10 395] tts        429  get audio|use local  
[2017/07/13 23:45:10 395] tts        471  0  nil  1  
[2017/07/13 23:45:10 396] tts        536  TTS_MSG_GETAUDIO  0  
[2017/07/13 23:45:10 396] tts        429  get audio|use local  
[2017/07/13 23:45:10 396] tts        471  0  nil  1  
[2017/07/13 23:45:10 396] tts        536  TTS_MSG_GETAUDIO  0  
[2017/07/13 23:45:10 396] tts        429  get audio|use local  
[2017/07/13 23:45:10 396] tts        471  0  nil  1  
[2017/07/13 23:45:10 396] tts        536  TTS_MSG_GETAUDIO  0  
[2017/07/13 23:45:10 396] tts        429  get audio|use local  
[2017/07/13 23:45:10 396] tts        471  0  nil  1  
[2017/07/13 23:45:10 396] tts        536  TTS_MSG_GETAUDIO  0  
[2017/07/13 23:45:10 396] tts        429  get audio|use local  
[2017/07/13 23:45:10 396] tts        471  0  nil  1  
[2017/07/13 23:45:10 396] tts        536  TTS_MSG_GETAUDIO  0  
[2017/07/13 23:45:10 396] tts        429  get audio|use local  
[2017/07/13 23:45:10 396] tts        471  0  nil  1  
[2017/07/13 23:45:10 396] tts        536  TTS_MSG_GETAUDIO  0  
[2017/07/13 23:45:10 396] tts        429  get audio|use local  
[2017/07/13 23:45:10 396] tts        471  0  nil  1  
[2017/07/13 23:45:10 396] tts        536  TTS_MSG_GETAUDIO  0  
[2017/07/13 23:45:10 396] tts        429  get audio|use local  
[2017/07/13 23:45:10 396] tts        471  0  nil  1  
[2017/07/13 23:45:10 396] tts        536  TTS_MSG_GETAUDIO  0  
[2017/07/13 23:45:10 396] tts        429  get audio|use local  
[2017/07/13 23:45:10 396] tts        471  0  nil  1  
[2017/07/13 23:45:10 396] tts        536  TTS_MSG_GETAUDIO  0  
[2017/07/13 23:45:10 396] tts        429  get audio|use local  
[2017/07/13 23:45:10 396] tts        471  0  nil  1  
[2017/07/13 23:45:10 396] tts        536  TTS_MSG_GETAUDIO  0  
[2017/07/13 23:45:10 396] tts        429  get audio|use local  
[2017/07/13 23:45:10 396] tts        471  0  nil  1  
[2017/07/13 23:45:10 397] tts        536  TTS_MSG_GETAUDIO  0  
[2017/07/13 23:45:10 397] tts        429  get audio|use local  
[2017/07/13 23:45:10 397] tts        471  0  nil  1  
[2017/07/13 23:45:10 397] tts        536  TTS_MSG_GETAUDIO  0  
[2017/07/13 23:45:10 397] tts        429  get audio|use local  
[2017/07/13 23:45:10 397] tts        471  0  nil  1  
[2017/07/13 23:45:10 397] tts        536  TTS_MSG_GETAUDIO  0  
[2017/07/13 23:45:10 397] tts        429  get audio|use local  
[2017/07/13 23:45:10 397] tts        471  0  nil  1  
[2017/07/13 23:45:10 397] tts        536  TTS_MSG_GETAUDIO  0  
[2017/07/13 23:45:10 397] tts        429  get audio|use local  
[2017/07/13 23:45:10 397] tts        471  0  nil  1  
[2017/07/13 23:45:10 397] tts        536  TTS_MSG_GETAUDIO  0  
[2017/07/13 23:45:10 397] tts        429  get audio|use local  
[2017/07/13 23:45:10 397] tts        471  0  nil  1  
[2017/07/13 23:45:10 397] tts        536  TTS_MSG_GETAUDIO  0  
[2017/07/13 23:45:10 397] tts        429  get audio|use local  
[2017/07/13 23:45:10 397] tts        471  0  nil  1  
[2017/07/13 23:45:10 397] tts        536  TTS_MSG_GETAUDIO  0  
[2017/07/13 23:45:10 397] tts        429  get audio|use local  
[2017/07/13 23:45:10 397] tts        471  0  nil  1  
[2017/07/13 23:45:10 397] tts        536  TTS_MSG_GETAUDIO  0  
[2017/07/13 23:45:10 397] tts        429  get audio|use local  
[2017/07/13 23:45:10 397] tts        471  0  nil  1  
[2017/07/13 23:45:10 397] tts        536  TTS_MSG_GETAUDIO  0  
[2017/07/13 23:45:10 397] tts        429  get audio|use local  
[2017/07/13 23:45:10 397] tts        471  0  nil  1  
[2017/07/13 23:45:10 398] tts        536  TTS_MSG_GETAUDIO  0  
[2017/07/13 23:45:10 398] tts        429  get audio|use local  
[2017/07/13 23:45:10 398] tts        471  0  nil  1  
[2017/07/13 23:45:10 398] tts        536  TTS_MSG_GETAUDIO  0  
[2017/07/13 23:45:10 398] tts        429  get audio|use local  
[2017/07/13 23:45:10 398] tts        471  0  nil  1  
[2017/07/13 23:45:10 398] tts        536  TTS_MSG_GETAUDIO  0  
[2017/07/13 23:45:10 398] tts        429  get audio|use local  
[2017/07/13 23:45:10 398] tts        471  0  nil  1  
[2017/07/13 23:45:10 398] tts        536  TTS_MSG_GETAUDIO  0  
[2017/07/13 23:45:10 398] tts        429  get audio|use local  
[2017/07/13 23:45:10 398] tts        471  0  nil  1  
[2017/07/13 23:45:10 398] tts        536  TTS_MSG_GETAUDIO  0  
[2017/07/13 23:45:10 398] tts        429  get audio|use local  
[2017/07/13 23:45:10 398] tts        471  0  nil  1  
[2017/07/13 23:45:10 398] tts        536  TTS_MSG_GETAUDIO  0  
[2017/07/13 23:45:10 398] tts        429  get audio|use local  
[2017/07/13 23:45:10 398] tts        471  0  nil  1  
[2017/07/13 23:45:10 398] tts        536  TTS_MSG_GETAUDIO  0  
[2017/07/13 23:45:10 398] tts        429  get audio|use local  
[2017/07/13 23:45:10 398] tts        471  0  nil  1  
[2017/07/13 23:45:10 398] tts        536  TTS_MSG_GETAUDIO  0  
[2017/07/13 23:45:10 398] tts        429  get audio|use local  
[2017/07/13 23:45:10 398] tts        471  0  nil  1  
[2017/07/13 23:45:10 398] tts        536  TTS_MSG_GETAUDIO  0  
[2017/07/13 23:45:10 398] tts        429  get audio|use local  
[2017/07/13 23:45:10 398] tts        471  0  nil  1  
[2017/07/13 23:45:10 398] tts        536  TTS_MSG_GETAUDIO  0  
[2017/07/13 23:45:10 399] tts        429  get audio|use local  
[2017/07/13 23:45:10 399] tts        471  0  nil  1  
[2017/07/13 23:45:10 399] tts        536  TTS_MSG_GETAUDIO  0  
[2017/07/13 23:45:10 399] tts        429  get audio|use local  
[2017/07/13 23:45:10 399] tts        471  0  nil  1  
[2017/07/13 23:45:10 399] tts        536  TTS_MSG_GETAUDIO  0  
[2017/07/13 23:45:10 399] tts        429  get audio|use local  
[2017/07/13 23:45:10 399] tts        471  0  nil  1  
[2017/07/13 23:45:10 399] tts        536  TTS_MSG_GETAUDIO  0  
[2017/07/13 23:45:10 399] tts        429  get audio|use local  
[2017/07/13 23:45:10 399] tts        471  0  nil  1  
[2017/07/13 23:45:10 400] tts        536  TTS_MSG_GETAUDIO  0  
[2017/07/13 23:45:10 400] tts        429  get audio|use local  
[2017/07/13 23:45:10 400] tts        471  0  nil  1  
[2017/07/13 23:45:10 400] tts        536  TTS_MSG_GETAUDIO  0  
[2017/07/13 23:45:10 400] tts        429  get audio|use local  
[2017/07/13 23:45:10 400] tts        471  0  nil  1  
[2017/07/13 23:45:10 400] tts        536  TTS_MSG_GETAUDIO  0  
[2017/07/13 23:45:10 400] tts        429  get audio|use local  
[2017/07/13 23:45:10 400] tts        471  0  nil  1  
[2017/07/13 23:45:10 400] tts        536  TTS_MSG_GETAUDIO  0  
[2017/07/13 23:45:10 400] tts        429  get audio|use local  
[2017/07/13 23:45:10 400] tts        471  0  nil  1  
[2017/07/13 23:45:10 400] tts        536  TTS_MSG_GETAUDIO  0  
[2017/07/13 23:45:10 400] tts        429  get audio|use local  
[2017/07/13 23:45:10 400] tts        471  0  nil  1  
[2017/07/13 23:45:10 401] tts        536  TTS_MSG_GETAUDIO  0  
[2017/07/13 23:45:10 401] tts        429  get audio|use local  
[2017/07/13 23:45:10 401] tts        471  0  nil  1  
[2017/07/13 23:45:10 401] tts        536  TTS_MSG_GETAUDIO  0  
[2017/07/13 23:45:10 402] tts        429  get audio|use local  
[2017/07/13 23:45:10 402] tts        471  0  nil  1  
[2017/07/13 23:45:10 402] tts        536  TTS_MSG_GETAUDIO  0  
[2017/07/13 23:45:10 402] tts        429  get audio|use local  
[2017/07/13 23:45:10 402] tts        471  0  nil  1  
[2017/07/13 23:45:10 402] tts        536  TTS_MSG_GETAUDIO  0  
[2017/07/13 23:45:10 403] tts        429  get audio|use local  
[2017/07/13 23:45:10 403] tts        471  0  nil  1  
[2017/07/13 23:45:10 403] tts        536  TTS_MSG_GETAUDIO  0  
[2017/07/13 23:45:10 403] tts        429  get audio|use local  
[2017/07/13 23:45:10 403] tts        471  0  nil  1  
[2017/07/13 23:45:10 403] tts        536  TTS_MSG_GETAUDIO  0  
[2017/07/13 23:45:10 403] tts        429  get audio|use local  
[2017/07/13 23:45:10 403] tts        471  0  nil  1  
[2017/07/13 23:45:10 403] tts        536  TTS_MSG_GETAUDIO  0  
[2017/07/13 23:45:10 403] tts        429  get audio|use local  
[2017/07/13 23:45:10 403] tts        471  0  nil  1  
[2017/07/13 23:45:10 403] tts        536  TTS_MSG_GETAUDIO  0  
[2017/07/13 23:45:10 403] tts        429  get audio|use local  
[2017/07/13 23:45:10 403] tts        471  0  nil  1  
[2017/07/13 23:45:10 404] tts        536  TTS_MSG_GETAUDIO  0  
[2017/07/13 23:45:10 404] tts        429  get audio|use local  
[2017/07/13 23:45:10 404] tts        471  0  nil  1  
[2017/07/13 23:45:10 404] tts        536  TTS_MSG_GETAUDIO  0  
[2017/07/13 23:45:10 404] tts        429  get audio|use local  
[2017/07/13 23:45:10 404] tts        471  0  nil  1  
[2017/07/13 23:45:10 405] tts        536  TTS_MSG_GETAUDIO  0  
[2017/07/13 23:45:10 405] tts        429  get audio|use local  
[2017/07/13 23:45:10 405] tts        471  0  nil  1  
[2017/07/13 23:45:10 405] tts        536  TTS_MSG_GETAUDIO  0  
[2017/07/13 23:45:10 406] tts        429  get audio|use local  
[2017/07/13 23:45:10 406] tts        471  0  nil  1  
[2017/07/13 23:45:10 406] tts        536  TTS_MSG_GETAUDIO  0  
[2017/07/13 23:45:10 406] tts        429  get audio|use local  
[2017/07/13 23:45:10 407] tts        471  0  nil  1  
[2017/07/13 23:45:10 407] tts        536  TTS_MSG_GETAUDIO  0  
[2017/07/13 23:45:10 407] tts        429  get audio|use local  
[2017/07/13 23:45:10 407] tts        471  0  nil  1  
[2017/07/13 23:45:10 407] tts        536  TTS_MSG_GETAUDIO  0  
[2017/07/13 23:45:10 407] tts        429  get audio|use local  
[2017/07/13 23:45:10 407] tts        471  0  nil  1  
[2017/07/13 23:45:10 408] tts        536  TTS_MSG_GETAUDIO  0  
[2017/07/13 23:45:10 411] tts        429  get audio|use local  
[2017/07/13 23:45:10 411] tts        471  0  nil  1  
[2017/07/13 23:45:10 411] tts        536  TTS_MSG_GETAUDIO  0  
[2017/07/13 23:45:10 413] tts        429  get audio|use local  
[2017/07/13 23:45:10 417] tts        471  0  nil  1  
[2017/07/13 23:45:10 420] tts        290  TTS_LOCAL_CB_BEGIN  
[2017/07/13 23:45:10 421] tts        536  TTS_MSG_GETAUDIO  0  
[2017/07/13 23:45:10 421] tts        429  get audio|use local  
[2017/07/13 23:45:10 421] tts        442  local audiolen:  300  ,ced:  18  
[2017/07/13 23:45:10 421] tts        471  0  udata(800846a8) 1  
[2017/07/13 23:45:10 423] tts        536  TTS_MSG_GETAUDIO  0  
[2017/07/13 23:45:10 423] tts        429  get audio|use local  
[2017/07/13 23:45:10 423] tts        442  local audiolen:  4472  ,ced:  18  
[2017/07/13 23:45:10 423] tts        471  0  udata(8006e218) 1  
[2017/07/13 23:45:10 426] tts        536  TTS_MSG_GETAUDIO  0  
[2017/07/13 23:45:10 426] tts        429  get audio|use local  
[2017/07/13 23:45:10 426] tts        442  local audiolen:  7136  ,ced:  18  
[2017/07/13 23:45:10 426] tts        471  0  udata(8007a148) 1  
[2017/07/13 23:45:10 426] tts        536  TTS_MSG_GETAUDIO  0  
[2017/07/13 23:45:10 426] tts        429  get audio|use local  
[2017/07/13 23:45:10 428] tts        442  local audiolen:  4510  ,ced:  18  
[2017/07/13 23:45:10 428] tts        471  0  udata(8007a288) 1  
[2017/07/13 23:45:10 428] tts        536  TTS_MSG_GETAUDIO  0  
[2017/07/13 23:45:10 428] tts        429  get audio|use local  
[2017/07/13 23:45:10 428] tts        442  local audiolen:  12914  ,ced:  18  
[2017/07/13 23:45:10 428] tts        471  0  udata(80084568) 1  
[2017/07/13 23:45:10 429] tts        536  TTS_MSG_GETAUDIO  0  
[2017/07/13 23:45:10 429] tts        429  get audio|use local  
[2017/07/13 23:45:10 429] tts        442  local audiolen:  6038  ,ced:  18  
[2017/07/13 23:45:10 429] tts        471  0  udata(800845b8) 1  
[2017/07/13 23:45:10 429] tts        536  TTS_MSG_GETAUDIO  0  
[2017/07/13 23:45:10 429] tts        429  get audio|use local  
[2017/07/13 23:45:10 429] tts        442  local audiolen:  512  ,ced:  18  
[2017/07/13 23:45:10 429] tts        471  0  udata(800794f8) 1  
[2017/07/13 23:45:10 429] tts        536  TTS_MSG_GETAUDIO  0  
[2017/07/13 23:45:10 429] tts        429  get audio|use local  
[2017/07/13 23:45:10 429] tts        442  local audiolen:  512  ,ced:  18  
[2017/07/13 23:45:10 429] tts        471  0  udata(800795a8) 1  
[2017/07/13 23:45:10 429] tts        536  TTS_MSG_GETAUDIO  0  
[2017/07/13 23:45:10 429] tts        429  get audio|use local  
[2017/07/13 23:45:10 429] tts        442  local audiolen:  512  ,ced:  18  
[2017/07/13 23:45:10 430] tts        471  0  udata(800795f8) 1  
[2017/07/13 23:45:10 430] tts        536  TTS_MSG_GETAUDIO  0  
[2017/07/13 23:45:10 430] tts        429  get audio|use local  
[2017/07/13 23:45:10 430] tts        442  local audiolen:  512  ,ced:  18  
[2017/07/13 23:45:10 430] tts        471  0  udata(80079648) 1  
[2017/07/13 23:45:10 431] tts        536  TTS_MSG_GETAUDIO  0  
[2017/07/13 23:45:10 431] tts        429  get audio|use local  
[2017/07/13 23:45:10 431] tts        442  local audiolen:  512  ,ced:  18  
[2017/07/13 23:45:10 431] tts        471  0  udata(80079838) 1  
[2017/07/13 23:45:10 432] tts        536  TTS_MSG_GETAUDIO  0  
[2017/07/13 23:45:10 432] tts        429  get audio|use local  
[2017/07/13 23:45:10 432] tts        442  local audiolen:  512  ,ced:  18  
[2017/07/13 23:45:10 432] tts        471  0  udata(80079c88) 1  
[2017/07/13 23:45:10 432] tts        536  TTS_MSG_GETAUDIO  0  
[2017/07/13 23:45:10 433] tts        429  get audio|use local  
[2017/07/13 23:45:10 433] tts        442  local audiolen:  512  ,ced:  18  
[2017/07/13 23:45:10 433] tts        471  0  udata(80079d38) 1  
[2017/07/13 23:45:10 436] tts        536  TTS_MSG_GETAUDIO  0  
[2017/07/13 23:45:10 436] tts        429  get audio|use local  
[2017/07/13 23:45:10 436] tts        442  local audiolen:  512  ,ced:  18  
[2017/07/13 23:45:10 437] tts        471  0  udata(80020d68) 1  
[2017/07/13 23:45:10 437] tts        536  TTS_MSG_GETAUDIO  0  
[2017/07/13 23:45:10 437] tts        429  get audio|use local  
[2017/07/13 23:45:10 437] tts        442  local audiolen:  512  ,ced:  18  
[2017/07/13 23:45:10 437] tts        471  0  udata(80020e18) 1  
[2017/07/13 23:45:10 437] tts        536  TTS_MSG_GETAUDIO  0  
[2017/07/13 23:45:10 437] tts        429  get audio|use local  
[2017/07/13 23:45:10 437] tts        442  local audiolen:  512  ,ced:  18  
[2017/07/13 23:45:10 437] tts        471  0  udata(80020e68) 1  
[2017/07/13 23:45:10 437] tts        536  TTS_MSG_GETAUDIO  0  
[2017/07/13 23:45:10 437] tts        429  get audio|use local  
[2017/07/13 23:45:10 437] tts        442  local audiolen:  512  ,ced:  18  
[2017/07/13 23:45:10 437] tts        471  0  udata(80020eb8) 1  
[2017/07/13 23:45:10 438] tts        536  TTS_MSG_GETAUDIO  0  
[2017/07/13 23:45:10 438] tts        429  get audio|use local  
[2017/07/13 23:45:10 438] tts        442  local audiolen:  512  ,ced:  18  
[2017/07/13 23:45:10 438] tts        471  0  udata(80020f08) 1  
[2017/07/13 23:45:10 438] tts        536  TTS_MSG_GETAUDIO  0  
[2017/07/13 23:45:10 438] tts        429  get audio|use local  
[2017/07/13 23:45:10 438] tts        442  local audiolen:  512  ,ced:  18  
[2017/07/13 23:45:10 438] tts        471  0  udata(80020f58) 1  
[2017/07/13 23:45:10 438] tts        536  TTS_MSG_GETAUDIO  0  
[2017/07/13 23:45:10 438] tts        429  get audio|use local  
[2017/07/13 23:45:10 438] tts        442  local audiolen:  512  ,ced:  18  
[2017/07/13 23:45:10 438] tts        471  0  udata(80020fa8) 1  
[2017/07/13 23:45:10 438] tts        536  TTS_MSG_GETAUDIO  0  
[2017/07/13 23:45:10 438] tts        429  get audio|use local  
[2017/07/13 23:45:10 438] tts        442  local audiolen:  512  ,ced:  18  
[2017/07/13 23:45:10 438] tts        471  0  udata(80020ff8) 1  
[2017/07/13 23:45:10 438] tts        536  TTS_MSG_GETAUDIO  0  
[2017/07/13 23:45:10 438] tts        429  get audio|use local  
[2017/07/13 23:45:10 438] tts        442  local audiolen:  512  ,ced:  18  
[2017/07/13 23:45:10 438] tts        471  0  udata(80021048) 1  
[2017/07/13 23:45:10 439] tts        536  TTS_MSG_GETAUDIO  0  
[2017/07/13 23:45:10 439] tts        429  get audio|use local  
[2017/07/13 23:45:10 439] tts        442  local audiolen:  512  ,ced:  18  
[2017/07/13 23:45:10 439] tts        471  0  udata(80021098) 1  
[2017/07/13 23:45:10 439] tts        536  TTS_MSG_GETAUDIO  0  
[2017/07/13 23:45:10 439] tts        429  get audio|use local  
[2017/07/13 23:45:10 439] tts        442  local audiolen:  512  ,ced:  18  
[2017/07/13 23:45:10 439] tts        471  0  udata(800210e8) 1  
[2017/07/13 23:45:10 439] tts        536  TTS_MSG_GETAUDIO  0  
[2017/07/13 23:45:10 440] tts        429  get audio|use local  
[2017/07/13 23:45:10 441] tts        442  local audiolen:  160  ,ced:  18  
[2017/07/13 23:45:10 442] tts        471  0  udata(800848a8) 1  
[2017/07/13 23:45:10 444] tts        536  TTS_MSG_GETAUDIO  0  
[2017/07/13 23:45:10 444] tts        429  get audio|use local  
[2017/07/13 23:45:10 444] tts        442  local audiolen:  244  ,ced:  27  
[2017/07/13 23:45:10 444] tts        471  0  udata(800218e8) 1  
[2017/07/13 23:45:10 444] tts        536  TTS_MSG_GETAUDIO  0  
[2017/07/13 23:45:10 444] tts        429  get audio|use local  
[2017/07/13 23:45:10 444] tts        442  local audiolen:  9884  ,ced:  27  
[2017/07/13 23:45:10 444] tts        471  0  udata(800847f8) 1  
[2017/07/13 23:45:10 444] tts        536  TTS_MSG_GETAUDIO  0  
[2017/07/13 23:45:10 444] tts        429  get audio|use local  
[2017/07/13 23:45:10 444] tts        442  local audiolen:  7908  ,ced:  27  
[2017/07/13 23:45:10 444] tts        471  0  udata(80084848) 1  
[2017/07/13 23:45:10 445] tts        536  TTS_MSG_GETAUDIO  0  
[2017/07/13 23:45:10 445] tts        429  get audio|use local  
[2017/07/13 23:45:10 445] tts        442  local audiolen:  512  ,ced:  27  
[2017/07/13 23:45:10 445] tts        471  0  udata(80021b48) 1  
[2017/07/13 23:45:10 445] tts        536  TTS_MSG_GETAUDIO  0  
[2017/07/13 23:45:10 445] tts        429  get audio|use local  
[2017/07/13 23:45:10 445] tts        442  local audiolen:  512  ,ced:  27  
[2017/07/13 23:45:10 445] tts        471  0  udata(80021838) 1  
[2017/07/13 23:45:10 445] tts        536  TTS_MSG_GETAUDIO  0  
[2017/07/13 23:45:10 445] tts        429  get audio|use local  
[2017/07/13 23:45:10 445] tts        442  local audiolen:  512  ,ced:  27  
[2017/07/13 23:45:10 445] tts        471  0  udata(80021888) 1  
[2017/07/13 23:45:10 445] tts        536  TTS_MSG_GETAUDIO  0  
[2017/07/13 23:45:10 445] tts        429  get audio|use local  
[2017/07/13 23:45:10 445] tts        442  local audiolen:  512  ,ced:  27  
[2017/07/13 23:45:10 445] tts        471  0  udata(80021938) 1  
[2017/07/13 23:45:10 445] tts        536  TTS_MSG_GETAUDIO  0  
[2017/07/13 23:45:10 445] tts        429  get audio|use local  
[2017/07/13 23:45:10 445] tts        442  local audiolen:  512  ,ced:  27  
[2017/07/13 23:45:10 445] tts        471  0  udata(80021988) 1  
[2017/07/13 23:45:10 446] tts        536  TTS_MSG_GETAUDIO  0  
[2017/07/13 23:45:10 446] tts        429  get audio|use local  
[2017/07/13 23:45:10 446] tts        442  local audiolen:  512  ,ced:  27  
[2017/07/13 23:45:10 446] tts        471  0  udata(800219d8) 1  
[2017/07/13 23:45:10 447] tts        536  TTS_MSG_GETAUDIO  0  
[2017/07/13 23:45:10 447] tts        429  get audio|use local  
[2017/07/13 23:45:10 447] tts        442  local audiolen:  512  ,ced:  27  
[2017/07/13 23:45:10 447] tts        471  0  udata(80021ac8) 1  
[2017/07/13 23:45:10 448] tts        536  TTS_MSG_GETAUDIO  0  
[2017/07/13 23:45:10 448] tts        429  get audio|use local  
[2017/07/13 23:45:10 448] tts        442  local audiolen:  512  ,ced:  27  
[2017/07/13 23:45:10 448] tts        471  0  udata(8007a2d8) 1  
[2017/07/13 23:45:10 449] tts        536  TTS_MSG_GETAUDIO  0  
[2017/07/13 23:45:10 449] tts        429  get audio|use local  
[2017/07/13 23:45:10 449] tts        442  local audiolen:  512  ,ced:  27  
[2017/07/13 23:45:10 449] tts        471  0  udata(8007a388) 1  
[2017/07/13 23:45:10 449] tts        536  TTS_MSG_GETAUDIO  0  
[2017/07/13 23:45:10 449] tts        429  get audio|use local  
[2017/07/13 23:45:10 449] tts        442  local audiolen:  512  ,ced:  27  
[2017/07/13 23:45:10 449] tts        471  0  udata(8007a3d8) 1  
[2017/07/13 23:45:10 449] tts        536  TTS_MSG_GETAUDIO  0  
[2017/07/13 23:45:10 449] tts        429  get audio|use local  
[2017/07/13 23:45:10 449] tts        442  local audiolen:  512  ,ced:  27  
[2017/07/13 23:45:10 450] tts        471  0  udata(8007a428) 1  
[2017/07/13 23:45:10 450] tts        536  TTS_MSG_GETAUDIO  0  
[2017/07/13 23:45:10 451] tts        429  get audio|use local  
[2017/07/13 23:45:10 451] tts        442  local audiolen:  512  ,ced:  27  
[2017/07/13 23:45:10 451] tts        471  0  udata(8007a328) 1  
[2017/07/13 23:45:10 452] tts        536  TTS_MSG_GETAUDIO  0  
[2017/07/13 23:45:10 452] tts        429  get audio|use local  
[2017/07/13 23:45:10 452] tts        442  local audiolen:  512  ,ced:  27  
[2017/07/13 23:45:10 452] tts        471  0  udata(8007a578) 1  
[2017/07/13 23:45:10 452] tts        536  TTS_MSG_GETAUDIO  0  
[2017/07/13 23:45:10 452] tts        429  get audio|use local  
[2017/07/13 23:45:10 453] tts        442  local audiolen:  512  ,ced:  27  
[2017/07/13 23:45:10 453] tts        471  0  udata(8007a628) 1  
[2017/07/13 23:45:10 453] tts        536  TTS_MSG_GETAUDIO  0  
[2017/07/13 23:45:10 453] tts        429  get audio|use local  
[2017/07/13 23:45:10 453] tts        442  local audiolen:  512  ,ced:  27  
[2017/07/13 23:45:10 453] tts        471  0  udata(8007a678) 1  
[2017/07/13 23:45:10 453] tts        536  TTS_MSG_GETAUDIO  0  
[2017/07/13 23:45:10 453] tts        429  get audio|use local  
[2017/07/13 23:45:10 453] tts        442  local audiolen:  512  ,ced:  27  
[2017/07/13 23:45:10 453] tts        471  0  udata(80078fe8) 1  
[2017/07/13 23:45:10 453] tts        536  TTS_MSG_GETAUDIO  0  
[2017/07/13 23:45:10 453] tts        429  get audio|use local  
[2017/07/13 23:45:10 453] tts        442  local audiolen:  512  ,ced:  27  
[2017/07/13 23:45:10 453] tts        471  0  udata(80079038) 1  
[2017/07/13 23:45:10 453] tts        536  TTS_MSG_GETAUDIO  0  
[2017/07/13 23:45:10 453] tts        429  get audio|use local  
[2017/07/13 23:45:10 453] tts        442  local audiolen:  512  ,ced:  27  
[2017/07/13 23:45:10 458] tts        471  0  udata(80079088) 1  
[2017/07/13 23:45:10 459] tts        536  TTS_MSG_GETAUDIO  0  
[2017/07/13 23:45:10 459] tts        429  get audio|use local  
[2017/07/13 23:45:10 459] tts        442  local audiolen:  160  ,ced:  27  
[2017/07/13 23:45:10 459] tts        471  0  udata(80021c48) 1  
[2017/07/13 23:45:10 460] tts        536  TTS_MSG_GETAUDIO  0  
[2017/07/13 23:45:10 460] tts        429  get audio|use local  
[2017/07/13 23:45:10 460] tts        442  local audiolen:  302  ,ced:  57  
[2017/07/13 23:45:10 461] tts        471  0  udata(800235e8) 1  
[2017/07/13 23:45:10 461] tts        536  TTS_MSG_GETAUDIO  0  
[2017/07/13 23:45:10 461] tts        429  get audio|use local  
[2017/07/13 23:45:10 461] tts        442  local audiolen:  972  ,ced:  57  
[2017/07/13 23:45:10 461] tts        471  0  udata(80023be8) 1  
[2017/07/13 23:45:10 461] tts        536  TTS_MSG_GETAUDIO  0  
[2017/07/13 23:45:10 461] tts        429  get audio|use local  
[2017/07/13 23:45:10 461] tts        442  local audiolen:  7628  ,ced:  57  
[2017/07/13 23:45:10 461] tts        471  0  udata(80023548) 1  
[2017/07/13 23:45:10 462] tts        536  TTS_MSG_GETAUDIO  0  
[2017/07/13 23:45:10 462] tts        429  get audio|use local  
[2017/07/13 23:45:10 462] tts        442  local audiolen:  4282  ,ced:  57  
[2017/07/13 23:45:10 462] tts        471  0  udata(80023798) 1  
[2017/07/13 23:45:10 463] tts        536  TTS_MSG_GETAUDIO  0  
[2017/07/13 23:45:10 463] tts        429  get audio|use local  
[2017/07/13 23:45:10 464] tts        442  local audiolen:  7110  ,ced:  57  
[2017/07/13 23:45:10 464] tts        471  0  udata(80023c98) 1  
[2017/07/13 23:45:10 464] tts        536  TTS_MSG_GETAUDIO  0  
[2017/07/13 23:45:10 464] tts        429  get audio|use local  
[2017/07/13 23:45:10 464] tts        442  local audiolen:  3632  ,ced:  57  
[2017/07/13 23:45:10 464] tts        471  0  udata(80024e68) 1  
[2017/07/13 23:45:10 466] tts        536  TTS_MSG_GETAUDIO  0  
[2017/07/13 23:45:10 466] tts        429  get audio|use local  
[2017/07/13 23:45:10 466] tts        442  local audiolen:  7226  ,ced:  57  
[2017/07/13 23:45:10 466] tts        471  0  udata(800250b8) 1  
[2017/07/13 23:45:10 468] tts        536  TTS_MSG_GETAUDIO  0  
[2017/07/13 23:45:10 468] tts        429  get audio|use local  
[2017/07/13 23:45:10 468] tts        442  local audiolen:  9160  ,ced:  57  
[2017/07/13 23:45:10 468] tts        471  0  udata(80025408) 1  
[2017/07/13 23:45:10 470] tts        536  TTS_MSG_GETAUDIO  0  
[2017/07/13 23:45:10 470] tts        429  get audio|use local  
[2017/07/13 23:45:10 470] tts        442  local audiolen:  6982  ,ced:  57  
[2017/07/13 23:45:10 471] tts        471  0  udata(80025758) 1  
[2017/07/13 23:45:10 472] tts        536  TTS_MSG_GETAUDIO  0  
[2017/07/13 23:45:10 473] tts        429  get audio|use local  
[2017/07/13 23:45:10 475] tts        442  local audiolen:  8976  ,ced:  57  
[2017/07/13 23:45:10 477] tts        471  0  udata(80022ae8) 1  
[2017/07/13 23:45:10 479] tts        536  TTS_MSG_GETAUDIO  0  
[2017/07/13 23:45:10 479] tts        429  get audio|use local  
[2017/07/13 23:45:10 479] tts        442  local audiolen:  7678  ,ced:  57  
[2017/07/13 23:45:10 479] tts        471  0  udata(80028068) 1  
[2017/07/13 23:45:10 480] tts        536  TTS_MSG_GETAUDIO  0  
[2017/07/13 23:45:10 480] tts        429  get audio|use local  
[2017/07/13 23:45:10 480] tts        442  local audiolen:  3576  ,ced:  57  
[2017/07/13 23:45:10 480] tts        471  0  udata(800280b8) 1  
[2017/07/13 23:45:10 480] tts        536  TTS_MSG_GETAUDIO  0  
[2017/07/13 23:45:10 480] tts        429  get audio|use local  
[2017/07/13 23:45:10 480] tts        442  local audiolen:  512  ,ced:  57  
[2017/07/13 23:45:10 480] tts        471  0  udata(80028378) 1  
[2017/07/13 23:45:10 480] tts        536  TTS_MSG_GETAUDIO  0  
[2017/07/13 23:45:10 480] tts        429  get audio|use local  
[2017/07/13 23:45:10 480] tts        442  local audiolen:  512  ,ced:  57  
[2017/07/13 23:45:10 480] tts        471  0  udata(800283c8) 1  
[2017/07/13 23:45:10 480] tts        536  TTS_MSG_GETAUDIO  0  
[2017/07/13 23:45:10 480] tts        429  get audio|use local  
[2017/07/13 23:45:10 480] tts        442  local audiolen:  512  ,ced:  57  
[2017/07/13 23:45:10 481] tts        471  0  udata(80028418) 1  
[2017/07/13 23:45:10 481] tts        536  TTS_MSG_GETAUDIO  0  
[2017/07/13 23:45:10 481] tts        429  get audio|use local  
[2017/07/13 23:45:10 481] tts        442  local audiolen:  512  ,ced:  57  
[2017/07/13 23:45:10 481] tts        471  0  udata(80028468) 1  
[2017/07/13 23:45:10 481] tts        536  TTS_MSG_GETAUDIO  0  
[2017/07/13 23:45:10 481] tts        429  get audio|use local  
[2017/07/13 23:45:10 481] tts        442  local audiolen:  512  ,ced:  57  
[2017/07/13 23:45:10 481] tts        471  0  udata(800284b8) 1  
[2017/07/13 23:45:10 481] tts        536  TTS_MSG_GETAUDIO  0  
[2017/07/13 23:45:10 481] tts        429  get audio|use local  
[2017/07/13 23:45:10 481] tts        442  local audiolen:  512  ,ced:  57  
[2017/07/13 23:45:10 481] tts        471  0  udata(80028508) 1  
[2017/07/13 23:45:10 481] tts        536  TTS_MSG_GETAUDIO  0  
[2017/07/13 23:45:10 481] tts        429  get audio|use local  
[2017/07/13 23:45:10 481] tts        442  local audiolen:  512  ,ced:  57  
[2017/07/13 23:45:10 481] tts        471  0  udata(80026258) 1  
[2017/07/13 23:45:10 481] tts        536  TTS_MSG_GETAUDIO  0  
[2017/07/13 23:45:10 482] tts        429  get audio|use local  
[2017/07/13 23:45:10 482] tts        442  local audiolen:  512  ,ced:  57  
[2017/07/13 23:45:10 482] tts        471  0  udata(800262a8) 1  
[2017/07/13 23:45:10 483] tts        536  TTS_MSG_GETAUDIO  0  
[2017/07/13 23:45:10 483] tts        429  get audio|use local  
[2017/07/13 23:45:10 483] tts        442  local audiolen:  512  ,ced:  57  
[2017/07/13 23:45:10 483] tts        471  0  udata(800223d8) 1  
[2017/07/13 23:45:10 483] tts        536  TTS_MSG_GETAUDIO  0  
[2017/07/13 23:45:10 484] tts        429  get audio|use local  
[2017/07/13 23:45:10 484] tts        442  local audiolen:  512  ,ced:  57  
[2017/07/13 23:45:10 484] tts        471  0  udata(80022728) 1  
[2017/07/13 23:45:10 488] tts        536  TTS_MSG_GETAUDIO  0  
[2017/07/13 23:45:10 488] tts        429  get audio|use local  
[2017/07/13 23:45:10 488] tts        442  local audiolen:  512  ,ced:  57  
[2017/07/13 23:45:10 488] tts        471  0  udata(80027958) 1  
[2017/07/13 23:45:10 489] tts        536  TTS_MSG_GETAUDIO  0  
[2017/07/13 23:45:10 489] tts        429  get audio|use local  
[2017/07/13 23:45:10 489] tts        442  local audiolen:  512  ,ced:  57  
[2017/07/13 23:45:10 489] tts        471  0  udata(8002a788) 1  
[2017/07/13 23:45:10 489] tts        536  TTS_MSG_GETAUDIO  0  
[2017/07/13 23:45:10 489] tts        429  get audio|use local  
[2017/07/13 23:45:10 489] tts        442  local audiolen:  512  ,ced:  57  
[2017/07/13 23:45:10 489] tts        471  0  udata(8002a838) 1  
[2017/07/13 23:45:10 489] tts        536  TTS_MSG_GETAUDIO  0  
[2017/07/13 23:45:10 489] tts        429  get audio|use local  
[2017/07/13 23:45:10 489] tts        442  local audiolen:  512  ,ced:  57  
[2017/07/13 23:45:10 489] tts        471  0  udata(8002a888) 1  
[2017/07/13 23:45:10 489] tts        536  TTS_MSG_GETAUDIO  0  
[2017/07/13 23:45:10 489] tts        429  get audio|use local  
[2017/07/13 23:45:10 489] tts        442  local audiolen:  512  ,ced:  57  
[2017/07/13 23:45:10 489] tts        471  0  udata(8002a8d8) 1  
[2017/07/13 23:45:10 489] tts        536  TTS_MSG_GETAUDIO  0  
[2017/07/13 23:45:10 489] tts        429  get audio|use local  
[2017/07/13 23:45:10 489] tts        442  local audiolen:  512  ,ced:  57  
[2017/07/13 23:45:10 489] tts        471  0  udata(8002a928) 1  
[2017/07/13 23:45:10 490] tts        536  TTS_MSG_GETAUDIO  0  
[2017/07/13 23:45:10 490] tts        429  get audio|use local  
[2017/07/13 23:45:10 490] tts        442  local audiolen:  512  ,ced:  57  
[2017/07/13 23:45:10 490] tts        471  0  udata(8002a978) 1  
[2017/07/13 23:45:10 490] tts        536  TTS_MSG_GETAUDIO  0  
[2017/07/13 23:45:10 490] tts        429  get audio|use local  
[2017/07/13 23:45:10 490] tts        442  local audiolen:  512  ,ced:  57  
[2017/07/13 23:45:10 490] tts        471  0  udata(8002a9c8) 1  
[2017/07/13 23:45:10 491] tts        536  TTS_MSG_GETAUDIO  0  
[2017/07/13 23:45:10 491] tts        429  get audio|use local  
[2017/07/13 23:45:10 491] tts        442  local audiolen:  160  ,ced:  57  
[2017/07/13 23:45:10 491] tts        471  0  udata(80028218) 1  
[2017/07/13 23:45:10 491] tts        536  TTS_MSG_GETAUDIO  0  
[2017/07/13 23:45:10 491] tts        429  get audio|use local  
[2017/07/13 23:45:10 491] tts        442  local audiolen:  286  ,ced:  73  
[2017/07/13 23:45:10 491] tts        471  0  udata(8002ab48) 1  
[2017/07/13 23:45:10 492] tts        536  TTS_MSG_GETAUDIO  0  
[2017/07/13 23:45:10 492] tts        429  get audio|use local  
[2017/07/13 23:45:10 492] tts        442  local audiolen:  1392  ,ced:  73  
[2017/07/13 23:45:10 492] tts        471  0  udata(8002a7d8) 1  
[2017/07/13 23:45:10 492] tts        536  TTS_MSG_GETAUDIO  0  
[2017/07/13 23:45:10 492] tts        429  get audio|use local  
[2017/07/13 23:45:10 492] tts        442  local audiolen:  9008  ,ced:  73  
[2017/07/13 23:45:10 492] tts        471  0  udata(80028168) 1  
[2017/07/13 23:45:10 492] tts        536  TTS_MSG_GETAUDIO  0  
[2017/07/13 23:45:10 492] tts        429  get audio|use local  
[2017/07/13 23:45:10 492] tts        442  local audiolen:  4462  ,ced:  73  
[2017/07/13 23:45:10 492] tts        471  0  udata(800281b8) 1  
[2017/07/13 23:45:10 492] tts        536  TTS_MSG_GETAUDIO  0  
[2017/07/13 23:45:10 492] tts        429  get audio|use local  
[2017/07/13 23:45:10 493] tts        442  local audiolen:  6282  ,ced:  73  
[2017/07/13 23:45:10 493] tts        471  0  udata(80028268) 1  
[2017/07/13 23:45:10 493] tts        536  TTS_MSG_GETAUDIO  0  
[2017/07/13 23:45:10 493] tts        429  get audio|use local  
[2017/07/13 23:45:10 493] tts        442  local audiolen:  11036  ,ced:  73  
[2017/07/13 23:45:10 493] tts        471  0  udata(800282b8) 1  
[2017/07/13 23:45:10 493] tts        536  TTS_MSG_GETAUDIO  0  
[2017/07/13 23:45:10 493] tts        429  get audio|use local  
[2017/07/13 23:45:10 493] tts        442  local audiolen:  512  ,ced:  73  
[2017/07/13 23:45:10 493] tts        471  0  udata(8002ada8) 1  
[2017/07/13 23:45:10 493] tts        536  TTS_MSG_GETAUDIO  0  
[2017/07/13 23:45:10 493] tts        429  get audio|use local  
[2017/07/13 23:45:10 493] tts        442  local audiolen:  512  ,ced:  73  
[2017/07/13 23:45:10 493] tts        471  0  udata(8002aa18) 1  
[2017/07/13 23:45:10 494] tts        536  TTS_MSG_GETAUDIO  0  
[2017/07/13 23:45:10 494] tts        429  get audio|use local  
[2017/07/13 23:45:10 494] tts        442  local audiolen:  512  ,ced:  73  
[2017/07/13 23:45:10 494] tts        471  0  udata(8002aa68) 1  
[2017/07/13 23:45:10 494] tts        536  TTS_MSG_GETAUDIO  0  
[2017/07/13 23:45:10 494] tts        429  get audio|use local  
[2017/07/13 23:45:10 494] tts        442  local audiolen:  512  ,ced:  73  
[2017/07/13 23:45:10 494] tts        471  0  udata(8002aab8) 1  
[2017/07/13 23:45:10 494] tts        536  TTS_MSG_GETAUDIO  0  
[2017/07/13 23:45:10 494] tts        429  get audio|use local  
[2017/07/13 23:45:10 494] tts        442  local audiolen:  512  ,ced:  73  
[2017/07/13 23:45:10 494] tts        471  0  udata(8002ae58) 1  
[2017/07/13 23:45:10 494] tts        536  TTS_MSG_GETAUDIO  0  
[2017/07/13 23:45:10 494] tts        429  get audio|use local  
[2017/07/13 23:45:10 494] tts        442  local audiolen:  512  ,ced:  73  
[2017/07/13 23:45:10 494] tts        471  0  udata(8002aea8) 1  
[2017/07/13 23:45:10 495] tts        536  TTS_MSG_GETAUDIO  0  
[2017/07/13 23:45:10 495] tts        429  get audio|use local  
[2017/07/13 23:45:10 495] tts        442  local audiolen:  512  ,ced:  73  
[2017/07/13 23:45:10 495] tts        471  0  udata(8002b0f8) 1  
[2017/07/13 23:45:10 495] tts        536  TTS_MSG_GETAUDIO  0  
[2017/07/13 23:45:10 495] tts        429  get audio|use local  
[2017/07/13 23:45:10 495] tts        442  local audiolen:  512  ,ced:  73  
[2017/07/13 23:45:10 495] tts        471  0  udata(8002b1a8) 1  
[2017/07/13 23:45:10 496] tts        536  TTS_MSG_GETAUDIO  0  
[2017/07/13 23:45:10 496] tts        429  get audio|use local  
[2017/07/13 23:45:10 496] tts        442  local audiolen:  512  ,ced:  73  
[2017/07/13 23:45:10 496] tts        471  0  udata(8002b298) 1  
[2017/07/13 23:45:10 496] tts        536  TTS_MSG_GETAUDIO  0  
[2017/07/13 23:45:10 496] tts        429  get audio|use local  
[2017/07/13 23:45:10 496] tts        442  local audiolen:  512  ,ced:  73  
[2017/07/13 23:45:10 496] tts        471  0  udata(8002b3e8) 1  
[2017/07/13 23:45:10 496] tts        536  TTS_MSG_GETAUDIO  0  
[2017/07/13 23:45:10 496] tts        429  get audio|use local  
[2017/07/13 23:45:10 496] tts        442  local audiolen:  512  ,ced:  73  
[2017/07/13 23:45:10 496] tts        471  0  udata(8002b498) 1  
[2017/07/13 23:45:10 497] tts        536  TTS_MSG_GETAUDIO  0  
[2017/07/13 23:45:10 497] tts        429  get audio|use local  
[2017/07/13 23:45:10 497] tts        442  local audiolen:  512  ,ced:  73  
[2017/07/13 23:45:10 497] tts        471  0  udata(8002b688) 1  
[2017/07/13 23:45:10 498] tts        536  TTS_MSG_GETAUDIO  0  
[2017/07/13 23:45:10 498] tts        429  get audio|use local  
[2017/07/13 23:45:10 498] tts        442  local audiolen:  512  ,ced:  73  
[2017/07/13 23:45:10 498] tts        471  0  udata(8002b7d8) 1  
[2017/07/13 23:45:10 498] tts        536  TTS_MSG_GETAUDIO  0  
[2017/07/13 23:45:10 498] tts        429  get audio|use local  
[2017/07/13 23:45:10 498] tts        442  local audiolen:  512  ,ced:  73  
[2017/07/13 23:45:10 498] tts        471  0  udata(8002b888) 1  
[2017/07/13 23:45:10 498] tts        536  TTS_MSG_GETAUDIO  0  
[2017/07/13 23:45:10 499] tts        429  get audio|use local  
[2017/07/13 23:45:10 499] tts        442  local audiolen:  512  ,ced:  73  
[2017/07/13 23:45:10 499] tts        471  0  udata(8002b978) 1  
[2017/07/13 23:45:10 499] tts        536  TTS_MSG_GETAUDIO  0  
[2017/07/13 23:45:10 499] tts        429  get audio|use local  
[2017/07/13 23:45:10 499] tts        442  local audiolen:  512  ,ced:  73  
[2017/07/13 23:45:10 499] tts        471  0  udata(8002ba28) 1  
[2017/07/13 23:45:10 499] tts        536  TTS_MSG_GETAUDIO  0  
[2017/07/13 23:45:10 499] tts        429  get audio|use local  
[2017/07/13 23:45:10 499] tts        442  local audiolen:  512  ,ced:  73  
[2017/07/13 23:45:10 499] tts        471  0  udata(8002bb18) 1  
[2017/07/13 23:45:10 501] tts        536  TTS_MSG_GETAUDIO  0  
[2017/07/13 23:45:10 501] tts        429  get audio|use local  
[2017/07/13 23:45:10 501] tts        442  local audiolen:  512  ,ced:  73  
[2017/07/13 23:45:10 501] tts        471  0  udata(8002be68) 1  
[2017/07/13 23:45:10 502] tts        536  TTS_MSG_GETAUDIO  0  
[2017/07/13 23:45:10 502] tts        429  get audio|use local  
[2017/07/13 23:45:10 502] tts        442  local audiolen:  160  ,ced:  73  
[2017/07/13 23:45:10 502] tts        471  0  udata(8002ac48) 1  
[2017/07/13 23:45:10 505] tts        536  TTS_MSG_GETAUDIO  0  
[2017/07/13 23:45:10 505] tts        429  get audio|use local  
[2017/07/13 23:45:10 505] tts        442  local audiolen:  300  ,ced:  116  
[2017/07/13 23:45:10 505] tts        471  0  udata(8002d2f8) 1  
[2017/07/13 23:45:10 506] tts        536  TTS_MSG_GETAUDIO  0  
[2017/07/13 23:45:10 506] tts        429  get audio|use local  
[2017/07/13 23:45:10 506] tts        442  local audiolen:  3320  ,ced:  116  
[2017/07/13 23:45:10 506] tts        471  0  udata(80028308) 1  
[2017/07/13 23:45:10 506] tts        536  TTS_MSG_GETAUDIO  0  
[2017/07/13 23:45:10 507] tts        429  get audio|use local  
[2017/07/13 23:45:10 507] tts        442  local audiolen:  12700  ,ced:  116  
[2017/07/13 23:45:10 507] tts        471  0  udata(8002d1b8) 1  
[2017/07/13 23:45:10 507] tts        536  TTS_MSG_GETAUDIO  0  
[2017/07/13 23:45:10 507] tts        429  get audio|use local  
[2017/07/13 23:45:10 507] tts        442  local audiolen:  14004  ,ced:  116  
[2017/07/13 23:45:10 507] tts        471  0  udata(8002d6f8) 1  
[2017/07/13 23:45:10 508] tts        536  TTS_MSG_GETAUDIO  0  
[2017/07/13 23:45:10 508] tts        429  get audio|use local  
[2017/07/13 23:45:10 508] tts        442  local audiolen:  3070  ,ced:  116  
[2017/07/13 23:45:10 508] tts        471  0  udata(8002d848) 1  
[2017/07/13 23:45:10 508] tts        536  TTS_MSG_GETAUDIO  0  
[2017/07/13 23:45:10 508] tts        429  get audio|use local  
[2017/07/13 23:45:10 508] tts        442  local audiolen:  6616  ,ced:  116  
[2017/07/13 23:45:10 508] tts        471  0  udata(8002d898) 1  
[2017/07/13 23:45:10 509] tts        292  0  0  
[2017/07/13 23:45:10 509] tts        299  TTS_LOCAL_CB_END,  2  
[2017/07/13 23:45:10 509] tts        536  TTS_MSG_GETAUDIO  0  
[2017/07/13 23:45:10 509] tts        429  get audio|use local  
[2017/07/13 23:45:10 509] tts        442  local audiolen:  11918  ,ced:  116  
[2017/07/13 23:45:10 509] tts        471  0  udata(8002db88) 1  
[2017/07/13 23:45:10 509] tts        536  TTS_MSG_GETAUDIO  0  
[2017/07/13 23:45:10 509] tts        429  get audio|use local  
[2017/07/13 23:45:10 509] tts        442  local audiolen:  7666  ,ced:  116  
[2017/07/13 23:45:10 509] tts        471  0  udata(8002dbd8) 1  
[2017/07/13 23:45:10 509] tts        536  TTS_MSG_GETAUDIO  0  
[2017/07/13 23:45:10 510] tts        429  get audio|use local  
[2017/07/13 23:45:10 510] tts        442  local audiolen:  8724  ,ced:  116  
[2017/07/13 23:45:10 510] tts        471  0  udata(8002dc28) 1  
[2017/07/13 23:45:10 510] tts        536  TTS_MSG_GETAUDIO  0  
[2017/07/13 23:45:10 510] tts        429  get audio|use local  
[2017/07/13 23:45:10 510] tts        442  local audiolen:  7102  ,ced:  116  
[2017/07/13 23:45:10 510] tts        471  0  udata(8002dc78) 1  
[2017/07/13 23:45:10 511] tts        536  TTS_MSG_GETAUDIO  0  
[2017/07/13 23:45:10 511] tts        429  get audio|use local  
[2017/07/13 23:45:10 511] tts        442  local audiolen:  7910  ,ced:  116  
[2017/07/13 23:45:10 511] tts        471  0  udata(8002dcc8) 1  
[2017/07/13 23:45:10 511] tts        536  TTS_MSG_GETAUDIO  0  
[2017/07/13 23:45:10 511] tts        429  get audio|use local  
[2017/07/13 23:45:10 511] tts        442  local audiolen:  6998  ,ced:  116  
[2017/07/13 23:45:10 511] tts        471  0  udata(8002dd18) 1  
[2017/07/13 23:45:10 512] tts        536  TTS_MSG_GETAUDIO  0  
[2017/07/13 23:45:10 512] tts        429  get audio|use local  
[2017/07/13 23:45:10 512] tts        442  local audiolen:  7268  ,ced:  116  
[2017/07/13 23:45:10 512] tts        471  0  udata(8002dd68) 1  
[2017/07/13 23:45:10 512] tts        536  TTS_MSG_GETAUDIO  0  
[2017/07/13 23:45:10 512] tts        429  get audio|use local  
[2017/07/13 23:45:10 512] tts        442  local audiolen:  512  ,ced:  116  
[2017/07/13 23:45:10 512] tts        471  0  udata(800467e8) 1  
[2017/07/13 23:45:10 512] tts        536  TTS_MSG_GETAUDIO  0  
[2017/07/13 23:45:10 512] tts        429  get audio|use local  
[2017/07/13 23:45:10 512] tts        442  local audiolen:  512  ,ced:  116  
[2017/07/13 23:45:10 512] tts        471  0  udata(80046838) 1  
[2017/07/13 23:45:10 513] tts        536  TTS_MSG_GETAUDIO  0  
[2017/07/13 23:45:10 513] tts        429  get audio|use local  
[2017/07/13 23:45:10 513] tts        442  local audiolen:  512  ,ced:  116  
[2017/07/13 23:45:10 513] tts        471  0  udata(80046888) 1  
[2017/07/13 23:45:10 513] tts        536  TTS_MSG_GETAUDIO  0  
[2017/07/13 23:45:10 513] tts        429  get audio|use local  
[2017/07/13 23:45:10 513] tts        442  local audiolen:  512  ,ced:  116  
[2017/07/13 23:45:10 513] tts        471  0  udata(800468d8) 1  
[2017/07/13 23:45:10 513] tts        536  TTS_MSG_GETAUDIO  0  
[2017/07/13 23:45:10 513] tts        429  get audio|use local  
[2017/07/13 23:45:10 513] tts        442  local audiolen:  512  ,ced:  116  
[2017/07/13 23:45:10 513] tts        471  0  udata(80046928) 1  
[2017/07/13 23:45:10 513] tts        536  TTS_MSG_GETAUDIO  0  
[2017/07/13 23:45:10 513] tts        429  get audio|use local  
[2017/07/13 23:45:10 513] tts        442  local audiolen:  512  ,ced:  116  
[2017/07/13 23:45:10 513] tts        471  0  udata(80046978) 1  
[2017/07/13 23:45:10 513] tts        536  TTS_MSG_GETAUDIO  0  
[2017/07/13 23:45:10 513] tts        429  get audio|use local  
[2017/07/13 23:45:10 514] tts        442  local audiolen:  512  ,ced:  116  
[2017/07/13 23:45:10 514] tts        471  0  udata(800469c8) 1  
[2017/07/13 23:45:10 514] tts        536  TTS_MSG_GETAUDIO  0  
[2017/07/13 23:45:10 514] tts        429  get audio|use local  
[2017/07/13 23:45:10 514] tts        442  local audiolen:  512  ,ced:  116  
[2017/07/13 23:45:10 514] tts        471  0  udata(80046a18) 1  
[2017/07/13 23:45:10 514] tts        536  TTS_MSG_GETAUDIO  0  
[2017/07/13 23:45:10 514] tts        429  get audio|use local  
[2017/07/13 23:45:10 514] tts        442  local audiolen:  512  ,ced:  116  
[2017/07/13 23:45:10 514] tts        471  0  udata(80046a68) 1  
[2017/07/13 23:45:10 514] tts        536  TTS_MSG_GETAUDIO  0  
[2017/07/13 23:45:10 514] tts        429  get audio|use local  
[2017/07/13 23:45:10 514] tts        442  local audiolen:  512  ,ced:  116  
[2017/07/13 23:45:10 514] tts        471  0  udata(80046ab8) 1  
[2017/07/13 23:45:10 514] tts        536  TTS_MSG_GETAUDIO  0  
[2017/07/13 23:45:10 514] tts        429  get audio|use local  
[2017/07/13 23:45:10 514] tts        442  local audiolen:  512  ,ced:  116  
[2017/07/13 23:45:10 515] tts        471  0  udata(80046b08) 1  
[2017/07/13 23:45:10 515] tts        536  TTS_MSG_GETAUDIO  0  
[2017/07/13 23:45:10 515] tts        429  get audio|use local  
[2017/07/13 23:45:10 515] tts        442  local audiolen:  512  ,ced:  116  
[2017/07/13 23:45:10 515] tts        471  0  udata(80046b58) 1  
[2017/07/13 23:45:10 515] tts        536  TTS_MSG_GETAUDIO  0  
[2017/07/13 23:45:10 515] tts        429  get audio|use local  
[2017/07/13 23:45:10 515] tts        442  local audiolen:  512  ,ced:  116  
[2017/07/13 23:45:10 515] tts        471  0  udata(80046ba8) 1  
[2017/07/13 23:45:10 515] tts        536  TTS_MSG_GETAUDIO  0  
[2017/07/13 23:45:10 515] tts        429  get audio|use local  
[2017/07/13 23:45:10 515] tts        442  local audiolen:  512  ,ced:  116  
[2017/07/13 23:45:10 515] tts        471  0  udata(80046bf8) 1  
[2017/07/13 23:45:10 515] tts        536  TTS_MSG_GETAUDIO  0  
[2017/07/13 23:45:10 515] tts        429  get audio|use local  
[2017/07/13 23:45:10 515] tts        442  local audiolen:  512  ,ced:  116  
[2017/07/13 23:45:10 515] tts        471  0  udata(80046c48) 1  
[2017/07/13 23:45:10 515] tts        536  TTS_MSG_GETAUDIO  0  
[2017/07/13 23:45:10 516] tts        429  get audio|use local  
[2017/07/13 23:45:10 516] tts        442  local audiolen:  512  ,ced:  116  
[2017/07/13 23:45:10 516] tts        471  0  udata(80046c98) 1  
[2017/07/13 23:45:10 516] tts        536  TTS_MSG_GETAUDIO  0  
[2017/07/13 23:45:10 516] tts        429  get audio|use local  
[2017/07/13 23:45:10 516] tts        442  local audiolen:  512  ,ced:  116  
[2017/07/13 23:45:10 516] tts        471  0  udata(80046ce8) 1  
[2017/07/13 23:45:10 516] tts        536  TTS_MSG_GETAUDIO  0  
[2017/07/13 23:45:10 516] tts        429  get audio|use local  
[2017/07/13 23:45:10 516] tts        442  local audiolen:  512  ,ced:  116  
[2017/07/13 23:45:10 516] tts        471  0  udata(80046d38) 1  
[2017/07/13 23:45:10 516] tts        536  TTS_MSG_GETAUDIO  0  
[2017/07/13 23:45:10 516] tts        429  get audio|use local  
[2017/07/13 23:45:10 516] tts        442  local audiolen:  160  ,ced:  116  
[2017/07/13 23:45:10 516] tts        471  0  udata(8002dec8) 1  
[2017/07/13 23:45:10 516] tts        536  TTS_MSG_GETAUDIO  0  
[2017/07/13 23:45:10 516] tts        429  get audio|use local  
[2017/07/13 23:45:10 516] tts        442  local audiolen:  300  ,ced:  143  
[2017/07/13 23:45:10 516] tts        471  0  udata(80046ec8) 1  
[2017/07/13 23:45:10 516] tts        536  TTS_MSG_GETAUDIO  0  
[2017/07/13 23:45:10 516] tts        429  get audio|use local  
[2017/07/13 23:45:10 517] tts        442  local audiolen:  634  ,ced:  143  
[2017/07/13 23:45:10 517] tts        471  0  udata(80047318) 1  
[2017/07/13 23:45:10 517] tts        536  TTS_MSG_GETAUDIO  0  
[2017/07/13 23:45:10 517] tts        429  get audio|use local  
[2017/07/13 23:45:10 517] tts        442  local audiolen:  7202  ,ced:  143  
[2017/07/13 23:45:10 517] tts        471  0  udata(8002df18) 1  
[2017/07/13 23:45:10 517] tts        536  TTS_MSG_GETAUDIO  0  
[2017/07/13 23:45:10 517] tts        429  get audio|use local  
[2017/07/13 23:45:10 517] tts        442  local audiolen:  13316  ,ced:  143  
[2017/07/13 23:45:10 517] tts        471  0  udata(8002df68) 1  
[2017/07/13 23:45:10 517] tts        536  TTS_MSG_GETAUDIO  0  
[2017/07/13 23:45:10 518] tts        429  get audio|use local  
[2017/07/13 23:45:10 518] tts        442  local audiolen:  7630  ,ced:  143  
[2017/07/13 23:45:10 518] tts        471  0  udata(8002dfb8) 1  
[2017/07/13 23:45:10 518] tts        536  TTS_MSG_GETAUDIO  0  
[2017/07/13 23:45:10 518] tts        429  get audio|use local  
[2017/07/13 23:45:10 518] tts        442  local audiolen:  9120  ,ced:  143  
[2017/07/13 23:45:10 518] tts        471  0  udata(8002ddb8) 1  
[2017/07/13 23:45:10 518] tts        536  TTS_MSG_GETAUDIO  0  
[2017/07/13 23:45:10 518] tts        429  get audio|use local  
[2017/07/13 23:45:10 519] tts        442  local audiolen:  5372  ,ced:  143  
[2017/07/13 23:45:10 519] tts        471  0  udata(8002de08) 1  
[2017/07/13 23:45:10 519] tts        536  TTS_MSG_GETAUDIO  0  
[2017/07/13 23:45:10 519] tts        429  get audio|use local  
[2017/07/13 23:45:10 519] tts        442  local audiolen:  12548  ,ced:  143  
[2017/07/13 23:45:10 519] tts        471  0  udata(8002de58) 1  
[2017/07/13 23:45:10 520] tts        536  TTS_MSG_GETAUDIO  0  
[2017/07/13 23:45:10 520] tts        429  get audio|use local  
[2017/07/13 23:45:10 520] tts        442  local audiolen:  512  ,ced:  143  
[2017/07/13 23:45:10 520] tts        471  0  udata(80047128) 1  
[2017/07/13 23:45:10 520] tts        536  TTS_MSG_GETAUDIO  0  
[2017/07/13 23:45:10 520] tts        429  get audio|use local  
[2017/07/13 23:45:10 520] tts        442  local audiolen:  512  ,ced:  143  
[2017/07/13 23:45:10 520] tts        471  0  udata(80046de8) 1  
[2017/07/13 23:45:10 520] tts        536  TTS_MSG_GETAUDIO  0  
[2017/07/13 23:45:10 520] tts        429  get audio|use local  
[2017/07/13 23:45:10 520] tts        442  local audiolen:  512  ,ced:  143  
[2017/07/13 23:45:10 520] tts        471  0  udata(80046e38) 1  
[2017/07/13 23:45:10 521] tts        536  TTS_MSG_GETAUDIO  0  
[2017/07/13 23:45:10 521] tts        429  get audio|use local  
[2017/07/13 23:45:10 521] tts        442  local audiolen:  512  ,ced:  143  
[2017/07/13 23:45:10 521] tts        471  0  udata(80047178) 1  
[2017/07/13 23:45:10 521] tts        536  TTS_MSG_GETAUDIO  0  
[2017/07/13 23:45:10 521] tts        429  get audio|use local  
[2017/07/13 23:45:10 521] tts        442  local audiolen:  512  ,ced:  143  
[2017/07/13 23:45:10 521] tts        471  0  udata(800471c8) 1  
[2017/07/13 23:45:10 521] tts        536  TTS_MSG_GETAUDIO  0  
[2017/07/13 23:45:10 521] tts        429  get audio|use local  
[2017/07/13 23:45:10 521] tts        442  local audiolen:  512  ,ced:  143  
[2017/07/13 23:45:10 521] tts        471  0  udata(80047218) 1  
[2017/07/13 23:45:10 522] tts        536  TTS_MSG_GETAUDIO  0  
[2017/07/13 23:45:10 522] tts        429  get audio|use local  
[2017/07/13 23:45:10 522] tts        442  local audiolen:  512  ,ced:  143  
[2017/07/13 23:45:10 522] tts        471  0  udata(80047268) 1  
[2017/07/13 23:45:10 523] tts        536  TTS_MSG_GETAUDIO  0  
[2017/07/13 23:45:10 523] tts        429  get audio|use local  
[2017/07/13 23:45:10 523] tts        442  local audiolen:  512  ,ced:  143  
[2017/07/13 23:45:10 523] tts        471  0  udata(800472b8) 1  
[2017/07/13 23:45:10 523] tts        536  TTS_MSG_GETAUDIO  0  
[2017/07/13 23:45:10 524] tts        429  get audio|use local  
[2017/07/13 23:45:10 524] tts        442  local audiolen:  512  ,ced:  143  
[2017/07/13 23:45:10 524] tts        471  0  udata(80047368) 1  
[2017/07/13 23:45:10 524] tts        536  TTS_MSG_GETAUDIO  0  
[2017/07/13 23:45:10 524] tts        429  get audio|use local  
[2017/07/13 23:45:10 525] tts        442  local audiolen:  512  ,ced:  143  
[2017/07/13 23:45:10 525] tts        471  0  udata(800473b8) 1  
[2017/07/13 23:45:10 525] tts        536  TTS_MSG_GETAUDIO  0  
[2017/07/13 23:45:10 525] tts        429  get audio|use local  
[2017/07/13 23:45:10 525] tts        442  local audiolen:  512  ,ced:  143  
[2017/07/13 23:45:10 525] tts        471  0  udata(80047408) 1  
[2017/07/13 23:45:10 525] tts        536  TTS_MSG_GETAUDIO  0  
[2017/07/13 23:45:10 525] tts        429  get audio|use local  
[2017/07/13 23:45:10 525] tts        442  local audiolen:  512  ,ced:  143  
[2017/07/13 23:45:10 525] tts        471  0  udata(80047458) 1  
[2017/07/13 23:45:10 525] tts        536  TTS_MSG_GETAUDIO  0  
[2017/07/13 23:45:10 525] tts        429  get audio|use local  
[2017/07/13 23:45:10 526] tts        442  local audiolen:  512  ,ced:  143  
[2017/07/13 23:45:10 526] tts        471  0  udata(800474a8) 1  
[2017/07/13 23:45:10 526] tts        536  TTS_MSG_GETAUDIO  0  
[2017/07/13 23:45:10 526] tts        429  get audio|use local  
[2017/07/13 23:45:10 526] tts        442  local audiolen:  512  ,ced:  143  
[2017/07/13 23:45:10 526] tts        471  0  udata(800474f8) 1  
[2017/07/13 23:45:10 526] tts        536  TTS_MSG_GETAUDIO  0  
[2017/07/13 23:45:10 526] tts        429  get audio|use local  
[2017/07/13 23:45:10 526] tts        442  local audiolen:  512  ,ced:  143  
[2017/07/13 23:45:10 526] tts        471  0  udata(800475a8) 1  
[2017/07/13 23:45:10 527] tts        536  TTS_MSG_GETAUDIO  0  
[2017/07/13 23:45:10 527] tts        429  get audio|use local  
[2017/07/13 23:45:10 527] tts        442  local audiolen:  512  ,ced:  143  
[2017/07/13 23:45:10 527] tts        471  0  udata(800475f8) 1  
[2017/07/13 23:45:10 528] tts        536  TTS_MSG_GETAUDIO  0  
[2017/07/13 23:45:10 528] tts        429  get audio|use local  
[2017/07/13 23:45:10 528] tts        442  local audiolen:  512  ,ced:  143  
[2017/07/13 23:45:10 528] tts        471  0  udata(80047648) 1  
[2017/07/13 23:45:10 529] tts        536  TTS_MSG_GETAUDIO  0  
[2017/07/13 23:45:10 529] tts        429  get audio|use local  
[2017/07/13 23:45:10 529] tts        442  local audiolen:  512  ,ced:  143  
[2017/07/13 23:45:10 529] tts        471  0  udata(80047698) 1  
[2017/07/13 23:45:10 529] tts        536  TTS_MSG_GETAUDIO  0  
[2017/07/13 23:45:10 529] tts        429  get audio|use local  
[2017/07/13 23:45:10 529] tts        442  local audiolen:  160  ,ced:  143  
[2017/07/13 23:45:10 529] tts        471  0  udata(80046fc8) 1  
[2017/07/13 23:45:10 529] tts        536  TTS_MSG_GETAUDIO  0  
[2017/07/13 23:45:10 529] tts        429  get audio|use local  
[2017/07/13 23:45:10 529] tts        442  local audiolen:  300  ,ced:  176  
[2017/07/13 23:45:10 529] tts        471  0  udata(80047828) 1  
[2017/07/13 23:45:10 529] tts        536  TTS_MSG_GETAUDIO  0  
[2017/07/13 23:45:10 529] tts        429  get audio|use local  
[2017/07/13 23:45:10 529] tts        442  local audiolen:  634  ,ced:  176  
[2017/07/13 23:45:10 529] tts        471  0  udata(80047b08) 1  
[2017/07/13 23:45:10 529] tts        536  TTS_MSG_GETAUDIO  0  
[2017/07/13 23:45:10 529] tts        429  get audio|use local  
[2017/07/13 23:45:10 529] tts        442  local audiolen:  8528  ,ced:  176  
[2017/07/13 23:45:10 530] tts        471  0  udata(80046d88) 1  
[2017/07/13 23:45:10 530] tts        536  TTS_MSG_GETAUDIO  0  
[2017/07/13 23:45:10 530] tts        429  get audio|use local  
[2017/07/13 23:45:10 530] tts        442  local audiolen:  7092  ,ced:  176  
[2017/07/13 23:45:10 530] tts        471  0  udata(80046f18) 1  
[2017/07/13 23:45:10 530] tts        536  TTS_MSG_GETAUDIO  0  
[2017/07/13 23:45:10 530] tts        429  get audio|use local  
[2017/07/13 23:45:10 530] tts        442  local audiolen:  6376  ,ced:  176  
[2017/07/13 23:45:10 530] tts        471  0  udata(80046f68) 1  
[2017/07/13 23:45:10 531] tts        536  TTS_MSG_GETAUDIO  0  
[2017/07/13 23:45:10 531] tts        429  get audio|use local  
[2017/07/13 23:45:10 531] tts        442  local audiolen:  7488  ,ced:  176  
[2017/07/13 23:45:10 531] tts        471  0  udata(80047018) 1  
[2017/07/13 23:45:10 531] tts        536  TTS_MSG_GETAUDIO  0  
[2017/07/13 23:45:10 531] tts        429  get audio|use local  
[2017/07/13 23:45:10 531] tts        442  local audiolen:  8846  ,ced:  176  
[2017/07/13 23:45:10 531] tts        471  0  udata(80047068) 1  
[2017/07/13 23:45:10 532] tts        536  TTS_MSG_GETAUDIO  0  
[2017/07/13 23:45:10 532] tts        429  get audio|use local  
[2017/07/13 23:45:10 532] tts        442  local audiolen:  7224  ,ced:  176  
[2017/07/13 23:45:10 532] tts        471  0  udata(800470b8) 1  
[2017/07/13 23:45:10 532] tts        536  TTS_MSG_GETAUDIO  0  
[2017/07/13 23:45:10 532] tts        429  get audio|use local  
[2017/07/13 23:45:10 532] tts        442  local audiolen:  13396  ,ced:  176  
[2017/07/13 23:45:10 532] tts        471  0  udata(800476e8) 1  
[2017/07/13 23:45:10 532] tts        536  TTS_MSG_GETAUDIO  0  
[2017/07/13 23:45:10 532] tts        429  get audio|use local  
[2017/07/13 23:45:10 532] tts        442  local audiolen:  7156  ,ced:  176  
[2017/07/13 23:45:10 532] tts        471  0  udata(80047738) 1  
[2017/07/13 23:45:10 533] tts        536  TTS_MSG_GETAUDIO  0  
[2017/07/13 23:45:10 533] tts        429  get audio|use local  
[2017/07/13 23:45:10 533] tts        442  local audiolen:  5896  ,ced:  176  
[2017/07/13 23:45:10 533] tts        471  0  udata(80047788) 1  
[2017/07/13 23:45:10 534] tts        536  TTS_MSG_GETAUDIO  0  
[2017/07/13 23:45:10 534] tts        429  get audio|use local  
[2017/07/13 23:45:10 534] tts        442  local audiolen:  512  ,ced:  176  
[2017/07/13 23:45:10 534] tts        471  0  udata(800477d8) 1  
[2017/07/13 23:45:10 534] tts        536  TTS_MSG_GETAUDIO  0  
[2017/07/13 23:45:10 534] tts        429  get audio|use local  
[2017/07/13 23:45:10 534] tts        442  local audiolen:  512  ,ced:  176  
[2017/07/13 23:45:10 534] tts        471  0  udata(80047b58) 1  
[2017/07/13 23:45:10 534] tts        536  TTS_MSG_GETAUDIO  0  
[2017/07/13 23:45:10 534] tts        429  get audio|use local  
[2017/07/13 23:45:10 534] tts        442  local audiolen:  512  ,ced:  176  
[2017/07/13 23:45:10 534] tts        471  0  udata(80047ba8) 1  
[2017/07/13 23:45:10 534] tts        536  TTS_MSG_GETAUDIO  0  
[2017/07/13 23:45:10 534] tts        429  get audio|use local  
[2017/07/13 23:45:10 534] tts        442  local audiolen:  512  ,ced:  176  
[2017/07/13 23:45:10 534] tts        471  0  udata(80047bf8) 1  
[2017/07/13 23:45:10 535] tts        536  TTS_MSG_GETAUDIO  0  
[2017/07/13 23:45:10 535] tts        429  get audio|use local  
[2017/07/13 23:45:10 535] tts        442  local audiolen:  512  ,ced:  176  
[2017/07/13 23:45:10 535] tts        471  0  udata(80047c48) 1  
[2017/07/13 23:45:10 535] tts        536  TTS_MSG_GETAUDIO  0  
[2017/07/13 23:45:10 535] tts        429  get audio|use local  
[2017/07/13 23:45:10 535] tts        442  local audiolen:  512  ,ced:  176  
[2017/07/13 23:45:10 535] tts        471  0  udata(80047c98) 1  
[2017/07/13 23:45:10 535] tts        536  TTS_MSG_GETAUDIO  0  
[2017/07/13 23:45:10 535] tts        429  get audio|use local  
[2017/07/13 23:45:10 535] tts        442  local audiolen:  512  ,ced:  176  
[2017/07/13 23:45:10 535] tts        471  0  udata(80047ce8) 1  
[2017/07/13 23:45:10 535] tts        536  TTS_MSG_GETAUDIO  0  
[2017/07/13 23:45:10 535] tts        429  get audio|use local  
[2017/07/13 23:45:10 535] tts        442  local audiolen:  512  ,ced:  176  
[2017/07/13 23:45:10 535] tts        471  0  udata(80047d38) 1  
[2017/07/13 23:45:10 535] tts        536  TTS_MSG_GETAUDIO  0  
[2017/07/13 23:45:10 535] tts        429  get audio|use local  
[2017/07/13 23:45:10 535] tts        442  local audiolen:  512  ,ced:  176  
[2017/07/13 23:45:10 535] tts        471  0  udata(80047d88) 1  
[2017/07/13 23:45:10 536] tts        536  TTS_MSG_GETAUDIO  0  
[2017/07/13 23:45:10 536] tts        429  get audio|use local  
[2017/07/13 23:45:10 536] tts        442  local audiolen:  512  ,ced:  176  
[2017/07/13 23:45:10 536] tts        471  0  udata(80047dd8) 1  
[2017/07/13 23:45:10 536] tts        536  TTS_MSG_GETAUDIO  0  
[2017/07/13 23:45:10 536] tts        429  get audio|use local  
[2017/07/13 23:45:10 536] tts        442  local audiolen:  512  ,ced:  176  
[2017/07/13 23:45:10 536] tts        471  0  udata(80047e28) 1  
[2017/07/13 23:45:10 536] tts        536  TTS_MSG_GETAUDIO  0  
[2017/07/13 23:45:10 536] tts        429  get audio|use local  
[2017/07/13 23:45:10 536] tts        442  local audiolen:  512  ,ced:  176  
[2017/07/13 23:45:10 536] tts        471  0  udata(80047e78) 1  
[2017/07/13 23:45:10 537] tts        536  TTS_MSG_GETAUDIO  0  
[2017/07/13 23:45:10 537] tts        429  get audio|use local  
[2017/07/13 23:45:10 537] tts        442  local audiolen:  512  ,ced:  176  
[2017/07/13 23:45:10 537] tts        471  0  udata(80047ec8) 1  
[2017/07/13 23:45:10 537] tts        536  TTS_MSG_GETAUDIO  0  
[2017/07/13 23:45:10 537] tts        429  get audio|use local  
[2017/07/13 23:45:10 537] tts        442  local audiolen:  512  ,ced:  176  
[2017/07/13 23:45:10 537] tts        471  0  udata(80047f18) 1  
[2017/07/13 23:45:10 538] tts        536  TTS_MSG_GETAUDIO  0  
[2017/07/13 23:45:10 538] tts        429  get audio|use local  
[2017/07/13 23:45:10 538] tts        442  local audiolen:  512  ,ced:  176  
[2017/07/13 23:45:10 538] tts        471  0  udata(80047f68) 1  
[2017/07/13 23:45:10 538] tts        536  TTS_MSG_GETAUDIO  0  
[2017/07/13 23:45:10 538] tts        429  get audio|use local  
[2017/07/13 23:45:10 538] tts        442  local audiolen:  512  ,ced:  176  
[2017/07/13 23:45:10 538] tts        471  0  udata(80047fb8) 1  
[2017/07/13 23:45:10 538] tts        536  TTS_MSG_GETAUDIO  0  
[2017/07/13 23:45:10 538] tts        429  get audio|use local  
[2017/07/13 23:45:10 538] tts        442  local audiolen:  512  ,ced:  176  
[2017/07/13 23:45:10 538] tts        471  0  udata(80048008) 1  
[2017/07/13 23:45:10 539] tts        536  TTS_MSG_GETAUDIO  0  
[2017/07/13 23:45:10 539] tts        429  get audio|use local  
[2017/07/13 23:45:10 539] tts        442  local audiolen:  512  ,ced:  176  
[2017/07/13 23:45:10 539] tts        471  0  udata(80048058) 1  
[2017/07/13 23:45:10 539] tts        536  TTS_MSG_GETAUDIO  0  
[2017/07/13 23:45:10 539] tts        429  get audio|use local  
[2017/07/13 23:45:10 539] tts        442  local audiolen:  160  ,ced:  176  
[2017/07/13 23:45:10 539] tts        471  0  udata(80047988) 1  
[2017/07/13 23:45:10 539] tts        536  TTS_MSG_GETAUDIO  0  
[2017/07/13 23:45:10 539] tts        429  get audio|use local  
[2017/07/13 23:45:10 540] tts        442  local audiolen:  272  ,ced:  200  
[2017/07/13 23:45:10 540] tts        471  0  udata(800478d8) 1  
[2017/07/13 23:45:10 540] tts        536  TTS_MSG_GETAUDIO  0  
[2017/07/13 23:45:10 541] tts        429  get audio|use local  
[2017/07/13 23:45:10 541] tts        442  local audiolen:  11504  ,ced:  200  
[2017/07/13 23:45:10 541] tts        471  0  udata(80047928) 1  
[2017/07/13 23:45:10 544] tts        536  TTS_MSG_GETAUDIO  0  
[2017/07/13 23:45:10 544] tts        429  get audio|use local  
[2017/07/13 23:45:10 544] tts        442  local audiolen:  7070  ,ced:  200  
[2017/07/13 23:45:10 544] tts        471  0  udata(80047878) 1  
[2017/07/13 23:45:10 545] tts        536  TTS_MSG_GETAUDIO  0  
[2017/07/13 23:45:10 545] tts        429  get audio|use local  
[2017/07/13 23:45:10 545] tts        442  local audiolen:  6802  ,ced:  200  
[2017/07/13 23:45:10 545] tts        471  0  udata(800479d8) 1  
[2017/07/13 23:45:10 546] tts        536  TTS_MSG_GETAUDIO  0  
[2017/07/13 23:45:10 546] tts        429  get audio|use local  
[2017/07/13 23:45:10 546] tts        442  local audiolen:  7136  ,ced:  200  
[2017/07/13 23:45:10 546] tts        471  0  udata(80047a28) 1  
[2017/07/13 23:45:10 546] tts        536  TTS_MSG_GETAUDIO  0  
[2017/07/13 23:45:10 546] tts        429  get audio|use local  
[2017/07/13 23:45:10 546] tts        442  local audiolen:  3944  ,ced:  200  
[2017/07/13 23:45:10 546] tts        471  0  udata(80047a78) 1  
[2017/07/13 23:45:10 547] tts        536  TTS_MSG_GETAUDIO  0  
[2017/07/13 23:45:10 547] tts        429  get audio|use local  
[2017/07/13 23:45:10 547] tts        442  local audiolen:  10648  ,ced:  200  
[2017/07/13 23:45:10 547] tts        471  0  udata(8004aa58) 1  
[2017/07/13 23:45:10 547] tts        536  TTS_MSG_GETAUDIO  0  
[2017/07/13 23:45:10 547] tts        429  get audio|use local  
[2017/07/13 23:45:10 547] tts        442  local audiolen:  4700  ,ced:  200  
[2017/07/13 23:45:10 547] tts        471  0  udata(80049318) 1  
[2017/07/13 23:45:10 547] tts        536  TTS_MSG_GETAUDIO  0  
[2017/07/13 23:45:10 547] tts        429  get audio|use local  
[2017/07/13 23:45:10 547] tts        442  local audiolen:  7102  ,ced:  200  
[2017/07/13 23:45:10 547] tts        471  0  udata(800480a8) 2  
[2017/07/13 23:45:10 548] tts        539  TTS_MSG_SSE  
[2017/07/13 23:45:10 548] tts        493  sse|use local  
[2017/07/13 23:45:10 550] tts        509  tts exit  
