============================================================
Time  2017/07/14 00:16:20 095 
============================================================
[2017/07/14 00:16:20 095] tts        555  SYS_MSG_REGCB param0 =  msp_status_cb  param1 =  func(340182e0) 
[2017/07/14 00:16:20 096] config     42   use general cloud  
[2017/07/14 00:16:20 098] tts_cloud  1414 SYS_MSG_REGCB_CLOUD param0 =   msp_status_cb  param1 =  func(340182e0) 
[2017/07/14 00:16:20 098] tts        527  TTS_MSG_SSB  
[2017/07/14 00:16:20 098] tts        338  params =  engine_type = local, text_encoding = UTF8,voice_name=xiaofeng,tts_res_path = fo|res/tts/xiaofeng.jet;fo|res/tts/common.jet, sample_rate = 16000, speed = 50, volume = 50, pitch = 50, rdn = 2  
[2017/07/14 00:16:20 098] tts        369  ssb|use local  
[2017/07/14 00:16:20 098] tts        313  local_session_begin  
[2017/07/14 00:16:20 103] tts        533  TTS_MSG_SYN  0  
[2017/07/14 00:16:20 103] tts        404  synth|use local  
[2017/07/14 00:16:20 103] tts        536  TTS_MSG_GETAUDIO  0  
[2017/07/14 00:16:20 103] tts        429  get audio|use local  
[2017/07/14 00:16:20 103] tts        471  0  nil  1  
[2017/07/14 00:16:20 103] tts        536  TTS_MSG_GETAUDIO  0  
[2017/07/14 00:16:20 103] tts        429  get audio|use local  
[2017/07/14 00:16:20 103] tts        471  0  nil  1  
[2017/07/14 00:16:20 103] tts        536  TTS_MSG_GETAUDIO  0  
[2017/07/14 00:16:20 103] tts        429  get audio|use local  
[2017/07/14 00:16:20 103] tts        471  0  nil  1  
[2017/07/14 00:16:20 103] tts        536  TTS_MSG_GETAUDIO  0  
[2017/07/14 00:16:20 103] tts        429  get audio|use local  
[2017/07/14 00:16:20 103] tts        471  0  nil  1  
[2017/07/14 00:16:20 103] tts        536  TTS_MSG_GETAUDIO  0  
[2017/07/14 00:16:20 103] tts        429  get audio|use local  
[2017/07/14 00:16:20 103] tts        471  0  nil  1  
[2017/07/14 00:16:20 103] tts        536  TTS_MSG_GETAUDIO  0  
[2017/07/14 00:16:20 103] tts        429  get audio|use local  
[2017/07/14 00:16:20 103] tts        471  0  nil  1  
[2017/07/14 00:16:20 103] tts        536  TTS_MSG_GETAUDIO  0  
[2017/07/14 00:16:20 103] tts        429  get audio|use local  
[2017/07/14 00:16:20 103] tts        471  0  nil  1  
[2017/07/14 00:16:20 104] tts        536  TTS_MSG_GETAUDIO  0  
[2017/07/14 00:16:20 104] tts        429  get audio|use local  
[2017/07/14 00:16:20 104] tts        471  0  nil  1  
[2017/07/14 00:16:20 104] tts        536  TTS_MSG_GETAUDIO  0  
[2017/07/14 00:16:20 104] tts        429  get audio|use local  
[2017/07/14 00:16:20 104] tts        471  0  nil  1  
[2017/07/14 00:16:20 104] tts        536  TTS_MSG_GETAUDIO  0  
[2017/07/14 00:16:20 104] tts        429  get audio|use local  
[2017/07/14 00:16:20 104] tts        471  0  nil  1  
[2017/07/14 00:16:20 104] tts        536  TTS_MSG_GETAUDIO  0  
[2017/07/14 00:16:20 104] tts        429  get audio|use local  
[2017/07/14 00:16:20 104] tts        471  0  nil  1  
[2017/07/14 00:16:20 104] tts        536  TTS_MSG_GETAUDIO  0  
[2017/07/14 00:16:20 104] tts        429  get audio|use local  
[2017/07/14 00:16:20 104] tts        471  0  nil  1  
[2017/07/14 00:16:20 104] tts        536  TTS_MSG_GETAUDIO  0  
[2017/07/14 00:16:20 104] tts        429  get audio|use local  
[2017/07/14 00:16:20 104] tts        471  0  nil  1  
[2017/07/14 00:16:20 104] tts        536  TTS_MSG_GETAUDIO  0  
[2017/07/14 00:16:20 104] tts        429  get audio|use local  
[2017/07/14 00:16:20 104] tts        471  0  nil  1  
[2017/07/14 00:16:20 105] tts        536  TTS_MSG_GETAUDIO  0  
[2017/07/14 00:16:20 105] tts        429  get audio|use local  
[2017/07/14 00:16:20 105] tts        471  0  nil  1  
[2017/07/14 00:16:20 105] tts        536  TTS_MSG_GETAUDIO  0  
[2017/07/14 00:16:20 105] tts        429  get audio|use local  
[2017/07/14 00:16:20 105] tts        471  0  nil  1  
[2017/07/14 00:16:20 105] tts        536  TTS_MSG_GETAUDIO  0  
[2017/07/14 00:16:20 105] tts        429  get audio|use local  
[2017/07/14 00:16:20 105] tts        471  0  nil  1  
[2017/07/14 00:16:20 105] tts        536  TTS_MSG_GETAUDIO  0  
[2017/07/14 00:16:20 105] tts        429  get audio|use local  
[2017/07/14 00:16:20 105] tts        471  0  nil  1  
[2017/07/14 00:16:20 105] tts        536  TTS_MSG_GETAUDIO  0  
[2017/07/14 00:16:20 105] tts        429  get audio|use local  
[2017/07/14 00:16:20 105] tts        471  0  nil  1  
[2017/07/14 00:16:20 105] tts        536  TTS_MSG_GETAUDIO  0  
[2017/07/14 00:16:20 106] tts        429  get audio|use local  
[2017/07/14 00:16:20 106] tts        471  0  nil  1  
[2017/07/14 00:16:20 106] tts        536  TTS_MSG_GETAUDIO  0  
[2017/07/14 00:16:20 106] tts        429  get audio|use local  
[2017/07/14 00:16:20 106] tts        471  0  nil  1  
[2017/07/14 00:16:20 106] tts        536  TTS_MSG_GETAUDIO  0  
[2017/07/14 00:16:20 106] tts        429  get audio|use local  
[2017/07/14 00:16:20 106] tts        471  0  nil  1  
[2017/07/14 00:16:20 106] tts        536  TTS_MSG_GETAUDIO  0  
[2017/07/14 00:16:20 106] tts        429  get audio|use local  
[2017/07/14 00:16:20 106] tts        471  0  nil  1  
[2017/07/14 00:16:20 106] tts        536  TTS_MSG_GETAUDIO  0  
[2017/07/14 00:16:20 106] tts        429  get audio|use local  
[2017/07/14 00:16:20 106] tts        471  0  nil  1  
[2017/07/14 00:16:20 106] tts        536  TTS_MSG_GETAUDIO  0  
[2017/07/14 00:16:20 106] tts        429  get audio|use local  
[2017/07/14 00:16:20 106] tts        471  0  nil  1  
[2017/07/14 00:16:20 106] tts        536  TTS_MSG_GETAUDIO  0  
[2017/07/14 00:16:20 106] tts        429  get audio|use local  
[2017/07/14 00:16:20 106] tts        471  0  nil  1  
[2017/07/14 00:16:20 106] tts        536  TTS_MSG_GETAUDIO  0  
[2017/07/14 00:16:20 106] tts        429  get audio|use local  
[2017/07/14 00:16:20 106] tts        471  0  nil  1  
[2017/07/14 00:16:20 106] tts        536  TTS_MSG_GETAUDIO  0  
[2017/07/14 00:16:20 107] tts        429  get audio|use local  
[2017/07/14 00:16:20 107] tts        471  0  nil  1  
[2017/07/14 00:16:20 107] tts        536  TTS_MSG_GETAUDIO  0  
[2017/07/14 00:16:20 107] tts        429  get audio|use local  
[2017/07/14 00:16:20 107] tts        471  0  nil  1  
[2017/07/14 00:16:20 107] tts        536  TTS_MSG_GETAUDIO  0  
[2017/07/14 00:16:20 107] tts        429  get audio|use local  
[2017/07/14 00:16:20 107] tts        471  0  nil  1  
[2017/07/14 00:16:20 107] tts        536  TTS_MSG_GETAUDIO  0  
[2017/07/14 00:16:20 107] tts        429  get audio|use local  
[2017/07/14 00:16:20 107] tts        471  0  nil  1  
[2017/07/14 00:16:20 107] tts        536  TTS_MSG_GETAUDIO  0  
[2017/07/14 00:16:20 107] tts        429  get audio|use local  
[2017/07/14 00:16:20 107] tts        471  0  nil  1  
[2017/07/14 00:16:20 107] tts        536  TTS_MSG_GETAUDIO  0  
[2017/07/14 00:16:20 107] tts        429  get audio|use local  
[2017/07/14 00:16:20 107] tts        471  0  nil  1  
[2017/07/14 00:16:20 107] tts        536  TTS_MSG_GETAUDIO  0  
[2017/07/14 00:16:20 107] tts        429  get audio|use local  
[2017/07/14 00:16:20 107] tts        471  0  nil  1  
[2017/07/14 00:16:20 107] tts        536  TTS_MSG_GETAUDIO  0  
[2017/07/14 00:16:20 107] tts        429  get audio|use local  
[2017/07/14 00:16:20 107] tts        471  0  nil  1  
[2017/07/14 00:16:20 107] tts        536  TTS_MSG_GETAUDIO  0  
[2017/07/14 00:16:20 107] tts        429  get audio|use local  
[2017/07/14 00:16:20 107] tts        471  0  nil  1  
[2017/07/14 00:16:20 107] tts        536  TTS_MSG_GETAUDIO  0  
[2017/07/14 00:16:20 107] tts        429  get audio|use local  
[2017/07/14 00:16:20 107] tts        471  0  nil  1  
[2017/07/14 00:16:20 108] tts        536  TTS_MSG_GETAUDIO  0  
[2017/07/14 00:16:20 108] tts        429  get audio|use local  
[2017/07/14 00:16:20 108] tts        471  0  nil  1  
[2017/07/14 00:16:20 108] tts        536  TTS_MSG_GETAUDIO  0  
[2017/07/14 00:16:20 108] tts        429  get audio|use local  
[2017/07/14 00:16:20 108] tts        471  0  nil  1  
[2017/07/14 00:16:20 108] tts        536  TTS_MSG_GETAUDIO  0  
[2017/07/14 00:16:20 108] tts        429  get audio|use local  
[2017/07/14 00:16:20 108] tts        471  0  nil  1  
[2017/07/14 00:16:20 108] tts        536  TTS_MSG_GETAUDIO  0  
[2017/07/14 00:16:20 108] tts        429  get audio|use local  
[2017/07/14 00:16:20 108] tts        471  0  nil  1  
[2017/07/14 00:16:20 108] tts        536  TTS_MSG_GETAUDIO  0  
[2017/07/14 00:16:20 108] tts        429  get audio|use local  
[2017/07/14 00:16:20 108] tts        471  0  nil  1  
[2017/07/14 00:16:20 108] tts        536  TTS_MSG_GETAUDIO  0  
[2017/07/14 00:16:20 108] tts        429  get audio|use local  
[2017/07/14 00:16:20 108] tts        471  0  nil  1  
[2017/07/14 00:16:20 108] tts        536  TTS_MSG_GETAUDIO  0  
[2017/07/14 00:16:20 108] tts        429  get audio|use local  
[2017/07/14 00:16:20 108] tts        471  0  nil  1  
[2017/07/14 00:16:20 108] tts        536  TTS_MSG_GETAUDIO  0  
[2017/07/14 00:16:20 108] tts        429  get audio|use local  
[2017/07/14 00:16:20 108] tts        471  0  nil  1  
[2017/07/14 00:16:20 108] tts        536  TTS_MSG_GETAUDIO  0  
[2017/07/14 00:16:20 108] tts        429  get audio|use local  
[2017/07/14 00:16:20 108] tts        471  0  nil  1  
[2017/07/14 00:16:20 108] tts        536  TTS_MSG_GETAUDIO  0  
[2017/07/14 00:16:20 108] tts        429  get audio|use local  
[2017/07/14 00:16:20 108] tts        471  0  nil  1  
[2017/07/14 00:16:20 109] tts        536  TTS_MSG_GETAUDIO  0  
[2017/07/14 00:16:20 109] tts        429  get audio|use local  
[2017/07/14 00:16:20 109] tts        471  0  nil  1  
[2017/07/14 00:16:20 109] tts        536  TTS_MSG_GETAUDIO  0  
[2017/07/14 00:16:20 109] tts        429  get audio|use local  
[2017/07/14 00:16:20 109] tts        471  0  nil  1  
[2017/07/14 00:16:20 109] tts        536  TTS_MSG_GETAUDIO  0  
[2017/07/14 00:16:20 109] tts        429  get audio|use local  
[2017/07/14 00:16:20 109] tts        471  0  nil  1  
[2017/07/14 00:16:20 109] tts        536  TTS_MSG_GETAUDIO  0  
[2017/07/14 00:16:20 109] tts        429  get audio|use local  
[2017/07/14 00:16:20 109] tts        471  0  nil  1  
[2017/07/14 00:16:20 109] tts        536  TTS_MSG_GETAUDIO  0  
[2017/07/14 00:16:20 109] tts        429  get audio|use local  
[2017/07/14 00:16:20 109] tts        471  0  nil  1  
[2017/07/14 00:16:20 109] tts        536  TTS_MSG_GETAUDIO  0  
[2017/07/14 00:16:20 109] tts        429  get audio|use local  
[2017/07/14 00:16:20 109] tts        471  0  nil  1  
[2017/07/14 00:16:20 109] tts        536  TTS_MSG_GETAUDIO  0  
[2017/07/14 00:16:20 109] tts        429  get audio|use local  
[2017/07/14 00:16:20 109] tts        471  0  nil  1  
[2017/07/14 00:16:20 109] tts        536  TTS_MSG_GETAUDIO  0  
[2017/07/14 00:16:20 109] tts        429  get audio|use local  
[2017/07/14 00:16:20 109] tts        471  0  nil  1  
[2017/07/14 00:16:20 109] tts        536  TTS_MSG_GETAUDIO  0  
[2017/07/14 00:16:20 109] tts        429  get audio|use local  
[2017/07/14 00:16:20 109] tts        471  0  nil  1  
[2017/07/14 00:16:20 109] tts        536  TTS_MSG_GETAUDIO  0  
[2017/07/14 00:16:20 109] tts        429  get audio|use local  
[2017/07/14 00:16:20 109] tts        471  0  nil  1  
[2017/07/14 00:16:20 109] tts        536  TTS_MSG_GETAUDIO  0  
[2017/07/14 00:16:20 110] tts        429  get audio|use local  
[2017/07/14 00:16:20 110] tts        471  0  nil  1  
[2017/07/14 00:16:20 110] tts        536  TTS_MSG_GETAUDIO  0  
[2017/07/14 00:16:20 110] tts        429  get audio|use local  
[2017/07/14 00:16:20 110] tts        471  0  nil  1  
[2017/07/14 00:16:20 110] tts        536  TTS_MSG_GETAUDIO  0  
[2017/07/14 00:16:20 110] tts        429  get audio|use local  
[2017/07/14 00:16:20 110] tts        471  0  nil  1  
[2017/07/14 00:16:20 110] tts        536  TTS_MSG_GETAUDIO  0  
[2017/07/14 00:16:20 110] tts        429  get audio|use local  
[2017/07/14 00:16:20 110] tts        471  0  nil  1  
[2017/07/14 00:16:20 110] tts        536  TTS_MSG_GETAUDIO  0  
[2017/07/14 00:16:20 110] tts        429  get audio|use local  
[2017/07/14 00:16:20 110] tts        471  0  nil  1  
[2017/07/14 00:16:20 110] tts        536  TTS_MSG_GETAUDIO  0  
[2017/07/14 00:16:20 110] tts        429  get audio|use local  
[2017/07/14 00:16:20 110] tts        471  0  nil  1  
[2017/07/14 00:16:20 110] tts        536  TTS_MSG_GETAUDIO  0  
[2017/07/14 00:16:20 110] tts        429  get audio|use local  
[2017/07/14 00:16:20 110] tts        471  0  nil  1  
[2017/07/14 00:16:20 110] tts        536  TTS_MSG_GETAUDIO  0  
[2017/07/14 00:16:20 110] tts        429  get audio|use local  
[2017/07/14 00:16:20 110] tts        471  0  nil  1  
[2017/07/14 00:16:20 110] tts        536  TTS_MSG_GETAUDIO  0  
[2017/07/14 00:16:20 110] tts        429  get audio|use local  
[2017/07/14 00:16:20 110] tts        471  0  nil  1  
[2017/07/14 00:16:20 110] tts        536  TTS_MSG_GETAUDIO  0  
[2017/07/14 00:16:20 110] tts        429  get audio|use local  
[2017/07/14 00:16:20 110] tts        471  0  nil  1  
[2017/07/14 00:16:20 110] tts        536  TTS_MSG_GETAUDIO  0  
[2017/07/14 00:16:20 110] tts        429  get audio|use local  
[2017/07/14 00:16:20 111] tts        471  0  nil  1  
[2017/07/14 00:16:20 111] tts        536  TTS_MSG_GETAUDIO  0  
[2017/07/14 00:16:20 111] tts        429  get audio|use local  
[2017/07/14 00:16:20 111] tts        471  0  nil  1  
[2017/07/14 00:16:20 111] tts        536  TTS_MSG_GETAUDIO  0  
[2017/07/14 00:16:20 111] tts        429  get audio|use local  
[2017/07/14 00:16:20 111] tts        471  0  nil  1  
[2017/07/14 00:16:20 111] tts        536  TTS_MSG_GETAUDIO  0  
[2017/07/14 00:16:20 111] tts        429  get audio|use local  
[2017/07/14 00:16:20 111] tts        471  0  nil  1  
[2017/07/14 00:16:20 111] tts        536  TTS_MSG_GETAUDIO  0  
[2017/07/14 00:16:20 111] tts        429  get audio|use local  
[2017/07/14 00:16:20 111] tts        471  0  nil  1  
[2017/07/14 00:16:20 111] tts        536  TTS_MSG_GETAUDIO  0  
[2017/07/14 00:16:20 111] tts        429  get audio|use local  
[2017/07/14 00:16:20 111] tts        471  0  nil  1  
[2017/07/14 00:16:20 111] tts        536  TTS_MSG_GETAUDIO  0  
[2017/07/14 00:16:20 111] tts        429  get audio|use local  
[2017/07/14 00:16:20 111] tts        471  0  nil  1  
[2017/07/14 00:16:20 111] tts        536  TTS_MSG_GETAUDIO  0  
[2017/07/14 00:16:20 111] tts        429  get audio|use local  
[2017/07/14 00:16:20 111] tts        471  0  nil  1  
[2017/07/14 00:16:20 111] tts        536  TTS_MSG_GETAUDIO  0  
[2017/07/14 00:16:20 111] tts        429  get audio|use local  
[2017/07/14 00:16:20 111] tts        471  0  nil  1  
[2017/07/14 00:16:20 111] tts        536  TTS_MSG_GETAUDIO  0  
[2017/07/14 00:16:20 111] tts        429  get audio|use local  
[2017/07/14 00:16:20 111] tts        471  0  nil  1  
[2017/07/14 00:16:20 112] tts        536  TTS_MSG_GETAUDIO  0  
[2017/07/14 00:16:20 112] tts        429  get audio|use local  
[2017/07/14 00:16:20 112] tts        471  0  nil  1  
[2017/07/14 00:16:20 112] tts        536  TTS_MSG_GETAUDIO  0  
[2017/07/14 00:16:20 112] tts        429  get audio|use local  
[2017/07/14 00:16:20 112] tts        471  0  nil  1  
[2017/07/14 00:16:20 112] tts        536  TTS_MSG_GETAUDIO  0  
[2017/07/14 00:16:20 112] tts        429  get audio|use local  
[2017/07/14 00:16:20 112] tts        471  0  nil  1  
[2017/07/14 00:16:20 112] tts        536  TTS_MSG_GETAUDIO  0  
[2017/07/14 00:16:20 112] tts        429  get audio|use local  
[2017/07/14 00:16:20 112] tts        471  0  nil  1  
[2017/07/14 00:16:20 112] tts        536  TTS_MSG_GETAUDIO  0  
[2017/07/14 00:16:20 112] tts        429  get audio|use local  
[2017/07/14 00:16:20 112] tts        471  0  nil  1  
[2017/07/14 00:16:20 112] tts        536  TTS_MSG_GETAUDIO  0  
[2017/07/14 00:16:20 112] tts        429  get audio|use local  
[2017/07/14 00:16:20 112] tts        471  0  nil  1  
[2017/07/14 00:16:20 112] tts        536  TTS_MSG_GETAUDIO  0  
[2017/07/14 00:16:20 112] tts        429  get audio|use local  
[2017/07/14 00:16:20 112] tts        471  0  nil  1  
[2017/07/14 00:16:20 112] tts        536  TTS_MSG_GETAUDIO  0  
[2017/07/14 00:16:20 112] tts        429  get audio|use local  
[2017/07/14 00:16:20 112] tts        471  0  nil  1  
[2017/07/14 00:16:20 112] tts        536  TTS_MSG_GETAUDIO  0  
[2017/07/14 00:16:20 112] tts        429  get audio|use local  
[2017/07/14 00:16:20 112] tts        471  0  nil  1  
[2017/07/14 00:16:20 112] tts        536  TTS_MSG_GETAUDIO  0  
[2017/07/14 00:16:20 112] tts        429  get audio|use local  
[2017/07/14 00:16:20 112] tts        471  0  nil  1  
[2017/07/14 00:16:20 112] tts        536  TTS_MSG_GETAUDIO  0  
[2017/07/14 00:16:20 112] tts        429  get audio|use local  
[2017/07/14 00:16:20 113] tts        471  0  nil  1  
[2017/07/14 00:16:20 113] tts        536  TTS_MSG_GETAUDIO  0  
[2017/07/14 00:16:20 113] tts        429  get audio|use local  
[2017/07/14 00:16:20 113] tts        471  0  nil  1  
[2017/07/14 00:16:20 113] tts        536  TTS_MSG_GETAUDIO  0  
[2017/07/14 00:16:20 113] tts        429  get audio|use local  
[2017/07/14 00:16:20 113] tts        471  0  nil  1  
[2017/07/14 00:16:20 113] tts        536  TTS_MSG_GETAUDIO  0  
[2017/07/14 00:16:20 113] tts        429  get audio|use local  
[2017/07/14 00:16:20 113] tts        471  0  nil  1  
[2017/07/14 00:16:20 113] tts        536  TTS_MSG_GETAUDIO  0  
[2017/07/14 00:16:20 113] tts        429  get audio|use local  
[2017/07/14 00:16:20 113] tts        471  0  nil  1  
[2017/07/14 00:16:20 113] tts        536  TTS_MSG_GETAUDIO  0  
[2017/07/14 00:16:20 113] tts        429  get audio|use local  
[2017/07/14 00:16:20 113] tts        471  0  nil  1  
[2017/07/14 00:16:20 113] tts        536  TTS_MSG_GETAUDIO  0  
[2017/07/14 00:16:20 113] tts        429  get audio|use local  
[2017/07/14 00:16:20 113] tts        471  0  nil  1  
[2017/07/14 00:16:20 113] tts        536  TTS_MSG_GETAUDIO  0  
[2017/07/14 00:16:20 113] tts        429  get audio|use local  
[2017/07/14 00:16:20 113] tts        471  0  nil  1  
[2017/07/14 00:16:20 113] tts        536  TTS_MSG_GETAUDIO  0  
[2017/07/14 00:16:20 113] tts        429  get audio|use local  
[2017/07/14 00:16:20 113] tts        471  0  nil  1  
[2017/07/14 00:16:20 113] tts        536  TTS_MSG_GETAUDIO  0  
[2017/07/14 00:16:20 113] tts        429  get audio|use local  
[2017/07/14 00:16:20 113] tts        471  0  nil  1  
[2017/07/14 00:16:20 113] tts        536  TTS_MSG_GETAUDIO  0  
[2017/07/14 00:16:20 113] tts        429  get audio|use local  
[2017/07/14 00:16:20 113] tts        471  0  nil  1  
[2017/07/14 00:16:20 114] tts        536  TTS_MSG_GETAUDIO  0  
[2017/07/14 00:16:20 114] tts        429  get audio|use local  
[2017/07/14 00:16:20 114] tts        471  0  nil  1  
[2017/07/14 00:16:20 114] tts        536  TTS_MSG_GETAUDIO  0  
[2017/07/14 00:16:20 114] tts        429  get audio|use local  
[2017/07/14 00:16:20 114] tts        471  0  nil  1  
[2017/07/14 00:16:20 114] tts        536  TTS_MSG_GETAUDIO  0  
[2017/07/14 00:16:20 114] tts        429  get audio|use local  
[2017/07/14 00:16:20 114] tts        471  0  nil  1  
[2017/07/14 00:16:20 114] tts        536  TTS_MSG_GETAUDIO  0  
[2017/07/14 00:16:20 114] tts        429  get audio|use local  
[2017/07/14 00:16:20 114] tts        471  0  nil  1  
[2017/07/14 00:16:20 114] tts        536  TTS_MSG_GETAUDIO  0  
[2017/07/14 00:16:20 114] tts        429  get audio|use local  
[2017/07/14 00:16:20 114] tts        471  0  nil  1  
[2017/07/14 00:16:20 114] tts        536  TTS_MSG_GETAUDIO  0  
[2017/07/14 00:16:20 114] tts        429  get audio|use local  
[2017/07/14 00:16:20 114] tts        471  0  nil  1  
[2017/07/14 00:16:20 114] tts        536  TTS_MSG_GETAUDIO  0  
[2017/07/14 00:16:20 114] tts        429  get audio|use local  
[2017/07/14 00:16:20 114] tts        471  0  nil  1  
[2017/07/14 00:16:20 114] tts        536  TTS_MSG_GETAUDIO  0  
[2017/07/14 00:16:20 114] tts        429  get audio|use local  
[2017/07/14 00:16:20 114] tts        471  0  nil  1  
[2017/07/14 00:16:20 114] tts        536  TTS_MSG_GETAUDIO  0  
[2017/07/14 00:16:20 114] tts        429  get audio|use local  
[2017/07/14 00:16:20 114] tts        471  0  nil  1  
[2017/07/14 00:16:20 114] tts        536  TTS_MSG_GETAUDIO  0  
[2017/07/14 00:16:20 114] tts        429  get audio|use local  
[2017/07/14 00:16:20 114] tts        471  0  nil  1  
[2017/07/14 00:16:20 115] tts        536  TTS_MSG_GETAUDIO  0  
[2017/07/14 00:16:20 115] tts        429  get audio|use local  
[2017/07/14 00:16:20 115] tts        471  0  nil  1  
[2017/07/14 00:16:20 115] tts        536  TTS_MSG_GETAUDIO  0  
[2017/07/14 00:16:20 115] tts        429  get audio|use local  
[2017/07/14 00:16:20 115] tts        471  0  nil  1  
[2017/07/14 00:16:20 115] tts        536  TTS_MSG_GETAUDIO  0  
[2017/07/14 00:16:20 115] tts        429  get audio|use local  
[2017/07/14 00:16:20 115] tts        471  0  nil  1  
[2017/07/14 00:16:20 115] tts        536  TTS_MSG_GETAUDIO  0  
[2017/07/14 00:16:20 115] tts        429  get audio|use local  
[2017/07/14 00:16:20 115] tts        471  0  nil  1  
[2017/07/14 00:16:20 115] tts        536  TTS_MSG_GETAUDIO  0  
[2017/07/14 00:16:20 115] tts        429  get audio|use local  
[2017/07/14 00:16:20 115] tts        471  0  nil  1  
[2017/07/14 00:16:20 115] tts        536  TTS_MSG_GETAUDIO  0  
[2017/07/14 00:16:20 115] tts        429  get audio|use local  
[2017/07/14 00:16:20 115] tts        471  0  nil  1  
[2017/07/14 00:16:20 115] tts        536  TTS_MSG_GETAUDIO  0  
[2017/07/14 00:16:20 115] tts        429  get audio|use local  
[2017/07/14 00:16:20 115] tts        471  0  nil  1  
[2017/07/14 00:16:20 115] tts        536  TTS_MSG_GETAUDIO  0  
[2017/07/14 00:16:20 115] tts        429  get audio|use local  
[2017/07/14 00:16:20 115] tts        471  0  nil  1  
[2017/07/14 00:16:20 115] tts        536  TTS_MSG_GETAUDIO  0  
[2017/07/14 00:16:20 115] tts        429  get audio|use local  
[2017/07/14 00:16:20 115] tts        471  0  nil  1  
[2017/07/14 00:16:20 115] tts        536  TTS_MSG_GETAUDIO  0  
[2017/07/14 00:16:20 115] tts        429  get audio|use local  
[2017/07/14 00:16:20 115] tts        471  0  nil  1  
[2017/07/14 00:16:20 116] tts        536  TTS_MSG_GETAUDIO  0  
[2017/07/14 00:16:20 116] tts        429  get audio|use local  
[2017/07/14 00:16:20 116] tts        471  0  nil  1  
[2017/07/14 00:16:20 116] tts        536  TTS_MSG_GETAUDIO  0  
[2017/07/14 00:16:20 116] tts        429  get audio|use local  
[2017/07/14 00:16:20 116] tts        471  0  nil  1  
[2017/07/14 00:16:20 116] tts        536  TTS_MSG_GETAUDIO  0  
[2017/07/14 00:16:20 116] tts        429  get audio|use local  
[2017/07/14 00:16:20 116] tts        471  0  nil  1  
[2017/07/14 00:16:20 116] tts        536  TTS_MSG_GETAUDIO  0  
[2017/07/14 00:16:20 116] tts        429  get audio|use local  
[2017/07/14 00:16:20 116] tts        471  0  nil  1  
[2017/07/14 00:16:20 117] tts        536  TTS_MSG_GETAUDIO  0  
[2017/07/14 00:16:20 117] tts        429  get audio|use local  
[2017/07/14 00:16:20 117] tts        471  0  nil  1  
[2017/07/14 00:16:20 117] tts        536  TTS_MSG_GETAUDIO  0  
[2017/07/14 00:16:20 117] tts        429  get audio|use local  
[2017/07/14 00:16:20 117] tts        471  0  nil  1  
[2017/07/14 00:16:20 117] tts        536  TTS_MSG_GETAUDIO  0  
[2017/07/14 00:16:20 117] tts        429  get audio|use local  
[2017/07/14 00:16:20 117] tts        471  0  nil  1  
[2017/07/14 00:16:20 117] tts        536  TTS_MSG_GETAUDIO  0  
[2017/07/14 00:16:20 117] tts        429  get audio|use local  
[2017/07/14 00:16:20 117] tts        471  0  nil  1  
[2017/07/14 00:16:20 117] tts        536  TTS_MSG_GETAUDIO  0  
[2017/07/14 00:16:20 117] tts        429  get audio|use local  
[2017/07/14 00:16:20 117] tts        471  0  nil  1  
[2017/07/14 00:16:20 117] tts        536  TTS_MSG_GETAUDIO  0  
[2017/07/14 00:16:20 117] tts        429  get audio|use local  
[2017/07/14 00:16:20 118] tts        471  0  nil  1  
[2017/07/14 00:16:20 118] tts        536  TTS_MSG_GETAUDIO  0  
[2017/07/14 00:16:20 118] tts        429  get audio|use local  
[2017/07/14 00:16:20 118] tts        471  0  nil  1  
[2017/07/14 00:16:20 118] tts        536  TTS_MSG_GETAUDIO  0  
[2017/07/14 00:16:20 118] tts        429  get audio|use local  
[2017/07/14 00:16:20 118] tts        471  0  nil  1  
[2017/07/14 00:16:20 119] tts        536  TTS_MSG_GETAUDIO  0  
[2017/07/14 00:16:20 119] tts        429  get audio|use local  
[2017/07/14 00:16:20 119] tts        471  0  nil  1  
[2017/07/14 00:16:20 119] tts        536  TTS_MSG_GETAUDIO  0  
[2017/07/14 00:16:20 119] tts        429  get audio|use local  
[2017/07/14 00:16:20 119] tts        471  0  nil  1  
[2017/07/14 00:16:20 119] tts        536  TTS_MSG_GETAUDIO  0  
[2017/07/14 00:16:20 119] tts        429  get audio|use local  
[2017/07/14 00:16:20 119] tts        471  0  nil  1  
[2017/07/14 00:16:20 120] tts        536  TTS_MSG_GETAUDIO  0  
[2017/07/14 00:16:20 121] tts        429  get audio|use local  
[2017/07/14 00:16:20 121] tts        471  0  nil  1  
[2017/07/14 00:16:20 121] tts        536  TTS_MSG_GETAUDIO  0  
[2017/07/14 00:16:20 121] tts        429  get audio|use local  
[2017/07/14 00:16:20 121] tts        471  0  nil  1  
[2017/07/14 00:16:20 122] tts        536  TTS_MSG_GETAUDIO  0  
[2017/07/14 00:16:20 122] tts        429  get audio|use local  
[2017/07/14 00:16:20 122] tts        471  0  nil  1  
[2017/07/14 00:16:20 123] tts        536  TTS_MSG_GETAUDIO  0  
[2017/07/14 00:16:20 123] tts        429  get audio|use local  
[2017/07/14 00:16:20 123] tts        471  0  nil  1  
[2017/07/14 00:16:20 123] tts        536  TTS_MSG_GETAUDIO  0  
[2017/07/14 00:16:20 123] tts        429  get audio|use local  
[2017/07/14 00:16:20 124] tts        471  0  nil  1  
[2017/07/14 00:16:20 124] tts        536  TTS_MSG_GETAUDIO  0  
[2017/07/14 00:16:20 124] tts        429  get audio|use local  
[2017/07/14 00:16:20 124] tts        471  0  nil  1  
[2017/07/14 00:16:20 126] tts        290  TTS_LOCAL_CB_BEGIN  
[2017/07/14 00:16:20 128] tts        536  TTS_MSG_GETAUDIO  0  
[2017/07/14 00:16:20 128] tts        429  get audio|use local  
[2017/07/14 00:16:20 128] tts        442  local audiolen:  300  ,ced:  18  
[2017/07/14 00:16:20 128] tts        471  0  udata(34084488) 1  
[2017/07/14 00:16:20 128] tts        536  TTS_MSG_GETAUDIO  0  
[2017/07/14 00:16:20 128] tts        429  get audio|use local  
[2017/07/14 00:16:20 128] tts        442  local audiolen:  4472  ,ced:  18  
[2017/07/14 00:16:20 128] tts        471  0  udata(34084038) 1  
[2017/07/14 00:16:20 128] tts        536  TTS_MSG_GETAUDIO  0  
[2017/07/14 00:16:20 128] tts        429  get audio|use local  
[2017/07/14 00:16:20 128] tts        442  local audiolen:  7136  ,ced:  18  
[2017/07/14 00:16:20 128] tts        471  0  udata(34084088) 1  
[2017/07/14 00:16:20 128] tts        536  TTS_MSG_GETAUDIO  0  
[2017/07/14 00:16:20 128] tts        429  get audio|use local  
[2017/07/14 00:16:20 128] tts        442  local audiolen:  4510  ,ced:  18  
[2017/07/14 00:16:20 128] tts        471  0  udata(34083e38) 1  
[2017/07/14 00:16:20 128] tts        536  TTS_MSG_GETAUDIO  0  
[2017/07/14 00:16:20 128] tts        429  get audio|use local  
[2017/07/14 00:16:20 128] tts        442  local audiolen:  12914  ,ced:  18  
[2017/07/14 00:16:20 128] tts        471  0  udata(34083e88) 1  
[2017/07/14 00:16:20 135] tts        536  TTS_MSG_GETAUDIO  0  
[2017/07/14 00:16:20 135] tts        429  get audio|use local  
[2017/07/14 00:16:20 135] tts        442  local audiolen:  6038  ,ced:  18  
[2017/07/14 00:16:20 135] tts        471  0  udata(34084348) 1  
[2017/07/14 00:16:20 136] tts        536  TTS_MSG_GETAUDIO  0  
[2017/07/14 00:16:20 136] tts        429  get audio|use local  
[2017/07/14 00:16:20 136] tts        442  local audiolen:  512  ,ced:  18  
[2017/07/14 00:16:20 136] tts        471  0  udata(34084798) 1  
[2017/07/14 00:16:20 137] tts        536  TTS_MSG_GETAUDIO  0  
[2017/07/14 00:16:20 138] tts        429  get audio|use local  
[2017/07/14 00:16:20 138] tts        442  local audiolen:  512  ,ced:  18  
[2017/07/14 00:16:20 138] tts        471  0  udata(340847e8) 1  
[2017/07/14 00:16:20 139] tts        536  TTS_MSG_GETAUDIO  0  
[2017/07/14 00:16:20 139] tts        429  get audio|use local  
[2017/07/14 00:16:20 139] tts        442  local audiolen:  512  ,ced:  18  
[2017/07/14 00:16:20 139] tts        471  0  udata(34079f98) 1  
[2017/07/14 00:16:20 141] tts        536  TTS_MSG_GETAUDIO  0  
[2017/07/14 00:16:20 141] tts        429  get audio|use local  
[2017/07/14 00:16:20 141] tts        442  local audiolen:  512  ,ced:  18  
[2017/07/14 00:16:20 141] tts        471  0  udata(34084588) 1  
[2017/07/14 00:16:20 142] tts        536  TTS_MSG_GETAUDIO  0  
[2017/07/14 00:16:20 142] tts        429  get audio|use local  
[2017/07/14 00:16:20 142] tts        442  local audiolen:  512  ,ced:  18  
[2017/07/14 00:16:20 142] tts        471  0  udata(340845d8) 1  
[2017/07/14 00:16:20 143] tts        536  TTS_MSG_GETAUDIO  0  
[2017/07/14 00:16:20 143] tts        429  get audio|use local  
[2017/07/14 00:16:20 143] tts        442  local audiolen:  512  ,ced:  18  
[2017/07/14 00:16:20 143] tts        471  0  udata(340846c8) 1  
[2017/07/14 00:16:20 143] tts        536  TTS_MSG_GETAUDIO  0  
[2017/07/14 00:16:20 143] tts        429  get audio|use local  
[2017/07/14 00:16:20 143] tts        442  local audiolen:  512  ,ced:  18  
[2017/07/14 00:16:20 143] tts        471  0  udata(3407a048) 1  
[2017/07/14 00:16:20 144] tts        536  TTS_MSG_GETAUDIO  0  
[2017/07/14 00:16:20 144] tts        429  get audio|use local  
[2017/07/14 00:16:20 144] tts        442  local audiolen:  512  ,ced:  18  
[2017/07/14 00:16:20 144] tts        471  0  udata(340848d8) 1  
[2017/07/14 00:16:20 145] tts        536  TTS_MSG_GETAUDIO  0  
[2017/07/14 00:16:20 145] tts        429  get audio|use local  
[2017/07/14 00:16:20 145] tts        442  local audiolen:  512  ,ced:  18  
[2017/07/14 00:16:20 145] tts        471  0  udata(3407a138) 1  
[2017/07/14 00:16:20 145] tts        536  TTS_MSG_GETAUDIO  0  
[2017/07/14 00:16:20 146] tts        429  get audio|use local  
[2017/07/14 00:16:20 146] tts        442  local audiolen:  512  ,ced:  18  
[2017/07/14 00:16:20 146] tts        471  0  udata(3407a978) 1  
[2017/07/14 00:16:20 147] tts        536  TTS_MSG_GETAUDIO  0  
[2017/07/14 00:16:20 147] tts        429  get audio|use local  
[2017/07/14 00:16:20 147] tts        442  local audiolen:  512  ,ced:  18  
[2017/07/14 00:16:20 147] tts        471  0  udata(3407b088) 1  
[2017/07/14 00:16:20 147] tts        536  TTS_MSG_GETAUDIO  0  
[2017/07/14 00:16:20 148] tts        429  get audio|use local  
[2017/07/14 00:16:20 148] tts        442  local audiolen:  512  ,ced:  18  
[2017/07/14 00:16:20 148] tts        471  0  udata(3407a358) 1  
[2017/07/14 00:16:20 149] tts        536  TTS_MSG_GETAUDIO  0  
[2017/07/14 00:16:20 149] tts        429  get audio|use local  
[2017/07/14 00:16:20 149] tts        442  local audiolen:  512  ,ced:  18  
[2017/07/14 00:16:20 149] tts        471  0  udata(3407ba58) 1  
[2017/07/14 00:16:20 149] tts        536  TTS_MSG_GETAUDIO  0  
[2017/07/14 00:16:20 149] tts        429  get audio|use local  
[2017/07/14 00:16:20 149] tts        442  local audiolen:  512  ,ced:  18  
[2017/07/14 00:16:20 149] tts        471  0  udata(3407a3a8) 1  
[2017/07/14 00:16:20 150] tts        536  TTS_MSG_GETAUDIO  0  
[2017/07/14 00:16:20 150] tts        429  get audio|use local  
[2017/07/14 00:16:20 150] tts        442  local audiolen:  512  ,ced:  18  
[2017/07/14 00:16:20 150] tts        471  0  udata(3407a3f8) 1  
[2017/07/14 00:16:20 150] tts        536  TTS_MSG_GETAUDIO  0  
[2017/07/14 00:16:20 150] tts        429  get audio|use local  
[2017/07/14 00:16:20 150] tts        442  local audiolen:  512  ,ced:  18  
[2017/07/14 00:16:20 150] tts        471  0  udata(3407a448) 1  
[2017/07/14 00:16:20 151] tts        536  TTS_MSG_GETAUDIO  0  
[2017/07/14 00:16:20 151] tts        429  get audio|use local  
[2017/07/14 00:16:20 151] tts        442  local audiolen:  512  ,ced:  18  
[2017/07/14 00:16:20 151] tts        471  0  udata(3407b548) 1  
[2017/07/14 00:16:20 152] tts        536  TTS_MSG_GETAUDIO  0  
[2017/07/14 00:16:20 152] tts        429  get audio|use local  
[2017/07/14 00:16:20 152] tts        442  local audiolen:  512  ,ced:  18  
[2017/07/14 00:16:20 152] tts        471  0  udata(3407b1d8) 1  
[2017/07/14 00:16:20 153] tts        536  TTS_MSG_GETAUDIO  0  
[2017/07/14 00:16:20 153] tts        429  get audio|use local  
[2017/07/14 00:16:20 153] tts        442  local audiolen:  160  ,ced:  18  
[2017/07/14 00:16:20 153] tts        471  0  udata(3407a718) 1  
[2017/07/14 00:16:20 154] tts        536  TTS_MSG_GETAUDIO  0  
[2017/07/14 00:16:20 154] tts        429  get audio|use local  
[2017/07/14 00:16:20 154] tts        442  local audiolen:  244  ,ced:  27  
[2017/07/14 00:16:20 154] tts        471  0  udata(34021098) 1  
[2017/07/14 00:16:20 154] tts        536  TTS_MSG_GETAUDIO  0  
[2017/07/14 00:16:20 154] tts        429  get audio|use local  
[2017/07/14 00:16:20 154] tts        442  local audiolen:  9884  ,ced:  27  
[2017/07/14 00:16:20 154] tts        471  0  udata(3406e198) 1  
[2017/07/14 00:16:20 156] tts        536  TTS_MSG_GETAUDIO  0  
[2017/07/14 00:16:20 157] tts        429  get audio|use local  
[2017/07/14 00:16:20 157] tts        442  local audiolen:  7908  ,ced:  27  
[2017/07/14 00:16:20 157] tts        471  0  udata(34021198) 1  
[2017/07/14 00:16:20 157] tts        536  TTS_MSG_GETAUDIO  0  
[2017/07/14 00:16:20 157] tts        429  get audio|use local  
[2017/07/14 00:16:20 157] tts        442  local audiolen:  512  ,ced:  27  
[2017/07/14 00:16:20 157] tts        471  0  udata(34021508) 1  
[2017/07/14 00:16:20 158] tts        536  TTS_MSG_GETAUDIO  0  
[2017/07/14 00:16:20 158] tts        429  get audio|use local  
[2017/07/14 00:16:20 158] tts        442  local audiolen:  512  ,ced:  27  
[2017/07/14 00:16:20 158] tts        471  0  udata(34021808) 1  
[2017/07/14 00:16:20 159] tts        536  TTS_MSG_GETAUDIO  0  
[2017/07/14 00:16:20 159] tts        429  get audio|use local  
[2017/07/14 00:16:20 159] tts        442  local audiolen:  512  ,ced:  27  
[2017/07/14 00:16:20 159] tts        471  0  udata(340218b8) 1  
[2017/07/14 00:16:20 160] tts        536  TTS_MSG_GETAUDIO  0  
[2017/07/14 00:16:20 160] tts        429  get audio|use local  
[2017/07/14 00:16:20 160] tts        442  local audiolen:  512  ,ced:  27  
[2017/07/14 00:16:20 160] tts        471  0  udata(340212f8) 1  
[2017/07/14 00:16:20 160] tts        536  TTS_MSG_GETAUDIO  0  
[2017/07/14 00:16:20 160] tts        429  get audio|use local  
[2017/07/14 00:16:20 160] tts        442  local audiolen:  512  ,ced:  27  
[2017/07/14 00:16:20 160] tts        471  0  udata(34021908) 1  
[2017/07/14 00:16:20 161] tts        536  TTS_MSG_GETAUDIO  0  
[2017/07/14 00:16:20 161] tts        429  get audio|use local  
[2017/07/14 00:16:20 161] tts        442  local audiolen:  512  ,ced:  27  
[2017/07/14 00:16:20 161] tts        471  0  udata(340219b8) 1  
[2017/07/14 00:16:20 161] tts        536  TTS_MSG_GETAUDIO  0  
[2017/07/14 00:16:20 161] tts        429  get audio|use local  
[2017/07/14 00:16:20 161] tts        442  local audiolen:  512  ,ced:  27  
[2017/07/14 00:16:20 162] tts        471  0  udata(34021a08) 1  
[2017/07/14 00:16:20 162] tts        536  TTS_MSG_GETAUDIO  0  
[2017/07/14 00:16:20 162] tts        429  get audio|use local  
[2017/07/14 00:16:20 162] tts        442  local audiolen:  512  ,ced:  27  
[2017/07/14 00:16:20 162] tts        471  0  udata(34021f28) 1  
[2017/07/14 00:16:20 162] tts        536  TTS_MSG_GETAUDIO  0  
[2017/07/14 00:16:20 163] tts        429  get audio|use local  
[2017/07/14 00:16:20 163] tts        442  local audiolen:  512  ,ced:  27  
[2017/07/14 00:16:20 163] tts        471  0  udata(34021fd8) 1  
[2017/07/14 00:16:20 163] tts        536  TTS_MSG_GETAUDIO  0  
[2017/07/14 00:16:20 163] tts        429  get audio|use local  
[2017/07/14 00:16:20 163] tts        442  local audiolen:  512  ,ced:  27  
[2017/07/14 00:16:20 163] tts        471  0  udata(340220c8) 1  
[2017/07/14 00:16:20 163] tts        536  TTS_MSG_GETAUDIO  0  
[2017/07/14 00:16:20 163] tts        429  get audio|use local  
[2017/07/14 00:16:20 163] tts        442  local audiolen:  512  ,ced:  27  
[2017/07/14 00:16:20 163] tts        471  0  udata(34021c78) 1  
[2017/07/14 00:16:20 164] tts        536  TTS_MSG_GETAUDIO  0  
[2017/07/14 00:16:20 164] tts        429  get audio|use local  
[2017/07/14 00:16:20 164] tts        442  local audiolen:  512  ,ced:  27  
[2017/07/14 00:16:20 164] tts        471  0  udata(34021cc8) 1  
[2017/07/14 00:16:20 164] tts        536  TTS_MSG_GETAUDIO  0  
[2017/07/14 00:16:20 164] tts        429  get audio|use local  
[2017/07/14 00:16:20 164] tts        442  local audiolen:  512  ,ced:  27  
[2017/07/14 00:16:20 164] tts        471  0  udata(34021d18) 1  
[2017/07/14 00:16:20 166] tts        536  TTS_MSG_GETAUDIO  0  
[2017/07/14 00:16:20 166] tts        429  get audio|use local  
[2017/07/14 00:16:20 166] tts        442  local audiolen:  512  ,ced:  27  
[2017/07/14 00:16:20 166] tts        471  0  udata(34021d68) 1  
[2017/07/14 00:16:20 167] tts        536  TTS_MSG_GETAUDIO  0  
[2017/07/14 00:16:20 167] tts        429  get audio|use local  
[2017/07/14 00:16:20 167] tts        442  local audiolen:  512  ,ced:  27  
[2017/07/14 00:16:20 167] tts        471  0  udata(34021db8) 1  
[2017/07/14 00:16:20 168] tts        536  TTS_MSG_GETAUDIO  0  
[2017/07/14 00:16:20 168] tts        429  get audio|use local  
[2017/07/14 00:16:20 168] tts        442  local audiolen:  512  ,ced:  27  
[2017/07/14 00:16:20 168] tts        471  0  udata(34022548) 1  
[2017/07/14 00:16:20 168] tts        536  TTS_MSG_GETAUDIO  0  
[2017/07/14 00:16:20 168] tts        429  get audio|use local  
[2017/07/14 00:16:20 168] tts        442  local audiolen:  512  ,ced:  27  
[2017/07/14 00:16:20 168] tts        471  0  udata(34022598) 1  
[2017/07/14 00:16:20 169] tts        536  TTS_MSG_GETAUDIO  0  
[2017/07/14 00:16:20 169] tts        429  get audio|use local  
[2017/07/14 00:16:20 169] tts        442  local audiolen:  512  ,ced:  27  
[2017/07/14 00:16:20 169] tts        471  0  udata(340225e8) 1  
[2017/07/14 00:16:20 170] tts        536  TTS_MSG_GETAUDIO  0  
[2017/07/14 00:16:20 170] tts        429  get audio|use local  
[2017/07/14 00:16:20 170] tts        442  local audiolen:  160  ,ced:  27  
[2017/07/14 00:16:20 170] tts        471  0  udata(340222e8) 1  
[2017/07/14 00:16:20 170] tts        536  TTS_MSG_GETAUDIO  0  
[2017/07/14 00:16:20 171] tts        429  get audio|use local  
[2017/07/14 00:16:20 171] tts        442  local audiolen:  302  ,ced:  57  
[2017/07/14 00:16:20 171] tts        471  0  udata(34022a88) 1  
[2017/07/14 00:16:20 171] tts        536  TTS_MSG_GETAUDIO  0  
[2017/07/14 00:16:20 171] tts        429  get audio|use local  
[2017/07/14 00:16:20 172] tts        442  local audiolen:  972  ,ced:  57  
[2017/07/14 00:16:20 172] tts        471  0  udata(34023158) 1  
[2017/07/14 00:16:20 174] tts        536  TTS_MSG_GETAUDIO  0  
[2017/07/14 00:16:20 174] tts        429  get audio|use local  
[2017/07/14 00:16:20 174] tts        442  local audiolen:  7628  ,ced:  57  
[2017/07/14 00:16:20 174] tts        471  0  udata(34022d78) 1  
[2017/07/14 00:16:20 174] tts        536  TTS_MSG_GETAUDIO  0  
[2017/07/14 00:16:20 174] tts        429  get audio|use local  
[2017/07/14 00:16:20 174] tts        442  local audiolen:  4282  ,ced:  57  
[2017/07/14 00:16:20 175] tts        471  0  udata(34022dc8) 1  
[2017/07/14 00:16:20 175] tts        536  TTS_MSG_GETAUDIO  0  
[2017/07/14 00:16:20 175] tts        429  get audio|use local  
[2017/07/14 00:16:20 175] tts        442  local audiolen:  7110  ,ced:  57  
[2017/07/14 00:16:20 175] tts        471  0  udata(34022e18) 1  
[2017/07/14 00:16:20 176] tts        536  TTS_MSG_GETAUDIO  0  
[2017/07/14 00:16:20 176] tts        429  get audio|use local  
[2017/07/14 00:16:20 176] tts        442  local audiolen:  3632  ,ced:  57  
[2017/07/14 00:16:20 176] tts        471  0  udata(34022f78) 1  
[2017/07/14 00:16:20 176] tts        536  TTS_MSG_GETAUDIO  0  
[2017/07/14 00:16:20 177] tts        429  get audio|use local  
[2017/07/14 00:16:20 177] tts        442  local audiolen:  7226  ,ced:  57  
[2017/07/14 00:16:20 177] tts        471  0  udata(34022fc8) 1  
[2017/07/14 00:16:20 178] tts        536  TTS_MSG_GETAUDIO  0  
[2017/07/14 00:16:20 178] tts        429  get audio|use local  
[2017/07/14 00:16:20 178] tts        442  local audiolen:  9160  ,ced:  57  
[2017/07/14 00:16:20 178] tts        471  0  udata(34023018) 1  
[2017/07/14 00:16:20 179] tts        536  TTS_MSG_GETAUDIO  0  
[2017/07/14 00:16:20 179] tts        429  get audio|use local  
[2017/07/14 00:16:20 179] tts        442  local audiolen:  6982  ,ced:  57  
[2017/07/14 00:16:20 179] tts        471  0  udata(340255c8) 1  
[2017/07/14 00:16:20 180] tts        536  TTS_MSG_GETAUDIO  0  
[2017/07/14 00:16:20 180] tts        429  get audio|use local  
[2017/07/14 00:16:20 180] tts        442  local audiolen:  8976  ,ced:  57  
[2017/07/14 00:16:20 180] tts        471  0  udata(34078fe8) 1  
[2017/07/14 00:16:20 181] tts        536  TTS_MSG_GETAUDIO  0  
[2017/07/14 00:16:20 181] tts        429  get audio|use local  
[2017/07/14 00:16:20 181] tts        442  local audiolen:  7678  ,ced:  57  
[2017/07/14 00:16:20 181] tts        471  0  udata(34079038) 1  
[2017/07/14 00:16:20 181] tts        536  TTS_MSG_GETAUDIO  0  
[2017/07/14 00:16:20 181] tts        429  get audio|use local  
[2017/07/14 00:16:20 181] tts        442  local audiolen:  3576  ,ced:  57  
[2017/07/14 00:16:20 181] tts        471  0  udata(3406c758) 1  
[2017/07/14 00:16:20 181] tts        536  TTS_MSG_GETAUDIO  0  
[2017/07/14 00:16:20 181] tts        429  get audio|use local  
[2017/07/14 00:16:20 181] tts        442  local audiolen:  512  ,ced:  57  
[2017/07/14 00:16:20 181] tts        471  0  udata(34079298) 1  
[2017/07/14 00:16:20 182] tts        536  TTS_MSG_GETAUDIO  0  
[2017/07/14 00:16:20 182] tts        429  get audio|use local  
[2017/07/14 00:16:20 182] tts        442  local audiolen:  512  ,ced:  57  
[2017/07/14 00:16:20 182] tts        471  0  udata(34083fb8) 1  
[2017/07/14 00:16:20 182] tts        536  TTS_MSG_GETAUDIO  0  
[2017/07/14 00:16:20 182] tts        429  get audio|use local  
[2017/07/14 00:16:20 183] tts        442  local audiolen:  512  ,ced:  57  
[2017/07/14 00:16:20 183] tts        471  0  udata(34079388) 1  
[2017/07/14 00:16:20 183] tts        536  TTS_MSG_GETAUDIO  0  
[2017/07/14 00:16:20 183] tts        429  get audio|use local  
[2017/07/14 00:16:20 183] tts        442  local audiolen:  512  ,ced:  57  
[2017/07/14 00:16:20 183] tts        471  0  udata(34079438) 1  
[2017/07/14 00:16:20 184] tts        536  TTS_MSG_GETAUDIO  0  
[2017/07/14 00:16:20 184] tts        429  get audio|use local  
[2017/07/14 00:16:20 184] tts        442  local audiolen:  512  ,ced:  57  
[2017/07/14 00:16:20 184] tts        471  0  udata(34079828) 1  
[2017/07/14 00:16:20 184] tts        536  TTS_MSG_GETAUDIO  0  
[2017/07/14 00:16:20 185] tts        429  get audio|use local  
[2017/07/14 00:16:20 185] tts        442  local audiolen:  512  ,ced:  57  
[2017/07/14 00:16:20 185] tts        471  0  udata(340798d8) 1  
[2017/07/14 00:16:20 187] tts        536  TTS_MSG_GETAUDIO  0  
[2017/07/14 00:16:20 188] tts        429  get audio|use local  
[2017/07/14 00:16:20 188] tts        442  local audiolen:  512  ,ced:  57  
[2017/07/14 00:16:20 188] tts        471  0  udata(34023d68) 1  
[2017/07/14 00:16:20 189] tts        536  TTS_MSG_GETAUDIO  0  
[2017/07/14 00:16:20 189] tts        429  get audio|use local  
[2017/07/14 00:16:20 189] tts        442  local audiolen:  512  ,ced:  57  
[2017/07/14 00:16:20 189] tts        471  0  udata(34023fb8) 1  
[2017/07/14 00:16:20 189] tts        536  TTS_MSG_GETAUDIO  0  
[2017/07/14 00:16:20 190] tts        429  get audio|use local  
[2017/07/14 00:16:20 190] tts        442  local audiolen:  512  ,ced:  57  
[2017/07/14 00:16:20 190] tts        471  0  udata(34024068) 1  
[2017/07/14 00:16:20 191] tts        536  TTS_MSG_GETAUDIO  0  
[2017/07/14 00:16:20 191] tts        429  get audio|use local  
[2017/07/14 00:16:20 191] tts        442  local audiolen:  512  ,ced:  57  
[2017/07/14 00:16:20 191] tts        471  0  udata(340240b8) 1  
[2017/07/14 00:16:20 192] tts        536  TTS_MSG_GETAUDIO  0  
[2017/07/14 00:16:20 192] tts        429  get audio|use local  
[2017/07/14 00:16:20 192] tts        442  local audiolen:  512  ,ced:  57  
[2017/07/14 00:16:20 192] tts        471  0  udata(34024108) 1  
[2017/07/14 00:16:20 193] tts        536  TTS_MSG_GETAUDIO  0  
[2017/07/14 00:16:20 193] tts        429  get audio|use local  
[2017/07/14 00:16:20 193] tts        442  local audiolen:  512  ,ced:  57  
[2017/07/14 00:16:20 193] tts        471  0  udata(34024158) 1  
[2017/07/14 00:16:20 193] tts        536  TTS_MSG_GETAUDIO  0  
[2017/07/14 00:16:20 194] tts        429  get audio|use local  
[2017/07/14 00:16:20 194] tts        442  local audiolen:  512  ,ced:  57  
[2017/07/14 00:16:20 194] tts        471  0  udata(34079088) 1  
[2017/07/14 00:16:20 194] tts        536  TTS_MSG_GETAUDIO  0  
[2017/07/14 00:16:20 194] tts        429  get audio|use local  
[2017/07/14 00:16:20 194] tts        442  local audiolen:  512  ,ced:  57  
[2017/07/14 00:16:20 194] tts        471  0  udata(34079178) 1  
[2017/07/14 00:16:20 195] tts        536  TTS_MSG_GETAUDIO  0  
[2017/07/14 00:16:20 195] tts        429  get audio|use local  
[2017/07/14 00:16:20 195] tts        442  local audiolen:  512  ,ced:  57  
[2017/07/14 00:16:20 196] tts        471  0  udata(34024348) 1  
[2017/07/14 00:16:20 196] tts        536  TTS_MSG_GETAUDIO  0  
[2017/07/14 00:16:20 196] tts        429  get audio|use local  
[2017/07/14 00:16:20 196] tts        442  local audiolen:  512  ,ced:  57  
[2017/07/14 00:16:20 196] tts        471  0  udata(340244b8) 1  
[2017/07/14 00:16:20 197] tts        536  TTS_MSG_GETAUDIO  0  
[2017/07/14 00:16:20 197] tts        429  get audio|use local  
[2017/07/14 00:16:20 197] tts        442  local audiolen:  512  ,ced:  57  
[2017/07/14 00:16:20 197] tts        471  0  udata(340245a8) 1  
[2017/07/14 00:16:20 197] tts        536  TTS_MSG_GETAUDIO  0  
[2017/07/14 00:16:20 197] tts        429  get audio|use local  
[2017/07/14 00:16:20 197] tts        442  local audiolen:  512  ,ced:  57  
[2017/07/14 00:16:20 197] tts        471  0  udata(34024658) 1  
[2017/07/14 00:16:20 198] tts        536  TTS_MSG_GETAUDIO  0  
[2017/07/14 00:16:20 198] tts        429  get audio|use local  
[2017/07/14 00:16:20 198] tts        442  local audiolen:  160  ,ced:  57  
[2017/07/14 00:16:20 198] tts        471  0  udata(34024d98) 1  
[2017/07/14 00:16:20 200] tts        536  TTS_MSG_GETAUDIO  0  
[2017/07/14 00:16:20 200] tts        429  get audio|use local  
[2017/07/14 00:16:20 200] tts        442  local audiolen:  286  ,ced:  73  
[2017/07/14 00:16:20 200] tts        471  0  udata(34025748) 1  
[2017/07/14 00:16:20 200] tts        536  TTS_MSG_GETAUDIO  0  
[2017/07/14 00:16:20 200] tts        429  get audio|use local  
[2017/07/14 00:16:20 200] tts        442  local audiolen:  1392  ,ced:  73  
[2017/07/14 00:16:20 200] tts        471  0  udata(34024ce8) 1  
[2017/07/14 00:16:20 201] tts        536  TTS_MSG_GETAUDIO  0  
[2017/07/14 00:16:20 201] tts        429  get audio|use local  
[2017/07/14 00:16:20 201] tts        442  local audiolen:  9008  ,ced:  73  
[2017/07/14 00:16:20 201] tts        471  0  udata(34024d38) 1  
[2017/07/14 00:16:20 201] tts        536  TTS_MSG_GETAUDIO  0  
[2017/07/14 00:16:20 201] tts        429  get audio|use local  
[2017/07/14 00:16:20 201] tts        442  local audiolen:  4462  ,ced:  73  
[2017/07/14 00:16:20 201] tts        471  0  udata(34026c48) 1  
[2017/07/14 00:16:20 202] tts        536  TTS_MSG_GETAUDIO  0  
[2017/07/14 00:16:20 202] tts        429  get audio|use local  
[2017/07/14 00:16:20 202] tts        442  local audiolen:  6282  ,ced:  73  
[2017/07/14 00:16:20 202] tts        471  0  udata(34026c98) 1  
[2017/07/14 00:16:20 203] tts        536  TTS_MSG_GETAUDIO  0  
[2017/07/14 00:16:20 203] tts        429  get audio|use local  
[2017/07/14 00:16:20 203] tts        442  local audiolen:  11036  ,ced:  73  
[2017/07/14 00:16:20 203] tts        471  0  udata(34026ce8) 1  
[2017/07/14 00:16:20 204] tts        536  TTS_MSG_GETAUDIO  0  
[2017/07/14 00:16:20 204] tts        429  get audio|use local  
[2017/07/14 00:16:20 204] tts        442  local audiolen:  512  ,ced:  73  
[2017/07/14 00:16:20 204] tts        471  0  udata(34025cd8) 1  
[2017/07/14 00:16:20 204] tts        536  TTS_MSG_GETAUDIO  0  
[2017/07/14 00:16:20 204] tts        429  get audio|use local  
[2017/07/14 00:16:20 205] tts        442  local audiolen:  512  ,ced:  73  
[2017/07/14 00:16:20 205] tts        471  0  udata(340272a8) 1  
[2017/07/14 00:16:20 206] tts        536  TTS_MSG_GETAUDIO  0  
[2017/07/14 00:16:20 206] tts        429  get audio|use local  
[2017/07/14 00:16:20 206] tts        442  local audiolen:  512  ,ced:  73  
[2017/07/14 00:16:20 206] tts        471  0  udata(34025ec8) 1  
[2017/07/14 00:16:20 206] tts        536  TTS_MSG_GETAUDIO  0  
[2017/07/14 00:16:20 206] tts        429  get audio|use local  
[2017/07/14 00:16:20 207] tts        442  local audiolen:  512  ,ced:  73  
[2017/07/14 00:16:20 207] tts        471  0  udata(34026238) 1  
[2017/07/14 00:16:20 207] tts        536  TTS_MSG_GETAUDIO  0  
[2017/07/14 00:16:20 207] tts        429  get audio|use local  
[2017/07/14 00:16:20 207] tts        442  local audiolen:  512  ,ced:  73  
[2017/07/14 00:16:20 207] tts        471  0  udata(340262e8) 1  
[2017/07/14 00:16:20 208] tts        536  TTS_MSG_GETAUDIO  0  
[2017/07/14 00:16:20 208] tts        429  get audio|use local  
[2017/07/14 00:16:20 208] tts        442  local audiolen:  512  ,ced:  73  
[2017/07/14 00:16:20 208] tts        471  0  udata(34026b08) 1  
[2017/07/14 00:16:20 208] tts        536  TTS_MSG_GETAUDIO  0  
[2017/07/14 00:16:20 209] tts        429  get audio|use local  
[2017/07/14 00:16:20 209] tts        442  local audiolen:  512  ,ced:  73  
[2017/07/14 00:16:20 209] tts        471  0  udata(34026bb8) 1  
[2017/07/14 00:16:20 210] tts        536  TTS_MSG_GETAUDIO  0  
[2017/07/14 00:16:20 210] tts        429  get audio|use local  
[2017/07/14 00:16:20 210] tts        442  local audiolen:  512  ,ced:  73  
[2017/07/14 00:16:20 210] tts        471  0  udata(34027c28) 1  
[2017/07/14 00:16:20 210] tts        536  TTS_MSG_GETAUDIO  0  
[2017/07/14 00:16:20 211] tts        429  get audio|use local  
[2017/07/14 00:16:20 211] tts        442  local audiolen:  512  ,ced:  73  
[2017/07/14 00:16:20 211] tts        471  0  udata(34023258) 1  
[2017/07/14 00:16:20 212] tts        536  TTS_MSG_GETAUDIO  0  
[2017/07/14 00:16:20 212] tts        429  get audio|use local  
[2017/07/14 00:16:20 212] tts        442  local audiolen:  512  ,ced:  73  
[2017/07/14 00:16:20 212] tts        471  0  udata(340235a8) 1  
[2017/07/14 00:16:20 212] tts        536  TTS_MSG_GETAUDIO  0  
[2017/07/14 00:16:20 212] tts        429  get audio|use local  
[2017/07/14 00:16:20 212] tts        442  local audiolen:  512  ,ced:  73  
[2017/07/14 00:16:20 212] tts        471  0  udata(34023658) 1  
[2017/07/14 00:16:20 213] tts        536  TTS_MSG_GETAUDIO  0  
[2017/07/14 00:16:20 213] tts        429  get audio|use local  
[2017/07/14 00:16:20 213] tts        442  local audiolen:  512  ,ced:  73  
[2017/07/14 00:16:20 213] tts        471  0  udata(340264a8) 1  
[2017/07/14 00:16:20 213] tts        536  TTS_MSG_GETAUDIO  0  
[2017/07/14 00:16:20 213] tts        429  get audio|use local  
[2017/07/14 00:16:20 213] tts        442  local audiolen:  512  ,ced:  73  
[2017/07/14 00:16:20 213] tts        471  0  udata(34026558) 1  
[2017/07/14 00:16:20 214] tts        536  TTS_MSG_GETAUDIO  0  
[2017/07/14 00:16:20 214] tts        429  get audio|use local  
[2017/07/14 00:16:20 214] tts        442  local audiolen:  512  ,ced:  73  
[2017/07/14 00:16:20 214] tts        471  0  udata(340265a8) 1  
[2017/07/14 00:16:20 215] tts        536  TTS_MSG_GETAUDIO  0  
[2017/07/14 00:16:20 215] tts        429  get audio|use local  
[2017/07/14 00:16:20 215] tts        442  local audiolen:  512  ,ced:  73  
[2017/07/14 00:16:20 215] tts        471  0  udata(340236a8) 1  
[2017/07/14 00:16:20 215] tts        536  TTS_MSG_GETAUDIO  0  
[2017/07/14 00:16:20 215] tts        429  get audio|use local  
[2017/07/14 00:16:20 215] tts        442  local audiolen:  512  ,ced:  73  
[2017/07/14 00:16:20 215] tts        471  0  udata(340237f8) 1  
[2017/07/14 00:16:20 216] tts        536  TTS_MSG_GETAUDIO  0  
[2017/07/14 00:16:20 216] tts        429  get audio|use local  
[2017/07/14 00:16:20 216] tts        442  local audiolen:  512  ,ced:  73  
[2017/07/14 00:16:20 216] tts        471  0  udata(34029298) 1  
[2017/07/14 00:16:20 217] tts        536  TTS_MSG_GETAUDIO  0  
[2017/07/14 00:16:20 217] tts        429  get audio|use local  
[2017/07/14 00:16:20 217] tts        442  local audiolen:  512  ,ced:  73  
[2017/07/14 00:16:20 217] tts        471  0  udata(34029708) 1  
[2017/07/14 00:16:20 218] tts        536  TTS_MSG_GETAUDIO  0  
[2017/07/14 00:16:20 218] tts        429  get audio|use local  
[2017/07/14 00:16:20 218] tts        442  local audiolen:  160  ,ced:  73  
[2017/07/14 00:16:20 218] tts        471  0  udata(34029868) 1  
[2017/07/14 00:16:20 218] tts        536  TTS_MSG_GETAUDIO  0  
[2017/07/14 00:16:20 218] tts        429  get audio|use local  
[2017/07/14 00:16:20 218] tts        442  local audiolen:  300  ,ced:  116  
[2017/07/14 00:16:20 218] tts        471  0  udata(340297b8) 1  
[2017/07/14 00:16:20 219] tts        536  TTS_MSG_GETAUDIO  0  
[2017/07/14 00:16:20 219] tts        429  get audio|use local  
[2017/07/14 00:16:20 219] tts        442  local audiolen:  3320  ,ced:  116  
[2017/07/14 00:16:20 219] tts        471  0  udata(34029808) 1  
[2017/07/14 00:16:20 220] tts        536  TTS_MSG_GETAUDIO  0  
[2017/07/14 00:16:20 220] tts        429  get audio|use local  
[2017/07/14 00:16:20 220] tts        442  local audiolen:  12700  ,ced:  116  
[2017/07/14 00:16:20 220] tts        471  0  udata(34023848) 1  
[2017/07/14 00:16:20 220] tts        536  TTS_MSG_GETAUDIO  0  
[2017/07/14 00:16:20 221] tts        429  get audio|use local  
[2017/07/14 00:16:20 221] tts        442  local audiolen:  14004  ,ced:  116  
[2017/07/14 00:16:20 221] tts        471  0  udata(3402aad8) 1  
[2017/07/14 00:16:20 221] tts        536  TTS_MSG_GETAUDIO  0  
[2017/07/14 00:16:20 221] tts        429  get audio|use local  
[2017/07/14 00:16:20 222] tts        442  local audiolen:  3070  ,ced:  116  
[2017/07/14 00:16:20 222] tts        471  0  udata(3402ab28) 1  
[2017/07/14 00:16:20 222] tts        536  TTS_MSG_GETAUDIO  0  
[2017/07/14 00:16:20 222] tts        429  get audio|use local  
[2017/07/14 00:16:20 222] tts        442  local audiolen:  6616  ,ced:  116  
[2017/07/14 00:16:20 222] tts        471  0  udata(3402aee8) 1  
[2017/07/14 00:16:20 224] tts        536  TTS_MSG_GETAUDIO  0  
[2017/07/14 00:16:20 224] tts        429  get audio|use local  
[2017/07/14 00:16:20 224] tts        442  local audiolen:  11918  ,ced:  116  
[2017/07/14 00:16:20 224] tts        471  0  udata(3402b438) 1  
[2017/07/14 00:16:20 225] tts        536  TTS_MSG_GETAUDIO  0  
[2017/07/14 00:16:20 225] tts        429  get audio|use local  
[2017/07/14 00:16:20 225] tts        442  local audiolen:  7666  ,ced:  116  
[2017/07/14 00:16:20 225] tts        471  0  udata(3402b488) 1  
[2017/07/14 00:16:20 225] tts        536  TTS_MSG_GETAUDIO  0  
[2017/07/14 00:16:20 225] tts        429  get audio|use local  
[2017/07/14 00:16:20 225] tts        442  local audiolen:  8724  ,ced:  116  
[2017/07/14 00:16:20 226] tts        471  0  udata(3402d8c8) 1  
[2017/07/14 00:16:20 226] tts        536  TTS_MSG_GETAUDIO  0  
[2017/07/14 00:16:20 226] tts        429  get audio|use local  
[2017/07/14 00:16:20 226] tts        442  local audiolen:  7102  ,ced:  116  
[2017/07/14 00:16:20 226] tts        471  0  udata(3402d268) 1  
[2017/07/14 00:16:20 227] tts        536  TTS_MSG_GETAUDIO  0  
[2017/07/14 00:16:20 227] tts        429  get audio|use local  
[2017/07/14 00:16:20 228] tts        442  local audiolen:  7910  ,ced:  116  
[2017/07/14 00:16:20 228] tts        471  0  udata(3402d2b8) 1  
[2017/07/14 00:16:20 228] tts        536  TTS_MSG_GETAUDIO  0  
[2017/07/14 00:16:20 228] tts        429  get audio|use local  
[2017/07/14 00:16:20 228] tts        442  local audiolen:  6998  ,ced:  116  
[2017/07/14 00:16:20 228] tts        471  0  udata(3402d208) 1  
[2017/07/14 00:16:20 229] tts        536  TTS_MSG_GETAUDIO  0  
[2017/07/14 00:16:20 229] tts        429  get audio|use local  
[2017/07/14 00:16:20 229] tts        442  local audiolen:  7268  ,ced:  116  
[2017/07/14 00:16:20 229] tts        471  0  udata(3402d878) 1  
[2017/07/14 00:16:20 230] tts        536  TTS_MSG_GETAUDIO  0  
[2017/07/14 00:16:20 230] tts        429  get audio|use local  
[2017/07/14 00:16:20 230] tts        442  local audiolen:  512  ,ced:  116  
[2017/07/14 00:16:20 230] tts        471  0  udata(3402ddc8) 1  
[2017/07/14 00:16:20 231] tts        536  TTS_MSG_GETAUDIO  0  
[2017/07/14 00:16:20 231] tts        429  get audio|use local  
[2017/07/14 00:16:20 231] tts        442  local audiolen:  512  ,ced:  116  
[2017/07/14 00:16:20 231] tts        471  0  udata(3402de78) 1  
[2017/07/14 00:16:20 232] tts        536  TTS_MSG_GETAUDIO  0  
[2017/07/14 00:16:20 232] tts        429  get audio|use local  
[2017/07/14 00:16:20 232] tts        442  local audiolen:  512  ,ced:  116  
[2017/07/14 00:16:20 232] tts        471  0  udata(3402a238) 1  
[2017/07/14 00:16:20 233] tts        536  TTS_MSG_GETAUDIO  0  
[2017/07/14 00:16:20 233] tts        429  get audio|use local  
[2017/07/14 00:16:20 233] tts        442  local audiolen:  512  ,ced:  116  
[2017/07/14 00:16:20 233] tts        471  0  udata(3402a798) 1  
[2017/07/14 00:16:20 233] tts        536  TTS_MSG_GETAUDIO  0  
[2017/07/14 00:16:20 234] tts        429  get audio|use local  
[2017/07/14 00:16:20 234] tts        442  local audiolen:  512  ,ced:  116  
[2017/07/14 00:16:20 234] tts        471  0  udata(3402b748) 1  
[2017/07/14 00:16:20 234] tts        536  TTS_MSG_GETAUDIO  0  
[2017/07/14 00:16:20 234] tts        429  get audio|use local  
[2017/07/14 00:16:20 234] tts        442  local audiolen:  512  ,ced:  116  
[2017/07/14 00:16:20 234] tts        471  0  udata(3402b898) 1  
[2017/07/14 00:16:20 235] tts        536  TTS_MSG_GETAUDIO  0  
[2017/07/14 00:16:20 235] tts        429  get audio|use local  
[2017/07/14 00:16:20 235] tts        442  local audiolen:  512  ,ced:  116  
[2017/07/14 00:16:20 235] tts        471  0  udata(3402b948) 1  
[2017/07/14 00:16:20 235] tts        536  TTS_MSG_GETAUDIO  0  
[2017/07/14 00:16:20 235] tts        429  get audio|use local  
[2017/07/14 00:16:20 236] tts        442  local audiolen:  512  ,ced:  116  
[2017/07/14 00:16:20 236] tts        471  0  udata(3402b8e8) 1  
[2017/07/14 00:16:20 236] tts        536  TTS_MSG_GETAUDIO  0  
[2017/07/14 00:16:20 236] tts        429  get audio|use local  
[2017/07/14 00:16:20 236] tts        442  local audiolen:  512  ,ced:  116  
[2017/07/14 00:16:20 236] tts        471  0  udata(3402a2e8) 1  
[2017/07/14 00:16:20 236] tts        536  TTS_MSG_GETAUDIO  0  
[2017/07/14 00:16:20 236] tts        429  get audio|use local  
[2017/07/14 00:16:20 236] tts        442  local audiolen:  512  ,ced:  116  
[2017/07/14 00:16:20 236] tts        471  0  udata(3402a398) 1  
[2017/07/14 00:16:20 236] tts        536  TTS_MSG_GETAUDIO  0  
[2017/07/14 00:16:20 237] tts        429  get audio|use local  
[2017/07/14 00:16:20 237] tts        442  local audiolen:  512  ,ced:  116  
[2017/07/14 00:16:20 237] tts        471  0  udata(3402a3e8) 1  
[2017/07/14 00:16:20 237] tts        536  TTS_MSG_GETAUDIO  0  
[2017/07/14 00:16:20 237] tts        429  get audio|use local  
[2017/07/14 00:16:20 237] tts        442  local audiolen:  512  ,ced:  116  
[2017/07/14 00:16:20 237] tts        471  0  udata(3402a438) 1  
[2017/07/14 00:16:20 238] tts        536  TTS_MSG_GETAUDIO  0  
[2017/07/14 00:16:20 238] tts        429  get audio|use local  
[2017/07/14 00:16:20 238] tts        442  local audiolen:  512  ,ced:  116  
[2017/07/14 00:16:20 238] tts        471  0  udata(340277c8) 1  
[2017/07/14 00:16:20 239] tts        536  TTS_MSG_GETAUDIO  0  
[2017/07/14 00:16:20 239] tts        429  get audio|use local  
[2017/07/14 00:16:20 239] tts        442  local audiolen:  512  ,ced:  116  
[2017/07/14 00:16:20 239] tts        471  0  udata(3402bbb8) 1  
[2017/07/14 00:16:20 240] tts        536  TTS_MSG_GETAUDIO  0  
[2017/07/14 00:16:20 240] tts        429  get audio|use local  
[2017/07/14 00:16:20 240] tts        442  local audiolen:  512  ,ced:  116  
[2017/07/14 00:16:20 240] tts        471  0  udata(3402bc68) 1  
[2017/07/14 00:16:20 241] tts        536  TTS_MSG_GETAUDIO  0  
[2017/07/14 00:16:20 241] tts        429  get audio|use local  
[2017/07/14 00:16:20 241] tts        442  local audiolen:  512  ,ced:  116  
[2017/07/14 00:16:20 241] tts        471  0  udata(34027608) 1  
[2017/07/14 00:16:20 241] tts        536  TTS_MSG_GETAUDIO  0  
[2017/07/14 00:16:20 241] tts        429  get audio|use local  
[2017/07/14 00:16:20 241] tts        442  local audiolen:  512  ,ced:  116  
[2017/07/14 00:16:20 242] tts        471  0  udata(3402cb38) 1  
[2017/07/14 00:16:20 242] tts        292  0  0  
[2017/07/14 00:16:20 242] tts        299  TTS_LOCAL_CB_END,  2  
[2017/07/14 00:16:20 242] tts        536  TTS_MSG_GETAUDIO  0  
[2017/07/14 00:16:20 242] tts        429  get audio|use local  
[2017/07/14 00:16:20 242] tts        442  local audiolen:  512  ,ced:  116  
[2017/07/14 00:16:20 242] tts        471  0  udata(3402cd88) 1  
[2017/07/14 00:16:20 243] tts        536  TTS_MSG_GETAUDIO  0  
[2017/07/14 00:16:20 243] tts        429  get audio|use local  
[2017/07/14 00:16:20 243] tts        442  local audiolen:  160  ,ced:  116  
[2017/07/14 00:16:20 243] tts        471  0  udata(3402c328) 1  
[2017/07/14 00:16:20 243] tts        536  TTS_MSG_GETAUDIO  0  
[2017/07/14 00:16:20 243] tts        429  get audio|use local  
[2017/07/14 00:16:20 243] tts        442  local audiolen:  300  ,ced:  143  
[2017/07/14 00:16:20 243] tts        471  0  udata(3402d038) 1  
[2017/07/14 00:16:20 243] tts        536  TTS_MSG_GETAUDIO  0  
[2017/07/14 00:16:20 243] tts        429  get audio|use local  
[2017/07/14 00:16:20 243] tts        442  local audiolen:  634  ,ced:  143  
[2017/07/14 00:16:20 243] tts        471  0  udata(34046a78) 1  
[2017/07/14 00:16:20 243] tts        536  TTS_MSG_GETAUDIO  0  
[2017/07/14 00:16:20 244] tts        429  get audio|use local  
[2017/07/14 00:16:20 244] tts        442  local audiolen:  7202  ,ced:  143  
[2017/07/14 00:16:20 244] tts        471  0  udata(3402cb88) 1  
[2017/07/14 00:16:20 244] tts        536  TTS_MSG_GETAUDIO  0  
[2017/07/14 00:16:20 244] tts        429  get audio|use local  
[2017/07/14 00:16:20 244] tts        442  local audiolen:  13316  ,ced:  143  
[2017/07/14 00:16:20 244] tts        471  0  udata(3402b998) 1  
[2017/07/14 00:16:20 244] tts        536  TTS_MSG_GETAUDIO  0  
[2017/07/14 00:16:20 244] tts        429  get audio|use local  
[2017/07/14 00:16:20 245] tts        442  local audiolen:  7630  ,ced:  143  
[2017/07/14 00:16:20 245] tts        471  0  udata(3402c278) 1  
[2017/07/14 00:16:20 245] tts        536  TTS_MSG_GETAUDIO  0  
[2017/07/14 00:16:20 245] tts        429  get audio|use local  
[2017/07/14 00:16:20 245] tts        442  local audiolen:  9120  ,ced:  143  
[2017/07/14 00:16:20 245] tts        471  0  udata(3402c2c8) 1  
[2017/07/14 00:16:20 245] tts        536  TTS_MSG_GETAUDIO  0  
[2017/07/14 00:16:20 245] tts        429  get audio|use local  
[2017/07/14 00:16:20 245] tts        442  local audiolen:  5372  ,ced:  143  
[2017/07/14 00:16:20 245] tts        471  0  udata(3402c378) 1  
[2017/07/14 00:16:20 246] tts        536  TTS_MSG_GETAUDIO  0  
[2017/07/14 00:16:20 246] tts        429  get audio|use local  
[2017/07/14 00:16:20 246] tts        442  local audiolen:  12548  ,ced:  143  
[2017/07/14 00:16:20 246] tts        471  0  udata(3402c3c8) 1  
[2017/07/14 00:16:20 246] tts        536  TTS_MSG_GETAUDIO  0  
[2017/07/14 00:16:20 246] tts        429  get audio|use local  
[2017/07/14 00:16:20 246] tts        442  local audiolen:  512  ,ced:  143  
[2017/07/14 00:16:20 246] tts        471  0  udata(340469f8) 1  
[2017/07/14 00:16:20 247] tts        536  TTS_MSG_GETAUDIO  0  
[2017/07/14 00:16:20 247] tts        429  get audio|use local  
[2017/07/14 00:16:20 247] tts        442  local audiolen:  512  ,ced:  143  
[2017/07/14 00:16:20 247] tts        471  0  udata(3402cf58) 1  
[2017/07/14 00:16:20 247] tts        536  TTS_MSG_GETAUDIO  0  
[2017/07/14 00:16:20 247] tts        429  get audio|use local  
[2017/07/14 00:16:20 247] tts        442  local audiolen:  512  ,ced:  143  
[2017/07/14 00:16:20 247] tts        471  0  udata(3402cfa8) 1  
[2017/07/14 00:16:20 247] tts        536  TTS_MSG_GETAUDIO  0  
[2017/07/14 00:16:20 247] tts        429  get audio|use local  
[2017/07/14 00:16:20 247] tts        442  local audiolen:  512  ,ced:  143  
[2017/07/14 00:16:20 247] tts        471  0  udata(3402d088) 1  
[2017/07/14 00:16:20 248] tts        536  TTS_MSG_GETAUDIO  0  
[2017/07/14 00:16:20 248] tts        429  get audio|use local  
[2017/07/14 00:16:20 248] tts        442  local audiolen:  512  ,ced:  143  
[2017/07/14 00:16:20 248] tts        471  0  udata(3402d0d8) 1  
[2017/07/14 00:16:20 248] tts        536  TTS_MSG_GETAUDIO  0  
[2017/07/14 00:16:20 248] tts        429  get audio|use local  
[2017/07/14 00:16:20 248] tts        442  local audiolen:  512  ,ced:  143  
[2017/07/14 00:16:20 248] tts        471  0  udata(3402d128) 1  
[2017/07/14 00:16:20 248] tts        536  TTS_MSG_GETAUDIO  0  
[2017/07/14 00:16:20 248] tts        429  get audio|use local  
[2017/07/14 00:16:20 248] tts        442  local audiolen:  512  ,ced:  143  
[2017/07/14 00:16:20 248] tts        471  0  udata(3402d178) 1  
[2017/07/14 00:16:20 249] tts        536  TTS_MSG_GETAUDIO  0  
[2017/07/14 00:16:20 249] tts        429  get audio|use local  
[2017/07/14 00:16:20 249] tts        442  local audiolen:  512  ,ced:  143  
[2017/07/14 00:16:20 249] tts        471  0  udata(34046ac8) 1  
[2017/07/14 00:16:20 249] tts        536  TTS_MSG_GETAUDIO  0  
[2017/07/14 00:16:20 249] tts        429  get audio|use local  
[2017/07/14 00:16:20 249] tts        442  local audiolen:  512  ,ced:  143  
[2017/07/14 00:16:20 249] tts        471  0  udata(34046b18) 1  
[2017/07/14 00:16:20 249] tts        536  TTS_MSG_GETAUDIO  0  
[2017/07/14 00:16:20 249] tts        429  get audio|use local  
[2017/07/14 00:16:20 249] tts        442  local audiolen:  512  ,ced:  143  
[2017/07/14 00:16:20 250] tts        471  0  udata(34046b68) 1  
[2017/07/14 00:16:20 250] tts        536  TTS_MSG_GETAUDIO  0  
[2017/07/14 00:16:20 250] tts        429  get audio|use local  
[2017/07/14 00:16:20 250] tts        442  local audiolen:  512  ,ced:  143  
[2017/07/14 00:16:20 250] tts        471  0  udata(34046bb8) 1  
[2017/07/14 00:16:20 250] tts        536  TTS_MSG_GETAUDIO  0  
[2017/07/14 00:16:20 251] tts        429  get audio|use local  
[2017/07/14 00:16:20 251] tts        442  local audiolen:  512  ,ced:  143  
[2017/07/14 00:16:20 251] tts        471  0  udata(34046c08) 1  
[2017/07/14 00:16:20 251] tts        536  TTS_MSG_GETAUDIO  0  
[2017/07/14 00:16:20 251] tts        429  get audio|use local  
[2017/07/14 00:16:20 251] tts        442  local audiolen:  512  ,ced:  143  
[2017/07/14 00:16:20 251] tts        471  0  udata(34046c58) 1  
[2017/07/14 00:16:20 251] tts        536  TTS_MSG_GETAUDIO  0  
[2017/07/14 00:16:20 251] tts        429  get audio|use local  
[2017/07/14 00:16:20 251] tts        442  local audiolen:  512  ,ced:  143  
[2017/07/14 00:16:20 251] tts        471  0  udata(34046ca8) 1  
[2017/07/14 00:16:20 252] tts        536  TTS_MSG_GETAUDIO  0  
[2017/07/14 00:16:20 252] tts        429  get audio|use local  
[2017/07/14 00:16:20 252] tts        442  local audiolen:  512  ,ced:  143  
[2017/07/14 00:16:20 252] tts        471  0  udata(34046cf8) 1  
[2017/07/14 00:16:20 252] tts        536  TTS_MSG_GETAUDIO  0  
[2017/07/14 00:16:20 252] tts        429  get audio|use local  
[2017/07/14 00:16:20 252] tts        442  local audiolen:  512  ,ced:  143  
[2017/07/14 00:16:20 252] tts        471  0  udata(34046d48) 1  
[2017/07/14 00:16:20 252] tts        536  TTS_MSG_GETAUDIO  0  
[2017/07/14 00:16:20 252] tts        429  get audio|use local  
[2017/07/14 00:16:20 252] tts        442  local audiolen:  512  ,ced:  143  
[2017/07/14 00:16:20 252] tts        471  0  udata(34046d98) 1  
[2017/07/14 00:16:20 252] tts        536  TTS_MSG_GETAUDIO  0  
[2017/07/14 00:16:20 253] tts        429  get audio|use local  
[2017/07/14 00:16:20 253] tts        442  local audiolen:  512  ,ced:  143  
[2017/07/14 00:16:20 253] tts        471  0  udata(34046de8) 1  
[2017/07/14 00:16:20 253] tts        536  TTS_MSG_GETAUDIO  0  
[2017/07/14 00:16:20 253] tts        429  get audio|use local  
[2017/07/14 00:16:20 253] tts        442  local audiolen:  160  ,ced:  143  
[2017/07/14 00:16:20 253] tts        471  0  udata(34046898) 1  
[2017/07/14 00:16:20 253] tts        536  TTS_MSG_GETAUDIO  0  
[2017/07/14 00:16:20 253] tts        429  get audio|use local  
[2017/07/14 00:16:20 253] tts        442  local audiolen:  300  ,ced:  176  
[2017/07/14 00:16:20 253] tts        471  0  udata(34046f78) 1  
[2017/07/14 00:16:20 253] tts        536  TTS_MSG_GETAUDIO  0  
[2017/07/14 00:16:20 253] tts        429  get audio|use local  
[2017/07/14 00:16:20 253] tts        442  local audiolen:  634  ,ced:  176  
[2017/07/14 00:16:20 253] tts        471  0  udata(34047258) 1  
[2017/07/14 00:16:20 254] tts        536  TTS_MSG_GETAUDIO  0  
[2017/07/14 00:16:20 254] tts        429  get audio|use local  
[2017/07/14 00:16:20 254] tts        442  local audiolen:  8528  ,ced:  176  
[2017/07/14 00:16:20 254] tts        471  0  udata(3402cef8) 1  
[2017/07/14 00:16:20 254] tts        536  TTS_MSG_GETAUDIO  0  
[2017/07/14 00:16:20 255] tts        429  get audio|use local  
[2017/07/14 00:16:20 255] tts        442  local audiolen:  7092  ,ced:  176  
[2017/07/14 00:16:20 255] tts        471  0  udata(3402c418) 1  
[2017/07/14 00:16:20 255] tts        536  TTS_MSG_GETAUDIO  0  
[2017/07/14 00:16:20 255] tts        429  get audio|use local  
[2017/07/14 00:16:20 255] tts        442  local audiolen:  6376  ,ced:  176  
[2017/07/14 00:16:20 255] tts        471  0  udata(340467e8) 1  
[2017/07/14 00:16:20 256] tts        536  TTS_MSG_GETAUDIO  0  
[2017/07/14 00:16:20 256] tts        429  get audio|use local  
[2017/07/14 00:16:20 256] tts        442  local audiolen:  7488  ,ced:  176  
[2017/07/14 00:16:20 256] tts        471  0  udata(34046838) 1  
[2017/07/14 00:16:20 256] tts        536  TTS_MSG_GETAUDIO  0  
[2017/07/14 00:16:20 256] tts        429  get audio|use local  
[2017/07/14 00:16:20 256] tts        442  local audiolen:  8846  ,ced:  176  
[2017/07/14 00:16:20 256] tts        471  0  udata(340468e8) 1  
[2017/07/14 00:16:20 256] tts        536  TTS_MSG_GETAUDIO  0  
[2017/07/14 00:16:20 256] tts        429  get audio|use local  
[2017/07/14 00:16:20 256] tts        442  local audiolen:  7224  ,ced:  176  
[2017/07/14 00:16:20 256] tts        471  0  udata(34046938) 1  
[2017/07/14 00:16:20 257] tts        536  TTS_MSG_GETAUDIO  0  
[2017/07/14 00:16:20 257] tts        429  get audio|use local  
[2017/07/14 00:16:20 257] tts        442  local audiolen:  13396  ,ced:  176  
[2017/07/14 00:16:20 257] tts        471  0  udata(34046988) 1  
[2017/07/14 00:16:20 257] tts        536  TTS_MSG_GETAUDIO  0  
[2017/07/14 00:16:20 257] tts        429  get audio|use local  
[2017/07/14 00:16:20 258] tts        442  local audiolen:  7156  ,ced:  176  
[2017/07/14 00:16:20 258] tts        471  0  udata(34046e38) 1  
[2017/07/14 00:16:20 258] tts        536  TTS_MSG_GETAUDIO  0  
[2017/07/14 00:16:20 258] tts        429  get audio|use local  
[2017/07/14 00:16:20 258] tts        442  local audiolen:  5896  ,ced:  176  
[2017/07/14 00:16:20 258] tts        471  0  udata(34046e88) 1  
[2017/07/14 00:16:20 258] tts        536  TTS_MSG_GETAUDIO  0  
[2017/07/14 00:16:20 258] tts        429  get audio|use local  
[2017/07/14 00:16:20 258] tts        442  local audiolen:  512  ,ced:  176  
[2017/07/14 00:16:20 259] tts        471  0  udata(340471d8) 1  
[2017/07/14 00:16:20 259] tts        536  TTS_MSG_GETAUDIO  0  
[2017/07/14 00:16:20 259] tts        429  get audio|use local  
[2017/07/14 00:16:20 259] tts        442  local audiolen:  512  ,ced:  176  
[2017/07/14 00:16:20 259] tts        471  0  udata(3402be18) 1  
[2017/07/14 00:16:20 259] tts        536  TTS_MSG_GETAUDIO  0  
[2017/07/14 00:16:20 259] tts        429  get audio|use local  
[2017/07/14 00:16:20 259] tts        442  local audiolen:  512  ,ced:  176  
[2017/07/14 00:16:20 259] tts        471  0  udata(3402be68) 1  
[2017/07/14 00:16:20 260] tts        536  TTS_MSG_GETAUDIO  0  
[2017/07/14 00:16:20 260] tts        429  get audio|use local  
[2017/07/14 00:16:20 260] tts        442  local audiolen:  512  ,ced:  176  
[2017/07/14 00:16:20 260] tts        471  0  udata(3402beb8) 1  
[2017/07/14 00:16:20 260] tts        536  TTS_MSG_GETAUDIO  0  
[2017/07/14 00:16:20 260] tts        429  get audio|use local  
[2017/07/14 00:16:20 260] tts        442  local audiolen:  512  ,ced:  176  
[2017/07/14 00:16:20 260] tts        471  0  udata(3402bf08) 1  
[2017/07/14 00:16:20 260] tts        536  TTS_MSG_GETAUDIO  0  
[2017/07/14 00:16:20 260] tts        429  get audio|use local  
[2017/07/14 00:16:20 260] tts        442  local audiolen:  512  ,ced:  176  
[2017/07/14 00:16:20 260] tts        471  0  udata(3402bf58) 1  
[2017/07/14 00:16:20 261] tts        536  TTS_MSG_GETAUDIO  0  
[2017/07/14 00:16:20 261] tts        429  get audio|use local  
[2017/07/14 00:16:20 261] tts        442  local audiolen:  512  ,ced:  176  
[2017/07/14 00:16:20 261] tts        471  0  udata(3402bfa8) 1  
[2017/07/14 00:16:20 261] tts        536  TTS_MSG_GETAUDIO  0  
[2017/07/14 00:16:20 261] tts        429  get audio|use local  
[2017/07/14 00:16:20 261] tts        442  local audiolen:  512  ,ced:  176  
[2017/07/14 00:16:20 261] tts        471  0  udata(3402bff8) 1  
[2017/07/14 00:16:20 261] tts        536  TTS_MSG_GETAUDIO  0  
[2017/07/14 00:16:20 261] tts        429  get audio|use local  
[2017/07/14 00:16:20 261] tts        442  local audiolen:  512  ,ced:  176  
[2017/07/14 00:16:20 261] tts        471  0  udata(3402c048) 1  
[2017/07/14 00:16:20 261] tts        536  TTS_MSG_GETAUDIO  0  
[2017/07/14 00:16:20 261] tts        429  get audio|use local  
[2017/07/14 00:16:20 261] tts        442  local audiolen:  512  ,ced:  176  
[2017/07/14 00:16:20 261] tts        471  0  udata(3402c098) 1  
[2017/07/14 00:16:20 262] tts        536  TTS_MSG_GETAUDIO  0  
[2017/07/14 00:16:20 262] tts        429  get audio|use local  
[2017/07/14 00:16:20 262] tts        442  local audiolen:  512  ,ced:  176  
[2017/07/14 00:16:20 262] tts        471  0  udata(3402c0e8) 1  
[2017/07/14 00:16:20 262] tts        536  TTS_MSG_GETAUDIO  0  
[2017/07/14 00:16:20 262] tts        429  get audio|use local  
[2017/07/14 00:16:20 262] tts        442  local audiolen:  512  ,ced:  176  
[2017/07/14 00:16:20 262] tts        471  0  udata(3402c138) 1  
[2017/07/14 00:16:20 263] tts        536  TTS_MSG_GETAUDIO  0  
[2017/07/14 00:16:20 263] tts        429  get audio|use local  
[2017/07/14 00:16:20 263] tts        442  local audiolen:  512  ,ced:  176  
[2017/07/14 00:16:20 263] tts        471  0  udata(3402c188) 1  
[2017/07/14 00:16:20 263] tts        536  TTS_MSG_GETAUDIO  0  
[2017/07/14 00:16:20 263] tts        429  get audio|use local  
[2017/07/14 00:16:20 263] tts        442  local audiolen:  512  ,ced:  176  
[2017/07/14 00:16:20 263] tts        471  0  udata(3402c1d8) 1  
[2017/07/14 00:16:20 263] tts        536  TTS_MSG_GETAUDIO  0  
[2017/07/14 00:16:20 263] tts        429  get audio|use local  
[2017/07/14 00:16:20 263] tts        442  local audiolen:  512  ,ced:  176  
[2017/07/14 00:16:20 263] tts        471  0  udata(3402c228) 1  
[2017/07/14 00:16:20 263] tts        536  TTS_MSG_GETAUDIO  0  
[2017/07/14 00:16:20 263] tts        429  get audio|use local  
[2017/07/14 00:16:20 264] tts        442  local audiolen:  512  ,ced:  176  
[2017/07/14 00:16:20 264] tts        471  0  udata(340472a8) 1  
[2017/07/14 00:16:20 264] tts        536  TTS_MSG_GETAUDIO  0  
[2017/07/14 00:16:20 264] tts        429  get audio|use local  
[2017/07/14 00:16:20 264] tts        442  local audiolen:  512  ,ced:  176  
[2017/07/14 00:16:20 264] tts        471  0  udata(340472f8) 1  
[2017/07/14 00:16:20 264] tts        536  TTS_MSG_GETAUDIO  0  
[2017/07/14 00:16:20 264] tts        429  get audio|use local  
[2017/07/14 00:16:20 264] tts        442  local audiolen:  512  ,ced:  176  
[2017/07/14 00:16:20 264] tts        471  0  udata(34047348) 1  
[2017/07/14 00:16:20 264] tts        536  TTS_MSG_GETAUDIO  0  
[2017/07/14 00:16:20 264] tts        429  get audio|use local  
[2017/07/14 00:16:20 264] tts        442  local audiolen:  160  ,ced:  176  
[2017/07/14 00:16:20 264] tts        471  0  udata(34047078) 1  
[2017/07/14 00:16:20 265] tts        536  TTS_MSG_GETAUDIO  0  
[2017/07/14 00:16:20 265] tts        429  get audio|use local  
[2017/07/14 00:16:20 265] tts        442  local audiolen:  272  ,ced:  200  
[2017/07/14 00:16:20 265] tts        471  0  udata(340474b8) 1  
[2017/07/14 00:16:20 265] tts        536  TTS_MSG_GETAUDIO  0  
[2017/07/14 00:16:20 265] tts        429  get audio|use local  
[2017/07/14 00:16:20 265] tts        442  local audiolen:  11504  ,ced:  200  
[2017/07/14 00:16:20 265] tts        471  0  udata(34046ed8) 1  
[2017/07/14 00:16:20 265] tts        536  TTS_MSG_GETAUDIO  0  
[2017/07/14 00:16:20 265] tts        429  get audio|use local  
[2017/07/14 00:16:20 265] tts        442  local audiolen:  7070  ,ced:  200  
[2017/07/14 00:16:20 265] tts        471  0  udata(34046f28) 1  
[2017/07/14 00:16:20 266] tts        536  TTS_MSG_GETAUDIO  0  
[2017/07/14 00:16:20 266] tts        429  get audio|use local  
[2017/07/14 00:16:20 266] tts        442  local audiolen:  6802  ,ced:  200  
[2017/07/14 00:16:20 266] tts        471  0  udata(34046fc8) 1  
[2017/07/14 00:16:20 266] tts        536  TTS_MSG_GETAUDIO  0  
[2017/07/14 00:16:20 266] tts        429  get audio|use local  
[2017/07/14 00:16:20 266] tts        442  local audiolen:  7136  ,ced:  200  
[2017/07/14 00:16:20 266] tts        471  0  udata(34047018) 1  
[2017/07/14 00:16:20 267] tts        536  TTS_MSG_GETAUDIO  0  
[2017/07/14 00:16:20 267] tts        429  get audio|use local  
[2017/07/14 00:16:20 267] tts        442  local audiolen:  3944  ,ced:  200  
[2017/07/14 00:16:20 267] tts        471  0  udata(340470c8) 1  
[2017/07/14 00:16:20 267] tts        536  TTS_MSG_GETAUDIO  0  
[2017/07/14 00:16:20 267] tts        429  get audio|use local  
[2017/07/14 00:16:20 267] tts        442  local audiolen:  10648  ,ced:  200  
[2017/07/14 00:16:20 267] tts        471  0  udata(34047118) 1  
[2017/07/14 00:16:20 267] tts        536  TTS_MSG_GETAUDIO  0  
[2017/07/14 00:16:20 267] tts        429  get audio|use local  
[2017/07/14 00:16:20 267] tts        442  local audiolen:  4700  ,ced:  200  
[2017/07/14 00:16:20 268] tts        471  0  udata(34047168) 1  
[2017/07/14 00:16:20 268] tts        536  TTS_MSG_GETAUDIO  0  
[2017/07/14 00:16:20 268] tts        429  get audio|use local  
[2017/07/14 00:16:20 268] tts        442  local audiolen:  7102  ,ced:  200  
[2017/07/14 00:16:20 268] tts        471  0  udata(34047398) 2  
[2017/07/14 00:16:20 269] tts        539  TTS_MSG_SSE  
[2017/07/14 00:16:20 270] tts        493  sse|use local  
[2017/07/14 00:16:20 270] tts        509  tts exit  
