============================================================
Time  2017/07/14 10:13:57 048 
============================================================
[2017/07/14 10:13:57 048] tts        555  SYS_MSG_REGCB param0 =  msp_status_cb  param1 =  func(b80182e0) 
[2017/07/14 10:13:57 050] config     42   use general cloud  
[2017/07/14 10:13:57 055] tts_cloud  1414 SYS_MSG_REGCB_CLOUD param0 =   msp_status_cb  param1 =  func(b80182e0) 
[2017/07/14 10:13:57 055] tts        527  TTS_MSG_SSB  
[2017/07/14 10:13:57 055] tts        338  params =  engine_type = local, text_encoding = UTF8,voice_name=xiaofeng,tts_res_path = fo|res/tts/xiaofeng.jet;fo|res/tts/common.jet, sample_rate = 16000, speed = 50, volume = 50, pitch = 50, rdn = 2  
[2017/07/14 10:13:57 055] tts        369  ssb|use local  
[2017/07/14 10:13:57 055] tts        313  local_session_begin  
[2017/07/14 10:13:57 074] tts        533  TTS_MSG_SYN  0  
[2017/07/14 10:13:57 074] tts        404  synth|use local  
[2017/07/14 10:13:57 077] tts        536  TTS_MSG_GETAUDIO  0  
[2017/07/14 10:13:57 077] tts        429  get audio|use local  
[2017/07/14 10:13:57 077] tts        471  0  nil  1  
[2017/07/14 10:13:57 077] tts        536  TTS_MSG_GETAUDIO  0  
[2017/07/14 10:13:57 077] tts        429  get audio|use local  
[2017/07/14 10:13:57 077] tts        471  0  nil  1  
[2017/07/14 10:13:57 077] tts        536  TTS_MSG_GETAUDIO  0  
[2017/07/14 10:13:57 078] tts        429  get audio|use local  
[2017/07/14 10:13:57 078] tts        471  0  nil  1  
[2017/07/14 10:13:57 078] tts        536  TTS_MSG_GETAUDIO  0  
[2017/07/14 10:13:57 078] tts        429  get audio|use local  
[2017/07/14 10:13:57 078] tts        471  0  nil  1  
[2017/07/14 10:13:57 080] tts        536  TTS_MSG_GETAUDIO  0  
[2017/07/14 10:13:57 080] tts        429  get audio|use local  
[2017/07/14 10:13:57 080] tts        471  0  nil  1  
[2017/07/14 10:13:57 082] tts        536  TTS_MSG_GETAUDIO  0  
[2017/07/14 10:13:57 082] tts        429  get audio|use local  
[2017/07/14 10:13:57 082] tts        471  0  nil  1  
[2017/07/14 10:13:57 082] tts        536  TTS_MSG_GETAUDIO  0  
[2017/07/14 10:13:57 082] tts        429  get audio|use local  
[2017/07/14 10:13:57 082] tts        471  0  nil  1  
[2017/07/14 10:13:57 083] tts        536  TTS_MSG_GETAUDIO  0  
[2017/07/14 10:13:57 083] tts        429  get audio|use local  
[2017/07/14 10:13:57 083] tts        471  0  nil  1  
[2017/07/14 10:13:57 084] tts        536  TTS_MSG_GETAUDIO  0  
[2017/07/14 10:13:57 084] tts        429  get audio|use local  
[2017/07/14 10:13:57 084] tts        471  0  nil  1  
[2017/07/14 10:13:57 087] tts        536  TTS_MSG_GETAUDIO  0  
[2017/07/14 10:13:57 087] tts        429  get audio|use local  
[2017/07/14 10:13:57 087] tts        471  0  nil  1  
[2017/07/14 10:13:57 088] tts        536  TTS_MSG_GETAUDIO  0  
[2017/07/14 10:13:57 088] tts        429  get audio|use local  
[2017/07/14 10:13:57 088] tts        471  0  nil  1  
[2017/07/14 10:13:57 088] tts        536  TTS_MSG_GETAUDIO  0  
[2017/07/14 10:13:57 088] tts        429  get audio|use local  
[2017/07/14 10:13:57 088] tts        471  0  nil  1  
[2017/07/14 10:13:57 088] tts        536  TTS_MSG_GETAUDIO  0  
[2017/07/14 10:13:57 088] tts        429  get audio|use local  
[2017/07/14 10:13:57 088] tts        471  0  nil  1  
[2017/07/14 10:13:57 089] tts        536  TTS_MSG_GETAUDIO  0  
[2017/07/14 10:13:57 089] tts        429  get audio|use local  
[2017/07/14 10:13:57 089] tts        471  0  nil  1  
[2017/07/14 10:13:57 089] tts        536  TTS_MSG_GETAUDIO  0  
[2017/07/14 10:13:57 089] tts        429  get audio|use local  
[2017/07/14 10:13:57 089] tts        471  0  nil  1  
[2017/07/14 10:13:57 090] tts        536  TTS_MSG_GETAUDIO  0  
[2017/07/14 10:13:57 090] tts        429  get audio|use local  
[2017/07/14 10:13:57 090] tts        471  0  nil  1  
[2017/07/14 10:13:57 090] tts        536  TTS_MSG_GETAUDIO  0  
[2017/07/14 10:13:57 090] tts        429  get audio|use local  
[2017/07/14 10:13:57 090] tts        471  0  nil  1  
[2017/07/14 10:13:57 090] tts        536  TTS_MSG_GETAUDIO  0  
[2017/07/14 10:13:57 090] tts        429  get audio|use local  
[2017/07/14 10:13:57 090] tts        471  0  nil  1  
[2017/07/14 10:13:57 097] tts        536  TTS_MSG_GETAUDIO  0  
[2017/07/14 10:13:57 097] tts        429  get audio|use local  
[2017/07/14 10:13:57 098] tts        471  0  nil  1  
[2017/07/14 10:13:57 098] tts        290  TTS_LOCAL_CB_BEGIN  
[2017/07/14 10:13:57 098] tts        536  TTS_MSG_GETAUDIO  0  
[2017/07/14 10:13:57 098] tts        429  get audio|use local  
[2017/07/14 10:13:57 098] tts        471  0  nil  1  
[2017/07/14 10:13:57 099] tts        536  TTS_MSG_GETAUDIO  0  
[2017/07/14 10:13:57 100] tts        429  get audio|use local  
[2017/07/14 10:13:57 100] tts        442  local audiolen:  300  ,ced:  18  
[2017/07/14 10:13:57 100] tts        471  0  udata(b8084018) 1  
[2017/07/14 10:13:57 100] tts        536  TTS_MSG_GETAUDIO  0  
[2017/07/14 10:13:57 100] tts        429  get audio|use local  
[2017/07/14 10:13:57 101] tts        442  local audiolen:  4472  ,ced:  18  
[2017/07/14 10:13:57 101] tts        471  0  udata(b806e008) 1  
[2017/07/14 10:13:57 101] tts        536  TTS_MSG_GETAUDIO  0  
[2017/07/14 10:13:57 101] tts        429  get audio|use local  
[2017/07/14 10:13:57 101] tts        442  local audiolen:  7136  ,ced:  18  
[2017/07/14 10:13:57 101] tts        471  0  udata(b806e058) 1  
[2017/07/14 10:13:57 101] tts        536  TTS_MSG_GETAUDIO  0  
[2017/07/14 10:13:57 101] tts        429  get audio|use local  
[2017/07/14 10:13:57 102] tts        442  local audiolen:  4510  ,ced:  18  
[2017/07/14 10:13:57 102] tts        471  0  udata(b806e0a8) 1  
[2017/07/14 10:13:57 102] tts        536  TTS_MSG_GETAUDIO  0  
[2017/07/14 10:13:57 103] tts        429  get audio|use local  
[2017/07/14 10:13:57 103] tts        442  local audiolen:  12914  ,ced:  18  
[2017/07/14 10:13:57 104] tts        471  0  udata(b806d878) 1  
[2017/07/14 10:13:57 119] tts        536  TTS_MSG_GETAUDIO  0  
[2017/07/14 10:13:57 119] tts        429  get audio|use local  
[2017/07/14 10:13:57 119] tts        442  local audiolen:  6038  ,ced:  18  
[2017/07/14 10:13:57 120] tts        471  0  udata(b8021d68) 1  
[2017/07/14 10:13:57 121] tts        536  TTS_MSG_GETAUDIO  0  
[2017/07/14 10:13:57 125] tts        429  get audio|use local  
[2017/07/14 10:13:57 125] tts        442  local audiolen:  512  ,ced:  18  
[2017/07/14 10:13:57 125] tts        471  0  udata(b80207c8) 1  
[2017/07/14 10:13:57 131] tts        536  TTS_MSG_GETAUDIO  0  
[2017/07/14 10:13:57 133] tts        429  get audio|use local  
[2017/07/14 10:13:57 133] tts        442  local audiolen:  512  ,ced:  18  
[2017/07/14 10:13:57 134] tts        471  0  udata(b8020f78) 1  
[2017/07/14 10:13:57 134] tts        536  TTS_MSG_GETAUDIO  0  
[2017/07/14 10:13:57 134] tts        429  get audio|use local  
[2017/07/14 10:13:57 135] tts        442  local audiolen:  512  ,ced:  18  
[2017/07/14 10:13:57 135] tts        471  0  udata(b80211c8) 1  
[2017/07/14 10:13:57 140] tts        536  TTS_MSG_GETAUDIO  0  
[2017/07/14 10:13:57 140] tts        429  get audio|use local  
[2017/07/14 10:13:57 140] tts        442  local audiolen:  512  ,ced:  18  
[2017/07/14 10:13:57 140] tts        471  0  udata(b8024a08) 1  
[2017/07/14 10:13:57 140] tts        536  TTS_MSG_GETAUDIO  0  
[2017/07/14 10:13:57 140] tts        429  get audio|use local  
[2017/07/14 10:13:57 141] tts        442  local audiolen:  512  ,ced:  18  
[2017/07/14 10:13:57 141] tts        471  0  udata(b8024ab8) 1  
[2017/07/14 10:13:57 141] tts        536  TTS_MSG_GETAUDIO  0  
[2017/07/14 10:13:57 141] tts        429  get audio|use local  
[2017/07/14 10:13:57 141] tts        442  local audiolen:  512  ,ced:  18  
[2017/07/14 10:13:57 141] tts        471  0  udata(b8024ba8) 1  
[2017/07/14 10:13:57 141] tts        536  TTS_MSG_GETAUDIO  0  
[2017/07/14 10:13:57 141] tts        429  get audio|use local  
[2017/07/14 10:13:57 141] tts        442  local audiolen:  512  ,ced:  18  
[2017/07/14 10:13:57 141] tts        471  0  udata(b8024c58) 1  
[2017/07/14 10:13:57 142] tts        536  TTS_MSG_GETAUDIO  0  
[2017/07/14 10:13:57 142] tts        429  get audio|use local  
[2017/07/14 10:13:57 142] tts        442  local audiolen:  512  ,ced:  18  
[2017/07/14 10:13:57 142] tts        471  0  udata(b8024d48) 1  
[2017/07/14 10:13:57 142] tts        536  TTS_MSG_GETAUDIO  0  
[2017/07/14 10:13:57 142] tts        429  get audio|use local  
[2017/07/14 10:13:57 142] tts        442  local audiolen:  512  ,ced:  18  
[2017/07/14 10:13:57 143] tts        471  0  udata(b8024df8) 1  
[2017/07/14 10:13:57 143] tts        536  TTS_MSG_GETAUDIO  0  
[2017/07/14 10:13:57 143] tts        429  get audio|use local  
[2017/07/14 10:13:57 143] tts        442  local audiolen:  512  ,ced:  18  
[2017/07/14 10:13:57 143] tts        471  0  udata(b80205b8) 1  
[2017/07/14 10:13:57 143] tts        536  TTS_MSG_GETAUDIO  0  
[2017/07/14 10:13:57 143] tts        429  get audio|use local  
[2017/07/14 10:13:57 143] tts        442  local audiolen:  512  ,ced:  18  
[2017/07/14 10:13:57 143] tts        471  0  udata(b8020608) 1  
[2017/07/14 10:13:57 144] tts        536  TTS_MSG_GETAUDIO  0  
[2017/07/14 10:13:57 144] tts        429  get audio|use local  
[2017/07/14 10:13:57 144] tts        442  local audiolen:  512  ,ced:  18  
[2017/07/14 10:13:57 144] tts        471  0  udata(b8020658) 1  
[2017/07/14 10:13:57 144] tts        536  TTS_MSG_GETAUDIO  0  
[2017/07/14 10:13:57 144] tts        429  get audio|use local  
[2017/07/14 10:13:57 144] tts        442  local audiolen:  512  ,ced:  18  
[2017/07/14 10:13:57 144] tts        471  0  udata(b80206a8) 1  
[2017/07/14 10:13:57 145] tts        536  TTS_MSG_GETAUDIO  0  
[2017/07/14 10:13:57 145] tts        429  get audio|use local  
[2017/07/14 10:13:57 145] tts        442  local audiolen:  512  ,ced:  18  
[2017/07/14 10:13:57 145] tts        471  0  udata(b8025158) 1  
[2017/07/14 10:13:57 146] tts        536  TTS_MSG_GETAUDIO  0  
[2017/07/14 10:13:57 146] tts        429  get audio|use local  
[2017/07/14 10:13:57 146] tts        442  local audiolen:  512  ,ced:  18  
[2017/07/14 10:13:57 146] tts        471  0  udata(b80251a8) 1  
[2017/07/14 10:13:57 146] tts        536  TTS_MSG_GETAUDIO  0  
[2017/07/14 10:13:57 146] tts        429  get audio|use local  
[2017/07/14 10:13:57 146] tts        442  local audiolen:  512  ,ced:  18  
[2017/07/14 10:13:57 146] tts        471  0  udata(b80251f8) 1  
[2017/07/14 10:13:57 146] tts        536  TTS_MSG_GETAUDIO  0  
[2017/07/14 10:13:57 146] tts        429  get audio|use local  
[2017/07/14 10:13:57 146] tts        442  local audiolen:  512  ,ced:  18  
[2017/07/14 10:13:57 146] tts        471  0  udata(b8025248) 1  
[2017/07/14 10:13:57 147] tts        536  TTS_MSG_GETAUDIO  0  
[2017/07/14 10:13:57 147] tts        429  get audio|use local  
[2017/07/14 10:13:57 147] tts        442  local audiolen:  512  ,ced:  18  
[2017/07/14 10:13:57 147] tts        471  0  udata(b80254c8) 1  
[2017/07/14 10:13:57 147] tts        536  TTS_MSG_GETAUDIO  0  
[2017/07/14 10:13:57 147] tts        429  get audio|use local  
[2017/07/14 10:13:57 147] tts        442  local audiolen:  160  ,ced:  18  
[2017/07/14 10:13:57 147] tts        471  0  udata(b8025628) 1  
[2017/07/14 10:13:57 148] tts        536  TTS_MSG_GETAUDIO  0  
[2017/07/14 10:13:57 148] tts        429  get audio|use local  
[2017/07/14 10:13:57 148] tts        442  local audiolen:  244  ,ced:  27  
[2017/07/14 10:13:57 148] tts        471  0  udata(b8024fa8) 1  
[2017/07/14 10:13:57 148] tts        536  TTS_MSG_GETAUDIO  0  
[2017/07/14 10:13:57 148] tts        429  get audio|use local  
[2017/07/14 10:13:57 148] tts        442  local audiolen:  9884  ,ced:  27  
[2017/07/14 10:13:57 148] tts        471  0  udata(b8024ff8) 1  
[2017/07/14 10:13:57 148] tts        536  TTS_MSG_GETAUDIO  0  
[2017/07/14 10:13:57 148] tts        429  get audio|use local  
[2017/07/14 10:13:57 148] tts        442  local audiolen:  7908  ,ced:  27  
[2017/07/14 10:13:57 149] tts        471  0  udata(b8024f48) 1  
[2017/07/14 10:13:57 149] tts        536  TTS_MSG_GETAUDIO  0  
[2017/07/14 10:13:57 149] tts        429  get audio|use local  
[2017/07/14 10:13:57 149] tts        442  local audiolen:  512  ,ced:  27  
[2017/07/14 10:13:57 149] tts        471  0  udata(b80259e8) 1  
[2017/07/14 10:13:57 149] tts        536  TTS_MSG_GETAUDIO  0  
[2017/07/14 10:13:57 150] tts        429  get audio|use local  
[2017/07/14 10:13:57 150] tts        442  local audiolen:  512  ,ced:  27  
[2017/07/14 10:13:57 150] tts        471  0  udata(b80257d8) 1  
[2017/07/14 10:13:57 150] tts        536  TTS_MSG_GETAUDIO  0  
[2017/07/14 10:13:57 150] tts        429  get audio|use local  
[2017/07/14 10:13:57 150] tts        442  local audiolen:  512  ,ced:  27  
[2017/07/14 10:13:57 150] tts        471  0  udata(b8025828) 1  
[2017/07/14 10:13:57 150] tts        536  TTS_MSG_GETAUDIO  0  
[2017/07/14 10:13:57 151] tts        429  get audio|use local  
[2017/07/14 10:13:57 151] tts        442  local audiolen:  512  ,ced:  27  
[2017/07/14 10:13:57 151] tts        471  0  udata(b8025878) 1  
[2017/07/14 10:13:57 151] tts        536  TTS_MSG_GETAUDIO  0  
[2017/07/14 10:13:57 151] tts        429  get audio|use local  
[2017/07/14 10:13:57 151] tts        442  local audiolen:  512  ,ced:  27  
[2017/07/14 10:13:57 152] tts        471  0  udata(b8025d48) 1  
[2017/07/14 10:13:57 152] tts        536  TTS_MSG_GETAUDIO  0  
[2017/07/14 10:13:57 152] tts        429  get audio|use local  
[2017/07/14 10:13:57 152] tts        442  local audiolen:  512  ,ced:  27  
[2017/07/14 10:13:57 152] tts        471  0  udata(b8025e38) 1  
[2017/07/14 10:13:57 153] tts        536  TTS_MSG_GETAUDIO  0  
[2017/07/14 10:13:57 153] tts        429  get audio|use local  
[2017/07/14 10:13:57 153] tts        442  local audiolen:  512  ,ced:  27  
[2017/07/14 10:13:57 153] tts        471  0  udata(b8025ee8) 1  
[2017/07/14 10:13:57 153] tts        536  TTS_MSG_GETAUDIO  0  
[2017/07/14 10:13:57 153] tts        429  get audio|use local  
[2017/07/14 10:13:57 154] tts        442  local audiolen:  512  ,ced:  27  
[2017/07/14 10:13:57 154] tts        471  0  udata(b8025a38) 1  
[2017/07/14 10:13:57 155] tts        536  TTS_MSG_GETAUDIO  0  
[2017/07/14 10:13:57 155] tts        429  get audio|use local  
[2017/07/14 10:13:57 155] tts        442  local audiolen:  512  ,ced:  27  
[2017/07/14 10:13:57 155] tts        471  0  udata(b8026968) 1  
[2017/07/14 10:13:57 155] tts        536  TTS_MSG_GETAUDIO  0  
[2017/07/14 10:13:57 156] tts        429  get audio|use local  
[2017/07/14 10:13:57 156] tts        442  local audiolen:  512  ,ced:  27  
[2017/07/14 10:13:57 156] tts        471  0  udata(b8026058) 1  
[2017/07/14 10:13:57 156] tts        536  TTS_MSG_GETAUDIO  0  
[2017/07/14 10:13:57 156] tts        429  get audio|use local  
[2017/07/14 10:13:57 156] tts        442  local audiolen:  512  ,ced:  27  
[2017/07/14 10:13:57 156] tts        471  0  udata(b8026d28) 1  
[2017/07/14 10:13:57 157] tts        536  TTS_MSG_GETAUDIO  0  
[2017/07/14 10:13:57 157] tts        429  get audio|use local  
[2017/07/14 10:13:57 157] tts        442  local audiolen:  512  ,ced:  27  
[2017/07/14 10:13:57 157] tts        471  0  udata(b8026f78) 1  
[2017/07/14 10:13:57 158] tts        536  TTS_MSG_GETAUDIO  0  
[2017/07/14 10:13:57 158] tts        429  get audio|use local  
[2017/07/14 10:13:57 158] tts        442  local audiolen:  512  ,ced:  27  
[2017/07/14 10:13:57 158] tts        471  0  udata(b8022018) 1  
[2017/07/14 10:13:57 158] tts        536  TTS_MSG_GETAUDIO  0  
[2017/07/14 10:13:57 158] tts        429  get audio|use local  
[2017/07/14 10:13:57 158] tts        442  local audiolen:  512  ,ced:  27  
[2017/07/14 10:13:57 159] tts        471  0  udata(b8022168) 1  
[2017/07/14 10:13:57 159] tts        536  TTS_MSG_GETAUDIO  0  
[2017/07/14 10:13:57 159] tts        429  get audio|use local  
[2017/07/14 10:13:57 159] tts        442  local audiolen:  512  ,ced:  27  
[2017/07/14 10:13:57 159] tts        471  0  udata(b8022528) 1  
[2017/07/14 10:13:57 159] tts        536  TTS_MSG_GETAUDIO  0  
[2017/07/14 10:13:57 159] tts        429  get audio|use local  
[2017/07/14 10:13:57 159] tts        442  local audiolen:  512  ,ced:  27  
[2017/07/14 10:13:57 159] tts        471  0  udata(b8022578) 1  
[2017/07/14 10:13:57 159] tts        536  TTS_MSG_GETAUDIO  0  
[2017/07/14 10:13:57 159] tts        429  get audio|use local  
[2017/07/14 10:13:57 159] tts        442  local audiolen:  512  ,ced:  27  
[2017/07/14 10:13:57 159] tts        471  0  udata(b80225c8) 1  
[2017/07/14 10:13:57 159] tts        536  TTS_MSG_GETAUDIO  0  
[2017/07/14 10:13:57 159] tts        429  get audio|use local  
[2017/07/14 10:13:57 159] tts        442  local audiolen:  512  ,ced:  27  
[2017/07/14 10:13:57 159] tts        471  0  udata(b8022218) 1  
[2017/07/14 10:13:57 160] tts        536  TTS_MSG_GETAUDIO  0  
[2017/07/14 10:13:57 160] tts        429  get audio|use local  
[2017/07/14 10:13:57 160] tts        442  local audiolen:  160  ,ced:  27  
[2017/07/14 10:13:57 160] tts        471  0  udata(b8022318) 1  
[2017/07/14 10:13:57 160] tts        536  TTS_MSG_GETAUDIO  0  
[2017/07/14 10:13:57 160] tts        429  get audio|use local  
[2017/07/14 10:13:57 160] tts        442  local audiolen:  302  ,ced:  57  
[2017/07/14 10:13:57 160] tts        471  0  udata(b8026b58) 1  
[2017/07/14 10:13:57 161] tts        536  TTS_MSG_GETAUDIO  0  
[2017/07/14 10:13:57 161] tts        429  get audio|use local  
[2017/07/14 10:13:57 161] tts        442  local audiolen:  972  ,ced:  57  
[2017/07/14 10:13:57 161] tts        471  0  udata(b8028718) 1  
[2017/07/14 10:13:57 161] tts        536  TTS_MSG_GETAUDIO  0  
[2017/07/14 10:13:57 161] tts        429  get audio|use local  
[2017/07/14 10:13:57 161] tts        442  local audiolen:  7628  ,ced:  57  
[2017/07/14 10:13:57 161] tts        471  0  udata(b80221b8) 1  
[2017/07/14 10:13:57 161] tts        536  TTS_MSG_GETAUDIO  0  
[2017/07/14 10:13:57 161] tts        429  get audio|use local  
[2017/07/14 10:13:57 161] tts        442  local audiolen:  4282  ,ced:  57  
[2017/07/14 10:13:57 161] tts        471  0  udata(b80223c8) 1  
[2017/07/14 10:13:57 162] tts        536  TTS_MSG_GETAUDIO  0  
[2017/07/14 10:13:57 162] tts        429  get audio|use local  
[2017/07/14 10:13:57 162] tts        442  local audiolen:  7110  ,ced:  57  
[2017/07/14 10:13:57 162] tts        471  0  udata(b8026ba8) 1  
[2017/07/14 10:13:57 162] tts        536  TTS_MSG_GETAUDIO  0  
[2017/07/14 10:13:57 162] tts        429  get audio|use local  
[2017/07/14 10:13:57 162] tts        442  local audiolen:  3632  ,ced:  57  
[2017/07/14 10:13:57 162] tts        471  0  udata(b8026a18) 1  
[2017/07/14 10:13:57 162] tts        536  TTS_MSG_GETAUDIO  0  
[2017/07/14 10:13:57 162] tts        429  get audio|use local  
[2017/07/14 10:13:57 162] tts        442  local audiolen:  7226  ,ced:  57  
[2017/07/14 10:13:57 162] tts        471  0  udata(b8026a68) 1  
[2017/07/14 10:13:57 163] tts        536  TTS_MSG_GETAUDIO  0  
[2017/07/14 10:13:57 163] tts        429  get audio|use local  
[2017/07/14 10:13:57 163] tts        442  local audiolen:  9160  ,ced:  57  
[2017/07/14 10:13:57 163] tts        471  0  udata(b80281a8) 1  
[2017/07/14 10:13:57 163] tts        536  TTS_MSG_GETAUDIO  0  
[2017/07/14 10:13:57 163] tts        429  get audio|use local  
[2017/07/14 10:13:57 163] tts        442  local audiolen:  6982  ,ced:  57  
[2017/07/14 10:13:57 163] tts        471  0  udata(b8028338) 1  
[2017/07/14 10:13:57 163] tts        536  TTS_MSG_GETAUDIO  0  
[2017/07/14 10:13:57 163] tts        429  get audio|use local  
[2017/07/14 10:13:57 163] tts        442  local audiolen:  8976  ,ced:  57  
[2017/07/14 10:13:57 163] tts        471  0  udata(b8028388) 1  
[2017/07/14 10:13:57 164] tts        536  TTS_MSG_GETAUDIO  0  
[2017/07/14 10:13:57 164] tts        429  get audio|use local  
[2017/07/14 10:13:57 164] tts        442  local audiolen:  7678  ,ced:  57  
[2017/07/14 10:13:57 164] tts        471  0  udata(b80283d8) 1  
[2017/07/14 10:13:57 164] tts        536  TTS_MSG_GETAUDIO  0  
[2017/07/14 10:13:57 164] tts        429  get audio|use local  
[2017/07/14 10:13:57 164] tts        442  local audiolen:  3576  ,ced:  57  
[2017/07/14 10:13:57 164] tts        471  0  udata(b8028538) 1  
[2017/07/14 10:13:57 164] tts        536  TTS_MSG_GETAUDIO  0  
[2017/07/14 10:13:57 164] tts        429  get audio|use local  
[2017/07/14 10:13:57 164] tts        442  local audiolen:  512  ,ced:  57  
[2017/07/14 10:13:57 164] tts        471  0  udata(b8028978) 1  
[2017/07/14 10:13:57 165] tts        536  TTS_MSG_GETAUDIO  0  
[2017/07/14 10:13:57 165] tts        429  get audio|use local  
[2017/07/14 10:13:57 165] tts        442  local audiolen:  512  ,ced:  57  
[2017/07/14 10:13:57 165] tts        471  0  udata(b80285e8) 1  
[2017/07/14 10:13:57 165] tts        536  TTS_MSG_GETAUDIO  0  
[2017/07/14 10:13:57 165] tts        429  get audio|use local  
[2017/07/14 10:13:57 165] tts        442  local audiolen:  512  ,ced:  57  
[2017/07/14 10:13:57 165] tts        471  0  udata(b8028638) 1  
[2017/07/14 10:13:57 165] tts        536  TTS_MSG_GETAUDIO  0  
[2017/07/14 10:13:57 165] tts        429  get audio|use local  
[2017/07/14 10:13:57 165] tts        442  local audiolen:  512  ,ced:  57  
[2017/07/14 10:13:57 165] tts        471  0  udata(b8028688) 1  
[2017/07/14 10:13:57 166] tts        536  TTS_MSG_GETAUDIO  0  
[2017/07/14 10:13:57 166] tts        429  get audio|use local  
[2017/07/14 10:13:57 166] tts        442  local audiolen:  512  ,ced:  57  
[2017/07/14 10:13:57 166] tts        471  0  udata(b80289c8) 1  
[2017/07/14 10:13:57 166] tts        536  TTS_MSG_GETAUDIO  0  
[2017/07/14 10:13:57 166] tts        429  get audio|use local  
[2017/07/14 10:13:57 166] tts        442  local audiolen:  512  ,ced:  57  
[2017/07/14 10:13:57 166] tts        471  0  udata(b8028a18) 1  
[2017/07/14 10:13:57 166] tts        536  TTS_MSG_GETAUDIO  0  
[2017/07/14 10:13:57 166] tts        429  get audio|use local  
[2017/07/14 10:13:57 166] tts        442  local audiolen:  512  ,ced:  57  
[2017/07/14 10:13:57 166] tts        471  0  udata(b8028b08) 1  
[2017/07/14 10:13:57 167] tts        536  TTS_MSG_GETAUDIO  0  
[2017/07/14 10:13:57 167] tts        429  get audio|use local  
[2017/07/14 10:13:57 167] tts        442  local audiolen:  512  ,ced:  57  
[2017/07/14 10:13:57 167] tts        471  0  udata(b8028dd8) 1  
[2017/07/14 10:13:57 167] tts        536  TTS_MSG_GETAUDIO  0  
[2017/07/14 10:13:57 167] tts        429  get audio|use local  
[2017/07/14 10:13:57 167] tts        442  local audiolen:  512  ,ced:  57  
[2017/07/14 10:13:57 167] tts        471  0  udata(b8028e28) 1  
[2017/07/14 10:13:57 167] tts        536  TTS_MSG_GETAUDIO  0  
[2017/07/14 10:13:57 167] tts        429  get audio|use local  
[2017/07/14 10:13:57 167] tts        442  local audiolen:  512  ,ced:  57  
[2017/07/14 10:13:57 168] tts        471  0  udata(b8028768) 1  
[2017/07/14 10:13:57 168] tts        536  TTS_MSG_GETAUDIO  0  
[2017/07/14 10:13:57 168] tts        429  get audio|use local  
[2017/07/14 10:13:57 168] tts        442  local audiolen:  512  ,ced:  57  
[2017/07/14 10:13:57 168] tts        471  0  udata(b80287b8) 1  
[2017/07/14 10:13:57 169] tts        536  TTS_MSG_GETAUDIO  0  
[2017/07/14 10:13:57 169] tts        429  get audio|use local  
[2017/07/14 10:13:57 169] tts        442  local audiolen:  512  ,ced:  57  
[2017/07/14 10:13:57 169] tts        471  0  udata(b80294f8) 1  
[2017/07/14 10:13:57 170] tts        536  TTS_MSG_GETAUDIO  0  
[2017/07/14 10:13:57 170] tts        429  get audio|use local  
[2017/07/14 10:13:57 170] tts        442  local audiolen:  512  ,ced:  57  
[2017/07/14 10:13:57 170] tts        471  0  udata(b8029188) 1  
[2017/07/14 10:13:57 171] tts        536  TTS_MSG_GETAUDIO  0  
[2017/07/14 10:13:57 171] tts        429  get audio|use local  
[2017/07/14 10:13:57 171] tts        442  local audiolen:  512  ,ced:  57  
[2017/07/14 10:13:57 171] tts        471  0  udata(b80291d8) 1  
[2017/07/14 10:13:57 172] tts        536  TTS_MSG_GETAUDIO  0  
[2017/07/14 10:13:57 172] tts        429  get audio|use local  
[2017/07/14 10:13:57 172] tts        442  local audiolen:  512  ,ced:  57  
[2017/07/14 10:13:57 173] tts        471  0  udata(b802a128) 1  
[2017/07/14 10:13:57 173] tts        536  TTS_MSG_GETAUDIO  0  
[2017/07/14 10:13:57 173] tts        429  get audio|use local  
[2017/07/14 10:13:57 173] tts        442  local audiolen:  512  ,ced:  57  
[2017/07/14 10:13:57 173] tts        471  0  udata(b802a378) 1  
[2017/07/14 10:13:57 173] tts        536  TTS_MSG_GETAUDIO  0  
[2017/07/14 10:13:57 173] tts        429  get audio|use local  
[2017/07/14 10:13:57 173] tts        442  local audiolen:  512  ,ced:  57  
[2017/07/14 10:13:57 173] tts        471  0  udata(b802a548) 1  
[2017/07/14 10:13:57 174] tts        536  TTS_MSG_GETAUDIO  0  
[2017/07/14 10:13:57 174] tts        429  get audio|use local  
[2017/07/14 10:13:57 174] tts        442  local audiolen:  512  ,ced:  57  
[2017/07/14 10:13:57 174] tts        471  0  udata(b802a598) 1  
[2017/07/14 10:13:57 174] tts        536  TTS_MSG_GETAUDIO  0  
[2017/07/14 10:13:57 174] tts        429  get audio|use local  
[2017/07/14 10:13:57 174] tts        442  local audiolen:  160  ,ced:  57  
[2017/07/14 10:13:57 174] tts        471  0  udata(b8029b68) 1  
[2017/07/14 10:13:57 174] tts        536  TTS_MSG_GETAUDIO  0  
[2017/07/14 10:13:57 174] tts        429  get audio|use local  
[2017/07/14 10:13:57 174] tts        442  local audiolen:  286  ,ced:  73  
[2017/07/14 10:13:57 174] tts        471  0  udata(b802a718) 1  
[2017/07/14 10:13:57 174] tts        536  TTS_MSG_GETAUDIO  0  
[2017/07/14 10:13:57 174] tts        429  get audio|use local  
[2017/07/14 10:13:57 174] tts        442  local audiolen:  1392  ,ced:  73  
[2017/07/14 10:13:57 174] tts        471  0  udata(b802a4e8) 1  
[2017/07/14 10:13:57 175] tts        536  TTS_MSG_GETAUDIO  0  
[2017/07/14 10:13:57 175] tts        429  get audio|use local  
[2017/07/14 10:13:57 175] tts        442  local audiolen:  9008  ,ced:  73  
[2017/07/14 10:13:57 175] tts        471  0  udata(b8029ab8) 1  
[2017/07/14 10:13:57 175] tts        536  TTS_MSG_GETAUDIO  0  
[2017/07/14 10:13:57 175] tts        429  get audio|use local  
[2017/07/14 10:13:57 175] tts        442  local audiolen:  4462  ,ced:  73  
[2017/07/14 10:13:57 175] tts        471  0  udata(b8029b08) 1  
[2017/07/14 10:13:57 176] tts        536  TTS_MSG_GETAUDIO  0  
[2017/07/14 10:13:57 176] tts        429  get audio|use local  
[2017/07/14 10:13:57 176] tts        442  local audiolen:  6282  ,ced:  73  
[2017/07/14 10:13:57 176] tts        471  0  udata(b802a5e8) 1  
[2017/07/14 10:13:57 176] tts        536  TTS_MSG_GETAUDIO  0  
[2017/07/14 10:13:57 176] tts        429  get audio|use local  
[2017/07/14 10:13:57 176] tts        442  local audiolen:  11036  ,ced:  73  
[2017/07/14 10:13:57 176] tts        471  0  udata(b802a638) 1  
[2017/07/14 10:13:57 176] tts        536  TTS_MSG_GETAUDIO  0  
[2017/07/14 10:13:57 176] tts        429  get audio|use local  
[2017/07/14 10:13:57 176] tts        442  local audiolen:  512  ,ced:  73  
[2017/07/14 10:13:57 176] tts        471  0  udata(b802d508) 1  
[2017/07/14 10:13:57 177] tts        536  TTS_MSG_GETAUDIO  0  
[2017/07/14 10:13:57 177] tts        429  get audio|use local  
[2017/07/14 10:13:57 177] tts        442  local audiolen:  512  ,ced:  73  
[2017/07/14 10:13:57 177] tts        471  0  udata(b802d558) 1  
[2017/07/14 10:13:57 177] tts        536  TTS_MSG_GETAUDIO  0  
[2017/07/14 10:13:57 177] tts        429  get audio|use local  
[2017/07/14 10:13:57 177] tts        442  local audiolen:  512  ,ced:  73  
[2017/07/14 10:13:57 177] tts        471  0  udata(b802d858) 1  
[2017/07/14 10:13:57 177] tts        536  TTS_MSG_GETAUDIO  0  
[2017/07/14 10:13:57 177] tts        429  get audio|use local  
[2017/07/14 10:13:57 178] tts        442  local audiolen:  512  ,ced:  73  
[2017/07/14 10:13:57 178] tts        471  0  udata(b802d5a8) 1  
[2017/07/14 10:13:57 178] tts        536  TTS_MSG_GETAUDIO  0  
[2017/07/14 10:13:57 178] tts        429  get audio|use local  
[2017/07/14 10:13:57 178] tts        442  local audiolen:  512  ,ced:  73  
[2017/07/14 10:13:57 178] tts        471  0  udata(b802d5f8) 1  
[2017/07/14 10:13:57 178] tts        536  TTS_MSG_GETAUDIO  0  
[2017/07/14 10:13:57 178] tts        429  get audio|use local  
[2017/07/14 10:13:57 178] tts        442  local audiolen:  512  ,ced:  73  
[2017/07/14 10:13:57 178] tts        471  0  udata(b802d648) 1  
[2017/07/14 10:13:57 178] tts        536  TTS_MSG_GETAUDIO  0  
[2017/07/14 10:13:57 179] tts        429  get audio|use local  
[2017/07/14 10:13:57 179] tts        442  local audiolen:  512  ,ced:  73  
[2017/07/14 10:13:57 179] tts        471  0  udata(b802d698) 1  
[2017/07/14 10:13:57 179] tts        536  TTS_MSG_GETAUDIO  0  
[2017/07/14 10:13:57 179] tts        429  get audio|use local  
[2017/07/14 10:13:57 179] tts        442  local audiolen:  512  ,ced:  73  
[2017/07/14 10:13:57 179] tts        471  0  udata(b802d9b8) 1  
[2017/07/14 10:13:57 179] tts        536  TTS_MSG_GETAUDIO  0  
[2017/07/14 10:13:57 179] tts        429  get audio|use local  
[2017/07/14 10:13:57 179] tts        442  local audiolen:  512  ,ced:  73  
[2017/07/14 10:13:57 179] tts        471  0  udata(b802da68) 1  
[2017/07/14 10:13:57 179] tts        536  TTS_MSG_GETAUDIO  0  
[2017/07/14 10:13:57 179] tts        429  get audio|use local  
[2017/07/14 10:13:57 180] tts        442  local audiolen:  512  ,ced:  73  
[2017/07/14 10:13:57 180] tts        471  0  udata(b802dab8) 1  
[2017/07/14 10:13:57 180] tts        536  TTS_MSG_GETAUDIO  0  
[2017/07/14 10:13:57 180] tts        429  get audio|use local  
[2017/07/14 10:13:57 180] tts        442  local audiolen:  512  ,ced:  73  
[2017/07/14 10:13:57 180] tts        471  0  udata(b802dfd8) 1  
[2017/07/14 10:13:57 180] tts        536  TTS_MSG_GETAUDIO  0  
[2017/07/14 10:13:57 180] tts        429  get audio|use local  
[2017/07/14 10:13:57 180] tts        442  local audiolen:  512  ,ced:  73  
[2017/07/14 10:13:57 180] tts        471  0  udata(b802db08) 1  
[2017/07/14 10:13:57 181] tts        536  TTS_MSG_GETAUDIO  0  
[2017/07/14 10:13:57 181] tts        429  get audio|use local  
[2017/07/14 10:13:57 181] tts        442  local audiolen:  512  ,ced:  73  
[2017/07/14 10:13:57 181] tts        471  0  udata(b802db58) 1  
[2017/07/14 10:13:57 181] tts        536  TTS_MSG_GETAUDIO  0  
[2017/07/14 10:13:57 181] tts        429  get audio|use local  
[2017/07/14 10:13:57 181] tts        442  local audiolen:  512  ,ced:  73  
[2017/07/14 10:13:57 181] tts        471  0  udata(b802dcc8) 1  
[2017/07/14 10:13:57 181] tts        536  TTS_MSG_GETAUDIO  0  
[2017/07/14 10:13:57 181] tts        429  get audio|use local  
[2017/07/14 10:13:57 181] tts        442  local audiolen:  512  ,ced:  73  
[2017/07/14 10:13:57 181] tts        471  0  udata(b802dd18) 1  
[2017/07/14 10:13:57 182] tts        536  TTS_MSG_GETAUDIO  0  
[2017/07/14 10:13:57 182] tts        429  get audio|use local  
[2017/07/14 10:13:57 182] tts        442  local audiolen:  512  ,ced:  73  
[2017/07/14 10:13:57 182] tts        471  0  udata(b802dd68) 1  
[2017/07/14 10:13:57 182] tts        536  TTS_MSG_GETAUDIO  0  
[2017/07/14 10:13:57 182] tts        429  get audio|use local  
[2017/07/14 10:13:57 182] tts        442  local audiolen:  512  ,ced:  73  
[2017/07/14 10:13:57 182] tts        471  0  udata(b802ddb8) 1  
[2017/07/14 10:13:57 182] tts        536  TTS_MSG_GETAUDIO  0  
[2017/07/14 10:13:57 182] tts        429  get audio|use local  
[2017/07/14 10:13:57 182] tts        442  local audiolen:  512  ,ced:  73  
[2017/07/14 10:13:57 182] tts        471  0  udata(b802de08) 1  
[2017/07/14 10:13:57 183] tts        536  TTS_MSG_GETAUDIO  0  
[2017/07/14 10:13:57 183] tts        429  get audio|use local  
[2017/07/14 10:13:57 183] tts        442  local audiolen:  160  ,ced:  73  
[2017/07/14 10:13:57 183] tts        471  0  udata(b802d3a8) 1  
[2017/07/14 10:13:57 183] tts        536  TTS_MSG_GETAUDIO  0  
[2017/07/14 10:13:57 183] tts        429  get audio|use local  
[2017/07/14 10:13:57 183] tts        442  local audiolen:  300  ,ced:  116  
[2017/07/14 10:13:57 183] tts        471  0  udata(b802a9a8) 1  
[2017/07/14 10:13:57 183] tts        536  TTS_MSG_GETAUDIO  0  
[2017/07/14 10:13:57 183] tts        429  get audio|use local  
[2017/07/14 10:13:57 183] tts        442  local audiolen:  3320  ,ced:  116  
[2017/07/14 10:13:57 183] tts        471  0  udata(b802da08) 1  
[2017/07/14 10:13:57 183] tts        536  TTS_MSG_GETAUDIO  0  
[2017/07/14 10:13:57 184] tts        429  get audio|use local  
[2017/07/14 10:13:57 184] tts        442  local audiolen:  12700  ,ced:  116  
[2017/07/14 10:13:57 184] tts        471  0  udata(b802de58) 1  
[2017/07/14 10:13:57 184] tts        536  TTS_MSG_GETAUDIO  0  
[2017/07/14 10:13:57 184] tts        429  get audio|use local  
[2017/07/14 10:13:57 184] tts        442  local audiolen:  14004  ,ced:  116  
[2017/07/14 10:13:57 184] tts        471  0  udata(b802d3f8) 1  
[2017/07/14 10:13:57 184] tts        536  TTS_MSG_GETAUDIO  0  
[2017/07/14 10:13:57 184] tts        429  get audio|use local  
[2017/07/14 10:13:57 184] tts        442  local audiolen:  3070  ,ced:  116  
[2017/07/14 10:13:57 184] tts        471  0  udata(b802d448) 1  
[2017/07/14 10:13:57 185] tts        536  TTS_MSG_GETAUDIO  0  
[2017/07/14 10:13:57 185] tts        429  get audio|use local  
[2017/07/14 10:13:57 185] tts        442  local audiolen:  6616  ,ced:  116  
[2017/07/14 10:13:57 185] tts        471  0  udata(b802d498) 1  
[2017/07/14 10:13:57 187] tts        536  TTS_MSG_GETAUDIO  0  
[2017/07/14 10:13:57 187] tts        429  get audio|use local  
[2017/07/14 10:13:57 187] tts        442  local audiolen:  11918  ,ced:  116  
[2017/07/14 10:13:57 187] tts        471  0  udata(b802cc68) 1  
[2017/07/14 10:13:57 188] tts        536  TTS_MSG_GETAUDIO  0  
[2017/07/14 10:13:57 188] tts        429  get audio|use local  
[2017/07/14 10:13:57 188] tts        442  local audiolen:  7666  ,ced:  116  
[2017/07/14 10:13:57 188] tts        471  0  udata(b802d0b8) 1  
[2017/07/14 10:13:57 189] tts        536  TTS_MSG_GETAUDIO  0  
[2017/07/14 10:13:57 189] tts        429  get audio|use local  
[2017/07/14 10:13:57 189] tts        442  local audiolen:  8724  ,ced:  116  
[2017/07/14 10:13:57 189] tts        471  0  udata(b802d108) 1  
[2017/07/14 10:13:57 190] tts        536  TTS_MSG_GETAUDIO  0  
[2017/07/14 10:13:57 190] tts        429  get audio|use local  
[2017/07/14 10:13:57 190] tts        442  local audiolen:  7102  ,ced:  116  
[2017/07/14 10:13:57 190] tts        471  0  udata(b802b078) 1  
[2017/07/14 10:13:57 191] tts        536  TTS_MSG_GETAUDIO  0  
[2017/07/14 10:13:57 191] tts        429  get audio|use local  
[2017/07/14 10:13:57 191] tts        442  local audiolen:  7910  ,ced:  116  
[2017/07/14 10:13:57 191] tts        471  0  udata(b802b3c8) 1  
[2017/07/14 10:13:57 191] tts        536  TTS_MSG_GETAUDIO  0  
[2017/07/14 10:13:57 191] tts        429  get audio|use local  
[2017/07/14 10:13:57 191] tts        442  local audiolen:  6998  ,ced:  116  
[2017/07/14 10:13:57 191] tts        471  0  udata(b802b418) 1  
[2017/07/14 10:13:57 191] tts        536  TTS_MSG_GETAUDIO  0  
[2017/07/14 10:13:57 191] tts        429  get audio|use local  
[2017/07/14 10:13:57 191] tts        442  local audiolen:  7268  ,ced:  116  
[2017/07/14 10:13:57 191] tts        471  0  udata(b802b468) 1  
[2017/07/14 10:13:57 191] tts        536  TTS_MSG_GETAUDIO  0  
[2017/07/14 10:13:57 191] tts        429  get audio|use local  
[2017/07/14 10:13:57 191] tts        442  local audiolen:  512  ,ced:  116  
[2017/07/14 10:13:57 192] tts        471  0  udata(b802b728) 1  
[2017/07/14 10:13:57 192] tts        536  TTS_MSG_GETAUDIO  0  
[2017/07/14 10:13:57 192] tts        429  get audio|use local  
[2017/07/14 10:13:57 192] tts        442  local audiolen:  512  ,ced:  116  
[2017/07/14 10:13:57 192] tts        471  0  udata(b802b778) 1  
[2017/07/14 10:13:57 192] tts        536  TTS_MSG_GETAUDIO  0  
[2017/07/14 10:13:57 192] tts        429  get audio|use local  
[2017/07/14 10:13:57 192] tts        442  local audiolen:  512  ,ced:  116  
[2017/07/14 10:13:57 192] tts        471  0  udata(b802b518) 1  
[2017/07/14 10:13:57 192] tts        536  TTS_MSG_GETAUDIO  0  
[2017/07/14 10:13:57 192] tts        429  get audio|use local  
[2017/07/14 10:13:57 193] tts        442  local audiolen:  512  ,ced:  116  
[2017/07/14 10:13:57 193] tts        471  0  udata(b802b568) 1  
[2017/07/14 10:13:57 193] tts        536  TTS_MSG_GETAUDIO  0  
[2017/07/14 10:13:57 193] tts        429  get audio|use local  
[2017/07/14 10:13:57 193] tts        442  local audiolen:  512  ,ced:  116  
[2017/07/14 10:13:57 193] tts        471  0  udata(b802b5b8) 1  
[2017/07/14 10:13:57 193] tts        536  TTS_MSG_GETAUDIO  0  
[2017/07/14 10:13:57 193] tts        429  get audio|use local  
[2017/07/14 10:13:57 193] tts        442  local audiolen:  512  ,ced:  116  
[2017/07/14 10:13:57 193] tts        471  0  udata(b802b608) 1  
[2017/07/14 10:13:57 194] tts        536  TTS_MSG_GETAUDIO  0  
[2017/07/14 10:13:57 194] tts        429  get audio|use local  
[2017/07/14 10:13:57 194] tts        442  local audiolen:  512  ,ced:  116  
[2017/07/14 10:13:57 194] tts        471  0  udata(b802b658) 1  
[2017/07/14 10:13:57 194] tts        536  TTS_MSG_GETAUDIO  0  
[2017/07/14 10:13:57 194] tts        429  get audio|use local  
[2017/07/14 10:13:57 194] tts        442  local audiolen:  512  ,ced:  116  
[2017/07/14 10:13:57 194] tts        471  0  udata(b802b6a8) 1  
[2017/07/14 10:13:57 194] tts        536  TTS_MSG_GETAUDIO  0  
[2017/07/14 10:13:57 194] tts        429  get audio|use local  
[2017/07/14 10:13:57 194] tts        442  local audiolen:  512  ,ced:  116  
[2017/07/14 10:13:57 194] tts        471  0  udata(b802b7c8) 1  
[2017/07/14 10:13:57 195] tts        536  TTS_MSG_GETAUDIO  0  
[2017/07/14 10:13:57 195] tts        429  get audio|use local  
[2017/07/14 10:13:57 195] tts        442  local audiolen:  512  ,ced:  116  
[2017/07/14 10:13:57 195] tts        471  0  udata(b802b818) 1  
[2017/07/14 10:13:57 195] tts        536  TTS_MSG_GETAUDIO  0  
[2017/07/14 10:13:57 195] tts        429  get audio|use local  
[2017/07/14 10:13:57 195] tts        442  local audiolen:  512  ,ced:  116  
[2017/07/14 10:13:57 195] tts        471  0  udata(b802b868) 1  
[2017/07/14 10:13:57 195] tts        536  TTS_MSG_GETAUDIO  0  
[2017/07/14 10:13:57 195] tts        429  get audio|use local  
[2017/07/14 10:13:57 196] tts        442  local audiolen:  512  ,ced:  116  
[2017/07/14 10:13:57 196] tts        471  0  udata(b802b8b8) 1  
[2017/07/14 10:13:57 196] tts        536  TTS_MSG_GETAUDIO  0  
[2017/07/14 10:13:57 196] tts        429  get audio|use local  
[2017/07/14 10:13:57 196] tts        442  local audiolen:  512  ,ced:  116  
[2017/07/14 10:13:57 196] tts        471  0  udata(b802b908) 1  
[2017/07/14 10:13:57 196] tts        536  TTS_MSG_GETAUDIO  0  
[2017/07/14 10:13:57 196] tts        429  get audio|use local  
[2017/07/14 10:13:57 196] tts        442  local audiolen:  512  ,ced:  116  
[2017/07/14 10:13:57 196] tts        471  0  udata(b802b958) 1  
[2017/07/14 10:13:57 197] tts        536  TTS_MSG_GETAUDIO  0  
[2017/07/14 10:13:57 197] tts        429  get audio|use local  
[2017/07/14 10:13:57 197] tts        442  local audiolen:  512  ,ced:  116  
[2017/07/14 10:13:57 197] tts        471  0  udata(b802bee8) 1  
[2017/07/14 10:13:57 197] tts        536  TTS_MSG_GETAUDIO  0  
[2017/07/14 10:13:57 197] tts        429  get audio|use local  
[2017/07/14 10:13:57 197] tts        442  local audiolen:  512  ,ced:  116  
[2017/07/14 10:13:57 197] tts        471  0  udata(b802bfe8) 1  
[2017/07/14 10:13:57 197] tts        536  TTS_MSG_GETAUDIO  0  
[2017/07/14 10:13:57 197] tts        429  get audio|use local  
[2017/07/14 10:13:57 197] tts        442  local audiolen:  512  ,ced:  116  
[2017/07/14 10:13:57 197] tts        471  0  udata(b802c038) 1  
[2017/07/14 10:13:57 198] tts        536  TTS_MSG_GETAUDIO  0  
[2017/07/14 10:13:57 198] tts        429  get audio|use local  
[2017/07/14 10:13:57 198] tts        442  local audiolen:  512  ,ced:  116  
[2017/07/14 10:13:57 198] tts        471  0  udata(b802c088) 1  
[2017/07/14 10:13:57 198] tts        536  TTS_MSG_GETAUDIO  0  
[2017/07/14 10:13:57 198] tts        429  get audio|use local  
[2017/07/14 10:13:57 198] tts        442  local audiolen:  160  ,ced:  116  
[2017/07/14 10:13:57 198] tts        471  0  udata(b802bb88) 1  
[2017/07/14 10:13:57 198] tts        536  TTS_MSG_GETAUDIO  0  
[2017/07/14 10:13:57 198] tts        429  get audio|use local  
[2017/07/14 10:13:57 199] tts        442  local audiolen:  300  ,ced:  143  
[2017/07/14 10:13:57 199] tts        471  0  udata(b802c438) 1  
[2017/07/14 10:13:57 199] tts        536  TTS_MSG_GETAUDIO  0  
[2017/07/14 10:13:57 199] tts        429  get audio|use local  
[2017/07/14 10:13:57 199] tts        442  local audiolen:  634  ,ced:  143  
[2017/07/14 10:13:57 199] tts        471  0  udata(b8046db8) 1  
[2017/07/14 10:13:57 200] tts        292  0  0  
[2017/07/14 10:13:57 200] tts        299  TTS_LOCAL_CB_END,  2  
[2017/07/14 10:13:57 200] tts        536  TTS_MSG_GETAUDIO  0  
[2017/07/14 10:13:57 200] tts        429  get audio|use local  
[2017/07/14 10:13:57 200] tts        442  local audiolen:  7202  ,ced:  143  
[2017/07/14 10:13:57 200] tts        471  0  udata(b802b4b8) 1  
[2017/07/14 10:13:57 200] tts        536  TTS_MSG_GETAUDIO  0  
[2017/07/14 10:13:57 200] tts        429  get audio|use local  
[2017/07/14 10:13:57 200] tts        442  local audiolen:  13316  ,ced:  143  
[2017/07/14 10:13:57 200] tts        471  0  udata(b802bad8) 1  
[2017/07/14 10:13:57 200] tts        536  TTS_MSG_GETAUDIO  0  
[2017/07/14 10:13:57 200] tts        429  get audio|use local  
[2017/07/14 10:13:57 200] tts        442  local audiolen:  7630  ,ced:  143  
[2017/07/14 10:13:57 200] tts        471  0  udata(b802bb28) 1  
[2017/07/14 10:13:57 200] tts        536  TTS_MSG_GETAUDIO  0  
[2017/07/14 10:13:57 200] tts        429  get audio|use local  
[2017/07/14 10:13:57 200] tts        442  local audiolen:  9120  ,ced:  143  
[2017/07/14 10:13:57 200] tts        471  0  udata(b802bbd8) 1  
[2017/07/14 10:13:57 201] tts        536  TTS_MSG_GETAUDIO  0  
[2017/07/14 10:13:57 201] tts        429  get audio|use local  
[2017/07/14 10:13:57 201] tts        442  local audiolen:  5372  ,ced:  143  
[2017/07/14 10:13:57 201] tts        471  0  udata(b802bc28) 1  
[2017/07/14 10:13:57 201] tts        536  TTS_MSG_GETAUDIO  0  
[2017/07/14 10:13:57 201] tts        429  get audio|use local  
[2017/07/14 10:13:57 201] tts        442  local audiolen:  12548  ,ced:  143  
[2017/07/14 10:13:57 201] tts        471  0  udata(b802bc78) 1  
[2017/07/14 10:13:57 201] tts        536  TTS_MSG_GETAUDIO  0  
[2017/07/14 10:13:57 201] tts        429  get audio|use local  
[2017/07/14 10:13:57 201] tts        442  local audiolen:  512  ,ced:  143  
[2017/07/14 10:13:57 201] tts        471  0  udata(b8046d38) 1  
[2017/07/14 10:13:57 201] tts        536  TTS_MSG_GETAUDIO  0  
[2017/07/14 10:13:57 201] tts        429  get audio|use local  
[2017/07/14 10:13:57 201] tts        442  local audiolen:  512  ,ced:  143  
[2017/07/14 10:13:57 201] tts        471  0  udata(b8046948) 1  
[2017/07/14 10:13:57 202] tts        536  TTS_MSG_GETAUDIO  0  
[2017/07/14 10:13:57 202] tts        429  get audio|use local  
[2017/07/14 10:13:57 202] tts        442  local audiolen:  512  ,ced:  143  
[2017/07/14 10:13:57 202] tts        471  0  udata(b8046998) 1  
[2017/07/14 10:13:57 202] tts        536  TTS_MSG_GETAUDIO  0  
[2017/07/14 10:13:57 202] tts        429  get audio|use local  
[2017/07/14 10:13:57 202] tts        442  local audiolen:  512  ,ced:  143  
[2017/07/14 10:13:57 202] tts        471  0  udata(b802c2f8) 1  
[2017/07/14 10:13:57 202] tts        536  TTS_MSG_GETAUDIO  0  
[2017/07/14 10:13:57 202] tts        429  get audio|use local  
[2017/07/14 10:13:57 202] tts        442  local audiolen:  512  ,ced:  143  
[2017/07/14 10:13:57 202] tts        471  0  udata(b802c348) 1  
[2017/07/14 10:13:57 202] tts        536  TTS_MSG_GETAUDIO  0  
[2017/07/14 10:13:57 202] tts        429  get audio|use local  
[2017/07/14 10:13:57 202] tts        442  local audiolen:  512  ,ced:  143  
[2017/07/14 10:13:57 202] tts        471  0  udata(b802c398) 1  
[2017/07/14 10:13:57 202] tts        536  TTS_MSG_GETAUDIO  0  
[2017/07/14 10:13:57 202] tts        429  get audio|use local  
[2017/07/14 10:13:57 202] tts        442  local audiolen:  512  ,ced:  143  
[2017/07/14 10:13:57 202] tts        471  0  udata(b802c3e8) 1  
[2017/07/14 10:13:57 203] tts        536  TTS_MSG_GETAUDIO  0  
[2017/07/14 10:13:57 203] tts        429  get audio|use local  
[2017/07/14 10:13:57 203] tts        442  local audiolen:  512  ,ced:  143  
[2017/07/14 10:13:57 203] tts        471  0  udata(b8046f58) 1  
[2017/07/14 10:13:57 203] tts        536  TTS_MSG_GETAUDIO  0  
[2017/07/14 10:13:57 203] tts        429  get audio|use local  
[2017/07/14 10:13:57 203] tts        442  local audiolen:  512  ,ced:  143  
[2017/07/14 10:13:57 203] tts        471  0  udata(b8046fa8) 1  
[2017/07/14 10:13:57 203] tts        536  TTS_MSG_GETAUDIO  0  
[2017/07/14 10:13:57 203] tts        429  get audio|use local  
[2017/07/14 10:13:57 203] tts        442  local audiolen:  512  ,ced:  143  
[2017/07/14 10:13:57 203] tts        471  0  udata(b8046ff8) 1  
[2017/07/14 10:13:57 203] tts        536  TTS_MSG_GETAUDIO  0  
[2017/07/14 10:13:57 203] tts        429  get audio|use local  
[2017/07/14 10:13:57 203] tts        442  local audiolen:  512  ,ced:  143  
[2017/07/14 10:13:57 203] tts        471  0  udata(b8047048) 1  
[2017/07/14 10:13:57 203] tts        536  TTS_MSG_GETAUDIO  0  
[2017/07/14 10:13:57 204] tts        429  get audio|use local  
[2017/07/14 10:13:57 204] tts        442  local audiolen:  512  ,ced:  143  
[2017/07/14 10:13:57 204] tts        471  0  udata(b8047198) 1  
[2017/07/14 10:13:57 204] tts        536  TTS_MSG_GETAUDIO  0  
[2017/07/14 10:13:57 204] tts        429  get audio|use local  
[2017/07/14 10:13:57 204] tts        442  local audiolen:  512  ,ced:  143  
[2017/07/14 10:13:57 204] tts        471  0  udata(b80471e8) 1  
[2017/07/14 10:13:57 204] tts        536  TTS_MSG_GETAUDIO  0  
[2017/07/14 10:13:57 204] tts        429  get audio|use local  
[2017/07/14 10:13:57 204] tts        442  local audiolen:  512  ,ced:  143  
[2017/07/14 10:13:57 204] tts        471  0  udata(b8047238) 1  
[2017/07/14 10:13:57 204] tts        536  TTS_MSG_GETAUDIO  0  
[2017/07/14 10:13:57 204] tts        429  get audio|use local  
[2017/07/14 10:13:57 204] tts        442  local audiolen:  512  ,ced:  143  
[2017/07/14 10:13:57 204] tts        471  0  udata(b8047288) 1  
[2017/07/14 10:13:57 204] tts        536  TTS_MSG_GETAUDIO  0  
[2017/07/14 10:13:57 204] tts        429  get audio|use local  
[2017/07/14 10:13:57 204] tts        442  local audiolen:  512  ,ced:  143  
[2017/07/14 10:13:57 204] tts        471  0  udata(b80472d8) 1  
[2017/07/14 10:13:57 205] tts        536  TTS_MSG_GETAUDIO  0  
[2017/07/14 10:13:57 205] tts        429  get audio|use local  
[2017/07/14 10:13:57 205] tts        442  local audiolen:  512  ,ced:  143  
[2017/07/14 10:13:57 205] tts        471  0  udata(b8047328) 1  
[2017/07/14 10:13:57 205] tts        536  TTS_MSG_GETAUDIO  0  
[2017/07/14 10:13:57 205] tts        429  get audio|use local  
[2017/07/14 10:13:57 205] tts        442  local audiolen:  512  ,ced:  143  
[2017/07/14 10:13:57 205] tts        471  0  udata(b8047378) 1  
[2017/07/14 10:13:57 205] tts        536  TTS_MSG_GETAUDIO  0  
[2017/07/14 10:13:57 205] tts        429  get audio|use local  
[2017/07/14 10:13:57 205] tts        442  local audiolen:  160  ,ced:  143  
[2017/07/14 10:13:57 205] tts        471  0  udata(b8046bd8) 1  
[2017/07/14 10:13:57 205] tts        536  TTS_MSG_GETAUDIO  0  
[2017/07/14 10:13:57 205] tts        429  get audio|use local  
[2017/07/14 10:13:57 205] tts        442  local audiolen:  300  ,ced:  176  
[2017/07/14 10:13:57 205] tts        471  0  udata(b8047508) 1  
[2017/07/14 10:13:57 205] tts        536  TTS_MSG_GETAUDIO  0  
[2017/07/14 10:13:57 205] tts        429  get audio|use local  
[2017/07/14 10:13:57 205] tts        442  local audiolen:  634  ,ced:  176  
[2017/07/14 10:13:57 205] tts        471  0  udata(b80477e8) 1  
[2017/07/14 10:13:57 206] tts        536  TTS_MSG_GETAUDIO  0  
[2017/07/14 10:13:57 206] tts        429  get audio|use local  
[2017/07/14 10:13:57 206] tts        442  local audiolen:  8528  ,ced:  176  
[2017/07/14 10:13:57 206] tts        471  0  udata(b80468e8) 1  
[2017/07/14 10:13:57 206] tts        536  TTS_MSG_GETAUDIO  0  
[2017/07/14 10:13:57 206] tts        429  get audio|use local  
[2017/07/14 10:13:57 206] tts        442  local audiolen:  7092  ,ced:  176  
[2017/07/14 10:13:57 206] tts        471  0  udata(b8046b28) 1  
[2017/07/14 10:13:57 206] tts        536  TTS_MSG_GETAUDIO  0  
[2017/07/14 10:13:57 206] tts        429  get audio|use local  
[2017/07/14 10:13:57 206] tts        442  local audiolen:  6376  ,ced:  176  
[2017/07/14 10:13:57 206] tts        471  0  udata(b8046b78) 1  
[2017/07/14 10:13:57 206] tts        536  TTS_MSG_GETAUDIO  0  
[2017/07/14 10:13:57 206] tts        429  get audio|use local  
[2017/07/14 10:13:57 206] tts        442  local audiolen:  7488  ,ced:  176  
[2017/07/14 10:13:57 206] tts        471  0  udata(b8046c28) 1  
[2017/07/14 10:13:57 206] tts        536  TTS_MSG_GETAUDIO  0  
[2017/07/14 10:13:57 206] tts        429  get audio|use local  
[2017/07/14 10:13:57 207] tts        442  local audiolen:  8846  ,ced:  176  
[2017/07/14 10:13:57 207] tts        471  0  udata(b8046c78) 1  
[2017/07/14 10:13:57 207] tts        536  TTS_MSG_GETAUDIO  0  
[2017/07/14 10:13:57 207] tts        429  get audio|use local  
[2017/07/14 10:13:57 207] tts        442  local audiolen:  7224  ,ced:  176  
[2017/07/14 10:13:57 207] tts        471  0  udata(b8046cc8) 1  
[2017/07/14 10:13:57 207] tts        536  TTS_MSG_GETAUDIO  0  
[2017/07/14 10:13:57 207] tts        429  get audio|use local  
[2017/07/14 10:13:57 207] tts        442  local audiolen:  13396  ,ced:  176  
[2017/07/14 10:13:57 207] tts        471  0  udata(b80473c8) 1  
[2017/07/14 10:13:57 207] tts        536  TTS_MSG_GETAUDIO  0  
[2017/07/14 10:13:57 207] tts        429  get audio|use local  
[2017/07/14 10:13:57 207] tts        442  local audiolen:  7156  ,ced:  176  
[2017/07/14 10:13:57 207] tts        471  0  udata(b8047418) 1  
[2017/07/14 10:13:57 207] tts        536  TTS_MSG_GETAUDIO  0  
[2017/07/14 10:13:57 207] tts        429  get audio|use local  
[2017/07/14 10:13:57 207] tts        442  local audiolen:  5896  ,ced:  176  
[2017/07/14 10:13:57 207] tts        471  0  udata(b8047468) 1  
[2017/07/14 10:13:57 208] tts        536  TTS_MSG_GETAUDIO  0  
[2017/07/14 10:13:57 208] tts        429  get audio|use local  
[2017/07/14 10:13:57 208] tts        442  local audiolen:  512  ,ced:  176  
[2017/07/14 10:13:57 208] tts        471  0  udata(b80474b8) 1  
[2017/07/14 10:13:57 208] tts        536  TTS_MSG_GETAUDIO  0  
[2017/07/14 10:13:57 208] tts        429  get audio|use local  
[2017/07/14 10:13:57 208] tts        442  local audiolen:  512  ,ced:  176  
[2017/07/14 10:13:57 208] tts        471  0  udata(b8047838) 1  
[2017/07/14 10:13:57 208] tts        536  TTS_MSG_GETAUDIO  0  
[2017/07/14 10:13:57 208] tts        429  get audio|use local  
[2017/07/14 10:13:57 208] tts        442  local audiolen:  512  ,ced:  176  
[2017/07/14 10:13:57 208] tts        471  0  udata(b8047888) 1  
[2017/07/14 10:13:57 208] tts        536  TTS_MSG_GETAUDIO  0  
[2017/07/14 10:13:57 208] tts        429  get audio|use local  
[2017/07/14 10:13:57 208] tts        442  local audiolen:  512  ,ced:  176  
[2017/07/14 10:13:57 208] tts        471  0  udata(b80478d8) 1  
[2017/07/14 10:13:57 209] tts        536  TTS_MSG_GETAUDIO  0  
[2017/07/14 10:13:57 209] tts        429  get audio|use local  
[2017/07/14 10:13:57 209] tts        442  local audiolen:  512  ,ced:  176  
[2017/07/14 10:13:57 209] tts        471  0  udata(b8047928) 1  
[2017/07/14 10:13:57 209] tts        536  TTS_MSG_GETAUDIO  0  
[2017/07/14 10:13:57 209] tts        429  get audio|use local  
[2017/07/14 10:13:57 209] tts        442  local audiolen:  512  ,ced:  176  
[2017/07/14 10:13:57 209] tts        471  0  udata(b8047978) 1  
[2017/07/14 10:13:57 209] tts        536  TTS_MSG_GETAUDIO  0  
[2017/07/14 10:13:57 209] tts        429  get audio|use local  
[2017/07/14 10:13:57 209] tts        442  local audiolen:  512  ,ced:  176  
[2017/07/14 10:13:57 209] tts        471  0  udata(b80479c8) 1  
[2017/07/14 10:13:57 209] tts        536  TTS_MSG_GETAUDIO  0  
[2017/07/14 10:13:57 209] tts        429  get audio|use local  
[2017/07/14 10:13:57 209] tts        442  local audiolen:  512  ,ced:  176  
[2017/07/14 10:13:57 209] tts        471  0  udata(b8047a18) 1  
[2017/07/14 10:13:57 209] tts        536  TTS_MSG_GETAUDIO  0  
[2017/07/14 10:13:57 209] tts        429  get audio|use local  
[2017/07/14 10:13:57 209] tts        442  local audiolen:  512  ,ced:  176  
[2017/07/14 10:13:57 209] tts        471  0  udata(b8047a68) 1  
[2017/07/14 10:13:57 210] tts        536  TTS_MSG_GETAUDIO  0  
[2017/07/14 10:13:57 210] tts        429  get audio|use local  
[2017/07/14 10:13:57 210] tts        442  local audiolen:  512  ,ced:  176  
[2017/07/14 10:13:57 210] tts        471  0  udata(b8047ab8) 1  
[2017/07/14 10:13:57 210] tts        536  TTS_MSG_GETAUDIO  0  
[2017/07/14 10:13:57 210] tts        429  get audio|use local  
[2017/07/14 10:13:57 210] tts        442  local audiolen:  512  ,ced:  176  
[2017/07/14 10:13:57 210] tts        471  0  udata(b8047b08) 1  
[2017/07/14 10:13:57 210] tts        536  TTS_MSG_GETAUDIO  0  
[2017/07/14 10:13:57 210] tts        429  get audio|use local  
[2017/07/14 10:13:57 210] tts        442  local audiolen:  512  ,ced:  176  
[2017/07/14 10:13:57 210] tts        471  0  udata(b8047b58) 1  
[2017/07/14 10:13:57 210] tts        536  TTS_MSG_GETAUDIO  0  
[2017/07/14 10:13:57 210] tts        429  get audio|use local  
[2017/07/14 10:13:57 210] tts        442  local audiolen:  512  ,ced:  176  
[2017/07/14 10:13:57 210] tts        471  0  udata(b8047ba8) 1  
[2017/07/14 10:13:57 210] tts        536  TTS_MSG_GETAUDIO  0  
[2017/07/14 10:13:57 210] tts        429  get audio|use local  
[2017/07/14 10:13:57 211] tts        442  local audiolen:  512  ,ced:  176  
[2017/07/14 10:13:57 211] tts        471  0  udata(b8047bf8) 1  
[2017/07/14 10:13:57 211] tts        536  TTS_MSG_GETAUDIO  0  
[2017/07/14 10:13:57 211] tts        429  get audio|use local  
[2017/07/14 10:13:57 211] tts        442  local audiolen:  512  ,ced:  176  
[2017/07/14 10:13:57 211] tts        471  0  udata(b8047c48) 1  
[2017/07/14 10:13:57 211] tts        536  TTS_MSG_GETAUDIO  0  
[2017/07/14 10:13:57 211] tts        429  get audio|use local  
[2017/07/14 10:13:57 211] tts        442  local audiolen:  512  ,ced:  176  
[2017/07/14 10:13:57 211] tts        471  0  udata(b8047c98) 1  
[2017/07/14 10:13:57 211] tts        536  TTS_MSG_GETAUDIO  0  
[2017/07/14 10:13:57 211] tts        429  get audio|use local  
[2017/07/14 10:13:57 211] tts        442  local audiolen:  512  ,ced:  176  
[2017/07/14 10:13:57 211] tts        471  0  udata(b8047ce8) 1  
[2017/07/14 10:13:57 211] tts        536  TTS_MSG_GETAUDIO  0  
[2017/07/14 10:13:57 211] tts        429  get audio|use local  
[2017/07/14 10:13:57 211] tts        442  local audiolen:  512  ,ced:  176  
[2017/07/14 10:13:57 211] tts        471  0  udata(b8047d38) 1  
[2017/07/14 10:13:57 212] tts        536  TTS_MSG_GETAUDIO  0  
[2017/07/14 10:13:57 212] tts        429  get audio|use local  
[2017/07/14 10:13:57 212] tts        442  local audiolen:  160  ,ced:  176  
[2017/07/14 10:13:57 212] tts        471  0  udata(b8047668) 1  
[2017/07/14 10:13:57 212] tts        536  TTS_MSG_GETAUDIO  0  
[2017/07/14 10:13:57 212] tts        429  get audio|use local  
[2017/07/14 10:13:57 212] tts        442  local audiolen:  272  ,ced:  200  
[2017/07/14 10:13:57 212] tts        471  0  udata(b80475b8) 1  
[2017/07/14 10:13:57 212] tts        536  TTS_MSG_GETAUDIO  0  
[2017/07/14 10:13:57 212] tts        429  get audio|use local  
[2017/07/14 10:13:57 212] tts        442  local audiolen:  11504  ,ced:  200  
[2017/07/14 10:13:57 212] tts        471  0  udata(b8047608) 1  
[2017/07/14 10:13:57 212] tts        536  TTS_MSG_GETAUDIO  0  
[2017/07/14 10:13:57 212] tts        429  get audio|use local  
[2017/07/14 10:13:57 212] tts        442  local audiolen:  7070  ,ced:  200  
[2017/07/14 10:13:57 212] tts        471  0  udata(b8047558) 1  
[2017/07/14 10:13:57 213] tts        536  TTS_MSG_GETAUDIO  0  
[2017/07/14 10:13:57 213] tts        429  get audio|use local  
[2017/07/14 10:13:57 213] tts        442  local audiolen:  6802  ,ced:  200  
[2017/07/14 10:13:57 213] tts        471  0  udata(b80476b8) 1  
[2017/07/14 10:13:57 213] tts        536  TTS_MSG_GETAUDIO  0  
[2017/07/14 10:13:57 213] tts        429  get audio|use local  
[2017/07/14 10:13:57 213] tts        442  local audiolen:  7136  ,ced:  200  
[2017/07/14 10:13:57 213] tts        471  0  udata(b8047708) 1  
[2017/07/14 10:13:57 213] tts        536  TTS_MSG_GETAUDIO  0  
[2017/07/14 10:13:57 213] tts        429  get audio|use local  
[2017/07/14 10:13:57 213] tts        442  local audiolen:  3944  ,ced:  200  
[2017/07/14 10:13:57 213] tts        471  0  udata(b8047758) 1  
[2017/07/14 10:13:57 213] tts        536  TTS_MSG_GETAUDIO  0  
[2017/07/14 10:13:57 213] tts        429  get audio|use local  
[2017/07/14 10:13:57 213] tts        442  local audiolen:  10648  ,ced:  200  
[2017/07/14 10:13:57 213] tts        471  0  udata(b804a738) 1  
[2017/07/14 10:13:57 214] tts        536  TTS_MSG_GETAUDIO  0  
[2017/07/14 10:13:57 214] tts        429  get audio|use local  
[2017/07/14 10:13:57 214] tts        442  local audiolen:  4700  ,ced:  200  
[2017/07/14 10:13:57 214] tts        471  0  udata(b8048ff8) 1  
[2017/07/14 10:13:57 214] tts        536  TTS_MSG_GETAUDIO  0  
[2017/07/14 10:13:57 214] tts        429  get audio|use local  
[2017/07/14 10:13:57 214] tts        442  local audiolen:  7102  ,ced:  200  
[2017/07/14 10:13:57 214] tts        471  0  udata(b8047d88) 2  
[2017/07/14 10:13:57 214] tts        539  TTS_MSG_SSE  
[2017/07/14 10:13:57 215] tts        493  sse|use local  
[2017/07/14 10:13:57 215] tts        509  tts exit  
