============================================================
Time  2017/07/13 23:58:19 643 
============================================================
[2017/07/13 23:58:19 644] tts        555  SYS_MSG_REGCB param0 =  msp_status_cb  param1 =  func(980182e0) 
[2017/07/13 23:58:19 645] config     42   use general cloud  
[2017/07/13 23:58:19 647] tts_cloud  1414 SYS_MSG_REGCB_CLOUD param0 =   msp_status_cb  param1 =  func(980182e0) 
[2017/07/13 23:58:19 647] tts        527  TTS_MSG_SSB  
[2017/07/13 23:58:19 647] tts        338  params =  engine_type = local, text_encoding = UTF8,voice_name=xiaofeng,tts_res_path = fo|res/tts/xiaofeng.jet;fo|res/tts/common.jet, sample_rate = 16000, speed = 50, volume = 50, pitch = 50, rdn = 2  
[2017/07/13 23:58:19 647] tts        369  ssb|use local  
[2017/07/13 23:58:19 647] tts        313  local_session_begin  
[2017/07/13 23:58:19 649] tts        533  TTS_MSG_SYN  0  
[2017/07/13 23:58:19 649] tts        404  synth|use local  
[2017/07/13 23:58:19 649] tts        536  TTS_MSG_GETAUDIO  0  
[2017/07/13 23:58:19 649] tts        429  get audio|use local  
[2017/07/13 23:58:19 649] tts        471  0  nil  1  
[2017/07/13 23:58:19 649] tts        536  TTS_MSG_GETAUDIO  0  
[2017/07/13 23:58:19 649] tts        429  get audio|use local  
[2017/07/13 23:58:19 649] tts        471  0  nil  1  
[2017/07/13 23:58:19 649] tts        536  TTS_MSG_GETAUDIO  0  
[2017/07/13 23:58:19 649] tts        429  get audio|use local  
[2017/07/13 23:58:19 649] tts        471  0  nil  1  
[2017/07/13 23:58:19 649] tts        536  TTS_MSG_GETAUDIO  0  
[2017/07/13 23:58:19 649] tts        429  get audio|use local  
[2017/07/13 23:58:19 650] tts        471  0  nil  1  
[2017/07/13 23:58:19 650] tts        536  TTS_MSG_GETAUDIO  0  
[2017/07/13 23:58:19 650] tts        429  get audio|use local  
[2017/07/13 23:58:19 650] tts        471  0  nil  1  
[2017/07/13 23:58:19 650] tts        536  TTS_MSG_GETAUDIO  0  
[2017/07/13 23:58:19 650] tts        429  get audio|use local  
[2017/07/13 23:58:19 650] tts        471  0  nil  1  
[2017/07/13 23:58:19 650] tts        536  TTS_MSG_GETAUDIO  0  
[2017/07/13 23:58:19 650] tts        429  get audio|use local  
[2017/07/13 23:58:19 650] tts        471  0  nil  1  
[2017/07/13 23:58:19 650] tts        536  TTS_MSG_GETAUDIO  0  
[2017/07/13 23:58:19 650] tts        429  get audio|use local  
[2017/07/13 23:58:19 650] tts        471  0  nil  1  
[2017/07/13 23:58:19 650] tts        536  TTS_MSG_GETAUDIO  0  
[2017/07/13 23:58:19 650] tts        429  get audio|use local  
[2017/07/13 23:58:19 650] tts        471  0  nil  1  
[2017/07/13 23:58:19 650] tts        536  TTS_MSG_GETAUDIO  0  
[2017/07/13 23:58:19 650] tts        429  get audio|use local  
[2017/07/13 23:58:19 650] tts        471  0  nil  1  
[2017/07/13 23:58:19 650] tts        536  TTS_MSG_GETAUDIO  0  
[2017/07/13 23:58:19 651] tts        429  get audio|use local  
[2017/07/13 23:58:19 651] tts        471  0  nil  1  
[2017/07/13 23:58:19 651] tts        536  TTS_MSG_GETAUDIO  0  
[2017/07/13 23:58:19 651] tts        429  get audio|use local  
[2017/07/13 23:58:19 651] tts        471  0  nil  1  
[2017/07/13 23:58:19 651] tts        536  TTS_MSG_GETAUDIO  0  
[2017/07/13 23:58:19 651] tts        429  get audio|use local  
[2017/07/13 23:58:19 652] tts        471  0  nil  1  
[2017/07/13 23:58:19 652] tts        536  TTS_MSG_GETAUDIO  0  
[2017/07/13 23:58:19 652] tts        429  get audio|use local  
[2017/07/13 23:58:19 652] tts        471  0  nil  1  
[2017/07/13 23:58:19 652] tts        536  TTS_MSG_GETAUDIO  0  
[2017/07/13 23:58:19 652] tts        429  get audio|use local  
[2017/07/13 23:58:19 652] tts        471  0  nil  1  
[2017/07/13 23:58:19 653] tts        536  TTS_MSG_GETAUDIO  0  
[2017/07/13 23:58:19 653] tts        429  get audio|use local  
[2017/07/13 23:58:19 653] tts        471  0  nil  1  
[2017/07/13 23:58:19 653] tts        536  TTS_MSG_GETAUDIO  0  
[2017/07/13 23:58:19 654] tts        429  get audio|use local  
[2017/07/13 23:58:19 654] tts        471  0  nil  1  
[2017/07/13 23:58:19 654] tts        536  TTS_MSG_GETAUDIO  0  
[2017/07/13 23:58:19 654] tts        429  get audio|use local  
[2017/07/13 23:58:19 654] tts        471  0  nil  1  
[2017/07/13 23:58:19 654] tts        536  TTS_MSG_GETAUDIO  0  
[2017/07/13 23:58:19 655] tts        429  get audio|use local  
[2017/07/13 23:58:19 655] tts        471  0  nil  1  
[2017/07/13 23:58:19 655] tts        536  TTS_MSG_GETAUDIO  0  
[2017/07/13 23:58:19 655] tts        429  get audio|use local  
[2017/07/13 23:58:19 655] tts        471  0  nil  1  
[2017/07/13 23:58:19 656] tts        536  TTS_MSG_GETAUDIO  0  
[2017/07/13 23:58:19 656] tts        429  get audio|use local  
[2017/07/13 23:58:19 656] tts        471  0  nil  1  
[2017/07/13 23:58:19 656] tts        536  TTS_MSG_GETAUDIO  0  
[2017/07/13 23:58:19 656] tts        429  get audio|use local  
[2017/07/13 23:58:19 656] tts        471  0  nil  1  
[2017/07/13 23:58:19 656] tts        536  TTS_MSG_GETAUDIO  0  
[2017/07/13 23:58:19 656] tts        429  get audio|use local  
[2017/07/13 23:58:19 656] tts        471  0  nil  1  
[2017/07/13 23:58:19 656] tts        536  TTS_MSG_GETAUDIO  0  
[2017/07/13 23:58:19 656] tts        429  get audio|use local  
[2017/07/13 23:58:19 656] tts        471  0  nil  1  
[2017/07/13 23:58:19 656] tts        536  TTS_MSG_GETAUDIO  0  
[2017/07/13 23:58:19 656] tts        429  get audio|use local  
[2017/07/13 23:58:19 656] tts        471  0  nil  1  
[2017/07/13 23:58:19 656] tts        536  TTS_MSG_GETAUDIO  0  
[2017/07/13 23:58:19 656] tts        429  get audio|use local  
[2017/07/13 23:58:19 656] tts        471  0  nil  1  
[2017/07/13 23:58:19 657] tts        536  TTS_MSG_GETAUDIO  0  
[2017/07/13 23:58:19 657] tts        429  get audio|use local  
[2017/07/13 23:58:19 657] tts        471  0  nil  1  
[2017/07/13 23:58:19 657] tts        536  TTS_MSG_GETAUDIO  0  
[2017/07/13 23:58:19 657] tts        429  get audio|use local  
[2017/07/13 23:58:19 657] tts        471  0  nil  1  
[2017/07/13 23:58:19 657] tts        536  TTS_MSG_GETAUDIO  0  
[2017/07/13 23:58:19 657] tts        429  get audio|use local  
[2017/07/13 23:58:19 657] tts        471  0  nil  1  
[2017/07/13 23:58:19 657] tts        536  TTS_MSG_GETAUDIO  0  
[2017/07/13 23:58:19 657] tts        429  get audio|use local  
[2017/07/13 23:58:19 657] tts        471  0  nil  1  
[2017/07/13 23:58:19 657] tts        536  TTS_MSG_GETAUDIO  0  
[2017/07/13 23:58:19 657] tts        429  get audio|use local  
[2017/07/13 23:58:19 657] tts        471  0  nil  1  
[2017/07/13 23:58:19 658] tts        536  TTS_MSG_GETAUDIO  0  
[2017/07/13 23:58:19 658] tts        429  get audio|use local  
[2017/07/13 23:58:19 658] tts        471  0  nil  1  
[2017/07/13 23:58:19 658] tts        536  TTS_MSG_GETAUDIO  0  
[2017/07/13 23:58:19 658] tts        429  get audio|use local  
[2017/07/13 23:58:19 658] tts        471  0  nil  1  
[2017/07/13 23:58:19 658] tts        536  TTS_MSG_GETAUDIO  0  
[2017/07/13 23:58:19 658] tts        429  get audio|use local  
[2017/07/13 23:58:19 658] tts        471  0  nil  1  
[2017/07/13 23:58:19 658] tts        536  TTS_MSG_GETAUDIO  0  
[2017/07/13 23:58:19 658] tts        429  get audio|use local  
[2017/07/13 23:58:19 658] tts        471  0  nil  1  
[2017/07/13 23:58:19 658] tts        536  TTS_MSG_GETAUDIO  0  
[2017/07/13 23:58:19 658] tts        429  get audio|use local  
[2017/07/13 23:58:19 658] tts        471  0  nil  1  
[2017/07/13 23:58:19 658] tts        536  TTS_MSG_GETAUDIO  0  
[2017/07/13 23:58:19 658] tts        429  get audio|use local  
[2017/07/13 23:58:19 658] tts        471  0  nil  1  
[2017/07/13 23:58:19 658] tts        536  TTS_MSG_GETAUDIO  0  
[2017/07/13 23:58:19 658] tts        429  get audio|use local  
[2017/07/13 23:58:19 658] tts        471  0  nil  1  
[2017/07/13 23:58:19 658] tts        536  TTS_MSG_GETAUDIO  0  
[2017/07/13 23:58:19 658] tts        429  get audio|use local  
[2017/07/13 23:58:19 658] tts        471  0  nil  1  
[2017/07/13 23:58:19 659] tts        536  TTS_MSG_GETAUDIO  0  
[2017/07/13 23:58:19 659] tts        429  get audio|use local  
[2017/07/13 23:58:19 659] tts        471  0  nil  1  
[2017/07/13 23:58:19 659] tts        536  TTS_MSG_GETAUDIO  0  
[2017/07/13 23:58:19 659] tts        429  get audio|use local  
[2017/07/13 23:58:19 659] tts        471  0  nil  1  
[2017/07/13 23:58:19 659] tts        536  TTS_MSG_GETAUDIO  0  
[2017/07/13 23:58:19 659] tts        429  get audio|use local  
[2017/07/13 23:58:19 659] tts        471  0  nil  1  
[2017/07/13 23:58:19 659] tts        536  TTS_MSG_GETAUDIO  0  
[2017/07/13 23:58:19 659] tts        429  get audio|use local  
[2017/07/13 23:58:19 659] tts        471  0  nil  1  
[2017/07/13 23:58:19 659] tts        536  TTS_MSG_GETAUDIO  0  
[2017/07/13 23:58:19 659] tts        429  get audio|use local  
[2017/07/13 23:58:19 659] tts        471  0  nil  1  
[2017/07/13 23:58:19 659] tts        536  TTS_MSG_GETAUDIO  0  
[2017/07/13 23:58:19 660] tts        429  get audio|use local  
[2017/07/13 23:58:19 660] tts        471  0  nil  1  
[2017/07/13 23:58:19 660] tts        536  TTS_MSG_GETAUDIO  0  
[2017/07/13 23:58:19 660] tts        429  get audio|use local  
[2017/07/13 23:58:19 660] tts        471  0  nil  1  
[2017/07/13 23:58:19 660] tts        536  TTS_MSG_GETAUDIO  0  
[2017/07/13 23:58:19 660] tts        429  get audio|use local  
[2017/07/13 23:58:19 660] tts        471  0  nil  1  
[2017/07/13 23:58:19 660] tts        536  TTS_MSG_GETAUDIO  0  
[2017/07/13 23:58:19 660] tts        429  get audio|use local  
[2017/07/13 23:58:19 660] tts        471  0  nil  1  
[2017/07/13 23:58:19 660] tts        536  TTS_MSG_GETAUDIO  0  
[2017/07/13 23:58:19 660] tts        429  get audio|use local  
[2017/07/13 23:58:19 660] tts        471  0  nil  1  
[2017/07/13 23:58:19 660] tts        536  TTS_MSG_GETAUDIO  0  
[2017/07/13 23:58:19 660] tts        429  get audio|use local  
[2017/07/13 23:58:19 660] tts        471  0  nil  1  
[2017/07/13 23:58:19 660] tts        536  TTS_MSG_GETAUDIO  0  
[2017/07/13 23:58:19 660] tts        429  get audio|use local  
[2017/07/13 23:58:19 660] tts        471  0  nil  1  
[2017/07/13 23:58:19 661] tts        536  TTS_MSG_GETAUDIO  0  
[2017/07/13 23:58:19 661] tts        429  get audio|use local  
[2017/07/13 23:58:19 661] tts        471  0  nil  1  
[2017/07/13 23:58:19 661] tts        536  TTS_MSG_GETAUDIO  0  
[2017/07/13 23:58:19 661] tts        429  get audio|use local  
[2017/07/13 23:58:19 661] tts        471  0  nil  1  
[2017/07/13 23:58:19 661] tts        536  TTS_MSG_GETAUDIO  0  
[2017/07/13 23:58:19 661] tts        429  get audio|use local  
[2017/07/13 23:58:19 661] tts        471  0  nil  1  
[2017/07/13 23:58:19 661] tts        536  TTS_MSG_GETAUDIO  0  
[2017/07/13 23:58:19 661] tts        429  get audio|use local  
[2017/07/13 23:58:19 661] tts        471  0  nil  1  
[2017/07/13 23:58:19 661] tts        536  TTS_MSG_GETAUDIO  0  
[2017/07/13 23:58:19 661] tts        429  get audio|use local  
[2017/07/13 23:58:19 661] tts        471  0  nil  1  
[2017/07/13 23:58:19 661] tts        536  TTS_MSG_GETAUDIO  0  
[2017/07/13 23:58:19 661] tts        429  get audio|use local  
[2017/07/13 23:58:19 661] tts        471  0  nil  1  
[2017/07/13 23:58:19 661] tts        536  TTS_MSG_GETAUDIO  0  
[2017/07/13 23:58:19 661] tts        429  get audio|use local  
[2017/07/13 23:58:19 661] tts        471  0  nil  1  
[2017/07/13 23:58:19 661] tts        536  TTS_MSG_GETAUDIO  0  
[2017/07/13 23:58:19 661] tts        429  get audio|use local  
[2017/07/13 23:58:19 661] tts        471  0  nil  1  
[2017/07/13 23:58:19 661] tts        536  TTS_MSG_GETAUDIO  0  
[2017/07/13 23:58:19 661] tts        429  get audio|use local  
[2017/07/13 23:58:19 661] tts        471  0  nil  1  
[2017/07/13 23:58:19 661] tts        536  TTS_MSG_GETAUDIO  0  
[2017/07/13 23:58:19 662] tts        429  get audio|use local  
[2017/07/13 23:58:19 662] tts        471  0  nil  1  
[2017/07/13 23:58:19 662] tts        536  TTS_MSG_GETAUDIO  0  
[2017/07/13 23:58:19 662] tts        429  get audio|use local  
[2017/07/13 23:58:19 662] tts        471  0  nil  1  
[2017/07/13 23:58:19 662] tts        536  TTS_MSG_GETAUDIO  0  
[2017/07/13 23:58:19 662] tts        429  get audio|use local  
[2017/07/13 23:58:19 662] tts        471  0  nil  1  
[2017/07/13 23:58:19 662] tts        536  TTS_MSG_GETAUDIO  0  
[2017/07/13 23:58:19 662] tts        429  get audio|use local  
[2017/07/13 23:58:19 662] tts        471  0  nil  1  
[2017/07/13 23:58:19 662] tts        536  TTS_MSG_GETAUDIO  0  
[2017/07/13 23:58:19 662] tts        429  get audio|use local  
[2017/07/13 23:58:19 662] tts        471  0  nil  1  
[2017/07/13 23:58:19 663] tts        536  TTS_MSG_GETAUDIO  0  
[2017/07/13 23:58:19 663] tts        429  get audio|use local  
[2017/07/13 23:58:19 663] tts        471  0  nil  1  
[2017/07/13 23:58:19 663] tts        536  TTS_MSG_GETAUDIO  0  
[2017/07/13 23:58:19 663] tts        429  get audio|use local  
[2017/07/13 23:58:19 663] tts        471  0  nil  1  
[2017/07/13 23:58:19 664] tts        536  TTS_MSG_GETAUDIO  0  
[2017/07/13 23:58:19 664] tts        429  get audio|use local  
[2017/07/13 23:58:19 664] tts        471  0  nil  1  
[2017/07/13 23:58:19 664] tts        536  TTS_MSG_GETAUDIO  0  
[2017/07/13 23:58:19 664] tts        429  get audio|use local  
[2017/07/13 23:58:19 664] tts        471  0  nil  1  
[2017/07/13 23:58:19 664] tts        536  TTS_MSG_GETAUDIO  0  
[2017/07/13 23:58:19 664] tts        429  get audio|use local  
[2017/07/13 23:58:19 664] tts        471  0  nil  1  
[2017/07/13 23:58:19 664] tts        536  TTS_MSG_GETAUDIO  0  
[2017/07/13 23:58:19 664] tts        429  get audio|use local  
[2017/07/13 23:58:19 664] tts        471  0  nil  1  
[2017/07/13 23:58:19 665] tts        536  TTS_MSG_GETAUDIO  0  
[2017/07/13 23:58:19 665] tts        429  get audio|use local  
[2017/07/13 23:58:19 665] tts        471  0  nil  1  
[2017/07/13 23:58:19 665] tts        536  TTS_MSG_GETAUDIO  0  
[2017/07/13 23:58:19 665] tts        429  get audio|use local  
[2017/07/13 23:58:19 665] tts        471  0  nil  1  
[2017/07/13 23:58:19 665] tts        536  TTS_MSG_GETAUDIO  0  
[2017/07/13 23:58:19 665] tts        429  get audio|use local  
[2017/07/13 23:58:19 665] tts        471  0  nil  1  
[2017/07/13 23:58:19 665] tts        536  TTS_MSG_GETAUDIO  0  
[2017/07/13 23:58:19 666] tts        429  get audio|use local  
[2017/07/13 23:58:19 666] tts        471  0  nil  1  
[2017/07/13 23:58:19 667] tts        536  TTS_MSG_GETAUDIO  0  
[2017/07/13 23:58:19 667] tts        429  get audio|use local  
[2017/07/13 23:58:19 667] tts        471  0  nil  1  
[2017/07/13 23:58:19 667] tts        536  TTS_MSG_GETAUDIO  0  
[2017/07/13 23:58:19 668] tts        429  get audio|use local  
[2017/07/13 23:58:19 668] tts        471  0  nil  1  
[2017/07/13 23:58:19 668] tts        536  TTS_MSG_GETAUDIO  0  
[2017/07/13 23:58:19 668] tts        429  get audio|use local  
[2017/07/13 23:58:19 668] tts        471  0  nil  1  
[2017/07/13 23:58:19 668] tts        536  TTS_MSG_GETAUDIO  0  
[2017/07/13 23:58:19 669] tts        429  get audio|use local  
[2017/07/13 23:58:19 669] tts        471  0  nil  1  
[2017/07/13 23:58:19 669] tts        536  TTS_MSG_GETAUDIO  0  
[2017/07/13 23:58:19 669] tts        429  get audio|use local  
[2017/07/13 23:58:19 669] tts        471  0  nil  1  
[2017/07/13 23:58:19 669] tts        536  TTS_MSG_GETAUDIO  0  
[2017/07/13 23:58:19 669] tts        429  get audio|use local  
[2017/07/13 23:58:19 669] tts        471  0  nil  1  
[2017/07/13 23:58:19 669] tts        536  TTS_MSG_GETAUDIO  0  
[2017/07/13 23:58:19 669] tts        429  get audio|use local  
[2017/07/13 23:58:19 669] tts        471  0  nil  1  
[2017/07/13 23:58:19 669] tts        536  TTS_MSG_GETAUDIO  0  
[2017/07/13 23:58:19 669] tts        429  get audio|use local  
[2017/07/13 23:58:19 669] tts        471  0  nil  1  
[2017/07/13 23:58:19 670] tts        536  TTS_MSG_GETAUDIO  0  
[2017/07/13 23:58:19 670] tts        429  get audio|use local  
[2017/07/13 23:58:19 670] tts        471  0  nil  1  
[2017/07/13 23:58:19 670] tts        290  TTS_LOCAL_CB_BEGIN  
[2017/07/13 23:58:19 671] tts        536  TTS_MSG_GETAUDIO  0  
[2017/07/13 23:58:19 671] tts        429  get audio|use local  
[2017/07/13 23:58:19 671] tts        442  local audiolen:  300  ,ced:  18  
[2017/07/13 23:58:19 671] tts        471  0  udata(9806def8) 1  
[2017/07/13 23:58:19 672] tts        536  TTS_MSG_GETAUDIO  0  
[2017/07/13 23:58:19 672] tts        429  get audio|use local  
[2017/07/13 23:58:19 672] tts        442  local audiolen:  4472  ,ced:  18  
[2017/07/13 23:58:19 672] tts        471  0  udata(9806df48) 1  
[2017/07/13 23:58:19 673] tts        536  TTS_MSG_GETAUDIO  0  
[2017/07/13 23:58:19 673] tts        429  get audio|use local  
[2017/07/13 23:58:19 673] tts        471  0  nil  1  
[2017/07/13 23:58:19 673] tts        536  TTS_MSG_GETAUDIO  0  
[2017/07/13 23:58:19 673] tts        429  get audio|use local  
[2017/07/13 23:58:19 673] tts        471  0  nil  1  
[2017/07/13 23:58:19 673] tts        536  TTS_MSG_GETAUDIO  0  
[2017/07/13 23:58:19 673] tts        429  get audio|use local  
[2017/07/13 23:58:19 673] tts        471  0  nil  1  
[2017/07/13 23:58:19 674] tts        536  TTS_MSG_GETAUDIO  0  
[2017/07/13 23:58:19 674] tts        429  get audio|use local  
[2017/07/13 23:58:19 674] tts        471  0  nil  1  
[2017/07/13 23:58:19 677] tts        536  TTS_MSG_GETAUDIO  0  
[2017/07/13 23:58:19 677] tts        429  get audio|use local  
[2017/07/13 23:58:19 677] tts        442  local audiolen:  7136  ,ced:  18  
[2017/07/13 23:58:19 677] tts        471  0  udata(9806d8a8) 1  
[2017/07/13 23:58:19 677] tts        536  TTS_MSG_GETAUDIO  0  
[2017/07/13 23:58:19 677] tts        429  get audio|use local  
[2017/07/13 23:58:19 677] tts        442  local audiolen:  4510  ,ced:  18  
[2017/07/13 23:58:19 677] tts        471  0  udata(98078fe8) 1  
[2017/07/13 23:58:19 678] tts        536  TTS_MSG_GETAUDIO  0  
[2017/07/13 23:58:19 678] tts        429  get audio|use local  
[2017/07/13 23:58:19 678] tts        471  0  nil  1  
[2017/07/13 23:58:19 678] tts        536  TTS_MSG_GETAUDIO  0  
[2017/07/13 23:58:19 678] tts        429  get audio|use local  
[2017/07/13 23:58:19 678] tts        471  0  nil  1  
[2017/07/13 23:58:19 678] tts        536  TTS_MSG_GETAUDIO  0  
[2017/07/13 23:58:19 678] tts        429  get audio|use local  
[2017/07/13 23:58:19 678] tts        471  0  nil  1  
[2017/07/13 23:58:19 680] tts        536  TTS_MSG_GETAUDIO  0  
[2017/07/13 23:58:19 680] tts        429  get audio|use local  
[2017/07/13 23:58:19 680] tts        471  0  nil  1  
[2017/07/13 23:58:19 681] tts        536  TTS_MSG_GETAUDIO  0  
[2017/07/13 23:58:19 681] tts        429  get audio|use local  
[2017/07/13 23:58:19 681] tts        471  0  nil  1  
[2017/07/13 23:58:19 681] tts        536  TTS_MSG_GETAUDIO  0  
[2017/07/13 23:58:19 681] tts        429  get audio|use local  
[2017/07/13 23:58:19 681] tts        471  0  nil  1  
[2017/07/13 23:58:19 685] tts        536  TTS_MSG_GETAUDIO  0  
[2017/07/13 23:58:19 686] tts        429  get audio|use local  
[2017/07/13 23:58:19 686] tts        442  local audiolen:  12914  ,ced:  18  
[2017/07/13 23:58:19 687] tts        471  0  udata(9806e248) 1  
[2017/07/13 23:58:19 691] tts        536  TTS_MSG_GETAUDIO  0  
[2017/07/13 23:58:19 691] tts        429  get audio|use local  
[2017/07/13 23:58:19 691] tts        442  local audiolen:  6038  ,ced:  18  
[2017/07/13 23:58:19 691] tts        471  0  udata(98084368) 1  
[2017/07/13 23:58:19 692] tts        536  TTS_MSG_GETAUDIO  0  
[2017/07/13 23:58:19 692] tts        429  get audio|use local  
[2017/07/13 23:58:19 692] tts        442  local audiolen:  512  ,ced:  18  
[2017/07/13 23:58:19 692] tts        471  0  udata(98084628) 1  
[2017/07/13 23:58:19 692] tts        536  TTS_MSG_GETAUDIO  0  
[2017/07/13 23:58:19 692] tts        429  get audio|use local  
[2017/07/13 23:58:19 692] tts        442  local audiolen:  512  ,ced:  18  
[2017/07/13 23:58:19 692] tts        471  0  udata(98084678) 1  
[2017/07/13 23:58:19 694] tts        536  TTS_MSG_GETAUDIO  0  
[2017/07/13 23:58:19 696] tts        429  get audio|use local  
[2017/07/13 23:58:19 696] tts        442  local audiolen:  512  ,ced:  18  
[2017/07/13 23:58:19 696] tts        471  0  udata(980846c8) 1  
[2017/07/13 23:58:19 700] tts        536  TTS_MSG_GETAUDIO  0  
[2017/07/13 23:58:19 700] tts        429  get audio|use local  
[2017/07/13 23:58:19 700] tts        442  local audiolen:  512  ,ced:  18  
[2017/07/13 23:58:19 700] tts        471  0  udata(98020618) 1  
[2017/07/13 23:58:19 701] tts        536  TTS_MSG_GETAUDIO  0  
[2017/07/13 23:58:19 701] tts        429  get audio|use local  
[2017/07/13 23:58:19 701] tts        442  local audiolen:  512  ,ced:  18  
[2017/07/13 23:58:19 701] tts        471  0  udata(980206c8) 1  
[2017/07/13 23:58:19 701] tts        536  TTS_MSG_GETAUDIO  0  
[2017/07/13 23:58:19 701] tts        429  get audio|use local  
[2017/07/13 23:58:19 701] tts        442  local audiolen:  512  ,ced:  18  
[2017/07/13 23:58:19 701] tts        471  0  udata(98020718) 1  
[2017/07/13 23:58:19 701] tts        536  TTS_MSG_GETAUDIO  0  
[2017/07/13 23:58:19 701] tts        429  get audio|use local  
[2017/07/13 23:58:19 701] tts        442  local audiolen:  512  ,ced:  18  
[2017/07/13 23:58:19 701] tts        471  0  udata(98020768) 1  
[2017/07/13 23:58:19 701] tts        536  TTS_MSG_GETAUDIO  0  
[2017/07/13 23:58:19 701] tts        429  get audio|use local  
[2017/07/13 23:58:19 701] tts        442  local audiolen:  512  ,ced:  18  
[2017/07/13 23:58:19 701] tts        471  0  udata(980207b8) 1  
[2017/07/13 23:58:19 702] tts        536  TTS_MSG_GETAUDIO  0  
[2017/07/13 23:58:19 702] tts        429  get audio|use local  
[2017/07/13 23:58:19 702] tts        442  local audiolen:  512  ,ced:  18  
[2017/07/13 23:58:19 702] tts        471  0  udata(98020808) 1  
[2017/07/13 23:58:19 702] tts        536  TTS_MSG_GETAUDIO  0  
[2017/07/13 23:58:19 702] tts        429  get audio|use local  
[2017/07/13 23:58:19 702] tts        442  local audiolen:  512  ,ced:  18  
[2017/07/13 23:58:19 702] tts        471  0  udata(98020858) 1  
[2017/07/13 23:58:19 702] tts        536  TTS_MSG_GETAUDIO  0  
[2017/07/13 23:58:19 702] tts        429  get audio|use local  
[2017/07/13 23:58:19 702] tts        442  local audiolen:  512  ,ced:  18  
[2017/07/13 23:58:19 703] tts        471  0  udata(980208a8) 1  
[2017/07/13 23:58:19 703] tts        536  TTS_MSG_GETAUDIO  0  
[2017/07/13 23:58:19 703] tts        429  get audio|use local  
[2017/07/13 23:58:19 703] tts        442  local audiolen:  512  ,ced:  18  
[2017/07/13 23:58:19 703] tts        471  0  udata(980208f8) 1  
[2017/07/13 23:58:19 703] tts        536  TTS_MSG_GETAUDIO  0  
[2017/07/13 23:58:19 703] tts        429  get audio|use local  
[2017/07/13 23:58:19 703] tts        442  local audiolen:  512  ,ced:  18  
[2017/07/13 23:58:19 703] tts        471  0  udata(98020948) 1  
[2017/07/13 23:58:19 704] tts        536  TTS_MSG_GETAUDIO  0  
[2017/07/13 23:58:19 704] tts        429  get audio|use local  
[2017/07/13 23:58:19 704] tts        442  local audiolen:  512  ,ced:  18  
[2017/07/13 23:58:19 704] tts        471  0  udata(98020998) 1  
[2017/07/13 23:58:19 704] tts        536  TTS_MSG_GETAUDIO  0  
[2017/07/13 23:58:19 704] tts        429  get audio|use local  
[2017/07/13 23:58:19 704] tts        442  local audiolen:  512  ,ced:  18  
[2017/07/13 23:58:19 704] tts        471  0  udata(980209e8) 1  
[2017/07/13 23:58:19 704] tts        536  TTS_MSG_GETAUDIO  0  
[2017/07/13 23:58:19 704] tts        429  get audio|use local  
[2017/07/13 23:58:19 704] tts        442  local audiolen:  512  ,ced:  18  
[2017/07/13 23:58:19 704] tts        471  0  udata(98020a38) 1  
[2017/07/13 23:58:19 705] tts        536  TTS_MSG_GETAUDIO  0  
[2017/07/13 23:58:19 707] tts        429  get audio|use local  
[2017/07/13 23:58:19 707] tts        442  local audiolen:  512  ,ced:  18  
[2017/07/13 23:58:19 707] tts        471  0  udata(98020d28) 1  
[2017/07/13 23:58:19 707] tts        536  TTS_MSG_GETAUDIO  0  
[2017/07/13 23:58:19 707] tts        429  get audio|use local  
[2017/07/13 23:58:19 707] tts        442  local audiolen:  512  ,ced:  18  
[2017/07/13 23:58:19 708] tts        471  0  udata(98021378) 1  
[2017/07/13 23:58:19 708] tts        536  TTS_MSG_GETAUDIO  0  
[2017/07/13 23:58:19 708] tts        429  get audio|use local  
[2017/07/13 23:58:19 708] tts        442  local audiolen:  160  ,ced:  18  
[2017/07/13 23:58:19 708] tts        471  0  udata(980844c8) 1  
[2017/07/13 23:58:19 708] tts        536  TTS_MSG_GETAUDIO  0  
[2017/07/13 23:58:19 708] tts        429  get audio|use local  
[2017/07/13 23:58:19 708] tts        442  local audiolen:  244  ,ced:  27  
[2017/07/13 23:58:19 708] tts        471  0  udata(98084418) 1  
[2017/07/13 23:58:19 708] tts        536  TTS_MSG_GETAUDIO  0  
[2017/07/13 23:58:19 708] tts        429  get audio|use local  
[2017/07/13 23:58:19 708] tts        442  local audiolen:  9884  ,ced:  27  
[2017/07/13 23:58:19 708] tts        471  0  udata(98084468) 1  
[2017/07/13 23:58:19 709] tts        536  TTS_MSG_GETAUDIO  0  
[2017/07/13 23:58:19 709] tts        429  get audio|use local  
[2017/07/13 23:58:19 709] tts        442  local audiolen:  7908  ,ced:  27  
[2017/07/13 23:58:19 709] tts        471  0  udata(98084518) 1  
[2017/07/13 23:58:19 710] tts        536  TTS_MSG_GETAUDIO  0  
[2017/07/13 23:58:19 710] tts        429  get audio|use local  
[2017/07/13 23:58:19 710] tts        442  local audiolen:  512  ,ced:  27  
[2017/07/13 23:58:19 710] tts        471  0  udata(980215d8) 1  
[2017/07/13 23:58:19 711] tts        536  TTS_MSG_GETAUDIO  0  
[2017/07/13 23:58:19 711] tts        429  get audio|use local  
[2017/07/13 23:58:19 711] tts        442  local audiolen:  512  ,ced:  27  
[2017/07/13 23:58:19 711] tts        471  0  udata(980845c8) 1  
[2017/07/13 23:58:19 711] tts        536  TTS_MSG_GETAUDIO  0  
[2017/07/13 23:58:19 711] tts        429  get audio|use local  
[2017/07/13 23:58:19 711] tts        442  local audiolen:  512  ,ced:  27  
[2017/07/13 23:58:19 711] tts        471  0  udata(98021628) 1  
[2017/07/13 23:58:19 711] tts        536  TTS_MSG_GETAUDIO  0  
[2017/07/13 23:58:19 711] tts        429  get audio|use local  
[2017/07/13 23:58:19 712] tts        442  local audiolen:  512  ,ced:  27  
[2017/07/13 23:58:19 712] tts        471  0  udata(98021678) 1  
[2017/07/13 23:58:19 713] tts        536  TTS_MSG_GETAUDIO  0  
[2017/07/13 23:58:19 713] tts        429  get audio|use local  
[2017/07/13 23:58:19 713] tts        442  local audiolen:  512  ,ced:  27  
[2017/07/13 23:58:19 713] tts        471  0  udata(98084568) 1  
[2017/07/13 23:58:19 715] tts        536  TTS_MSG_GETAUDIO  0  
[2017/07/13 23:58:19 715] tts        429  get audio|use local  
[2017/07/13 23:58:19 715] tts        442  local audiolen:  512  ,ced:  27  
[2017/07/13 23:58:19 715] tts        471  0  udata(9807a538) 1  
[2017/07/13 23:58:19 715] tts        536  TTS_MSG_GETAUDIO  0  
[2017/07/13 23:58:19 715] tts        429  get audio|use local  
[2017/07/13 23:58:19 715] tts        442  local audiolen:  512  ,ced:  27  
[2017/07/13 23:58:19 715] tts        471  0  udata(9807a5e8) 1  
[2017/07/13 23:58:19 715] tts        536  TTS_MSG_GETAUDIO  0  
[2017/07/13 23:58:19 715] tts        429  get audio|use local  
[2017/07/13 23:58:19 715] tts        442  local audiolen:  512  ,ced:  27  
[2017/07/13 23:58:19 715] tts        471  0  udata(98021b28) 1  
[2017/07/13 23:58:19 716] tts        536  TTS_MSG_GETAUDIO  0  
[2017/07/13 23:58:19 716] tts        429  get audio|use local  
[2017/07/13 23:58:19 716] tts        442  local audiolen:  512  ,ced:  27  
[2017/07/13 23:58:19 716] tts        471  0  udata(98021b78) 1  
[2017/07/13 23:58:19 716] tts        536  TTS_MSG_GETAUDIO  0  
[2017/07/13 23:58:19 716] tts        429  get audio|use local  
[2017/07/13 23:58:19 716] tts        442  local audiolen:  512  ,ced:  27  
[2017/07/13 23:58:19 716] tts        471  0  udata(98021bc8) 1  
[2017/07/13 23:58:19 716] tts        536  TTS_MSG_GETAUDIO  0  
[2017/07/13 23:58:19 716] tts        429  get audio|use local  
[2017/07/13 23:58:19 716] tts        442  local audiolen:  512  ,ced:  27  
[2017/07/13 23:58:19 716] tts        471  0  udata(98021c18) 1  
[2017/07/13 23:58:19 717] tts        536  TTS_MSG_GETAUDIO  0  
[2017/07/13 23:58:19 717] tts        429  get audio|use local  
[2017/07/13 23:58:19 717] tts        442  local audiolen:  512  ,ced:  27  
[2017/07/13 23:58:19 717] tts        471  0  udata(98021c68) 1  
[2017/07/13 23:58:19 717] tts        536  TTS_MSG_GETAUDIO  0  
[2017/07/13 23:58:19 717] tts        429  get audio|use local  
[2017/07/13 23:58:19 717] tts        442  local audiolen:  512  ,ced:  27  
[2017/07/13 23:58:19 717] tts        471  0  udata(98021cb8) 1  
[2017/07/13 23:58:19 719] tts        536  TTS_MSG_GETAUDIO  0  
[2017/07/13 23:58:19 719] tts        429  get audio|use local  
[2017/07/13 23:58:19 719] tts        442  local audiolen:  512  ,ced:  27  
[2017/07/13 23:58:19 720] tts        471  0  udata(98021d08) 1  
[2017/07/13 23:58:19 720] tts        536  TTS_MSG_GETAUDIO  0  
[2017/07/13 23:58:19 720] tts        429  get audio|use local  
[2017/07/13 23:58:19 720] tts        442  local audiolen:  512  ,ced:  27  
[2017/07/13 23:58:19 720] tts        471  0  udata(98022e08) 1  
[2017/07/13 23:58:19 721] tts        536  TTS_MSG_GETAUDIO  0  
[2017/07/13 23:58:19 721] tts        429  get audio|use local  
[2017/07/13 23:58:19 721] tts        442  local audiolen:  512  ,ced:  27  
[2017/07/13 23:58:19 721] tts        471  0  udata(98022eb8) 1  
[2017/07/13 23:58:19 721] tts        536  TTS_MSG_GETAUDIO  0  
[2017/07/13 23:58:19 721] tts        429  get audio|use local  
[2017/07/13 23:58:19 721] tts        442  local audiolen:  512  ,ced:  27  
[2017/07/13 23:58:19 721] tts        471  0  udata(98022f08) 1  
[2017/07/13 23:58:19 721] tts        536  TTS_MSG_GETAUDIO  0  
[2017/07/13 23:58:19 721] tts        429  get audio|use local  
[2017/07/13 23:58:19 721] tts        442  local audiolen:  512  ,ced:  27  
[2017/07/13 23:58:19 721] tts        471  0  udata(98022f58) 1  
[2017/07/13 23:58:19 721] tts        536  TTS_MSG_GETAUDIO  0  
[2017/07/13 23:58:19 721] tts        429  get audio|use local  
[2017/07/13 23:58:19 721] tts        442  local audiolen:  160  ,ced:  27  
[2017/07/13 23:58:19 721] tts        471  0  udata(98021478) 1  
[2017/07/13 23:58:19 722] tts        536  TTS_MSG_GETAUDIO  0  
[2017/07/13 23:58:19 722] tts        429  get audio|use local  
[2017/07/13 23:58:19 722] tts        442  local audiolen:  302  ,ced:  57  
[2017/07/13 23:58:19 722] tts        471  0  udata(98023198) 1  
[2017/07/13 23:58:19 723] tts        536  TTS_MSG_GETAUDIO  0  
[2017/07/13 23:58:19 725] tts        429  get audio|use local  
[2017/07/13 23:58:19 725] tts        442  local audiolen:  972  ,ced:  57  
[2017/07/13 23:58:19 725] tts        471  0  udata(98021aa8) 1  
[2017/07/13 23:58:19 725] tts        536  TTS_MSG_GETAUDIO  0  
[2017/07/13 23:58:19 725] tts        429  get audio|use local  
[2017/07/13 23:58:19 725] tts        442  local audiolen:  7628  ,ced:  57  
[2017/07/13 23:58:19 725] tts        471  0  udata(980216c8) 1  
[2017/07/13 23:58:19 726] tts        536  TTS_MSG_GETAUDIO  0  
[2017/07/13 23:58:19 726] tts        429  get audio|use local  
[2017/07/13 23:58:19 726] tts        442  local audiolen:  4282  ,ced:  57  
[2017/07/13 23:58:19 726] tts        471  0  udata(98021718) 1  
[2017/07/13 23:58:19 726] tts        536  TTS_MSG_GETAUDIO  0  
[2017/07/13 23:58:19 726] tts        429  get audio|use local  
[2017/07/13 23:58:19 726] tts        442  local audiolen:  7110  ,ced:  57  
[2017/07/13 23:58:19 726] tts        471  0  udata(98021768) 1  
[2017/07/13 23:58:19 726] tts        536  TTS_MSG_GETAUDIO  0  
[2017/07/13 23:58:19 726] tts        429  get audio|use local  
[2017/07/13 23:58:19 727] tts        442  local audiolen:  3632  ,ced:  57  
[2017/07/13 23:58:19 727] tts        471  0  udata(980217b8) 1  
[2017/07/13 23:58:19 727] tts        536  TTS_MSG_GETAUDIO  0  
[2017/07/13 23:58:19 727] tts        429  get audio|use local  
[2017/07/13 23:58:19 727] tts        442  local audiolen:  7226  ,ced:  57  
[2017/07/13 23:58:19 727] tts        471  0  udata(98021808) 1  
[2017/07/13 23:58:19 727] tts        536  TTS_MSG_GETAUDIO  0  
[2017/07/13 23:58:19 727] tts        429  get audio|use local  
[2017/07/13 23:58:19 727] tts        442  local audiolen:  9160  ,ced:  57  
[2017/07/13 23:58:19 727] tts        471  0  udata(98021858) 1  
[2017/07/13 23:58:19 728] tts        536  TTS_MSG_GETAUDIO  0  
[2017/07/13 23:58:19 728] tts        429  get audio|use local  
[2017/07/13 23:58:19 728] tts        442  local audiolen:  6982  ,ced:  57  
[2017/07/13 23:58:19 728] tts        471  0  udata(980218a8) 1  
[2017/07/13 23:58:19 728] tts        536  TTS_MSG_GETAUDIO  0  
[2017/07/13 23:58:19 728] tts        429  get audio|use local  
[2017/07/13 23:58:19 728] tts        442  local audiolen:  8976  ,ced:  57  
[2017/07/13 23:58:19 728] tts        471  0  udata(980218f8) 1  
[2017/07/13 23:58:19 728] tts        536  TTS_MSG_GETAUDIO  0  
[2017/07/13 23:58:19 728] tts        429  get audio|use local  
[2017/07/13 23:58:19 728] tts        442  local audiolen:  7678  ,ced:  57  
[2017/07/13 23:58:19 728] tts        471  0  udata(98021948) 1  
[2017/07/13 23:58:19 732] tts        536  TTS_MSG_GETAUDIO  0  
[2017/07/13 23:58:19 732] tts        429  get audio|use local  
[2017/07/13 23:58:19 732] tts        442  local audiolen:  3576  ,ced:  57  
[2017/07/13 23:58:19 732] tts        471  0  udata(98026d28) 1  
[2017/07/13 23:58:19 733] tts        536  TTS_MSG_GETAUDIO  0  
[2017/07/13 23:58:19 733] tts        429  get audio|use local  
[2017/07/13 23:58:19 733] tts        442  local audiolen:  512  ,ced:  57  
[2017/07/13 23:58:19 733] tts        471  0  udata(98027088) 1  
[2017/07/13 23:58:19 733] tts        536  TTS_MSG_GETAUDIO  0  
[2017/07/13 23:58:19 733] tts        429  get audio|use local  
[2017/07/13 23:58:19 733] tts        442  local audiolen:  512  ,ced:  57  
[2017/07/13 23:58:19 733] tts        471  0  udata(980271d8) 1  
[2017/07/13 23:58:19 733] tts        536  TTS_MSG_GETAUDIO  0  
[2017/07/13 23:58:19 733] tts        429  get audio|use local  
[2017/07/13 23:58:19 733] tts        442  local audiolen:  512  ,ced:  57  
[2017/07/13 23:58:19 733] tts        471  0  udata(98027288) 1  
[2017/07/13 23:58:19 734] tts        536  TTS_MSG_GETAUDIO  0  
[2017/07/13 23:58:19 734] tts        429  get audio|use local  
[2017/07/13 23:58:19 734] tts        442  local audiolen:  512  ,ced:  57  
[2017/07/13 23:58:19 734] tts        471  0  udata(980272d8) 1  
[2017/07/13 23:58:19 734] tts        536  TTS_MSG_GETAUDIO  0  
[2017/07/13 23:58:19 734] tts        429  get audio|use local  
[2017/07/13 23:58:19 734] tts        442  local audiolen:  512  ,ced:  57  
[2017/07/13 23:58:19 734] tts        471  0  udata(98027328) 1  
[2017/07/13 23:58:19 734] tts        536  TTS_MSG_GETAUDIO  0  
[2017/07/13 23:58:19 735] tts        429  get audio|use local  
[2017/07/13 23:58:19 735] tts        442  local audiolen:  512  ,ced:  57  
[2017/07/13 23:58:19 735] tts        471  0  udata(98027518) 1  
[2017/07/13 23:58:19 735] tts        536  TTS_MSG_GETAUDIO  0  
[2017/07/13 23:58:19 735] tts        429  get audio|use local  
[2017/07/13 23:58:19 735] tts        442  local audiolen:  512  ,ced:  57  
[2017/07/13 23:58:19 735] tts        471  0  udata(980275c8) 1  
[2017/07/13 23:58:19 735] tts        536  TTS_MSG_GETAUDIO  0  
[2017/07/13 23:58:19 735] tts        429  get audio|use local  
[2017/07/13 23:58:19 735] tts        442  local audiolen:  512  ,ced:  57  
[2017/07/13 23:58:19 735] tts        471  0  udata(98027618) 1  
[2017/07/13 23:58:19 736] tts        536  TTS_MSG_GETAUDIO  0  
[2017/07/13 23:58:19 736] tts        429  get audio|use local  
[2017/07/13 23:58:19 736] tts        442  local audiolen:  512  ,ced:  57  
[2017/07/13 23:58:19 736] tts        471  0  udata(98027808) 1  
[2017/07/13 23:58:19 737] tts        536  TTS_MSG_GETAUDIO  0  
[2017/07/13 23:58:19 737] tts        429  get audio|use local  
[2017/07/13 23:58:19 737] tts        442  local audiolen:  512  ,ced:  57  
[2017/07/13 23:58:19 737] tts        471  0  udata(98023e68) 1  
[2017/07/13 23:58:19 739] tts        536  TTS_MSG_GETAUDIO  0  
[2017/07/13 23:58:19 739] tts        429  get audio|use local  
[2017/07/13 23:58:19 739] tts        442  local audiolen:  512  ,ced:  57  
[2017/07/13 23:58:19 739] tts        471  0  udata(980240b8) 1  
[2017/07/13 23:58:19 739] tts        536  TTS_MSG_GETAUDIO  0  
[2017/07/13 23:58:19 739] tts        429  get audio|use local  
[2017/07/13 23:58:19 739] tts        442  local audiolen:  512  ,ced:  57  
[2017/07/13 23:58:19 739] tts        471  0  udata(98024168) 1  
[2017/07/13 23:58:19 739] tts        536  TTS_MSG_GETAUDIO  0  
[2017/07/13 23:58:19 740] tts        429  get audio|use local  
[2017/07/13 23:58:19 740] tts        442  local audiolen:  512  ,ced:  57  
[2017/07/13 23:58:19 740] tts        471  0  udata(98024258) 1  
[2017/07/13 23:58:19 742] tts        536  TTS_MSG_GETAUDIO  0  
[2017/07/13 23:58:19 742] tts        429  get audio|use local  
[2017/07/13 23:58:19 742] tts        442  local audiolen:  512  ,ced:  57  
[2017/07/13 23:58:19 742] tts        471  0  udata(980229f8) 1  
[2017/07/13 23:58:19 743] tts        536  TTS_MSG_GETAUDIO  0  
[2017/07/13 23:58:19 743] tts        429  get audio|use local  
[2017/07/13 23:58:19 743] tts        442  local audiolen:  512  ,ced:  57  
[2017/07/13 23:58:19 743] tts        471  0  udata(98024ef8) 1  
[2017/07/13 23:58:19 743] tts        536  TTS_MSG_GETAUDIO  0  
[2017/07/13 23:58:19 743] tts        429  get audio|use local  
[2017/07/13 23:58:19 743] tts        442  local audiolen:  512  ,ced:  57  
[2017/07/13 23:58:19 743] tts        471  0  udata(98024fa8) 1  
[2017/07/13 23:58:19 744] tts        536  TTS_MSG_GETAUDIO  0  
[2017/07/13 23:58:19 744] tts        429  get audio|use local  
[2017/07/13 23:58:19 744] tts        442  local audiolen:  512  ,ced:  57  
[2017/07/13 23:58:19 744] tts        471  0  udata(98025098) 1  
[2017/07/13 23:58:19 744] tts        536  TTS_MSG_GETAUDIO  0  
[2017/07/13 23:58:19 744] tts        429  get audio|use local  
[2017/07/13 23:58:19 744] tts        442  local audiolen:  512  ,ced:  57  
[2017/07/13 23:58:19 744] tts        471  0  udata(980251e8) 1  
[2017/07/13 23:58:19 745] tts        536  TTS_MSG_GETAUDIO  0  
[2017/07/13 23:58:19 745] tts        429  get audio|use local  
[2017/07/13 23:58:19 745] tts        442  local audiolen:  160  ,ced:  57  
[2017/07/13 23:58:19 745] tts        471  0  udata(98026f28) 1  
[2017/07/13 23:58:19 745] tts        536  TTS_MSG_GETAUDIO  0  
[2017/07/13 23:58:19 745] tts        429  get audio|use local  
[2017/07/13 23:58:19 745] tts        442  local audiolen:  286  ,ced:  73  
[2017/07/13 23:58:19 745] tts        471  0  udata(98025468) 1  
[2017/07/13 23:58:19 746] tts        536  TTS_MSG_GETAUDIO  0  
[2017/07/13 23:58:19 746] tts        429  get audio|use local  
[2017/07/13 23:58:19 746] tts        442  local audiolen:  1392  ,ced:  73  
[2017/07/13 23:58:19 746] tts        471  0  udata(98026e78) 1  
[2017/07/13 23:58:19 747] tts        536  TTS_MSG_GETAUDIO  0  
[2017/07/13 23:58:19 747] tts        429  get audio|use local  
[2017/07/13 23:58:19 747] tts        442  local audiolen:  9008  ,ced:  73  
[2017/07/13 23:58:19 747] tts        471  0  udata(980253d8) 1  
[2017/07/13 23:58:19 749] tts        536  TTS_MSG_GETAUDIO  0  
[2017/07/13 23:58:19 749] tts        429  get audio|use local  
[2017/07/13 23:58:19 749] tts        442  local audiolen:  4462  ,ced:  73  
[2017/07/13 23:58:19 749] tts        471  0  udata(9802d868) 1  
[2017/07/13 23:58:19 750] tts        536  TTS_MSG_GETAUDIO  0  
[2017/07/13 23:58:19 750] tts        429  get audio|use local  
[2017/07/13 23:58:19 750] tts        442  local audiolen:  6282  ,ced:  73  
[2017/07/13 23:58:19 750] tts        471  0  udata(9802dbb8) 1  
[2017/07/13 23:58:19 750] tts        536  TTS_MSG_GETAUDIO  0  
[2017/07/13 23:58:19 751] tts        429  get audio|use local  
[2017/07/13 23:58:19 751] tts        442  local audiolen:  11036  ,ced:  73  
[2017/07/13 23:58:19 751] tts        471  0  udata(9802de08) 1  
[2017/07/13 23:58:19 751] tts        536  TTS_MSG_GETAUDIO  0  
[2017/07/13 23:58:19 751] tts        429  get audio|use local  
[2017/07/13 23:58:19 751] tts        442  local audiolen:  512  ,ced:  73  
[2017/07/13 23:58:19 751] tts        471  0  udata(9802ca58) 1  
[2017/07/13 23:58:19 752] tts        536  TTS_MSG_GETAUDIO  0  
[2017/07/13 23:58:19 752] tts        429  get audio|use local  
[2017/07/13 23:58:19 752] tts        442  local audiolen:  512  ,ced:  73  
[2017/07/13 23:58:19 752] tts        471  0  udata(9802cb08) 1  
[2017/07/13 23:58:19 752] tts        536  TTS_MSG_GETAUDIO  0  
[2017/07/13 23:58:19 752] tts        429  get audio|use local  
[2017/07/13 23:58:19 752] tts        442  local audiolen:  512  ,ced:  73  
[2017/07/13 23:58:19 752] tts        471  0  udata(9802cbf8) 1  
[2017/07/13 23:58:19 753] tts        536  TTS_MSG_GETAUDIO  0  
[2017/07/13 23:58:19 753] tts        429  get audio|use local  
[2017/07/13 23:58:19 753] tts        442  local audiolen:  512  ,ced:  73  
[2017/07/13 23:58:19 753] tts        471  0  udata(9802cd48) 1  
[2017/07/13 23:58:19 754] tts        536  TTS_MSG_GETAUDIO  0  
[2017/07/13 23:58:19 754] tts        429  get audio|use local  
[2017/07/13 23:58:19 754] tts        442  local audiolen:  512  ,ced:  73  
[2017/07/13 23:58:19 754] tts        471  0  udata(9802cdf8) 1  
[2017/07/13 23:58:19 755] tts        536  TTS_MSG_GETAUDIO  0  
[2017/07/13 23:58:19 755] tts        429  get audio|use local  
[2017/07/13 23:58:19 755] tts        442  local audiolen:  512  ,ced:  73  
[2017/07/13 23:58:19 755] tts        471  0  udata(9802cfe8) 1  
[2017/07/13 23:58:19 755] tts        536  TTS_MSG_GETAUDIO  0  
[2017/07/13 23:58:19 755] tts        429  get audio|use local  
[2017/07/13 23:58:19 755] tts        442  local audiolen:  512  ,ced:  73  
[2017/07/13 23:58:19 755] tts        471  0  udata(9802d098) 1  
[2017/07/13 23:58:19 755] tts        536  TTS_MSG_GETAUDIO  0  
[2017/07/13 23:58:19 755] tts        429  get audio|use local  
[2017/07/13 23:58:19 755] tts        442  local audiolen:  512  ,ced:  73  
[2017/07/13 23:58:19 755] tts        471  0  udata(9802d0e8) 1  
[2017/07/13 23:58:19 756] tts        536  TTS_MSG_GETAUDIO  0  
[2017/07/13 23:58:19 756] tts        429  get audio|use local  
[2017/07/13 23:58:19 756] tts        442  local audiolen:  512  ,ced:  73  
[2017/07/13 23:58:19 756] tts        471  0  udata(9802d138) 1  
[2017/07/13 23:58:19 756] tts        536  TTS_MSG_GETAUDIO  0  
[2017/07/13 23:58:19 756] tts        429  get audio|use local  
[2017/07/13 23:58:19 756] tts        442  local audiolen:  512  ,ced:  73  
[2017/07/13 23:58:19 756] tts        471  0  udata(9802d228) 1  
[2017/07/13 23:58:19 757] tts        536  TTS_MSG_GETAUDIO  0  
[2017/07/13 23:58:19 757] tts        429  get audio|use local  
[2017/07/13 23:58:19 757] tts        442  local audiolen:  512  ,ced:  73  
[2017/07/13 23:58:19 757] tts        471  0  udata(9802d378) 1  
[2017/07/13 23:58:19 757] tts        536  TTS_MSG_GETAUDIO  0  
[2017/07/13 23:58:19 758] tts        429  get audio|use local  
[2017/07/13 23:58:19 758] tts        442  local audiolen:  512  ,ced:  73  
[2017/07/13 23:58:19 758] tts        471  0  udata(9802d428) 1  
[2017/07/13 23:58:19 762] tts        536  TTS_MSG_GETAUDIO  0  
[2017/07/13 23:58:19 763] tts        429  get audio|use local  
[2017/07/13 23:58:19 763] tts        442  local audiolen:  512  ,ced:  73  
[2017/07/13 23:58:19 763] tts        471  0  udata(9802af58) 1  
[2017/07/13 23:58:19 763] tts        536  TTS_MSG_GETAUDIO  0  
[2017/07/13 23:58:19 763] tts        429  get audio|use local  
[2017/07/13 23:58:19 763] tts        442  local audiolen:  512  ,ced:  73  
[2017/07/13 23:58:19 763] tts        471  0  udata(9802b0a8) 1  
[2017/07/13 23:58:19 763] tts        536  TTS_MSG_GETAUDIO  0  
[2017/07/13 23:58:19 763] tts        429  get audio|use local  
[2017/07/13 23:58:19 763] tts        442  local audiolen:  512  ,ced:  73  
[2017/07/13 23:58:19 763] tts        471  0  udata(9802b158) 1  
[2017/07/13 23:58:19 764] tts        536  TTS_MSG_GETAUDIO  0  
[2017/07/13 23:58:19 764] tts        429  get audio|use local  
[2017/07/13 23:58:19 764] tts        442  local audiolen:  512  ,ced:  73  
[2017/07/13 23:58:19 764] tts        471  0  udata(9802b248) 1  
[2017/07/13 23:58:19 764] tts        536  TTS_MSG_GETAUDIO  0  
[2017/07/13 23:58:19 764] tts        429  get audio|use local  
[2017/07/13 23:58:19 764] tts        442  local audiolen:  512  ,ced:  73  
[2017/07/13 23:58:19 764] tts        471  0  udata(9802b398) 1  
[2017/07/13 23:58:19 764] tts        536  TTS_MSG_GETAUDIO  0  
[2017/07/13 23:58:19 764] tts        429  get audio|use local  
[2017/07/13 23:58:19 765] tts        442  local audiolen:  512  ,ced:  73  
[2017/07/13 23:58:19 765] tts        471  0  udata(9802b448) 1  
[2017/07/13 23:58:19 765] tts        536  TTS_MSG_GETAUDIO  0  
[2017/07/13 23:58:19 765] tts        429  get audio|use local  
[2017/07/13 23:58:19 765] tts        442  local audiolen:  160  ,ced:  73  
[2017/07/13 23:58:19 765] tts        471  0  udata(9802c8f8) 1  
[2017/07/13 23:58:19 765] tts        536  TTS_MSG_GETAUDIO  0  
[2017/07/13 23:58:19 766] tts        429  get audio|use local  
[2017/07/13 23:58:19 766] tts        442  local audiolen:  300  ,ced:  116  
[2017/07/13 23:58:19 766] tts        471  0  udata(9802b678) 1  
[2017/07/13 23:58:19 766] tts        292  0  0  
[2017/07/13 23:58:19 766] tts        299  TTS_LOCAL_CB_END,  2  
[2017/07/13 23:58:19 766] tts        536  TTS_MSG_GETAUDIO  0  
[2017/07/13 23:58:19 766] tts        429  get audio|use local  
[2017/07/13 23:58:19 766] tts        442  local audiolen:  3320  ,ced:  116  
[2017/07/13 23:58:19 766] tts        471  0  udata(9802b538) 1  
[2017/07/13 23:58:19 766] tts        536  TTS_MSG_GETAUDIO  0  
[2017/07/13 23:58:19 766] tts        429  get audio|use local  
[2017/07/13 23:58:19 766] tts        442  local audiolen:  12700  ,ced:  116  
[2017/07/13 23:58:19 766] tts        471  0  udata(9802b588) 1  
[2017/07/13 23:58:19 767] tts        536  TTS_MSG_GETAUDIO  0  
[2017/07/13 23:58:19 767] tts        429  get audio|use local  
[2017/07/13 23:58:19 767] tts        442  local audiolen:  14004  ,ced:  116  
[2017/07/13 23:58:19 767] tts        471  0  udata(9802b5d8) 1  
[2017/07/13 23:58:19 767] tts        536  TTS_MSG_GETAUDIO  0  
[2017/07/13 23:58:19 767] tts        429  get audio|use local  
[2017/07/13 23:58:19 767] tts        442  local audiolen:  3070  ,ced:  116  
[2017/07/13 23:58:19 767] tts        471  0  udata(9802b628) 1  
[2017/07/13 23:58:19 767] tts        536  TTS_MSG_GETAUDIO  0  
[2017/07/13 23:58:19 767] tts        429  get audio|use local  
[2017/07/13 23:58:19 768] tts        442  local audiolen:  6616  ,ced:  116  
[2017/07/13 23:58:19 768] tts        471  0  udata(9802b8c8) 1  
[2017/07/13 23:58:19 768] tts        536  TTS_MSG_GETAUDIO  0  
[2017/07/13 23:58:19 768] tts        429  get audio|use local  
[2017/07/13 23:58:19 768] tts        442  local audiolen:  11918  ,ced:  116  
[2017/07/13 23:58:19 768] tts        471  0  udata(9802b918) 1  
[2017/07/13 23:58:19 768] tts        536  TTS_MSG_GETAUDIO  0  
[2017/07/13 23:58:19 768] tts        429  get audio|use local  
[2017/07/13 23:58:19 768] tts        442  local audiolen:  7666  ,ced:  116  
[2017/07/13 23:58:19 768] tts        471  0  udata(9802b968) 1  
[2017/07/13 23:58:19 769] tts        536  TTS_MSG_GETAUDIO  0  
[2017/07/13 23:58:19 769] tts        429  get audio|use local  
[2017/07/13 23:58:19 769] tts        442  local audiolen:  8724  ,ced:  116  
[2017/07/13 23:58:19 769] tts        471  0  udata(9802b9b8) 1  
[2017/07/13 23:58:19 769] tts        536  TTS_MSG_GETAUDIO  0  
[2017/07/13 23:58:19 769] tts        429  get audio|use local  
[2017/07/13 23:58:19 769] tts        442  local audiolen:  7102  ,ced:  116  
[2017/07/13 23:58:19 769] tts        471  0  udata(9802ba08) 1  
[2017/07/13 23:58:19 770] tts        536  TTS_MSG_GETAUDIO  0  
[2017/07/13 23:58:19 770] tts        429  get audio|use local  
[2017/07/13 23:58:19 770] tts        442  local audiolen:  7910  ,ced:  116  
[2017/07/13 23:58:19 770] tts        471  0  udata(9802ba58) 1  
[2017/07/13 23:58:19 770] tts        536  TTS_MSG_GETAUDIO  0  
[2017/07/13 23:58:19 770] tts        429  get audio|use local  
[2017/07/13 23:58:19 770] tts        442  local audiolen:  6998  ,ced:  116  
[2017/07/13 23:58:19 770] tts        471  0  udata(9802baa8) 1  
[2017/07/13 23:58:19 770] tts        536  TTS_MSG_GETAUDIO  0  
[2017/07/13 23:58:19 770] tts        429  get audio|use local  
[2017/07/13 23:58:19 770] tts        442  local audiolen:  7268  ,ced:  116  
[2017/07/13 23:58:19 770] tts        471  0  udata(9802baf8) 1  
[2017/07/13 23:58:19 771] tts        536  TTS_MSG_GETAUDIO  0  
[2017/07/13 23:58:19 771] tts        429  get audio|use local  
[2017/07/13 23:58:19 771] tts        442  local audiolen:  512  ,ced:  116  
[2017/07/13 23:58:19 771] tts        471  0  udata(9802bdb8) 1  
[2017/07/13 23:58:19 771] tts        536  TTS_MSG_GETAUDIO  0  
[2017/07/13 23:58:19 771] tts        429  get audio|use local  
[2017/07/13 23:58:19 771] tts        442  local audiolen:  512  ,ced:  116  
[2017/07/13 23:58:19 771] tts        471  0  udata(9802be08) 1  
[2017/07/13 23:58:19 771] tts        536  TTS_MSG_GETAUDIO  0  
[2017/07/13 23:58:19 771] tts        429  get audio|use local  
[2017/07/13 23:58:19 771] tts        442  local audiolen:  512  ,ced:  116  
[2017/07/13 23:58:19 771] tts        471  0  udata(9802be58) 1  
[2017/07/13 23:58:19 771] tts        536  TTS_MSG_GETAUDIO  0  
[2017/07/13 23:58:19 771] tts        429  get audio|use local  
[2017/07/13 23:58:19 771] tts        442  local audiolen:  512  ,ced:  116  
[2017/07/13 23:58:19 771] tts        471  0  udata(9802bea8) 1  
[2017/07/13 23:58:19 772] tts        536  TTS_MSG_GETAUDIO  0  
[2017/07/13 23:58:19 772] tts        429  get audio|use local  
[2017/07/13 23:58:19 772] tts        442  local audiolen:  512  ,ced:  116  
[2017/07/13 23:58:19 772] tts        471  0  udata(9802bef8) 1  
[2017/07/13 23:58:19 772] tts        536  TTS_MSG_GETAUDIO  0  
[2017/07/13 23:58:19 772] tts        429  get audio|use local  
[2017/07/13 23:58:19 772] tts        442  local audiolen:  512  ,ced:  116  
[2017/07/13 23:58:19 772] tts        471  0  udata(980467e8) 1  
[2017/07/13 23:58:19 772] tts        536  TTS_MSG_GETAUDIO  0  
[2017/07/13 23:58:19 772] tts        429  get audio|use local  
[2017/07/13 23:58:19 772] tts        442  local audiolen:  512  ,ced:  116  
[2017/07/13 23:58:19 772] tts        471  0  udata(98046838) 1  
[2017/07/13 23:58:19 772] tts        536  TTS_MSG_GETAUDIO  0  
[2017/07/13 23:58:19 772] tts        429  get audio|use local  
[2017/07/13 23:58:19 772] tts        442  local audiolen:  512  ,ced:  116  
[2017/07/13 23:58:19 772] tts        471  0  udata(98046888) 1  
[2017/07/13 23:58:19 773] tts        536  TTS_MSG_GETAUDIO  0  
[2017/07/13 23:58:19 773] tts        429  get audio|use local  
[2017/07/13 23:58:19 773] tts        442  local audiolen:  512  ,ced:  116  
[2017/07/13 23:58:19 773] tts        471  0  udata(980468d8) 1  
[2017/07/13 23:58:19 773] tts        536  TTS_MSG_GETAUDIO  0  
[2017/07/13 23:58:19 773] tts        429  get audio|use local  
[2017/07/13 23:58:19 773] tts        442  local audiolen:  512  ,ced:  116  
[2017/07/13 23:58:19 773] tts        471  0  udata(98046928) 1  
[2017/07/13 23:58:19 773] tts        536  TTS_MSG_GETAUDIO  0  
[2017/07/13 23:58:19 773] tts        429  get audio|use local  
[2017/07/13 23:58:19 773] tts        442  local audiolen:  512  ,ced:  116  
[2017/07/13 23:58:19 773] tts        471  0  udata(98046978) 1  
[2017/07/13 23:58:19 773] tts        536  TTS_MSG_GETAUDIO  0  
[2017/07/13 23:58:19 773] tts        429  get audio|use local  
[2017/07/13 23:58:19 773] tts        442  local audiolen:  512  ,ced:  116  
[2017/07/13 23:58:19 773] tts        471  0  udata(980469c8) 1  
[2017/07/13 23:58:19 774] tts        536  TTS_MSG_GETAUDIO  0  
[2017/07/13 23:58:19 774] tts        429  get audio|use local  
[2017/07/13 23:58:19 774] tts        442  local audiolen:  512  ,ced:  116  
[2017/07/13 23:58:19 774] tts        471  0  udata(98046a18) 1  
[2017/07/13 23:58:19 774] tts        536  TTS_MSG_GETAUDIO  0  
[2017/07/13 23:58:19 774] tts        429  get audio|use local  
[2017/07/13 23:58:19 774] tts        442  local audiolen:  512  ,ced:  116  
[2017/07/13 23:58:19 774] tts        471  0  udata(98046a68) 1  
[2017/07/13 23:58:19 774] tts        536  TTS_MSG_GETAUDIO  0  
[2017/07/13 23:58:19 774] tts        429  get audio|use local  
[2017/07/13 23:58:19 774] tts        442  local audiolen:  512  ,ced:  116  
[2017/07/13 23:58:19 774] tts        471  0  udata(98046ab8) 1  
[2017/07/13 23:58:19 774] tts        536  TTS_MSG_GETAUDIO  0  
[2017/07/13 23:58:19 774] tts        429  get audio|use local  
[2017/07/13 23:58:19 774] tts        442  local audiolen:  512  ,ced:  116  
[2017/07/13 23:58:19 774] tts        471  0  udata(98046b08) 1  
[2017/07/13 23:58:19 775] tts        536  TTS_MSG_GETAUDIO  0  
[2017/07/13 23:58:19 775] tts        429  get audio|use local  
[2017/07/13 23:58:19 775] tts        442  local audiolen:  512  ,ced:  116  
[2017/07/13 23:58:19 775] tts        471  0  udata(98046b58) 1  
[2017/07/13 23:58:19 775] tts        536  TTS_MSG_GETAUDIO  0  
[2017/07/13 23:58:19 775] tts        429  get audio|use local  
[2017/07/13 23:58:19 775] tts        442  local audiolen:  512  ,ced:  116  
[2017/07/13 23:58:19 775] tts        471  0  udata(98046ba8) 1  
[2017/07/13 23:58:19 775] tts        536  TTS_MSG_GETAUDIO  0  
[2017/07/13 23:58:19 775] tts        429  get audio|use local  
[2017/07/13 23:58:19 775] tts        442  local audiolen:  160  ,ced:  116  
[2017/07/13 23:58:19 775] tts        471  0  udata(9802bc58) 1  
[2017/07/13 23:58:19 775] tts        536  TTS_MSG_GETAUDIO  0  
[2017/07/13 23:58:19 775] tts        429  get audio|use local  
[2017/07/13 23:58:19 775] tts        442  local audiolen:  300  ,ced:  143  
[2017/07/13 23:58:19 775] tts        471  0  udata(98046d38) 1  
[2017/07/13 23:58:19 775] tts        536  TTS_MSG_GETAUDIO  0  
[2017/07/13 23:58:19 776] tts        429  get audio|use local  
[2017/07/13 23:58:19 776] tts        442  local audiolen:  634  ,ced:  143  
[2017/07/13 23:58:19 776] tts        471  0  udata(98047018) 1  
[2017/07/13 23:58:19 776] tts        536  TTS_MSG_GETAUDIO  0  
[2017/07/13 23:58:19 776] tts        429  get audio|use local  
[2017/07/13 23:58:19 776] tts        442  local audiolen:  7202  ,ced:  143  
[2017/07/13 23:58:19 776] tts        471  0  udata(9802bca8) 1  
[2017/07/13 23:58:19 776] tts        536  TTS_MSG_GETAUDIO  0  
[2017/07/13 23:58:19 776] tts        429  get audio|use local  
[2017/07/13 23:58:19 776] tts        442  local audiolen:  13316  ,ced:  143  
[2017/07/13 23:58:19 776] tts        471  0  udata(9802bcf8) 1  
[2017/07/13 23:58:19 777] tts        536  TTS_MSG_GETAUDIO  0  
[2017/07/13 23:58:19 777] tts        429  get audio|use local  
[2017/07/13 23:58:19 777] tts        442  local audiolen:  7630  ,ced:  143  
[2017/07/13 23:58:19 777] tts        471  0  udata(9802bd48) 1  
[2017/07/13 23:58:19 777] tts        536  TTS_MSG_GETAUDIO  0  
[2017/07/13 23:58:19 777] tts        429  get audio|use local  
[2017/07/13 23:58:19 777] tts        442  local audiolen:  9120  ,ced:  143  
[2017/07/13 23:58:19 777] tts        471  0  udata(9802bb48) 1  
[2017/07/13 23:58:19 777] tts        536  TTS_MSG_GETAUDIO  0  
[2017/07/13 23:58:19 777] tts        429  get audio|use local  
[2017/07/13 23:58:19 777] tts        442  local audiolen:  5372  ,ced:  143  
[2017/07/13 23:58:19 777] tts        471  0  udata(9802bb98) 1  
[2017/07/13 23:58:19 778] tts        536  TTS_MSG_GETAUDIO  0  
[2017/07/13 23:58:19 778] tts        429  get audio|use local  
[2017/07/13 23:58:19 778] tts        442  local audiolen:  12548  ,ced:  143  
[2017/07/13 23:58:19 778] tts        471  0  udata(9802bbe8) 1  
[2017/07/13 23:58:19 778] tts        536  TTS_MSG_GETAUDIO  0  
[2017/07/13 23:58:19 778] tts        429  get audio|use local  
[2017/07/13 23:58:19 778] tts        442  local audiolen:  512  ,ced:  143  
[2017/07/13 23:58:19 778] tts        471  0  udata(98046f98) 1  
[2017/07/13 23:58:19 779] tts        536  TTS_MSG_GETAUDIO  0  
[2017/07/13 23:58:19 779] tts        429  get audio|use local  
[2017/07/13 23:58:19 779] tts        442  local audiolen:  512  ,ced:  143  
[2017/07/13 23:58:19 779] tts        471  0  udata(98046c58) 1  
[2017/07/13 23:58:19 779] tts        536  TTS_MSG_GETAUDIO  0  
[2017/07/13 23:58:19 779] tts        429  get audio|use local  
[2017/07/13 23:58:19 779] tts        442  local audiolen:  512  ,ced:  143  
[2017/07/13 23:58:19 779] tts        471  0  udata(98046ca8) 1  
[2017/07/13 23:58:19 779] tts        536  TTS_MSG_GETAUDIO  0  
[2017/07/13 23:58:19 779] tts        429  get audio|use local  
[2017/07/13 23:58:19 779] tts        442  local audiolen:  512  ,ced:  143  
[2017/07/13 23:58:19 779] tts        471  0  udata(98047068) 1  
[2017/07/13 23:58:19 779] tts        536  TTS_MSG_GETAUDIO  0  
[2017/07/13 23:58:19 779] tts        429  get audio|use local  
[2017/07/13 23:58:19 779] tts        442  local audiolen:  512  ,ced:  143  
[2017/07/13 23:58:19 779] tts        471  0  udata(980470b8) 1  
[2017/07/13 23:58:19 779] tts        536  TTS_MSG_GETAUDIO  0  
[2017/07/13 23:58:19 779] tts        429  get audio|use local  
[2017/07/13 23:58:19 780] tts        442  local audiolen:  512  ,ced:  143  
[2017/07/13 23:58:19 780] tts        471  0  udata(98047108) 1  
[2017/07/13 23:58:19 780] tts        536  TTS_MSG_GETAUDIO  0  
[2017/07/13 23:58:19 780] tts        429  get audio|use local  
[2017/07/13 23:58:19 780] tts        442  local audiolen:  512  ,ced:  143  
[2017/07/13 23:58:19 780] tts        471  0  udata(98047158) 1  
[2017/07/13 23:58:19 780] tts        536  TTS_MSG_GETAUDIO  0  
[2017/07/13 23:58:19 780] tts        429  get audio|use local  
[2017/07/13 23:58:19 780] tts        442  local audiolen:  512  ,ced:  143  
[2017/07/13 23:58:19 780] tts        471  0  udata(980471a8) 1  
[2017/07/13 23:58:19 780] tts        536  TTS_MSG_GETAUDIO  0  
[2017/07/13 23:58:19 780] tts        429  get audio|use local  
[2017/07/13 23:58:19 780] tts        442  local audiolen:  512  ,ced:  143  
[2017/07/13 23:58:19 780] tts        471  0  udata(980471f8) 1  
[2017/07/13 23:58:19 780] tts        536  TTS_MSG_GETAUDIO  0  
[2017/07/13 23:58:19 780] tts        429  get audio|use local  
[2017/07/13 23:58:19 780] tts        442  local audiolen:  512  ,ced:  143  
[2017/07/13 23:58:19 780] tts        471  0  udata(98047248) 1  
[2017/07/13 23:58:19 781] tts        536  TTS_MSG_GETAUDIO  0  
[2017/07/13 23:58:19 781] tts        429  get audio|use local  
[2017/07/13 23:58:19 781] tts        442  local audiolen:  512  ,ced:  143  
[2017/07/13 23:58:19 781] tts        471  0  udata(98047298) 1  
[2017/07/13 23:58:19 781] tts        536  TTS_MSG_GETAUDIO  0  
[2017/07/13 23:58:19 781] tts        429  get audio|use local  
[2017/07/13 23:58:19 781] tts        442  local audiolen:  512  ,ced:  143  
[2017/07/13 23:58:19 781] tts        471  0  udata(980472e8) 1  
[2017/07/13 23:58:19 781] tts        536  TTS_MSG_GETAUDIO  0  
[2017/07/13 23:58:19 781] tts        429  get audio|use local  
[2017/07/13 23:58:19 781] tts        442  local audiolen:  512  ,ced:  143  
[2017/07/13 23:58:19 781] tts        471  0  udata(98047338) 1  
[2017/07/13 23:58:19 781] tts        536  TTS_MSG_GETAUDIO  0  
[2017/07/13 23:58:19 781] tts        429  get audio|use local  
[2017/07/13 23:58:19 781] tts        442  local audiolen:  512  ,ced:  143  
[2017/07/13 23:58:19 781] tts        471  0  udata(98047388) 1  
[2017/07/13 23:58:19 782] tts        536  TTS_MSG_GETAUDIO  0  
[2017/07/13 23:58:19 782] tts        429  get audio|use local  
[2017/07/13 23:58:19 782] tts        442  local audiolen:  512  ,ced:  143  
[2017/07/13 23:58:19 782] tts        471  0  udata(980473d8) 1  
[2017/07/13 23:58:19 782] tts        536  TTS_MSG_GETAUDIO  0  
[2017/07/13 23:58:19 782] tts        429  get audio|use local  
[2017/07/13 23:58:19 782] tts        442  local audiolen:  512  ,ced:  143  
[2017/07/13 23:58:19 782] tts        471  0  udata(98047428) 1  
[2017/07/13 23:58:19 782] tts        536  TTS_MSG_GETAUDIO  0  
[2017/07/13 23:58:19 782] tts        429  get audio|use local  
[2017/07/13 23:58:19 782] tts        442  local audiolen:  512  ,ced:  143  
[2017/07/13 23:58:19 782] tts        471  0  udata(98047478) 1  
[2017/07/13 23:58:19 782] tts        536  TTS_MSG_GETAUDIO  0  
[2017/07/13 23:58:19 782] tts        429  get audio|use local  
[2017/07/13 23:58:19 782] tts        442  local audiolen:  512  ,ced:  143  
[2017/07/13 23:58:19 782] tts        471  0  udata(980474c8) 1  
[2017/07/13 23:58:19 783] tts        536  TTS_MSG_GETAUDIO  0  
[2017/07/13 23:58:19 783] tts        429  get audio|use local  
[2017/07/13 23:58:19 783] tts        442  local audiolen:  160  ,ced:  143  
[2017/07/13 23:58:19 783] tts        471  0  udata(98046e38) 1  
[2017/07/13 23:58:19 783] tts        536  TTS_MSG_GETAUDIO  0  
[2017/07/13 23:58:19 783] tts        429  get audio|use local  
[2017/07/13 23:58:19 783] tts        442  local audiolen:  300  ,ced:  176  
[2017/07/13 23:58:19 783] tts        471  0  udata(98047658) 1  
[2017/07/13 23:58:19 783] tts        536  TTS_MSG_GETAUDIO  0  
[2017/07/13 23:58:19 783] tts        429  get audio|use local  
[2017/07/13 23:58:19 783] tts        442  local audiolen:  634  ,ced:  176  
[2017/07/13 23:58:19 783] tts        471  0  udata(98047938) 1  
[2017/07/13 23:58:19 783] tts        536  TTS_MSG_GETAUDIO  0  
[2017/07/13 23:58:19 783] tts        429  get audio|use local  
[2017/07/13 23:58:19 783] tts        442  local audiolen:  8528  ,ced:  176  
[2017/07/13 23:58:19 784] tts        471  0  udata(98046bf8) 1  
[2017/07/13 23:58:19 784] tts        536  TTS_MSG_GETAUDIO  0  
[2017/07/13 23:58:19 784] tts        429  get audio|use local  
[2017/07/13 23:58:19 784] tts        442  local audiolen:  7092  ,ced:  176  
[2017/07/13 23:58:19 784] tts        471  0  udata(98046d88) 1  
[2017/07/13 23:58:19 784] tts        536  TTS_MSG_GETAUDIO  0  
[2017/07/13 23:58:19 784] tts        429  get audio|use local  
[2017/07/13 23:58:19 784] tts        442  local audiolen:  6376  ,ced:  176  
[2017/07/13 23:58:19 784] tts        471  0  udata(98046dd8) 1  
[2017/07/13 23:58:19 785] tts        536  TTS_MSG_GETAUDIO  0  
[2017/07/13 23:58:19 785] tts        429  get audio|use local  
[2017/07/13 23:58:19 785] tts        442  local audiolen:  7488  ,ced:  176  
[2017/07/13 23:58:19 785] tts        471  0  udata(98046e88) 1  
[2017/07/13 23:58:19 785] tts        536  TTS_MSG_GETAUDIO  0  
[2017/07/13 23:58:19 785] tts        429  get audio|use local  
[2017/07/13 23:58:19 785] tts        442  local audiolen:  8846  ,ced:  176  
[2017/07/13 23:58:19 785] tts        471  0  udata(98046ed8) 1  
[2017/07/13 23:58:19 785] tts        536  TTS_MSG_GETAUDIO  0  
[2017/07/13 23:58:19 785] tts        429  get audio|use local  
[2017/07/13 23:58:19 785] tts        442  local audiolen:  7224  ,ced:  176  
[2017/07/13 23:58:19 786] tts        471  0  udata(98046f28) 1  
[2017/07/13 23:58:19 786] tts        536  TTS_MSG_GETAUDIO  0  
[2017/07/13 23:58:19 786] tts        429  get audio|use local  
[2017/07/13 23:58:19 786] tts        442  local audiolen:  13396  ,ced:  176  
[2017/07/13 23:58:19 786] tts        471  0  udata(98047518) 1  
[2017/07/13 23:58:19 786] tts        536  TTS_MSG_GETAUDIO  0  
[2017/07/13 23:58:19 786] tts        429  get audio|use local  
[2017/07/13 23:58:19 786] tts        442  local audiolen:  7156  ,ced:  176  
[2017/07/13 23:58:19 786] tts        471  0  udata(98047568) 1  
[2017/07/13 23:58:19 787] tts        536  TTS_MSG_GETAUDIO  0  
[2017/07/13 23:58:19 787] tts        429  get audio|use local  
[2017/07/13 23:58:19 787] tts        442  local audiolen:  5896  ,ced:  176  
[2017/07/13 23:58:19 787] tts        471  0  udata(980475b8) 1  
[2017/07/13 23:58:19 787] tts        536  TTS_MSG_GETAUDIO  0  
[2017/07/13 23:58:19 787] tts        429  get audio|use local  
[2017/07/13 23:58:19 787] tts        442  local audiolen:  512  ,ced:  176  
[2017/07/13 23:58:19 787] tts        471  0  udata(98047608) 1  
[2017/07/13 23:58:19 787] tts        536  TTS_MSG_GETAUDIO  0  
[2017/07/13 23:58:19 787] tts        429  get audio|use local  
[2017/07/13 23:58:19 787] tts        442  local audiolen:  512  ,ced:  176  
[2017/07/13 23:58:19 787] tts        471  0  udata(98047988) 1  
[2017/07/13 23:58:19 788] tts        536  TTS_MSG_GETAUDIO  0  
[2017/07/13 23:58:19 788] tts        429  get audio|use local  
[2017/07/13 23:58:19 788] tts        442  local audiolen:  512  ,ced:  176  
[2017/07/13 23:58:19 788] tts        471  0  udata(980479d8) 1  
[2017/07/13 23:58:19 788] tts        536  TTS_MSG_GETAUDIO  0  
[2017/07/13 23:58:19 788] tts        429  get audio|use local  
[2017/07/13 23:58:19 788] tts        442  local audiolen:  512  ,ced:  176  
[2017/07/13 23:58:19 788] tts        471  0  udata(98047a28) 1  
[2017/07/13 23:58:19 788] tts        536  TTS_MSG_GETAUDIO  0  
[2017/07/13 23:58:19 788] tts        429  get audio|use local  
[2017/07/13 23:58:19 788] tts        442  local audiolen:  512  ,ced:  176  
[2017/07/13 23:58:19 788] tts        471  0  udata(98047a78) 1  
[2017/07/13 23:58:19 788] tts        536  TTS_MSG_GETAUDIO  0  
[2017/07/13 23:58:19 788] tts        429  get audio|use local  
[2017/07/13 23:58:19 788] tts        442  local audiolen:  512  ,ced:  176  
[2017/07/13 23:58:19 788] tts        471  0  udata(98047ac8) 1  
[2017/07/13 23:58:19 789] tts        536  TTS_MSG_GETAUDIO  0  
[2017/07/13 23:58:19 789] tts        429  get audio|use local  
[2017/07/13 23:58:19 789] tts        442  local audiolen:  512  ,ced:  176  
[2017/07/13 23:58:19 789] tts        471  0  udata(98047b18) 1  
[2017/07/13 23:58:19 789] tts        536  TTS_MSG_GETAUDIO  0  
[2017/07/13 23:58:19 789] tts        429  get audio|use local  
[2017/07/13 23:58:19 789] tts        442  local audiolen:  512  ,ced:  176  
[2017/07/13 23:58:19 789] tts        471  0  udata(98047b68) 1  
[2017/07/13 23:58:19 789] tts        536  TTS_MSG_GETAUDIO  0  
[2017/07/13 23:58:19 789] tts        429  get audio|use local  
[2017/07/13 23:58:19 789] tts        442  local audiolen:  512  ,ced:  176  
[2017/07/13 23:58:19 789] tts        471  0  udata(98047bb8) 1  
[2017/07/13 23:58:19 789] tts        536  TTS_MSG_GETAUDIO  0  
[2017/07/13 23:58:19 789] tts        429  get audio|use local  
[2017/07/13 23:58:19 789] tts        442  local audiolen:  512  ,ced:  176  
[2017/07/13 23:58:19 789] tts        471  0  udata(98047c08) 1  
[2017/07/13 23:58:19 789] tts        536  TTS_MSG_GETAUDIO  0  
[2017/07/13 23:58:19 790] tts        429  get audio|use local  
[2017/07/13 23:58:19 790] tts        442  local audiolen:  512  ,ced:  176  
[2017/07/13 23:58:19 790] tts        471  0  udata(98047c58) 1  
[2017/07/13 23:58:19 790] tts        536  TTS_MSG_GETAUDIO  0  
[2017/07/13 23:58:19 790] tts        429  get audio|use local  
[2017/07/13 23:58:19 790] tts        442  local audiolen:  512  ,ced:  176  
[2017/07/13 23:58:19 790] tts        471  0  udata(98047ca8) 1  
[2017/07/13 23:58:19 790] tts        536  TTS_MSG_GETAUDIO  0  
[2017/07/13 23:58:19 790] tts        429  get audio|use local  
[2017/07/13 23:58:19 790] tts        442  local audiolen:  512  ,ced:  176  
[2017/07/13 23:58:19 790] tts        471  0  udata(98047cf8) 1  
[2017/07/13 23:58:19 790] tts        536  TTS_MSG_GETAUDIO  0  
[2017/07/13 23:58:19 790] tts        429  get audio|use local  
[2017/07/13 23:58:19 790] tts        442  local audiolen:  512  ,ced:  176  
[2017/07/13 23:58:19 790] tts        471  0  udata(98047d48) 1  
[2017/07/13 23:58:19 791] tts        536  TTS_MSG_GETAUDIO  0  
[2017/07/13 23:58:19 791] tts        429  get audio|use local  
[2017/07/13 23:58:19 791] tts        442  local audiolen:  512  ,ced:  176  
[2017/07/13 23:58:19 791] tts        471  0  udata(98047d98) 1  
[2017/07/13 23:58:19 791] tts        536  TTS_MSG_GETAUDIO  0  
[2017/07/13 23:58:19 791] tts        429  get audio|use local  
[2017/07/13 23:58:19 791] tts        442  local audiolen:  512  ,ced:  176  
[2017/07/13 23:58:19 791] tts        471  0  udata(98047de8) 1  
[2017/07/13 23:58:19 791] tts        536  TTS_MSG_GETAUDIO  0  
[2017/07/13 23:58:19 791] tts        429  get audio|use local  
[2017/07/13 23:58:19 791] tts        442  local audiolen:  512  ,ced:  176  
[2017/07/13 23:58:19 791] tts        471  0  udata(98047e38) 1  
[2017/07/13 23:58:19 791] tts        536  TTS_MSG_GETAUDIO  0  
[2017/07/13 23:58:19 791] tts        429  get audio|use local  
[2017/07/13 23:58:19 791] tts        442  local audiolen:  512  ,ced:  176  
[2017/07/13 23:58:19 791] tts        471  0  udata(98047e88) 1  
[2017/07/13 23:58:19 792] tts        536  TTS_MSG_GETAUDIO  0  
[2017/07/13 23:58:19 792] tts        429  get audio|use local  
[2017/07/13 23:58:19 792] tts        442  local audiolen:  160  ,ced:  176  
[2017/07/13 23:58:19 792] tts        471  0  udata(980477b8) 1  
[2017/07/13 23:58:19 792] tts        536  TTS_MSG_GETAUDIO  0  
[2017/07/13 23:58:19 792] tts        429  get audio|use local  
[2017/07/13 23:58:19 792] tts        442  local audiolen:  272  ,ced:  200  
[2017/07/13 23:58:19 792] tts        471  0  udata(98047708) 1  
[2017/07/13 23:58:19 792] tts        536  TTS_MSG_GETAUDIO  0  
[2017/07/13 23:58:19 792] tts        429  get audio|use local  
[2017/07/13 23:58:19 792] tts        442  local audiolen:  11504  ,ced:  200  
[2017/07/13 23:58:19 792] tts        471  0  udata(98047758) 1  
[2017/07/13 23:58:19 792] tts        536  TTS_MSG_GETAUDIO  0  
[2017/07/13 23:58:19 792] tts        429  get audio|use local  
[2017/07/13 23:58:19 792] tts        442  local audiolen:  7070  ,ced:  200  
[2017/07/13 23:58:19 792] tts        471  0  udata(980476a8) 1  
[2017/07/13 23:58:19 793] tts        536  TTS_MSG_GETAUDIO  0  
[2017/07/13 23:58:19 793] tts        429  get audio|use local  
[2017/07/13 23:58:19 793] tts        442  local audiolen:  6802  ,ced:  200  
[2017/07/13 23:58:19 793] tts        471  0  udata(98047808) 1  
[2017/07/13 23:58:19 793] tts        536  TTS_MSG_GETAUDIO  0  
[2017/07/13 23:58:19 793] tts        429  get audio|use local  
[2017/07/13 23:58:19 793] tts        442  local audiolen:  7136  ,ced:  200  
[2017/07/13 23:58:19 793] tts        471  0  udata(98047858) 1  
[2017/07/13 23:58:19 793] tts        536  TTS_MSG_GETAUDIO  0  
[2017/07/13 23:58:19 793] tts        429  get audio|use local  
[2017/07/13 23:58:19 793] tts        442  local audiolen:  3944  ,ced:  200  
[2017/07/13 23:58:19 794] tts        471  0  udata(980478a8) 1  
[2017/07/13 23:58:19 794] tts        536  TTS_MSG_GETAUDIO  0  
[2017/07/13 23:58:19 794] tts        429  get audio|use local  
[2017/07/13 23:58:19 794] tts        442  local audiolen:  10648  ,ced:  200  
[2017/07/13 23:58:19 794] tts        471  0  udata(9804a888) 1  
[2017/07/13 23:58:19 796] tts        536  TTS_MSG_GETAUDIO  0  
[2017/07/13 23:58:19 796] tts        429  get audio|use local  
[2017/07/13 23:58:19 796] tts        442  local audiolen:  4700  ,ced:  200  
[2017/07/13 23:58:19 796] tts        471  0  udata(98049148) 1  
[2017/07/13 23:58:19 797] tts        536  TTS_MSG_GETAUDIO  0  
[2017/07/13 23:58:19 797] tts        429  get audio|use local  
[2017/07/13 23:58:19 797] tts        442  local audiolen:  7102  ,ced:  200  
[2017/07/13 23:58:19 797] tts        471  0  udata(98047ed8) 2  
[2017/07/13 23:58:19 798] tts        539  TTS_MSG_SSE  
[2017/07/13 23:58:19 798] tts        493  sse|use local  
[2017/07/13 23:58:19 802] tts        509  tts exit  
