============================================================
Time  2017/07/14 00:04:08 873 
============================================================
[2017/07/14 00:04:08 873] tts        555  SYS_MSG_REGCB param0 =  msp_status_cb  param1 =  func(840182e0) 
[2017/07/14 00:04:08 873] config     42   use general cloud  
[2017/07/14 00:04:08 877] tts_cloud  1414 SYS_MSG_REGCB_CLOUD param0 =   msp_status_cb  param1 =  func(840182e0) 
[2017/07/14 00:04:08 877] tts        527  TTS_MSG_SSB  
[2017/07/14 00:04:08 877] tts        338  params =  engine_type = local, text_encoding = UTF8,voice_name=xiaofeng,tts_res_path = fo|res/tts/xiaofeng.jet;fo|res/tts/common.jet, sample_rate = 16000, speed = 50, volume = 50, pitch = 50, rdn = 2  
[2017/07/14 00:04:08 877] tts        369  ssb|use local  
[2017/07/14 00:04:08 877] tts        313  local_session_begin  
[2017/07/14 00:04:08 879] tts        533  TTS_MSG_SYN  0  
[2017/07/14 00:04:08 879] tts        404  synth|use local  
[2017/07/14 00:04:08 879] tts        536  TTS_MSG_GETAUDIO  0  
[2017/07/14 00:04:08 879] tts        429  get audio|use local  
[2017/07/14 00:04:08 879] tts        471  0  nil  1  
[2017/07/14 00:04:08 883] tts        536  TTS_MSG_GETAUDIO  0  
[2017/07/14 00:04:08 883] tts        429  get audio|use local  
[2017/07/14 00:04:08 883] tts        471  0  nil  1  
[2017/07/14 00:04:08 883] tts        536  TTS_MSG_GETAUDIO  0  
[2017/07/14 00:04:08 883] tts        429  get audio|use local  
[2017/07/14 00:04:08 883] tts        471  0  nil  1  
[2017/07/14 00:04:08 883] tts        536  TTS_MSG_GETAUDIO  0  
[2017/07/14 00:04:08 883] tts        429  get audio|use local  
[2017/07/14 00:04:08 883] tts        471  0  nil  1  
[2017/07/14 00:04:08 884] tts        536  TTS_MSG_GETAUDIO  0  
[2017/07/14 00:04:08 884] tts        429  get audio|use local  
[2017/07/14 00:04:08 884] tts        471  0  nil  1  
[2017/07/14 00:04:08 884] tts        536  TTS_MSG_GETAUDIO  0  
[2017/07/14 00:04:08 884] tts        429  get audio|use local  
[2017/07/14 00:04:08 884] tts        471  0  nil  1  
[2017/07/14 00:04:08 885] tts        536  TTS_MSG_GETAUDIO  0  
[2017/07/14 00:04:08 885] tts        429  get audio|use local  
[2017/07/14 00:04:08 885] tts        471  0  nil  1  
[2017/07/14 00:04:08 885] tts        536  TTS_MSG_GETAUDIO  0  
[2017/07/14 00:04:08 885] tts        429  get audio|use local  
[2017/07/14 00:04:08 885] tts        471  0  nil  1  
[2017/07/14 00:04:08 885] tts        536  TTS_MSG_GETAUDIO  0  
[2017/07/14 00:04:08 885] tts        429  get audio|use local  
[2017/07/14 00:04:08 885] tts        471  0  nil  1  
[2017/07/14 00:04:08 886] tts        536  TTS_MSG_GETAUDIO  0  
[2017/07/14 00:04:08 886] tts        429  get audio|use local  
[2017/07/14 00:04:08 886] tts        471  0  nil  1  
[2017/07/14 00:04:08 886] tts        536  TTS_MSG_GETAUDIO  0  
[2017/07/14 00:04:08 886] tts        429  get audio|use local  
[2017/07/14 00:04:08 886] tts        471  0  nil  1  
[2017/07/14 00:04:08 886] tts        536  TTS_MSG_GETAUDIO  0  
[2017/07/14 00:04:08 886] tts        429  get audio|use local  
[2017/07/14 00:04:08 887] tts        471  0  nil  1  
[2017/07/14 00:04:08 887] tts        536  TTS_MSG_GETAUDIO  0  
[2017/07/14 00:04:08 887] tts        429  get audio|use local  
[2017/07/14 00:04:08 887] tts        471  0  nil  1  
[2017/07/14 00:04:08 888] tts        536  TTS_MSG_GETAUDIO  0  
[2017/07/14 00:04:08 888] tts        429  get audio|use local  
[2017/07/14 00:04:08 888] tts        471  0  nil  1  
[2017/07/14 00:04:08 888] tts        536  TTS_MSG_GETAUDIO  0  
[2017/07/14 00:04:08 888] tts        429  get audio|use local  
[2017/07/14 00:04:08 888] tts        471  0  nil  1  
[2017/07/14 00:04:08 890] tts        536  TTS_MSG_GETAUDIO  0  
[2017/07/14 00:04:08 890] tts        429  get audio|use local  
[2017/07/14 00:04:08 890] tts        471  0  nil  1  
[2017/07/14 00:04:08 890] tts        536  TTS_MSG_GETAUDIO  0  
[2017/07/14 00:04:08 890] tts        429  get audio|use local  
[2017/07/14 00:04:08 890] tts        471  0  nil  1  
[2017/07/14 00:04:08 891] tts        536  TTS_MSG_GETAUDIO  0  
[2017/07/14 00:04:08 891] tts        429  get audio|use local  
[2017/07/14 00:04:08 891] tts        471  0  nil  1  
[2017/07/14 00:04:08 891] tts        536  TTS_MSG_GETAUDIO  0  
[2017/07/14 00:04:08 891] tts        429  get audio|use local  
[2017/07/14 00:04:08 891] tts        471  0  nil  1  
[2017/07/14 00:04:08 892] tts        536  TTS_MSG_GETAUDIO  0  
[2017/07/14 00:04:08 892] tts        429  get audio|use local  
[2017/07/14 00:04:08 892] tts        471  0  nil  1  
[2017/07/14 00:04:08 892] tts        536  TTS_MSG_GETAUDIO  0  
[2017/07/14 00:04:08 892] tts        429  get audio|use local  
[2017/07/14 00:04:08 893] tts        471  0  nil  1  
[2017/07/14 00:04:08 893] tts        536  TTS_MSG_GETAUDIO  0  
[2017/07/14 00:04:08 893] tts        429  get audio|use local  
[2017/07/14 00:04:08 893] tts        471  0  nil  1  
[2017/07/14 00:04:08 894] tts        290  TTS_LOCAL_CB_BEGIN  
[2017/07/14 00:04:08 894] tts        536  TTS_MSG_GETAUDIO  0  
[2017/07/14 00:04:08 894] tts        429  get audio|use local  
[2017/07/14 00:04:08 894] tts        471  0  nil  1  
[2017/07/14 00:04:08 895] tts        536  TTS_MSG_GETAUDIO  0  
[2017/07/14 00:04:08 895] tts        429  get audio|use local  
[2017/07/14 00:04:08 895] tts        471  0  nil  1  
[2017/07/14 00:04:08 895] tts        536  TTS_MSG_GETAUDIO  0  
[2017/07/14 00:04:08 895] tts        429  get audio|use local  
[2017/07/14 00:04:08 895] tts        471  0  nil  1  
[2017/07/14 00:04:08 897] tts        536  TTS_MSG_GETAUDIO  0  
[2017/07/14 00:04:08 897] tts        429  get audio|use local  
[2017/07/14 00:04:08 897] tts        471  0  nil  1  
[2017/07/14 00:04:08 897] tts        536  TTS_MSG_GETAUDIO  0  
[2017/07/14 00:04:08 897] tts        429  get audio|use local  
[2017/07/14 00:04:08 897] tts        471  0  nil  1  
[2017/07/14 00:04:08 898] tts        536  TTS_MSG_GETAUDIO  0  
[2017/07/14 00:04:08 898] tts        429  get audio|use local  
[2017/07/14 00:04:08 898] tts        471  0  nil  1  
[2017/07/14 00:04:08 898] tts        536  TTS_MSG_GETAUDIO  0  
[2017/07/14 00:04:08 899] tts        429  get audio|use local  
[2017/07/14 00:04:08 899] tts        471  0  nil  1  
[2017/07/14 00:04:08 899] tts        536  TTS_MSG_GETAUDIO  0  
[2017/07/14 00:04:08 899] tts        429  get audio|use local  
[2017/07/14 00:04:08 899] tts        471  0  nil  1  
[2017/07/14 00:04:08 900] tts        536  TTS_MSG_GETAUDIO  0  
[2017/07/14 00:04:08 900] tts        429  get audio|use local  
[2017/07/14 00:04:08 900] tts        471  0  nil  1  
[2017/07/14 00:04:08 900] tts        536  TTS_MSG_GETAUDIO  0  
[2017/07/14 00:04:08 900] tts        429  get audio|use local  
[2017/07/14 00:04:08 900] tts        442  local audiolen:  300  ,ced:  18  
[2017/07/14 00:04:08 900] tts        471  0  udata(840792f8) 1  
[2017/07/14 00:04:08 901] tts        536  TTS_MSG_GETAUDIO  0  
[2017/07/14 00:04:08 901] tts        429  get audio|use local  
[2017/07/14 00:04:08 901] tts        442  local audiolen:  4472  ,ced:  18  
[2017/07/14 00:04:08 901] tts        471  0  udata(8406dad8) 1  
[2017/07/14 00:04:08 903] tts        536  TTS_MSG_GETAUDIO  0  
[2017/07/14 00:04:08 903] tts        429  get audio|use local  
[2017/07/14 00:04:08 903] tts        442  local audiolen:  7136  ,ced:  18  
[2017/07/14 00:04:08 903] tts        471  0  udata(8406e258) 1  
[2017/07/14 00:04:08 904] tts        536  TTS_MSG_GETAUDIO  0  
[2017/07/14 00:04:08 904] tts        429  get audio|use local  
[2017/07/14 00:04:08 904] tts        442  local audiolen:  4510  ,ced:  18  
[2017/07/14 00:04:08 904] tts        471  0  udata(8406d848) 1  
[2017/07/14 00:04:08 905] tts        536  TTS_MSG_GETAUDIO  0  
[2017/07/14 00:04:08 905] tts        429  get audio|use local  
[2017/07/14 00:04:08 905] tts        471  0  nil  1  
[2017/07/14 00:04:08 906] tts        536  TTS_MSG_GETAUDIO  0  
[2017/07/14 00:04:08 906] tts        429  get audio|use local  
[2017/07/14 00:04:08 906] tts        442  local audiolen:  12914  ,ced:  18  
[2017/07/14 00:04:08 906] tts        471  0  udata(840841a8) 1  
[2017/07/14 00:04:08 907] tts        536  TTS_MSG_GETAUDIO  0  
[2017/07/14 00:04:08 907] tts        429  get audio|use local  
[2017/07/14 00:04:08 907] tts        471  0  nil  1  
[2017/07/14 00:04:08 907] tts        536  TTS_MSG_GETAUDIO  0  
[2017/07/14 00:04:08 907] tts        429  get audio|use local  
[2017/07/14 00:04:08 907] tts        471  0  nil  1  
[2017/07/14 00:04:08 908] tts        536  TTS_MSG_GETAUDIO  0  
[2017/07/14 00:04:08 908] tts        429  get audio|use local  
[2017/07/14 00:04:08 908] tts        471  0  nil  1  
[2017/07/14 00:04:08 909] tts        536  TTS_MSG_GETAUDIO  0  
[2017/07/14 00:04:08 909] tts        429  get audio|use local  
[2017/07/14 00:04:08 909] tts        471  0  nil  1  
[2017/07/14 00:04:08 910] tts        536  TTS_MSG_GETAUDIO  0  
[2017/07/14 00:04:08 910] tts        429  get audio|use local  
[2017/07/14 00:04:08 911] tts        471  0  nil  1  
[2017/07/14 00:04:08 911] tts        536  TTS_MSG_GETAUDIO  0  
[2017/07/14 00:04:08 911] tts        429  get audio|use local  
[2017/07/14 00:04:08 911] tts        471  0  nil  1  
[2017/07/14 00:04:08 911] tts        536  TTS_MSG_GETAUDIO  0  
[2017/07/14 00:04:08 912] tts        429  get audio|use local  
[2017/07/14 00:04:08 912] tts        471  0  nil  1  
[2017/07/14 00:04:08 913] tts        536  TTS_MSG_GETAUDIO  0  
[2017/07/14 00:04:08 913] tts        429  get audio|use local  
[2017/07/14 00:04:08 913] tts        442  local audiolen:  6038  ,ced:  18  
[2017/07/14 00:04:08 913] tts        471  0  udata(840840f8) 1  
[2017/07/14 00:04:08 914] tts        536  TTS_MSG_GETAUDIO  0  
[2017/07/14 00:04:08 914] tts        429  get audio|use local  
[2017/07/14 00:04:08 914] tts        442  local audiolen:  512  ,ced:  18  
[2017/07/14 00:04:08 914] tts        471  0  udata(84079608) 1  
[2017/07/14 00:04:08 915] tts        536  TTS_MSG_GETAUDIO  0  
[2017/07/14 00:04:08 915] tts        429  get audio|use local  
[2017/07/14 00:04:08 915] tts        442  local audiolen:  512  ,ced:  18  
[2017/07/14 00:04:08 915] tts        471  0  udata(84084328) 1  
[2017/07/14 00:04:08 915] tts        536  TTS_MSG_GETAUDIO  0  
[2017/07/14 00:04:08 915] tts        429  get audio|use local  
[2017/07/14 00:04:08 915] tts        442  local audiolen:  512  ,ced:  18  
[2017/07/14 00:04:08 915] tts        471  0  udata(84084968) 1  
[2017/07/14 00:04:08 916] tts        536  TTS_MSG_GETAUDIO  0  
[2017/07/14 00:04:08 916] tts        429  get audio|use local  
[2017/07/14 00:04:08 916] tts        442  local audiolen:  512  ,ced:  18  
[2017/07/14 00:04:08 916] tts        471  0  udata(84079888) 1  
[2017/07/14 00:04:08 917] tts        536  TTS_MSG_GETAUDIO  0  
[2017/07/14 00:04:08 917] tts        429  get audio|use local  
[2017/07/14 00:04:08 917] tts        442  local audiolen:  512  ,ced:  18  
[2017/07/14 00:04:08 917] tts        471  0  udata(84079b38) 1  
[2017/07/14 00:04:08 919] tts        536  TTS_MSG_GETAUDIO  0  
[2017/07/14 00:04:08 919] tts        429  get audio|use local  
[2017/07/14 00:04:08 919] tts        442  local audiolen:  512  ,ced:  18  
[2017/07/14 00:04:08 919] tts        471  0  udata(840793f8) 1  
[2017/07/14 00:04:08 919] tts        536  TTS_MSG_GETAUDIO  0  
[2017/07/14 00:04:08 919] tts        429  get audio|use local  
[2017/07/14 00:04:08 919] tts        442  local audiolen:  512  ,ced:  18  
[2017/07/14 00:04:08 919] tts        471  0  udata(84079448) 1  
[2017/07/14 00:04:08 920] tts        536  TTS_MSG_GETAUDIO  0  
[2017/07/14 00:04:08 920] tts        429  get audio|use local  
[2017/07/14 00:04:08 920] tts        442  local audiolen:  512  ,ced:  18  
[2017/07/14 00:04:08 920] tts        471  0  udata(84079498) 1  
[2017/07/14 00:04:08 923] tts        536  TTS_MSG_GETAUDIO  0  
[2017/07/14 00:04:08 923] tts        429  get audio|use local  
[2017/07/14 00:04:08 923] tts        442  local audiolen:  512  ,ced:  18  
[2017/07/14 00:04:08 924] tts        471  0  udata(840794e8) 1  
[2017/07/14 00:04:08 924] tts        536  TTS_MSG_GETAUDIO  0  
[2017/07/14 00:04:08 924] tts        429  get audio|use local  
[2017/07/14 00:04:08 924] tts        442  local audiolen:  512  ,ced:  18  
[2017/07/14 00:04:08 924] tts        471  0  udata(84079538) 1  
[2017/07/14 00:04:08 925] tts        536  TTS_MSG_GETAUDIO  0  
[2017/07/14 00:04:08 925] tts        429  get audio|use local  
[2017/07/14 00:04:08 925] tts        442  local audiolen:  512  ,ced:  18  
[2017/07/14 00:04:08 925] tts        471  0  udata(84079588) 1  
[2017/07/14 00:04:08 926] tts        536  TTS_MSG_GETAUDIO  0  
[2017/07/14 00:04:08 927] tts        429  get audio|use local  
[2017/07/14 00:04:08 927] tts        442  local audiolen:  512  ,ced:  18  
[2017/07/14 00:04:08 927] tts        471  0  udata(8407ab98) 1  
[2017/07/14 00:04:08 928] tts        536  TTS_MSG_GETAUDIO  0  
[2017/07/14 00:04:08 928] tts        429  get audio|use local  
[2017/07/14 00:04:08 928] tts        442  local audiolen:  512  ,ced:  18  
[2017/07/14 00:04:08 928] tts        471  0  udata(84079b88) 1  
[2017/07/14 00:04:08 929] tts        536  TTS_MSG_GETAUDIO  0  
[2017/07/14 00:04:08 929] tts        429  get audio|use local  
[2017/07/14 00:04:08 929] tts        442  local audiolen:  512  ,ced:  18  
[2017/07/14 00:04:08 929] tts        471  0  udata(84079bd8) 1  
[2017/07/14 00:04:08 929] tts        536  TTS_MSG_GETAUDIO  0  
[2017/07/14 00:04:08 930] tts        429  get audio|use local  
[2017/07/14 00:04:08 930] tts        442  local audiolen:  512  ,ced:  18  
[2017/07/14 00:04:08 930] tts        471  0  udata(84079c28) 1  
[2017/07/14 00:04:08 930] tts        536  TTS_MSG_GETAUDIO  0  
[2017/07/14 00:04:08 930] tts        429  get audio|use local  
[2017/07/14 00:04:08 930] tts        442  local audiolen:  512  ,ced:  18  
[2017/07/14 00:04:08 931] tts        471  0  udata(8407acf8) 1  
[2017/07/14 00:04:08 931] tts        536  TTS_MSG_GETAUDIO  0  
[2017/07/14 00:04:08 931] tts        429  get audio|use local  
[2017/07/14 00:04:08 931] tts        442  local audiolen:  512  ,ced:  18  
[2017/07/14 00:04:08 931] tts        471  0  udata(8407b058) 1  
[2017/07/14 00:04:08 932] tts        536  TTS_MSG_GETAUDIO  0  
[2017/07/14 00:04:08 932] tts        429  get audio|use local  
[2017/07/14 00:04:08 934] tts        442  local audiolen:  512  ,ced:  18  
[2017/07/14 00:04:08 934] tts        471  0  udata(8407b158) 1  
[2017/07/14 00:04:08 935] tts        536  TTS_MSG_GETAUDIO  0  
[2017/07/14 00:04:08 936] tts        429  get audio|use local  
[2017/07/14 00:04:08 936] tts        442  local audiolen:  160  ,ced:  18  
[2017/07/14 00:04:08 936] tts        471  0  udata(8407bf98) 1  
[2017/07/14 00:04:08 936] tts        536  TTS_MSG_GETAUDIO  0  
[2017/07/14 00:04:08 936] tts        429  get audio|use local  
[2017/07/14 00:04:08 936] tts        442  local audiolen:  244  ,ced:  27  
[2017/07/14 00:04:08 936] tts        471  0  udata(84020ad8) 1  
[2017/07/14 00:04:08 937] tts        536  TTS_MSG_GETAUDIO  0  
[2017/07/14 00:04:08 937] tts        429  get audio|use local  
[2017/07/14 00:04:08 937] tts        442  local audiolen:  9884  ,ced:  27  
[2017/07/14 00:04:08 937] tts        471  0  udata(840209c8) 1  
[2017/07/14 00:04:08 937] tts        536  TTS_MSG_GETAUDIO  0  
[2017/07/14 00:04:08 937] tts        429  get audio|use local  
[2017/07/14 00:04:08 937] tts        442  local audiolen:  7908  ,ced:  27  
[2017/07/14 00:04:08 937] tts        471  0  udata(84020a18) 1  
[2017/07/14 00:04:08 938] tts        536  TTS_MSG_GETAUDIO  0  
[2017/07/14 00:04:08 938] tts        429  get audio|use local  
[2017/07/14 00:04:08 938] tts        442  local audiolen:  512  ,ced:  27  
[2017/07/14 00:04:08 938] tts        471  0  udata(84020f48) 1  
[2017/07/14 00:04:08 939] tts        536  TTS_MSG_GETAUDIO  0  
[2017/07/14 00:04:08 939] tts        429  get audio|use local  
[2017/07/14 00:04:08 939] tts        442  local audiolen:  512  ,ced:  27  
[2017/07/14 00:04:08 939] tts        471  0  udata(84020ff8) 1  
[2017/07/14 00:04:08 939] tts        536  TTS_MSG_GETAUDIO  0  
[2017/07/14 00:04:08 940] tts        429  get audio|use local  
[2017/07/14 00:04:08 940] tts        442  local audiolen:  512  ,ced:  27  
[2017/07/14 00:04:08 940] tts        471  0  udata(840211e8) 1  
[2017/07/14 00:04:08 940] tts        536  TTS_MSG_GETAUDIO  0  
[2017/07/14 00:04:08 940] tts        429  get audio|use local  
[2017/07/14 00:04:08 941] tts        442  local audiolen:  512  ,ced:  27  
[2017/07/14 00:04:08 941] tts        471  0  udata(84020d38) 1  
[2017/07/14 00:04:08 941] tts        536  TTS_MSG_GETAUDIO  0  
[2017/07/14 00:04:08 941] tts        429  get audio|use local  
[2017/07/14 00:04:08 941] tts        442  local audiolen:  512  ,ced:  27  
[2017/07/14 00:04:08 941] tts        471  0  udata(84020e28) 1  
[2017/07/14 00:04:08 942] tts        536  TTS_MSG_GETAUDIO  0  
[2017/07/14 00:04:08 942] tts        429  get audio|use local  
[2017/07/14 00:04:08 942] tts        442  local audiolen:  512  ,ced:  27  
[2017/07/14 00:04:08 942] tts        471  0  udata(84020ed8) 1  
[2017/07/14 00:04:08 943] tts        536  TTS_MSG_GETAUDIO  0  
[2017/07/14 00:04:08 943] tts        429  get audio|use local  
[2017/07/14 00:04:08 944] tts        442  local audiolen:  512  ,ced:  27  
[2017/07/14 00:04:08 944] tts        471  0  udata(84021648) 1  
[2017/07/14 00:04:08 944] tts        536  TTS_MSG_GETAUDIO  0  
[2017/07/14 00:04:08 944] tts        429  get audio|use local  
[2017/07/14 00:04:08 944] tts        442  local audiolen:  512  ,ced:  27  
[2017/07/14 00:04:08 944] tts        471  0  udata(840216f8) 1  
[2017/07/14 00:04:08 944] tts        536  TTS_MSG_GETAUDIO  0  
[2017/07/14 00:04:08 944] tts        429  get audio|use local  
[2017/07/14 00:04:08 944] tts        442  local audiolen:  512  ,ced:  27  
[2017/07/14 00:04:08 944] tts        471  0  udata(84021748) 1  
[2017/07/14 00:04:08 945] tts        536  TTS_MSG_GETAUDIO  0  
[2017/07/14 00:04:08 945] tts        429  get audio|use local  
[2017/07/14 00:04:08 945] tts        442  local audiolen:  512  ,ced:  27  
[2017/07/14 00:04:08 945] tts        471  0  udata(84021ab8) 1  
[2017/07/14 00:04:08 945] tts        536  TTS_MSG_GETAUDIO  0  
[2017/07/14 00:04:08 945] tts        429  get audio|use local  
[2017/07/14 00:04:08 945] tts        442  local audiolen:  512  ,ced:  27  
[2017/07/14 00:04:08 945] tts        471  0  udata(84021b08) 1  
[2017/07/14 00:04:08 945] tts        536  TTS_MSG_GETAUDIO  0  
[2017/07/14 00:04:08 945] tts        429  get audio|use local  
[2017/07/14 00:04:08 945] tts        442  local audiolen:  512  ,ced:  27  
[2017/07/14 00:04:08 945] tts        471  0  udata(84020a68) 1  
[2017/07/14 00:04:08 946] tts        536  TTS_MSG_GETAUDIO  0  
[2017/07/14 00:04:08 946] tts        429  get audio|use local  
[2017/07/14 00:04:08 946] tts        442  local audiolen:  512  ,ced:  27  
[2017/07/14 00:04:08 946] tts        471  0  udata(8407a3a8) 1  
[2017/07/14 00:04:08 947] tts        536  TTS_MSG_GETAUDIO  0  
[2017/07/14 00:04:08 947] tts        429  get audio|use local  
[2017/07/14 00:04:08 947] tts        442  local audiolen:  512  ,ced:  27  
[2017/07/14 00:04:08 947] tts        471  0  udata(8407a3f8) 1  
[2017/07/14 00:04:08 947] tts        536  TTS_MSG_GETAUDIO  0  
[2017/07/14 00:04:08 947] tts        429  get audio|use local  
[2017/07/14 00:04:08 947] tts        442  local audiolen:  512  ,ced:  27  
[2017/07/14 00:04:08 947] tts        471  0  udata(8407a448) 1  
[2017/07/14 00:04:08 949] tts        536  TTS_MSG_GETAUDIO  0  
[2017/07/14 00:04:08 949] tts        429  get audio|use local  
[2017/07/14 00:04:08 949] tts        442  local audiolen:  512  ,ced:  27  
[2017/07/14 00:04:08 949] tts        471  0  udata(8407a7a8) 1  
[2017/07/14 00:04:08 949] tts        536  TTS_MSG_GETAUDIO  0  
[2017/07/14 00:04:08 949] tts        429  get audio|use local  
[2017/07/14 00:04:08 949] tts        442  local audiolen:  512  ,ced:  27  
[2017/07/14 00:04:08 949] tts        471  0  udata(8407a498) 1  
[2017/07/14 00:04:08 950] tts        536  TTS_MSG_GETAUDIO  0  
[2017/07/14 00:04:08 950] tts        429  get audio|use local  
[2017/07/14 00:04:08 950] tts        442  local audiolen:  512  ,ced:  27  
[2017/07/14 00:04:08 950] tts        471  0  udata(8407a4e8) 1  
[2017/07/14 00:04:08 951] tts        536  TTS_MSG_GETAUDIO  0  
[2017/07/14 00:04:08 951] tts        429  get audio|use local  
[2017/07/14 00:04:08 951] tts        442  local audiolen:  160  ,ced:  27  
[2017/07/14 00:04:08 951] tts        471  0  udata(840213e8) 1  
[2017/07/14 00:04:08 952] tts        536  TTS_MSG_GETAUDIO  0  
[2017/07/14 00:04:08 952] tts        429  get audio|use local  
[2017/07/14 00:04:08 952] tts        442  local audiolen:  302  ,ced:  57  
[2017/07/14 00:04:08 952] tts        471  0  udata(84022718) 1  
[2017/07/14 00:04:08 952] tts        536  TTS_MSG_GETAUDIO  0  
[2017/07/14 00:04:08 952] tts        429  get audio|use local  
[2017/07/14 00:04:08 952] tts        442  local audiolen:  972  ,ced:  57  
[2017/07/14 00:04:08 952] tts        471  0  udata(84022ba8) 1  
[2017/07/14 00:04:08 952] tts        536  TTS_MSG_GETAUDIO  0  
[2017/07/14 00:04:08 953] tts        429  get audio|use local  
[2017/07/14 00:04:08 953] tts        442  local audiolen:  7628  ,ced:  57  
[2017/07/14 00:04:08 953] tts        471  0  udata(84021438) 1  
[2017/07/14 00:04:08 953] tts        536  TTS_MSG_GETAUDIO  0  
[2017/07/14 00:04:08 953] tts        429  get audio|use local  
[2017/07/14 00:04:08 953] tts        442  local audiolen:  4282  ,ced:  57  
[2017/07/14 00:04:08 953] tts        471  0  udata(840228c8) 1  
[2017/07/14 00:04:08 954] tts        536  TTS_MSG_GETAUDIO  0  
[2017/07/14 00:04:08 954] tts        429  get audio|use local  
[2017/07/14 00:04:08 954] tts        442  local audiolen:  7110  ,ced:  57  
[2017/07/14 00:04:08 954] tts        471  0  udata(84022b18) 1  
[2017/07/14 00:04:08 956] tts        536  TTS_MSG_GETAUDIO  0  
[2017/07/14 00:04:08 956] tts        429  get audio|use local  
[2017/07/14 00:04:08 956] tts        442  local audiolen:  3632  ,ced:  57  
[2017/07/14 00:04:08 956] tts        471  0  udata(84023a38) 1  
[2017/07/14 00:04:08 956] tts        536  TTS_MSG_GETAUDIO  0  
[2017/07/14 00:04:08 956] tts        429  get audio|use local  
[2017/07/14 00:04:08 957] tts        442  local audiolen:  7226  ,ced:  57  
[2017/07/14 00:04:08 957] tts        471  0  udata(84022bf8) 1  
[2017/07/14 00:04:08 958] tts        536  TTS_MSG_GETAUDIO  0  
[2017/07/14 00:04:08 958] tts        429  get audio|use local  
[2017/07/14 00:04:08 958] tts        442  local audiolen:  9160  ,ced:  57  
[2017/07/14 00:04:08 958] tts        471  0  udata(84026068) 1  
[2017/07/14 00:04:08 958] tts        536  TTS_MSG_GETAUDIO  0  
[2017/07/14 00:04:08 958] tts        429  get audio|use local  
[2017/07/14 00:04:08 958] tts        442  local audiolen:  6982  ,ced:  57  
[2017/07/14 00:04:08 958] tts        471  0  udata(840238f8) 1  
[2017/07/14 00:04:08 959] tts        536  TTS_MSG_GETAUDIO  0  
[2017/07/14 00:04:08 959] tts        429  get audio|use local  
[2017/07/14 00:04:08 959] tts        442  local audiolen:  8976  ,ced:  57  
[2017/07/14 00:04:08 959] tts        471  0  udata(84025fa8) 1  
[2017/07/14 00:04:08 959] tts        536  TTS_MSG_GETAUDIO  0  
[2017/07/14 00:04:08 959] tts        429  get audio|use local  
[2017/07/14 00:04:08 959] tts        442  local audiolen:  7678  ,ced:  57  
[2017/07/14 00:04:08 959] tts        471  0  udata(84025ff8) 1  
[2017/07/14 00:04:08 959] tts        536  TTS_MSG_GETAUDIO  0  
[2017/07/14 00:04:08 959] tts        429  get audio|use local  
[2017/07/14 00:04:08 959] tts        442  local audiolen:  3576  ,ced:  57  
[2017/07/14 00:04:08 959] tts        471  0  udata(84023948) 1  
[2017/07/14 00:04:08 960] tts        536  TTS_MSG_GETAUDIO  0  
[2017/07/14 00:04:08 960] tts        429  get audio|use local  
[2017/07/14 00:04:08 960] tts        442  local audiolen:  512  ,ced:  57  
[2017/07/14 00:04:08 960] tts        471  0  udata(84021d68) 1  
[2017/07/14 00:04:08 960] tts        536  TTS_MSG_GETAUDIO  0  
[2017/07/14 00:04:08 960] tts        429  get audio|use local  
[2017/07/14 00:04:08 960] tts        442  local audiolen:  512  ,ced:  57  
[2017/07/14 00:04:08 960] tts        471  0  udata(84021db8) 1  
[2017/07/14 00:04:08 960] tts        536  TTS_MSG_GETAUDIO  0  
[2017/07/14 00:04:08 960] tts        429  get audio|use local  
[2017/07/14 00:04:08 960] tts        442  local audiolen:  512  ,ced:  57  
[2017/07/14 00:04:08 960] tts        471  0  udata(84021e08) 1  
[2017/07/14 00:04:08 961] tts        536  TTS_MSG_GETAUDIO  0  
[2017/07/14 00:04:08 961] tts        429  get audio|use local  
[2017/07/14 00:04:08 961] tts        442  local audiolen:  512  ,ced:  57  
[2017/07/14 00:04:08 962] tts        471  0  udata(84021e58) 1  
[2017/07/14 00:04:08 962] tts        536  TTS_MSG_GETAUDIO  0  
[2017/07/14 00:04:08 962] tts        429  get audio|use local  
[2017/07/14 00:04:08 963] tts        442  local audiolen:  512  ,ced:  57  
[2017/07/14 00:04:08 963] tts        471  0  udata(84021ea8) 1  
[2017/07/14 00:04:08 963] tts        536  TTS_MSG_GETAUDIO  0  
[2017/07/14 00:04:08 963] tts        429  get audio|use local  
[2017/07/14 00:04:08 963] tts        442  local audiolen:  512  ,ced:  57  
[2017/07/14 00:04:08 963] tts        471  0  udata(84021ef8) 1  
[2017/07/14 00:04:08 964] tts        536  TTS_MSG_GETAUDIO  0  
[2017/07/14 00:04:08 964] tts        429  get audio|use local  
[2017/07/14 00:04:08 964] tts        442  local audiolen:  512  ,ced:  57  
[2017/07/14 00:04:08 964] tts        471  0  udata(84021f48) 1  
[2017/07/14 00:04:08 964] tts        536  TTS_MSG_GETAUDIO  0  
[2017/07/14 00:04:08 964] tts        429  get audio|use local  
[2017/07/14 00:04:08 964] tts        442  local audiolen:  512  ,ced:  57  
[2017/07/14 00:04:08 964] tts        471  0  udata(840260b8) 1  
[2017/07/14 00:04:08 965] tts        536  TTS_MSG_GETAUDIO  0  
[2017/07/14 00:04:08 965] tts        429  get audio|use local  
[2017/07/14 00:04:08 965] tts        442  local audiolen:  512  ,ced:  57  
[2017/07/14 00:04:08 965] tts        471  0  udata(84026108) 1  
[2017/07/14 00:04:08 965] tts        536  TTS_MSG_GETAUDIO  0  
[2017/07/14 00:04:08 965] tts        429  get audio|use local  
[2017/07/14 00:04:08 965] tts        442  local audiolen:  512  ,ced:  57  
[2017/07/14 00:04:08 965] tts        471  0  udata(84026158) 1  
[2017/07/14 00:04:08 966] tts        536  TTS_MSG_GETAUDIO  0  
[2017/07/14 00:04:08 966] tts        429  get audio|use local  
[2017/07/14 00:04:08 966] tts        442  local audiolen:  512  ,ced:  57  
[2017/07/14 00:04:08 966] tts        471  0  udata(840261a8) 1  
[2017/07/14 00:04:08 966] tts        536  TTS_MSG_GETAUDIO  0  
[2017/07/14 00:04:08 966] tts        429  get audio|use local  
[2017/07/14 00:04:08 966] tts        442  local audiolen:  512  ,ced:  57  
[2017/07/14 00:04:08 967] tts        471  0  udata(84021b58) 1  
[2017/07/14 00:04:08 967] tts        536  TTS_MSG_GETAUDIO  0  
[2017/07/14 00:04:08 967] tts        429  get audio|use local  
[2017/07/14 00:04:08 967] tts        442  local audiolen:  512  ,ced:  57  
[2017/07/14 00:04:08 968] tts        471  0  udata(84026558) 1  
[2017/07/14 00:04:08 968] tts        536  TTS_MSG_GETAUDIO  0  
[2017/07/14 00:04:08 968] tts        429  get audio|use local  
[2017/07/14 00:04:08 968] tts        442  local audiolen:  512  ,ced:  57  
[2017/07/14 00:04:08 968] tts        471  0  udata(840231f8) 1  
[2017/07/14 00:04:08 969] tts        536  TTS_MSG_GETAUDIO  0  
[2017/07/14 00:04:08 969] tts        429  get audio|use local  
[2017/07/14 00:04:08 969] tts        442  local audiolen:  512  ,ced:  57  
[2017/07/14 00:04:08 970] tts        471  0  udata(840232a8) 1  
[2017/07/14 00:04:08 971] tts        536  TTS_MSG_GETAUDIO  0  
[2017/07/14 00:04:08 971] tts        429  get audio|use local  
[2017/07/14 00:04:08 971] tts        442  local audiolen:  512  ,ced:  57  
[2017/07/14 00:04:08 971] tts        471  0  udata(84023898) 1  
[2017/07/14 00:04:08 971] tts        536  TTS_MSG_GETAUDIO  0  
[2017/07/14 00:04:08 971] tts        429  get audio|use local  
[2017/07/14 00:04:08 971] tts        442  local audiolen:  512  ,ced:  57  
[2017/07/14 00:04:08 971] tts        471  0  udata(840261f8) 1  
[2017/07/14 00:04:08 972] tts        536  TTS_MSG_GETAUDIO  0  
[2017/07/14 00:04:08 972] tts        429  get audio|use local  
[2017/07/14 00:04:08 972] tts        442  local audiolen:  512  ,ced:  57  
[2017/07/14 00:04:08 972] tts        471  0  udata(84026248) 1  
[2017/07/14 00:04:08 974] tts        536  TTS_MSG_GETAUDIO  0  
[2017/07/14 00:04:08 974] tts        429  get audio|use local  
[2017/07/14 00:04:08 974] tts        442  local audiolen:  160  ,ced:  57  
[2017/07/14 00:04:08 974] tts        471  0  udata(84024f48) 1  
[2017/07/14 00:04:08 975] tts        536  TTS_MSG_GETAUDIO  0  
[2017/07/14 00:04:08 975] tts        429  get audio|use local  
[2017/07/14 00:04:08 975] tts        442  local audiolen:  286  ,ced:  73  
[2017/07/14 00:04:08 975] tts        471  0  udata(84025a38) 1  
[2017/07/14 00:04:08 975] tts        536  TTS_MSG_GETAUDIO  0  
[2017/07/14 00:04:08 975] tts        429  get audio|use local  
[2017/07/14 00:04:08 975] tts        442  local audiolen:  1392  ,ced:  73  
[2017/07/14 00:04:08 975] tts        471  0  udata(84024e98) 1  
[2017/07/14 00:04:08 976] tts        536  TTS_MSG_GETAUDIO  0  
[2017/07/14 00:04:08 976] tts        429  get audio|use local  
[2017/07/14 00:04:08 976] tts        442  local audiolen:  9008  ,ced:  73  
[2017/07/14 00:04:08 976] tts        471  0  udata(84024ee8) 1  
[2017/07/14 00:04:08 977] tts        536  TTS_MSG_GETAUDIO  0  
[2017/07/14 00:04:08 977] tts        429  get audio|use local  
[2017/07/14 00:04:08 977] tts        442  local audiolen:  4462  ,ced:  73  
[2017/07/14 00:04:08 977] tts        471  0  udata(84025e88) 1  
[2017/07/14 00:04:08 977] tts        536  TTS_MSG_GETAUDIO  0  
[2017/07/14 00:04:08 977] tts        429  get audio|use local  
[2017/07/14 00:04:08 977] tts        442  local audiolen:  6282  ,ced:  73  
[2017/07/14 00:04:08 977] tts        471  0  udata(84025ed8) 1  
[2017/07/14 00:04:08 977] tts        536  TTS_MSG_GETAUDIO  0  
[2017/07/14 00:04:08 977] tts        429  get audio|use local  
[2017/07/14 00:04:08 977] tts        442  local audiolen:  11036  ,ced:  73  
[2017/07/14 00:04:08 977] tts        471  0  udata(84025f28) 1  
[2017/07/14 00:04:08 978] tts        536  TTS_MSG_GETAUDIO  0  
[2017/07/14 00:04:08 978] tts        429  get audio|use local  
[2017/07/14 00:04:08 978] tts        442  local audiolen:  512  ,ced:  73  
[2017/07/14 00:04:08 978] tts        471  0  udata(840271d8) 1  
[2017/07/14 00:04:08 978] tts        536  TTS_MSG_GETAUDIO  0  
[2017/07/14 00:04:08 978] tts        429  get audio|use local  
[2017/07/14 00:04:08 978] tts        442  local audiolen:  512  ,ced:  73  
[2017/07/14 00:04:08 978] tts        471  0  udata(84027228) 1  
[2017/07/14 00:04:08 978] tts        536  TTS_MSG_GETAUDIO  0  
[2017/07/14 00:04:08 978] tts        429  get audio|use local  
[2017/07/14 00:04:08 978] tts        442  local audiolen:  512  ,ced:  73  
[2017/07/14 00:04:08 978] tts        471  0  udata(84027278) 1  
[2017/07/14 00:04:08 978] tts        536  TTS_MSG_GETAUDIO  0  
[2017/07/14 00:04:08 978] tts        429  get audio|use local  
[2017/07/14 00:04:08 978] tts        442  local audiolen:  512  ,ced:  73  
[2017/07/14 00:04:08 978] tts        471  0  udata(840272c8) 1  
[2017/07/14 00:04:08 979] tts        536  TTS_MSG_GETAUDIO  0  
[2017/07/14 00:04:08 979] tts        429  get audio|use local  
[2017/07/14 00:04:08 979] tts        442  local audiolen:  512  ,ced:  73  
[2017/07/14 00:04:08 979] tts        471  0  udata(84027318) 1  
[2017/07/14 00:04:08 979] tts        536  TTS_MSG_GETAUDIO  0  
[2017/07/14 00:04:08 979] tts        429  get audio|use local  
[2017/07/14 00:04:08 979] tts        442  local audiolen:  512  ,ced:  73  
[2017/07/14 00:04:08 979] tts        471  0  udata(84027368) 1  
[2017/07/14 00:04:08 979] tts        536  TTS_MSG_GETAUDIO  0  
[2017/07/14 00:04:08 979] tts        429  get audio|use local  
[2017/07/14 00:04:08 979] tts        442  local audiolen:  512  ,ced:  73  
[2017/07/14 00:04:08 979] tts        471  0  udata(840273b8) 1  
[2017/07/14 00:04:08 979] tts        536  TTS_MSG_GETAUDIO  0  
[2017/07/14 00:04:08 979] tts        429  get audio|use local  
[2017/07/14 00:04:08 979] tts        442  local audiolen:  512  ,ced:  73  
[2017/07/14 00:04:08 980] tts        471  0  udata(84027408) 1  
[2017/07/14 00:04:08 980] tts        536  TTS_MSG_GETAUDIO  0  
[2017/07/14 00:04:08 980] tts        429  get audio|use local  
[2017/07/14 00:04:08 980] tts        442  local audiolen:  512  ,ced:  73  
[2017/07/14 00:04:08 980] tts        471  0  udata(84026fc8) 1  
[2017/07/14 00:04:08 980] tts        536  TTS_MSG_GETAUDIO  0  
[2017/07/14 00:04:08 980] tts        429  get audio|use local  
[2017/07/14 00:04:08 980] tts        442  local audiolen:  512  ,ced:  73  
[2017/07/14 00:04:08 980] tts        471  0  udata(84027018) 1  
[2017/07/14 00:04:08 980] tts        536  TTS_MSG_GETAUDIO  0  
[2017/07/14 00:04:08 980] tts        429  get audio|use local  
[2017/07/14 00:04:08 980] tts        442  local audiolen:  512  ,ced:  73  
[2017/07/14 00:04:08 980] tts        471  0  udata(84027068) 1  
[2017/07/14 00:04:08 980] tts        536  TTS_MSG_GETAUDIO  0  
[2017/07/14 00:04:08 980] tts        429  get audio|use local  
[2017/07/14 00:04:08 981] tts        442  local audiolen:  512  ,ced:  73  
[2017/07/14 00:04:08 981] tts        471  0  udata(840270b8) 1  
[2017/07/14 00:04:08 981] tts        536  TTS_MSG_GETAUDIO  0  
[2017/07/14 00:04:08 981] tts        429  get audio|use local  
[2017/07/14 00:04:08 981] tts        442  local audiolen:  512  ,ced:  73  
[2017/07/14 00:04:08 981] tts        471  0  udata(84027108) 1  
[2017/07/14 00:04:08 981] tts        536  TTS_MSG_GETAUDIO  0  
[2017/07/14 00:04:08 981] tts        429  get audio|use local  
[2017/07/14 00:04:08 981] tts        442  local audiolen:  512  ,ced:  73  
[2017/07/14 00:04:08 981] tts        471  0  udata(84027158) 1  
[2017/07/14 00:04:08 981] tts        536  TTS_MSG_GETAUDIO  0  
[2017/07/14 00:04:08 982] tts        429  get audio|use local  
[2017/07/14 00:04:08 982] tts        442  local audiolen:  512  ,ced:  73  
[2017/07/14 00:04:08 982] tts        471  0  udata(84027768) 1  
[2017/07/14 00:04:08 982] tts        536  TTS_MSG_GETAUDIO  0  
[2017/07/14 00:04:08 982] tts        429  get audio|use local  
[2017/07/14 00:04:08 982] tts        442  local audiolen:  512  ,ced:  73  
[2017/07/14 00:04:08 982] tts        471  0  udata(84027458) 1  
[2017/07/14 00:04:08 982] tts        536  TTS_MSG_GETAUDIO  0  
[2017/07/14 00:04:08 982] tts        429  get audio|use local  
[2017/07/14 00:04:08 982] tts        442  local audiolen:  512  ,ced:  73  
[2017/07/14 00:04:08 982] tts        471  0  udata(840274a8) 1  
[2017/07/14 00:04:08 982] tts        536  TTS_MSG_GETAUDIO  0  
[2017/07/14 00:04:08 982] tts        429  get audio|use local  
[2017/07/14 00:04:08 982] tts        442  local audiolen:  512  ,ced:  73  
[2017/07/14 00:04:08 982] tts        471  0  udata(840274f8) 1  
[2017/07/14 00:04:08 983] tts        536  TTS_MSG_GETAUDIO  0  
[2017/07/14 00:04:08 983] tts        429  get audio|use local  
[2017/07/14 00:04:08 983] tts        442  local audiolen:  160  ,ced:  73  
[2017/07/14 00:04:08 983] tts        471  0  udata(840275f8) 1  
[2017/07/14 00:04:08 983] tts        536  TTS_MSG_GETAUDIO  0  
[2017/07/14 00:04:08 983] tts        429  get audio|use local  
[2017/07/14 00:04:08 983] tts        442  local audiolen:  300  ,ced:  116  
[2017/07/14 00:04:08 983] tts        471  0  udata(840278f8) 1  
[2017/07/14 00:04:08 983] tts        536  TTS_MSG_GETAUDIO  0  
[2017/07/14 00:04:08 983] tts        429  get audio|use local  
[2017/07/14 00:04:08 983] tts        442  local audiolen:  3320  ,ced:  116  
[2017/07/14 00:04:08 983] tts        471  0  udata(84027948) 1  
[2017/07/14 00:04:08 984] tts        536  TTS_MSG_GETAUDIO  0  
[2017/07/14 00:04:08 984] tts        429  get audio|use local  
[2017/07/14 00:04:08 984] tts        442  local audiolen:  12700  ,ced:  116  
[2017/07/14 00:04:08 984] tts        471  0  udata(84027808) 1  
[2017/07/14 00:04:08 984] tts        536  TTS_MSG_GETAUDIO  0  
[2017/07/14 00:04:08 984] tts        429  get audio|use local  
[2017/07/14 00:04:08 984] tts        442  local audiolen:  14004  ,ced:  116  
[2017/07/14 00:04:08 984] tts        471  0  udata(84027858) 1  
[2017/07/14 00:04:08 984] tts        536  TTS_MSG_GETAUDIO  0  
[2017/07/14 00:04:08 984] tts        429  get audio|use local  
[2017/07/14 00:04:08 984] tts        442  local audiolen:  3070  ,ced:  116  
[2017/07/14 00:04:08 984] tts        471  0  udata(840278a8) 1  
[2017/07/14 00:04:08 985] tts        536  TTS_MSG_GETAUDIO  0  
[2017/07/14 00:04:08 985] tts        429  get audio|use local  
[2017/07/14 00:04:08 985] tts        442  local audiolen:  6616  ,ced:  116  
[2017/07/14 00:04:08 985] tts        471  0  udata(84027ac8) 1  
[2017/07/14 00:04:08 985] tts        536  TTS_MSG_GETAUDIO  0  
[2017/07/14 00:04:08 985] tts        429  get audio|use local  
[2017/07/14 00:04:08 985] tts        442  local audiolen:  11918  ,ced:  116  
[2017/07/14 00:04:08 985] tts        471  0  udata(84027b18) 1  
[2017/07/14 00:04:08 985] tts        536  TTS_MSG_GETAUDIO  0  
[2017/07/14 00:04:08 985] tts        429  get audio|use local  
[2017/07/14 00:04:08 985] tts        442  local audiolen:  7666  ,ced:  116  
[2017/07/14 00:04:08 985] tts        471  0  udata(84027b68) 1  
[2017/07/14 00:04:08 985] tts        536  TTS_MSG_GETAUDIO  0  
[2017/07/14 00:04:08 985] tts        429  get audio|use local  
[2017/07/14 00:04:08 985] tts        442  local audiolen:  8724  ,ced:  116  
[2017/07/14 00:04:08 985] tts        471  0  udata(84027bb8) 1  
[2017/07/14 00:04:08 986] tts        536  TTS_MSG_GETAUDIO  0  
[2017/07/14 00:04:08 986] tts        429  get audio|use local  
[2017/07/14 00:04:08 986] tts        442  local audiolen:  7102  ,ced:  116  
[2017/07/14 00:04:08 986] tts        471  0  udata(84027c08) 1  
[2017/07/14 00:04:08 986] tts        536  TTS_MSG_GETAUDIO  0  
[2017/07/14 00:04:08 986] tts        429  get audio|use local  
[2017/07/14 00:04:08 986] tts        471  0  nil  1  
[2017/07/14 00:04:08 986] tts        536  TTS_MSG_GETAUDIO  0  
[2017/07/14 00:04:08 986] tts        429  get audio|use local  
[2017/07/14 00:04:08 986] tts        471  0  nil  1  
[2017/07/14 00:04:08 986] tts        536  TTS_MSG_GETAUDIO  0  
[2017/07/14 00:04:08 986] tts        429  get audio|use local  
[2017/07/14 00:04:08 986] tts        471  0  nil  1  
[2017/07/14 00:04:08 986] tts        536  TTS_MSG_GETAUDIO  0  
[2017/07/14 00:04:08 986] tts        429  get audio|use local  
[2017/07/14 00:04:08 986] tts        471  0  nil  1  
[2017/07/14 00:04:08 987] tts        536  TTS_MSG_GETAUDIO  0  
[2017/07/14 00:04:08 987] tts        429  get audio|use local  
[2017/07/14 00:04:08 987] tts        471  0  nil  1  
[2017/07/14 00:04:08 987] tts        536  TTS_MSG_GETAUDIO  0  
[2017/07/14 00:04:08 987] tts        429  get audio|use local  
[2017/07/14 00:04:08 987] tts        442  local audiolen:  7910  ,ced:  116  
[2017/07/14 00:04:08 987] tts        471  0  udata(84027d58) 1  
[2017/07/14 00:04:08 987] tts        536  TTS_MSG_GETAUDIO  0  
[2017/07/14 00:04:08 987] tts        429  get audio|use local  
[2017/07/14 00:04:08 987] tts        471  0  nil  1  
[2017/07/14 00:04:08 988] tts        536  TTS_MSG_GETAUDIO  0  
[2017/07/14 00:04:08 988] tts        429  get audio|use local  
[2017/07/14 00:04:08 988] tts        471  0  nil  1  
[2017/07/14 00:04:08 988] tts        536  TTS_MSG_GETAUDIO  0  
[2017/07/14 00:04:08 988] tts        429  get audio|use local  
[2017/07/14 00:04:08 988] tts        442  local audiolen:  6998  ,ced:  116  
[2017/07/14 00:04:08 988] tts        471  0  udata(84027ea8) 1  
[2017/07/14 00:04:08 988] tts        536  TTS_MSG_GETAUDIO  0  
[2017/07/14 00:04:08 988] tts        429  get audio|use local  
[2017/07/14 00:04:08 988] tts        471  0  nil  1  
[2017/07/14 00:04:08 989] tts        536  TTS_MSG_GETAUDIO  0  
[2017/07/14 00:04:08 989] tts        429  get audio|use local  
[2017/07/14 00:04:08 989] tts        471  0  nil  1  
[2017/07/14 00:04:08 989] tts        536  TTS_MSG_GETAUDIO  0  
[2017/07/14 00:04:08 989] tts        429  get audio|use local  
[2017/07/14 00:04:08 989] tts        442  local audiolen:  7268  ,ced:  116  
[2017/07/14 00:04:08 989] tts        471  0  udata(84027ff8) 1  
[2017/07/14 00:04:08 990] tts        536  TTS_MSG_GETAUDIO  0  
[2017/07/14 00:04:08 990] tts        429  get audio|use local  
[2017/07/14 00:04:08 990] tts        471  0  nil  1  
[2017/07/14 00:04:08 990] tts        536  TTS_MSG_GETAUDIO  0  
[2017/07/14 00:04:08 990] tts        429  get audio|use local  
[2017/07/14 00:04:08 990] tts        442  local audiolen:  512  ,ced:  116  
[2017/07/14 00:04:08 990] tts        471  0  udata(84028358) 1  
[2017/07/14 00:04:08 991] tts        536  TTS_MSG_GETAUDIO  0  
[2017/07/14 00:04:08 991] tts        429  get audio|use local  
[2017/07/14 00:04:08 991] tts        442  local audiolen:  512  ,ced:  116  
[2017/07/14 00:04:08 991] tts        471  0  udata(840284a8) 1  
[2017/07/14 00:04:08 992] tts        536  TTS_MSG_GETAUDIO  0  
[2017/07/14 00:04:08 992] tts        429  get audio|use local  
[2017/07/14 00:04:08 992] tts        471  0  nil  1  
[2017/07/14 00:04:08 994] tts        536  TTS_MSG_GETAUDIO  0  
[2017/07/14 00:04:08 994] tts        429  get audio|use local  
[2017/07/14 00:04:08 994] tts        442  local audiolen:  512  ,ced:  116  
[2017/07/14 00:04:08 994] tts        471  0  udata(84028a28) 1  
[2017/07/14 00:04:08 995] tts        536  TTS_MSG_GETAUDIO  0  
[2017/07/14 00:04:08 995] tts        429  get audio|use local  
[2017/07/14 00:04:08 995] tts        442  local audiolen:  512  ,ced:  116  
[2017/07/14 00:04:08 995] tts        471  0  udata(84028e78) 1  
[2017/07/14 00:04:08 996] tts        536  TTS_MSG_GETAUDIO  0  
[2017/07/14 00:04:08 996] tts        429  get audio|use local  
[2017/07/14 00:04:08 996] tts        442  local audiolen:  512  ,ced:  116  
[2017/07/14 00:04:08 996] tts        471  0  udata(84028fc8) 1  
[2017/07/14 00:04:08 996] tts        536  TTS_MSG_GETAUDIO  0  
[2017/07/14 00:04:08 996] tts        429  get audio|use local  
[2017/07/14 00:04:08 996] tts        442  local audiolen:  512  ,ced:  116  
[2017/07/14 00:04:08 996] tts        471  0  udata(84029218) 1  
[2017/07/14 00:04:08 997] tts        536  TTS_MSG_GETAUDIO  0  
[2017/07/14 00:04:08 997] tts        429  get audio|use local  
[2017/07/14 00:04:08 997] tts        442  local audiolen:  512  ,ced:  116  
[2017/07/14 00:04:08 997] tts        471  0  udata(84026908) 1  
[2017/07/14 00:04:08 998] tts        536  TTS_MSG_GETAUDIO  0  
[2017/07/14 00:04:08 998] tts        429  get audio|use local  
[2017/07/14 00:04:08 998] tts        442  local audiolen:  512  ,ced:  116  
[2017/07/14 00:04:08 998] tts        471  0  udata(84026cc8) 1  
[2017/07/14 00:04:08 998] tts        536  TTS_MSG_GETAUDIO  0  
[2017/07/14 00:04:08 998] tts        429  get audio|use local  
[2017/07/14 00:04:08 998] tts        442  local audiolen:  512  ,ced:  116  
[2017/07/14 00:04:08 998] tts        471  0  udata(84026e18) 1  
[2017/07/14 00:04:08 999] tts        536  TTS_MSG_GETAUDIO  0  
[2017/07/14 00:04:08 999] tts        429  get audio|use local  
[2017/07/14 00:04:08 999] tts        442  local audiolen:  512  ,ced:  116  
[2017/07/14 00:04:08 999] tts        471  0  udata(84026ec8) 1  
[2017/07/14 00:04:08 999] tts        536  TTS_MSG_GETAUDIO  0  
[2017/07/14 00:04:08 999] tts        429  get audio|use local  
[2017/07/14 00:04:08 999] tts        442  local audiolen:  512  ,ced:  116  
[2017/07/14 00:04:08 999] tts        471  0  udata(84026f18) 1  
[2017/07/14 00:04:08 999] tts        536  TTS_MSG_GETAUDIO  0  
[2017/07/14 00:04:08 999] tts        429  get audio|use local  
[2017/07/14 00:04:08 999] tts        442  local audiolen:  512  ,ced:  116  
[2017/07/14 00:04:08 999] tts        471  0  udata(84026f68) 1  
[2017/07/14 00:04:08 999] tts        536  TTS_MSG_GETAUDIO  0  
[2017/07/14 00:04:08 999] tts        429  get audio|use local  
[2017/07/14 00:04:08 999] tts        442  local audiolen:  512  ,ced:  116  
[2017/07/14 00:04:09 000] tts        471  0  udata(84028818) 1  
[2017/07/14 00:04:09 000] tts        536  TTS_MSG_GETAUDIO  0  
[2017/07/14 00:04:09 000] tts        429  get audio|use local  
[2017/07/14 00:04:09 000] tts        442  local audiolen:  512  ,ced:  116  
[2017/07/14 00:04:09 000] tts        471  0  udata(84028868) 1  
[2017/07/14 00:04:09 000] tts        536  TTS_MSG_GETAUDIO  0  
[2017/07/14 00:04:09 000] tts        429  get audio|use local  
[2017/07/14 00:04:09 000] tts        442  local audiolen:  512  ,ced:  116  
[2017/07/14 00:04:09 000] tts        471  0  udata(840288b8) 1  
[2017/07/14 00:04:09 000] tts        536  TTS_MSG_GETAUDIO  0  
[2017/07/14 00:04:09 000] tts        429  get audio|use local  
[2017/07/14 00:04:09 000] tts        442  local audiolen:  512  ,ced:  116  
[2017/07/14 00:04:09 000] tts        471  0  udata(84028908) 1  
[2017/07/14 00:04:09 000] tts        536  TTS_MSG_GETAUDIO  0  
[2017/07/14 00:04:09 000] tts        429  get audio|use local  
[2017/07/14 00:04:09 001] tts        442  local audiolen:  512  ,ced:  116  
[2017/07/14 00:04:09 001] tts        471  0  udata(84028958) 1  
[2017/07/14 00:04:09 001] tts        536  TTS_MSG_GETAUDIO  0  
[2017/07/14 00:04:09 001] tts        429  get audio|use local  
[2017/07/14 00:04:09 001] tts        442  local audiolen:  512  ,ced:  116  
[2017/07/14 00:04:09 001] tts        471  0  udata(840289a8) 1  
[2017/07/14 00:04:09 001] tts        536  TTS_MSG_GETAUDIO  0  
[2017/07/14 00:04:09 001] tts        429  get audio|use local  
[2017/07/14 00:04:09 001] tts        442  local audiolen:  160  ,ced:  116  
[2017/07/14 00:04:09 001] tts        471  0  udata(8402a608) 1  
[2017/07/14 00:04:09 001] tts        536  TTS_MSG_GETAUDIO  0  
[2017/07/14 00:04:09 001] tts        429  get audio|use local  
[2017/07/14 00:04:09 001] tts        442  local audiolen:  300  ,ced:  143  
[2017/07/14 00:04:09 001] tts        471  0  udata(8402aa58) 1  
[2017/07/14 00:04:09 002] tts        536  TTS_MSG_GETAUDIO  0  
[2017/07/14 00:04:09 002] tts        429  get audio|use local  
[2017/07/14 00:04:09 002] tts        442  local audiolen:  634  ,ced:  143  
[2017/07/14 00:04:09 002] tts        471  0  udata(8402ad38) 1  
[2017/07/14 00:04:09 002] tts        536  TTS_MSG_GETAUDIO  0  
[2017/07/14 00:04:09 002] tts        429  get audio|use local  
[2017/07/14 00:04:09 002] tts        442  local audiolen:  7202  ,ced:  143  
[2017/07/14 00:04:09 002] tts        471  0  udata(84026e68) 1  
[2017/07/14 00:04:09 002] tts        536  TTS_MSG_GETAUDIO  0  
[2017/07/14 00:04:09 002] tts        429  get audio|use local  
[2017/07/14 00:04:09 002] tts        442  local audiolen:  13316  ,ced:  143  
[2017/07/14 00:04:09 002] tts        471  0  udata(84026958) 1  
[2017/07/14 00:04:09 003] tts        536  TTS_MSG_GETAUDIO  0  
[2017/07/14 00:04:09 003] tts        429  get audio|use local  
[2017/07/14 00:04:09 003] tts        442  local audiolen:  7630  ,ced:  143  
[2017/07/14 00:04:09 003] tts        471  0  udata(8402a658) 1  
[2017/07/14 00:04:09 003] tts        536  TTS_MSG_GETAUDIO  0  
[2017/07/14 00:04:09 003] tts        429  get audio|use local  
[2017/07/14 00:04:09 003] tts        471  0  nil  1  
[2017/07/14 00:04:09 003] tts        536  TTS_MSG_GETAUDIO  0  
[2017/07/14 00:04:09 003] tts        429  get audio|use local  
[2017/07/14 00:04:09 003] tts        471  0  nil  1  
[2017/07/14 00:04:09 004] tts        536  TTS_MSG_GETAUDIO  0  
[2017/07/14 00:04:09 004] tts        429  get audio|use local  
[2017/07/14 00:04:09 004] tts        471  0  nil  1  
[2017/07/14 00:04:09 004] tts        536  TTS_MSG_GETAUDIO  0  
[2017/07/14 00:04:09 004] tts        429  get audio|use local  
[2017/07/14 00:04:09 004] tts        471  0  nil  1  
[2017/07/14 00:04:09 005] tts        536  TTS_MSG_GETAUDIO  0  
[2017/07/14 00:04:09 005] tts        429  get audio|use local  
[2017/07/14 00:04:09 005] tts        442  local audiolen:  9120  ,ced:  143  
[2017/07/14 00:04:09 005] tts        471  0  udata(8402aaa8) 1  
[2017/07/14 00:04:09 005] tts        536  TTS_MSG_GETAUDIO  0  
[2017/07/14 00:04:09 005] tts        429  get audio|use local  
[2017/07/14 00:04:09 005] tts        471  0  nil  1  
[2017/07/14 00:04:09 005] tts        536  TTS_MSG_GETAUDIO  0  
[2017/07/14 00:04:09 005] tts        429  get audio|use local  
[2017/07/14 00:04:09 005] tts        471  0  nil  1  
[2017/07/14 00:04:09 006] tts        536  TTS_MSG_GETAUDIO  0  
[2017/07/14 00:04:09 006] tts        429  get audio|use local  
[2017/07/14 00:04:09 006] tts        442  local audiolen:  5372  ,ced:  143  
[2017/07/14 00:04:09 006] tts        471  0  udata(8402abf8) 1  
[2017/07/14 00:04:09 006] tts        536  TTS_MSG_GETAUDIO  0  
[2017/07/14 00:04:09 006] tts        429  get audio|use local  
[2017/07/14 00:04:09 006] tts        471  0  nil  1  
[2017/07/14 00:04:09 006] tts        536  TTS_MSG_GETAUDIO  0  
[2017/07/14 00:04:09 006] tts        429  get audio|use local  
[2017/07/14 00:04:09 006] tts        471  0  nil  1  
[2017/07/14 00:04:09 006] tts        536  TTS_MSG_GETAUDIO  0  
[2017/07/14 00:04:09 006] tts        429  get audio|use local  
[2017/07/14 00:04:09 006] tts        471  0  nil  1  
[2017/07/14 00:04:09 006] tts        536  TTS_MSG_GETAUDIO  0  
[2017/07/14 00:04:09 007] tts        429  get audio|use local  
[2017/07/14 00:04:09 007] tts        471  0  nil  1  
[2017/07/14 00:04:09 007] tts        536  TTS_MSG_GETAUDIO  0  
[2017/07/14 00:04:09 007] tts        429  get audio|use local  
[2017/07/14 00:04:09 007] tts        442  local audiolen:  12548  ,ced:  143  
[2017/07/14 00:04:09 007] tts        471  0  udata(8402def8) 1  
[2017/07/14 00:04:09 008] tts        536  TTS_MSG_GETAUDIO  0  
[2017/07/14 00:04:09 008] tts        429  get audio|use local  
[2017/07/14 00:04:09 008] tts        471  0  nil  1  
[2017/07/14 00:04:09 009] tts        536  TTS_MSG_GETAUDIO  0  
[2017/07/14 00:04:09 009] tts        429  get audio|use local  
[2017/07/14 00:04:09 009] tts        471  0  nil  1  
[2017/07/14 00:04:09 009] tts        536  TTS_MSG_GETAUDIO  0  
[2017/07/14 00:04:09 009] tts        429  get audio|use local  
[2017/07/14 00:04:09 009] tts        442  local audiolen:  512  ,ced:  143  
[2017/07/14 00:04:09 010] tts        471  0  udata(8402b038) 1  
[2017/07/14 00:04:09 010] tts        536  TTS_MSG_GETAUDIO  0  
[2017/07/14 00:04:09 011] tts        429  get audio|use local  
[2017/07/14 00:04:09 011] tts        442  local audiolen:  512  ,ced:  143  
[2017/07/14 00:04:09 011] tts        471  0  udata(8402b288) 1  
[2017/07/14 00:04:09 012] tts        536  TTS_MSG_GETAUDIO  0  
[2017/07/14 00:04:09 012] tts        429  get audio|use local  
[2017/07/14 00:04:09 012] tts        442  local audiolen:  512  ,ced:  143  
[2017/07/14 00:04:09 012] tts        471  0  udata(8402bb18) 1  
[2017/07/14 00:04:09 012] tts        536  TTS_MSG_GETAUDIO  0  
[2017/07/14 00:04:09 012] tts        429  get audio|use local  
[2017/07/14 00:04:09 012] tts        442  local audiolen:  512  ,ced:  143  
[2017/07/14 00:04:09 012] tts        471  0  udata(8402bc68) 1  
[2017/07/14 00:04:09 013] tts        536  TTS_MSG_GETAUDIO  0  
[2017/07/14 00:04:09 013] tts        429  get audio|use local  
[2017/07/14 00:04:09 013] tts        442  local audiolen:  512  ,ced:  143  
[2017/07/14 00:04:09 013] tts        471  0  udata(8402ae28) 1  
[2017/07/14 00:04:09 013] tts        536  TTS_MSG_GETAUDIO  0  
[2017/07/14 00:04:09 013] tts        429  get audio|use local  
[2017/07/14 00:04:09 013] tts        442  local audiolen:  512  ,ced:  143  
[2017/07/14 00:04:09 013] tts        471  0  udata(8402ae78) 1  
[2017/07/14 00:04:09 014] tts        536  TTS_MSG_GETAUDIO  0  
[2017/07/14 00:04:09 014] tts        429  get audio|use local  
[2017/07/14 00:04:09 014] tts        442  local audiolen:  512  ,ced:  143  
[2017/07/14 00:04:09 014] tts        471  0  udata(8402afc8) 1  
[2017/07/14 00:04:09 015] tts        536  TTS_MSG_GETAUDIO  0  
[2017/07/14 00:04:09 015] tts        429  get audio|use local  
[2017/07/14 00:04:09 015] tts        442  local audiolen:  512  ,ced:  143  
[2017/07/14 00:04:09 015] tts        471  0  udata(8402c5e8) 1  
[2017/07/14 00:04:09 015] tts        536  TTS_MSG_GETAUDIO  0  
[2017/07/14 00:04:09 015] tts        429  get audio|use local  
[2017/07/14 00:04:09 015] tts        442  local audiolen:  512  ,ced:  143  
[2017/07/14 00:04:09 015] tts        471  0  udata(8402c698) 1  
[2017/07/14 00:04:09 015] tts        536  TTS_MSG_GETAUDIO  0  
[2017/07/14 00:04:09 015] tts        429  get audio|use local  
[2017/07/14 00:04:09 015] tts        442  local audiolen:  512  ,ced:  143  
[2017/07/14 00:04:09 015] tts        471  0  udata(8402bd18) 1  
[2017/07/14 00:04:09 016] tts        536  TTS_MSG_GETAUDIO  0  
[2017/07/14 00:04:09 016] tts        429  get audio|use local  
[2017/07/14 00:04:09 016] tts        442  local audiolen:  512  ,ced:  143  
[2017/07/14 00:04:09 016] tts        471  0  udata(8402bd68) 1  
[2017/07/14 00:04:09 016] tts        536  TTS_MSG_GETAUDIO  0  
[2017/07/14 00:04:09 016] tts        429  get audio|use local  
[2017/07/14 00:04:09 016] tts        442  local audiolen:  512  ,ced:  143  
[2017/07/14 00:04:09 016] tts        471  0  udata(8402bdb8) 1  
[2017/07/14 00:04:09 016] tts        536  TTS_MSG_GETAUDIO  0  
[2017/07/14 00:04:09 016] tts        429  get audio|use local  
[2017/07/14 00:04:09 016] tts        442  local audiolen:  512  ,ced:  143  
[2017/07/14 00:04:09 016] tts        471  0  udata(8402be08) 1  
[2017/07/14 00:04:09 017] tts        536  TTS_MSG_GETAUDIO  0  
[2017/07/14 00:04:09 017] tts        429  get audio|use local  
[2017/07/14 00:04:09 017] tts        442  local audiolen:  512  ,ced:  143  
[2017/07/14 00:04:09 017] tts        471  0  udata(8402be58) 1  
[2017/07/14 00:04:09 017] tts        536  TTS_MSG_GETAUDIO  0  
[2017/07/14 00:04:09 017] tts        429  get audio|use local  
[2017/07/14 00:04:09 017] tts        442  local audiolen:  512  ,ced:  143  
[2017/07/14 00:04:09 017] tts        471  0  udata(8402bea8) 1  
[2017/07/14 00:04:09 017] tts        536  TTS_MSG_GETAUDIO  0  
[2017/07/14 00:04:09 018] tts        429  get audio|use local  
[2017/07/14 00:04:09 018] tts        442  local audiolen:  512  ,ced:  143  
[2017/07/14 00:04:09 018] tts        471  0  udata(8402c6e8) 1  
[2017/07/14 00:04:09 018] tts        536  TTS_MSG_GETAUDIO  0  
[2017/07/14 00:04:09 018] tts        429  get audio|use local  
[2017/07/14 00:04:09 018] tts        442  local audiolen:  512  ,ced:  143  
[2017/07/14 00:04:09 018] tts        471  0  udata(8402c738) 1  
[2017/07/14 00:04:09 018] tts        536  TTS_MSG_GETAUDIO  0  
[2017/07/14 00:04:09 018] tts        429  get audio|use local  
[2017/07/14 00:04:09 018] tts        442  local audiolen:  512  ,ced:  143  
[2017/07/14 00:04:09 018] tts        471  0  udata(8402c788) 1  
[2017/07/14 00:04:09 018] tts        536  TTS_MSG_GETAUDIO  0  
[2017/07/14 00:04:09 018] tts        429  get audio|use local  
[2017/07/14 00:04:09 018] tts        442  local audiolen:  160  ,ced:  143  
[2017/07/14 00:04:09 018] tts        471  0  udata(8402c888) 1  
[2017/07/14 00:04:09 019] tts        536  TTS_MSG_GETAUDIO  0  
[2017/07/14 00:04:09 019] tts        429  get audio|use local  
[2017/07/14 00:04:09 019] tts        442  local audiolen:  300  ,ced:  176  
[2017/07/14 00:04:09 019] tts        471  0  udata(8402cb38) 1  
[2017/07/14 00:04:09 019] tts        536  TTS_MSG_GETAUDIO  0  
[2017/07/14 00:04:09 019] tts        429  get audio|use local  
[2017/07/14 00:04:09 019] tts        442  local audiolen:  634  ,ced:  176  
[2017/07/14 00:04:09 019] tts        471  0  udata(8402d2a8) 1  
[2017/07/14 00:04:09 019] tts        536  TTS_MSG_GETAUDIO  0  
[2017/07/14 00:04:09 019] tts        429  get audio|use local  
[2017/07/14 00:04:09 019] tts        442  local audiolen:  8528  ,ced:  176  
[2017/07/14 00:04:09 019] tts        471  0  udata(8402c638) 1  
[2017/07/14 00:04:09 020] tts        536  TTS_MSG_GETAUDIO  0  
[2017/07/14 00:04:09 020] tts        429  get audio|use local  
[2017/07/14 00:04:09 020] tts        442  local audiolen:  7092  ,ced:  176  
[2017/07/14 00:04:09 020] tts        471  0  udata(8402cb88) 1  
[2017/07/14 00:04:09 020] tts        536  TTS_MSG_GETAUDIO  0  
[2017/07/14 00:04:09 020] tts        429  get audio|use local  
[2017/07/14 00:04:09 020] tts        442  local audiolen:  6376  ,ced:  176  
[2017/07/14 00:04:09 020] tts        471  0  udata(8402c7d8) 1  
[2017/07/14 00:04:09 020] tts        536  TTS_MSG_GETAUDIO  0  
[2017/07/14 00:04:09 020] tts        429  get audio|use local  
[2017/07/14 00:04:09 020] tts        471  0  nil  1  
[2017/07/14 00:04:09 020] tts        536  TTS_MSG_GETAUDIO  0  
[2017/07/14 00:04:09 020] tts        429  get audio|use local  
[2017/07/14 00:04:09 020] tts        471  0  nil  1  
[2017/07/14 00:04:09 020] tts        536  TTS_MSG_GETAUDIO  0  
[2017/07/14 00:04:09 020] tts        429  get audio|use local  
[2017/07/14 00:04:09 021] tts        471  0  nil  1  
[2017/07/14 00:04:09 021] tts        536  TTS_MSG_GETAUDIO  0  
[2017/07/14 00:04:09 021] tts        429  get audio|use local  
[2017/07/14 00:04:09 021] tts        471  0  nil  1  
[2017/07/14 00:04:09 021] tts        536  TTS_MSG_GETAUDIO  0  
[2017/07/14 00:04:09 021] tts        429  get audio|use local  
[2017/07/14 00:04:09 021] tts        442  local audiolen:  7488  ,ced:  176  
[2017/07/14 00:04:09 021] tts        471  0  udata(8402ca98) 1  
[2017/07/14 00:04:09 021] tts        536  TTS_MSG_GETAUDIO  0  
[2017/07/14 00:04:09 021] tts        429  get audio|use local  
[2017/07/14 00:04:09 021] tts        471  0  nil  1  
[2017/07/14 00:04:09 022] tts        536  TTS_MSG_GETAUDIO  0  
[2017/07/14 00:04:09 022] tts        429  get audio|use local  
[2017/07/14 00:04:09 022] tts        471  0  nil  1  
[2017/07/14 00:04:09 022] tts        536  TTS_MSG_GETAUDIO  0  
[2017/07/14 00:04:09 022] tts        429  get audio|use local  
[2017/07/14 00:04:09 022] tts        471  0  nil  1  
[2017/07/14 00:04:09 022] tts        536  TTS_MSG_GETAUDIO  0  
[2017/07/14 00:04:09 022] tts        429  get audio|use local  
[2017/07/14 00:04:09 022] tts        471  0  nil  1  
[2017/07/14 00:04:09 022] tts        536  TTS_MSG_GETAUDIO  0  
[2017/07/14 00:04:09 022] tts        429  get audio|use local  
[2017/07/14 00:04:09 022] tts        471  0  nil  1  
[2017/07/14 00:04:09 022] tts        536  TTS_MSG_GETAUDIO  0  
[2017/07/14 00:04:09 022] tts        429  get audio|use local  
[2017/07/14 00:04:09 022] tts        471  0  nil  1  
[2017/07/14 00:04:09 023] tts        536  TTS_MSG_GETAUDIO  0  
[2017/07/14 00:04:09 023] tts        429  get audio|use local  
[2017/07/14 00:04:09 023] tts        471  0  nil  1  
[2017/07/14 00:04:09 023] tts        536  TTS_MSG_GETAUDIO  0  
[2017/07/14 00:04:09 023] tts        429  get audio|use local  
[2017/07/14 00:04:09 023] tts        442  local audiolen:  8846  ,ced:  176  
[2017/07/14 00:04:09 023] tts        471  0  udata(8402cdb8) 1  
[2017/07/14 00:04:09 023] tts        536  TTS_MSG_GETAUDIO  0  
[2017/07/14 00:04:09 023] tts        429  get audio|use local  
[2017/07/14 00:04:09 023] tts        471  0  nil  1  
[2017/07/14 00:04:09 024] tts        536  TTS_MSG_GETAUDIO  0  
[2017/07/14 00:04:09 024] tts        429  get audio|use local  
[2017/07/14 00:04:09 024] tts        471  0  nil  1  
[2017/07/14 00:04:09 024] tts        536  TTS_MSG_GETAUDIO  0  
[2017/07/14 00:04:09 024] tts        429  get audio|use local  
[2017/07/14 00:04:09 024] tts        471  0  nil  1  
[2017/07/14 00:04:09 024] tts        536  TTS_MSG_GETAUDIO  0  
[2017/07/14 00:04:09 024] tts        429  get audio|use local  
[2017/07/14 00:04:09 024] tts        471  0  nil  1  
[2017/07/14 00:04:09 024] tts        536  TTS_MSG_GETAUDIO  0  
[2017/07/14 00:04:09 024] tts        429  get audio|use local  
[2017/07/14 00:04:09 024] tts        442  local audiolen:  7224  ,ced:  176  
[2017/07/14 00:04:09 024] tts        471  0  udata(8402d2f8) 1  
[2017/07/14 00:04:09 025] tts        536  TTS_MSG_GETAUDIO  0  
[2017/07/14 00:04:09 025] tts        429  get audio|use local  
[2017/07/14 00:04:09 025] tts        471  0  nil  1  
[2017/07/14 00:04:09 025] tts        536  TTS_MSG_GETAUDIO  0  
[2017/07/14 00:04:09 025] tts        429  get audio|use local  
[2017/07/14 00:04:09 025] tts        471  0  nil  1  
[2017/07/14 00:04:09 025] tts        536  TTS_MSG_GETAUDIO  0  
[2017/07/14 00:04:09 025] tts        429  get audio|use local  
[2017/07/14 00:04:09 025] tts        471  0  nil  1  
[2017/07/14 00:04:09 025] tts        536  TTS_MSG_GETAUDIO  0  
[2017/07/14 00:04:09 025] tts        429  get audio|use local  
[2017/07/14 00:04:09 025] tts        471  0  nil  1  
[2017/07/14 00:04:09 026] tts        536  TTS_MSG_GETAUDIO  0  
[2017/07/14 00:04:09 026] tts        429  get audio|use local  
[2017/07/14 00:04:09 026] tts        471  0  nil  1  
[2017/07/14 00:04:09 026] tts        536  TTS_MSG_GETAUDIO  0  
[2017/07/14 00:04:09 026] tts        429  get audio|use local  
[2017/07/14 00:04:09 026] tts        471  0  nil  1  
[2017/07/14 00:04:09 026] tts        536  TTS_MSG_GETAUDIO  0  
[2017/07/14 00:04:09 026] tts        429  get audio|use local  
[2017/07/14 00:04:09 026] tts        471  0  nil  1  
[2017/07/14 00:04:09 026] tts        536  TTS_MSG_GETAUDIO  0  
[2017/07/14 00:04:09 026] tts        429  get audio|use local  
[2017/07/14 00:04:09 026] tts        471  0  nil  1  
[2017/07/14 00:04:09 026] tts        536  TTS_MSG_GETAUDIO  0  
[2017/07/14 00:04:09 026] tts        429  get audio|use local  
[2017/07/14 00:04:09 026] tts        471  0  nil  1  
[2017/07/14 00:04:09 027] tts        536  TTS_MSG_GETAUDIO  0  
[2017/07/14 00:04:09 027] tts        429  get audio|use local  
[2017/07/14 00:04:09 027] tts        442  local audiolen:  13396  ,ced:  176  
[2017/07/14 00:04:09 027] tts        471  0  udata(8402d448) 1  
[2017/07/14 00:04:09 027] tts        536  TTS_MSG_GETAUDIO  0  
[2017/07/14 00:04:09 027] tts        429  get audio|use local  
[2017/07/14 00:04:09 027] tts        471  0  nil  1  
[2017/07/14 00:04:09 027] tts        536  TTS_MSG_GETAUDIO  0  
[2017/07/14 00:04:09 027] tts        429  get audio|use local  
[2017/07/14 00:04:09 027] tts        471  0  nil  1  
[2017/07/14 00:04:09 027] tts        536  TTS_MSG_GETAUDIO  0  
[2017/07/14 00:04:09 027] tts        429  get audio|use local  
[2017/07/14 00:04:09 027] tts        471  0  nil  1  
[2017/07/14 00:04:09 027] tts        536  TTS_MSG_GETAUDIO  0  
[2017/07/14 00:04:09 027] tts        429  get audio|use local  
[2017/07/14 00:04:09 028] tts        471  0  nil  1  
[2017/07/14 00:04:09 028] tts        536  TTS_MSG_GETAUDIO  0  
[2017/07/14 00:04:09 028] tts        429  get audio|use local  
[2017/07/14 00:04:09 028] tts        471  0  nil  1  
[2017/07/14 00:04:09 028] tts        536  TTS_MSG_GETAUDIO  0  
[2017/07/14 00:04:09 028] tts        429  get audio|use local  
[2017/07/14 00:04:09 029] tts        442  local audiolen:  7156  ,ced:  176  
[2017/07/14 00:04:09 029] tts        471  0  udata(8402d068) 1  
[2017/07/14 00:04:09 029] tts        536  TTS_MSG_GETAUDIO  0  
[2017/07/14 00:04:09 029] tts        429  get audio|use local  
[2017/07/14 00:04:09 029] tts        442  local audiolen:  5896  ,ced:  176  
[2017/07/14 00:04:09 029] tts        471  0  udata(8402d1b8) 1  
[2017/07/14 00:04:09 030] tts        536  TTS_MSG_GETAUDIO  0  
[2017/07/14 00:04:09 030] tts        429  get audio|use local  
[2017/07/14 00:04:09 030] tts        471  0  nil  1  
[2017/07/14 00:04:09 030] tts        536  TTS_MSG_GETAUDIO  0  
[2017/07/14 00:04:09 030] tts        429  get audio|use local  
[2017/07/14 00:04:09 030] tts        442  local audiolen:  512  ,ced:  176  
[2017/07/14 00:04:09 030] tts        471  0  udata(8402da38) 1  
[2017/07/14 00:04:09 032] tts        536  TTS_MSG_GETAUDIO  0  
[2017/07/14 00:04:09 033] tts        429  get audio|use local  
[2017/07/14 00:04:09 033] tts        442  local audiolen:  512  ,ced:  176  
[2017/07/14 00:04:09 033] tts        471  0  udata(84046898) 1  
[2017/07/14 00:04:09 034] tts        536  TTS_MSG_GETAUDIO  0  
[2017/07/14 00:04:09 034] tts        429  get audio|use local  
[2017/07/14 00:04:09 034] tts        442  local audiolen:  512  ,ced:  176  
[2017/07/14 00:04:09 034] tts        471  0  udata(8402d828) 1  
[2017/07/14 00:04:09 034] tts        536  TTS_MSG_GETAUDIO  0  
[2017/07/14 00:04:09 035] tts        429  get audio|use local  
[2017/07/14 00:04:09 035] tts        442  local audiolen:  512  ,ced:  176  
[2017/07/14 00:04:09 035] tts        471  0  udata(8402d878) 1  
[2017/07/14 00:04:09 036] tts        536  TTS_MSG_GETAUDIO  0  
[2017/07/14 00:04:09 036] tts        429  get audio|use local  
[2017/07/14 00:04:09 036] tts        442  local audiolen:  512  ,ced:  176  
[2017/07/14 00:04:09 036] tts        471  0  udata(840473c8) 1  
[2017/07/14 00:04:09 036] tts        536  TTS_MSG_GETAUDIO  0  
[2017/07/14 00:04:09 036] tts        429  get audio|use local  
[2017/07/14 00:04:09 037] tts        442  local audiolen:  512  ,ced:  176  
[2017/07/14 00:04:09 037] tts        471  0  udata(84047478) 1  
[2017/07/14 00:04:09 037] tts        536  TTS_MSG_GETAUDIO  0  
[2017/07/14 00:04:09 037] tts        429  get audio|use local  
[2017/07/14 00:04:09 037] tts        442  local audiolen:  512  ,ced:  176  
[2017/07/14 00:04:09 037] tts        471  0  udata(84047568) 1  
[2017/07/14 00:04:09 037] tts        536  TTS_MSG_GETAUDIO  0  
[2017/07/14 00:04:09 037] tts        429  get audio|use local  
[2017/07/14 00:04:09 037] tts        442  local audiolen:  512  ,ced:  176  
[2017/07/14 00:04:09 037] tts        471  0  udata(84047618) 1  
[2017/07/14 00:04:09 038] tts        536  TTS_MSG_GETAUDIO  0  
[2017/07/14 00:04:09 038] tts        429  get audio|use local  
[2017/07/14 00:04:09 038] tts        442  local audiolen:  512  ,ced:  176  
[2017/07/14 00:04:09 038] tts        471  0  udata(84047668) 1  
[2017/07/14 00:04:09 038] tts        536  TTS_MSG_GETAUDIO  0  
[2017/07/14 00:04:09 038] tts        429  get audio|use local  
[2017/07/14 00:04:09 038] tts        442  local audiolen:  512  ,ced:  176  
[2017/07/14 00:04:09 038] tts        471  0  udata(840478d8) 1  
[2017/07/14 00:04:09 039] tts        536  TTS_MSG_GETAUDIO  0  
[2017/07/14 00:04:09 039] tts        429  get audio|use local  
[2017/07/14 00:04:09 039] tts        442  local audiolen:  512  ,ced:  176  
[2017/07/14 00:04:09 039] tts        471  0  udata(84047928) 1  
[2017/07/14 00:04:09 039] tts        536  TTS_MSG_GETAUDIO  0  
[2017/07/14 00:04:09 039] tts        429  get audio|use local  
[2017/07/14 00:04:09 039] tts        442  local audiolen:  512  ,ced:  176  
[2017/07/14 00:04:09 039] tts        471  0  udata(84047978) 1  
[2017/07/14 00:04:09 039] tts        536  TTS_MSG_GETAUDIO  0  
[2017/07/14 00:04:09 039] tts        429  get audio|use local  
[2017/07/14 00:04:09 039] tts        442  local audiolen:  512  ,ced:  176  
[2017/07/14 00:04:09 039] tts        471  0  udata(840479c8) 1  
[2017/07/14 00:04:09 039] tts        536  TTS_MSG_GETAUDIO  0  
[2017/07/14 00:04:09 039] tts        429  get audio|use local  
[2017/07/14 00:04:09 039] tts        442  local audiolen:  512  ,ced:  176  
[2017/07/14 00:04:09 039] tts        471  0  udata(84047a18) 1  
[2017/07/14 00:04:09 040] tts        536  TTS_MSG_GETAUDIO  0  
[2017/07/14 00:04:09 040] tts        429  get audio|use local  
[2017/07/14 00:04:09 040] tts        442  local audiolen:  512  ,ced:  176  
[2017/07/14 00:04:09 040] tts        471  0  udata(84047a68) 1  
[2017/07/14 00:04:09 040] tts        536  TTS_MSG_GETAUDIO  0  
[2017/07/14 00:04:09 040] tts        429  get audio|use local  
[2017/07/14 00:04:09 040] tts        442  local audiolen:  512  ,ced:  176  
[2017/07/14 00:04:09 040] tts        471  0  udata(84047be8) 1  
[2017/07/14 00:04:09 040] tts        536  TTS_MSG_GETAUDIO  0  
[2017/07/14 00:04:09 040] tts        429  get audio|use local  
[2017/07/14 00:04:09 040] tts        442  local audiolen:  512  ,ced:  176  
[2017/07/14 00:04:09 040] tts        471  0  udata(84047c38) 1  
[2017/07/14 00:04:09 041] tts        536  TTS_MSG_GETAUDIO  0  
[2017/07/14 00:04:09 041] tts        429  get audio|use local  
[2017/07/14 00:04:09 041] tts        442  local audiolen:  512  ,ced:  176  
[2017/07/14 00:04:09 041] tts        471  0  udata(84047c88) 1  
[2017/07/14 00:04:09 041] tts        536  TTS_MSG_GETAUDIO  0  
[2017/07/14 00:04:09 041] tts        429  get audio|use local  
[2017/07/14 00:04:09 041] tts        442  local audiolen:  160  ,ced:  176  
[2017/07/14 00:04:09 041] tts        471  0  udata(84047d88) 1  
[2017/07/14 00:04:09 041] tts        536  TTS_MSG_GETAUDIO  0  
[2017/07/14 00:04:09 041] tts        429  get audio|use local  
[2017/07/14 00:04:09 041] tts        442  local audiolen:  272  ,ced:  200  
[2017/07/14 00:04:09 041] tts        471  0  udata(84046f78) 1  
[2017/07/14 00:04:09 042] tts        536  TTS_MSG_GETAUDIO  0  
[2017/07/14 00:04:09 042] tts        429  get audio|use local  
[2017/07/14 00:04:09 042] tts        442  local audiolen:  11504  ,ced:  200  
[2017/07/14 00:04:09 042] tts        471  0  udata(840475b8) 1  
[2017/07/14 00:04:09 042] tts        536  TTS_MSG_GETAUDIO  0  
[2017/07/14 00:04:09 042] tts        429  get audio|use local  
[2017/07/14 00:04:09 042] tts        442  local audiolen:  7070  ,ced:  200  
[2017/07/14 00:04:09 042] tts        471  0  udata(84046fc8) 1  
[2017/07/14 00:04:09 043] tts        536  TTS_MSG_GETAUDIO  0  
[2017/07/14 00:04:09 043] tts        429  get audio|use local  
[2017/07/14 00:04:09 043] tts        442  local audiolen:  6802  ,ced:  200  
[2017/07/14 00:04:09 043] tts        471  0  udata(84047018) 1  
[2017/07/14 00:04:09 043] tts        536  TTS_MSG_GETAUDIO  0  
[2017/07/14 00:04:09 043] tts        429  get audio|use local  
[2017/07/14 00:04:09 043] tts        442  local audiolen:  7136  ,ced:  200  
[2017/07/14 00:04:09 043] tts        471  0  udata(84046eb8) 1  
[2017/07/14 00:04:09 043] tts        536  TTS_MSG_GETAUDIO  0  
[2017/07/14 00:04:09 043] tts        429  get audio|use local  
[2017/07/14 00:04:09 043] tts        442  local audiolen:  3944  ,ced:  200  
[2017/07/14 00:04:09 043] tts        471  0  udata(84046f08) 1  
[2017/07/14 00:04:09 043] tts        536  TTS_MSG_GETAUDIO  0  
[2017/07/14 00:04:09 043] tts        429  get audio|use local  
[2017/07/14 00:04:09 043] tts        471  0  nil  1  
[2017/07/14 00:04:09 044] tts        536  TTS_MSG_GETAUDIO  0  
[2017/07/14 00:04:09 044] tts        429  get audio|use local  
[2017/07/14 00:04:09 044] tts        471  0  nil  1  
[2017/07/14 00:04:09 044] tts        536  TTS_MSG_GETAUDIO  0  
[2017/07/14 00:04:09 044] tts        429  get audio|use local  
[2017/07/14 00:04:09 044] tts        471  0  nil  1  
[2017/07/14 00:04:09 044] tts        536  TTS_MSG_GETAUDIO  0  
[2017/07/14 00:04:09 044] tts        429  get audio|use local  
[2017/07/14 00:04:09 044] tts        471  0  nil  1  
[2017/07/14 00:04:09 044] tts        536  TTS_MSG_GETAUDIO  0  
[2017/07/14 00:04:09 044] tts        429  get audio|use local  
[2017/07/14 00:04:09 044] tts        471  0  nil  1  
[2017/07/14 00:04:09 045] tts        536  TTS_MSG_GETAUDIO  0  
[2017/07/14 00:04:09 045] tts        429  get audio|use local  
[2017/07/14 00:04:09 045] tts        442  local audiolen:  10648  ,ced:  200  
[2017/07/14 00:04:09 045] tts        471  0  udata(840480f8) 1  
[2017/07/14 00:04:09 045] tts        536  TTS_MSG_GETAUDIO  0  
[2017/07/14 00:04:09 045] tts        429  get audio|use local  
[2017/07/14 00:04:09 045] tts        442  local audiolen:  4700  ,ced:  200  
[2017/07/14 00:04:09 045] tts        471  0  udata(84048148) 1  
[2017/07/14 00:04:09 046] tts        536  TTS_MSG_GETAUDIO  0  
[2017/07/14 00:04:09 046] tts        429  get audio|use local  
[2017/07/14 00:04:09 046] tts        471  0  nil  1  
[2017/07/14 00:04:09 046] tts        536  TTS_MSG_GETAUDIO  0  
[2017/07/14 00:04:09 046] tts        429  get audio|use local  
[2017/07/14 00:04:09 046] tts        442  local audiolen:  7102  ,ced:  200  
[2017/07/14 00:04:09 046] tts        471  0  udata(840483a8) 1  
[2017/07/14 00:04:09 046] tts        536  TTS_MSG_GETAUDIO  0  
[2017/07/14 00:04:09 046] tts        429  get audio|use local  
[2017/07/14 00:04:09 046] tts        471  0  nil  1  
[2017/07/14 00:04:09 047] tts        292  0  0  
[2017/07/14 00:04:09 047] tts        299  TTS_LOCAL_CB_END,  2  
[2017/07/14 00:04:09 047] tts        536  TTS_MSG_GETAUDIO  0  
[2017/07/14 00:04:09 047] tts        429  get audio|use local  
[2017/07/14 00:04:09 047] tts        471  0  nil  2  
[2017/07/14 00:04:09 048] tts        539  TTS_MSG_SSE  
[2017/07/14 00:04:09 048] tts        493  sse|use local  
[2017/07/14 00:04:09 048] tts        509  tts exit  
