============================================================
Time  2017/07/13 23:47:20 725 
============================================================
[2017/07/13 23:47:20 725] tts        555  SYS_MSG_REGCB param0 =  msp_status_cb  param1 =  func(e40182e0) 
[2017/07/13 23:47:20 726] config     42   use general cloud  
[2017/07/13 23:47:20 728] tts_cloud  1414 SYS_MSG_REGCB_CLOUD param0 =   msp_status_cb  param1 =  func(e40182e0) 
[2017/07/13 23:47:20 728] tts        527  TTS_MSG_SSB  
[2017/07/13 23:47:20 728] tts        338  params =  engine_type = local, text_encoding = UTF8,voice_name=xiaofeng,tts_res_path = fo|res/tts/xiaofeng.jet;fo|res/tts/common.jet, sample_rate = 16000, speed = 50, volume = 50, pitch = 50, rdn = 2  
[2017/07/13 23:47:20 728] tts        369  ssb|use local  
[2017/07/13 23:47:20 728] tts        313  local_session_begin  
[2017/07/13 23:47:20 730] tts        533  TTS_MSG_SYN  0  
[2017/07/13 23:47:20 730] tts        404  synth|use local  
[2017/07/13 23:47:20 731] tts        536  TTS_MSG_GETAUDIO  0  
[2017/07/13 23:47:20 731] tts        429  get audio|use local  
[2017/07/13 23:47:20 731] tts        471  0  nil  1  
[2017/07/13 23:47:20 731] tts        536  TTS_MSG_GETAUDIO  0  
[2017/07/13 23:47:20 731] tts        429  get audio|use local  
[2017/07/13 23:47:20 731] tts        471  0  nil  1  
[2017/07/13 23:47:20 731] tts        536  TTS_MSG_GETAUDIO  0  
[2017/07/13 23:47:20 731] tts        429  get audio|use local  
[2017/07/13 23:47:20 731] tts        471  0  nil  1  
[2017/07/13 23:47:20 731] tts        536  TTS_MSG_GETAUDIO  0  
[2017/07/13 23:47:20 731] tts        429  get audio|use local  
[2017/07/13 23:47:20 731] tts        471  0  nil  1  
[2017/07/13 23:47:20 731] tts        536  TTS_MSG_GETAUDIO  0  
[2017/07/13 23:47:20 731] tts        429  get audio|use local  
[2017/07/13 23:47:20 731] tts        471  0  nil  1  
[2017/07/13 23:47:20 731] tts        536  TTS_MSG_GETAUDIO  0  
[2017/07/13 23:47:20 732] tts        429  get audio|use local  
[2017/07/13 23:47:20 732] tts        471  0  nil  1  
[2017/07/13 23:47:20 732] tts        536  TTS_MSG_GETAUDIO  0  
[2017/07/13 23:47:20 732] tts        429  get audio|use local  
[2017/07/13 23:47:20 732] tts        471  0  nil  1  
[2017/07/13 23:47:20 732] tts        536  TTS_MSG_GETAUDIO  0  
[2017/07/13 23:47:20 732] tts        429  get audio|use local  
[2017/07/13 23:47:20 732] tts        471  0  nil  1  
[2017/07/13 23:47:20 732] tts        536  TTS_MSG_GETAUDIO  0  
[2017/07/13 23:47:20 732] tts        429  get audio|use local  
[2017/07/13 23:47:20 732] tts        471  0  nil  1  
[2017/07/13 23:47:20 732] tts        536  TTS_MSG_GETAUDIO  0  
[2017/07/13 23:47:20 732] tts        429  get audio|use local  
[2017/07/13 23:47:20 732] tts        471  0  nil  1  
[2017/07/13 23:47:20 732] tts        536  TTS_MSG_GETAUDIO  0  
[2017/07/13 23:47:20 732] tts        429  get audio|use local  
[2017/07/13 23:47:20 732] tts        471  0  nil  1  
[2017/07/13 23:47:20 732] tts        536  TTS_MSG_GETAUDIO  0  
[2017/07/13 23:47:20 732] tts        429  get audio|use local  
[2017/07/13 23:47:20 732] tts        471  0  nil  1  
[2017/07/13 23:47:20 733] tts        536  TTS_MSG_GETAUDIO  0  
[2017/07/13 23:47:20 733] tts        429  get audio|use local  
[2017/07/13 23:47:20 733] tts        471  0  nil  1  
[2017/07/13 23:47:20 733] tts        536  TTS_MSG_GETAUDIO  0  
[2017/07/13 23:47:20 733] tts        429  get audio|use local  
[2017/07/13 23:47:20 733] tts        471  0  nil  1  
[2017/07/13 23:47:20 733] tts        536  TTS_MSG_GETAUDIO  0  
[2017/07/13 23:47:20 733] tts        429  get audio|use local  
[2017/07/13 23:47:20 733] tts        471  0  nil  1  
[2017/07/13 23:47:20 733] tts        536  TTS_MSG_GETAUDIO  0  
[2017/07/13 23:47:20 734] tts        429  get audio|use local  
[2017/07/13 23:47:20 734] tts        471  0  nil  1  
[2017/07/13 23:47:20 734] tts        536  TTS_MSG_GETAUDIO  0  
[2017/07/13 23:47:20 735] tts        429  get audio|use local  
[2017/07/13 23:47:20 735] tts        471  0  nil  1  
[2017/07/13 23:47:20 735] tts        536  TTS_MSG_GETAUDIO  0  
[2017/07/13 23:47:20 735] tts        429  get audio|use local  
[2017/07/13 23:47:20 735] tts        471  0  nil  1  
[2017/07/13 23:47:20 736] tts        536  TTS_MSG_GETAUDIO  0  
[2017/07/13 23:47:20 736] tts        429  get audio|use local  
[2017/07/13 23:47:20 736] tts        471  0  nil  1  
[2017/07/13 23:47:20 736] tts        536  TTS_MSG_GETAUDIO  0  
[2017/07/13 23:47:20 736] tts        429  get audio|use local  
[2017/07/13 23:47:20 736] tts        471  0  nil  1  
[2017/07/13 23:47:20 736] tts        536  TTS_MSG_GETAUDIO  0  
[2017/07/13 23:47:20 737] tts        429  get audio|use local  
[2017/07/13 23:47:20 737] tts        471  0  nil  1  
[2017/07/13 23:47:20 737] tts        536  TTS_MSG_GETAUDIO  0  
[2017/07/13 23:47:20 737] tts        429  get audio|use local  
[2017/07/13 23:47:20 737] tts        471  0  nil  1  
[2017/07/13 23:47:20 738] tts        536  TTS_MSG_GETAUDIO  0  
[2017/07/13 23:47:20 738] tts        429  get audio|use local  
[2017/07/13 23:47:20 738] tts        471  0  nil  1  
[2017/07/13 23:47:20 738] tts        536  TTS_MSG_GETAUDIO  0  
[2017/07/13 23:47:20 738] tts        429  get audio|use local  
[2017/07/13 23:47:20 738] tts        471  0  nil  1  
[2017/07/13 23:47:20 738] tts        536  TTS_MSG_GETAUDIO  0  
[2017/07/13 23:47:20 738] tts        429  get audio|use local  
[2017/07/13 23:47:20 738] tts        471  0  nil  1  
[2017/07/13 23:47:20 738] tts        536  TTS_MSG_GETAUDIO  0  
[2017/07/13 23:47:20 738] tts        429  get audio|use local  
[2017/07/13 23:47:20 738] tts        471  0  nil  1  
[2017/07/13 23:47:20 738] tts        536  TTS_MSG_GETAUDIO  0  
[2017/07/13 23:47:20 738] tts        429  get audio|use local  
[2017/07/13 23:47:20 738] tts        471  0  nil  1  
[2017/07/13 23:47:20 738] tts        536  TTS_MSG_GETAUDIO  0  
[2017/07/13 23:47:20 738] tts        429  get audio|use local  
[2017/07/13 23:47:20 738] tts        471  0  nil  1  
[2017/07/13 23:47:20 738] tts        536  TTS_MSG_GETAUDIO  0  
[2017/07/13 23:47:20 738] tts        429  get audio|use local  
[2017/07/13 23:47:20 738] tts        471  0  nil  1  
[2017/07/13 23:47:20 738] tts        536  TTS_MSG_GETAUDIO  0  
[2017/07/13 23:47:20 738] tts        429  get audio|use local  
[2017/07/13 23:47:20 738] tts        471  0  nil  1  
[2017/07/13 23:47:20 738] tts        536  TTS_MSG_GETAUDIO  0  
[2017/07/13 23:47:20 738] tts        429  get audio|use local  
[2017/07/13 23:47:20 738] tts        471  0  nil  1  
[2017/07/13 23:47:20 739] tts        536  TTS_MSG_GETAUDIO  0  
[2017/07/13 23:47:20 739] tts        429  get audio|use local  
[2017/07/13 23:47:20 739] tts        471  0  nil  1  
[2017/07/13 23:47:20 739] tts        536  TTS_MSG_GETAUDIO  0  
[2017/07/13 23:47:20 739] tts        429  get audio|use local  
[2017/07/13 23:47:20 739] tts        471  0  nil  1  
[2017/07/13 23:47:20 739] tts        536  TTS_MSG_GETAUDIO  0  
[2017/07/13 23:47:20 739] tts        429  get audio|use local  
[2017/07/13 23:47:20 739] tts        471  0  nil  1  
[2017/07/13 23:47:20 739] tts        536  TTS_MSG_GETAUDIO  0  
[2017/07/13 23:47:20 739] tts        429  get audio|use local  
[2017/07/13 23:47:20 739] tts        471  0  nil  1  
[2017/07/13 23:47:20 739] tts        536  TTS_MSG_GETAUDIO  0  
[2017/07/13 23:47:20 739] tts        429  get audio|use local  
[2017/07/13 23:47:20 739] tts        471  0  nil  1  
[2017/07/13 23:47:20 739] tts        536  TTS_MSG_GETAUDIO  0  
[2017/07/13 23:47:20 739] tts        429  get audio|use local  
[2017/07/13 23:47:20 739] tts        471  0  nil  1  
[2017/07/13 23:47:20 739] tts        536  TTS_MSG_GETAUDIO  0  
[2017/07/13 23:47:20 739] tts        429  get audio|use local  
[2017/07/13 23:47:20 739] tts        471  0  nil  1  
[2017/07/13 23:47:20 739] tts        536  TTS_MSG_GETAUDIO  0  
[2017/07/13 23:47:20 739] tts        429  get audio|use local  
[2017/07/13 23:47:20 739] tts        471  0  nil  1  
[2017/07/13 23:47:20 739] tts        536  TTS_MSG_GETAUDIO  0  
[2017/07/13 23:47:20 739] tts        429  get audio|use local  
[2017/07/13 23:47:20 739] tts        471  0  nil  1  
[2017/07/13 23:47:20 740] tts        536  TTS_MSG_GETAUDIO  0  
[2017/07/13 23:47:20 740] tts        429  get audio|use local  
[2017/07/13 23:47:20 740] tts        471  0  nil  1  
[2017/07/13 23:47:20 740] tts        536  TTS_MSG_GETAUDIO  0  
[2017/07/13 23:47:20 740] tts        429  get audio|use local  
[2017/07/13 23:47:20 740] tts        471  0  nil  1  
[2017/07/13 23:47:20 740] tts        536  TTS_MSG_GETAUDIO  0  
[2017/07/13 23:47:20 740] tts        429  get audio|use local  
[2017/07/13 23:47:20 740] tts        471  0  nil  1  
[2017/07/13 23:47:20 740] tts        536  TTS_MSG_GETAUDIO  0  
[2017/07/13 23:47:20 740] tts        429  get audio|use local  
[2017/07/13 23:47:20 740] tts        471  0  nil  1  
[2017/07/13 23:47:20 740] tts        536  TTS_MSG_GETAUDIO  0  
[2017/07/13 23:47:20 740] tts        429  get audio|use local  
[2017/07/13 23:47:20 740] tts        471  0  nil  1  
[2017/07/13 23:47:20 740] tts        536  TTS_MSG_GETAUDIO  0  
[2017/07/13 23:47:20 740] tts        429  get audio|use local  
[2017/07/13 23:47:20 740] tts        471  0  nil  1  
[2017/07/13 23:47:20 740] tts        536  TTS_MSG_GETAUDIO  0  
[2017/07/13 23:47:20 740] tts        429  get audio|use local  
[2017/07/13 23:47:20 740] tts        471  0  nil  1  
[2017/07/13 23:47:20 740] tts        536  TTS_MSG_GETAUDIO  0  
[2017/07/13 23:47:20 740] tts        429  get audio|use local  
[2017/07/13 23:47:20 740] tts        471  0  nil  1  
[2017/07/13 23:47:20 740] tts        536  TTS_MSG_GETAUDIO  0  
[2017/07/13 23:47:20 740] tts        429  get audio|use local  
[2017/07/13 23:47:20 740] tts        471  0  nil  1  
[2017/07/13 23:47:20 740] tts        536  TTS_MSG_GETAUDIO  0  
[2017/07/13 23:47:20 740] tts        429  get audio|use local  
[2017/07/13 23:47:20 740] tts        471  0  nil  1  
[2017/07/13 23:47:20 740] tts        536  TTS_MSG_GETAUDIO  0  
[2017/07/13 23:47:20 741] tts        429  get audio|use local  
[2017/07/13 23:47:20 741] tts        471  0  nil  1  
[2017/07/13 23:47:20 741] tts        536  TTS_MSG_GETAUDIO  0  
[2017/07/13 23:47:20 741] tts        429  get audio|use local  
[2017/07/13 23:47:20 741] tts        471  0  nil  1  
[2017/07/13 23:47:20 741] tts        536  TTS_MSG_GETAUDIO  0  
[2017/07/13 23:47:20 741] tts        429  get audio|use local  
[2017/07/13 23:47:20 741] tts        471  0  nil  1  
[2017/07/13 23:47:20 741] tts        536  TTS_MSG_GETAUDIO  0  
[2017/07/13 23:47:20 741] tts        429  get audio|use local  
[2017/07/13 23:47:20 741] tts        471  0  nil  1  
[2017/07/13 23:47:20 741] tts        536  TTS_MSG_GETAUDIO  0  
[2017/07/13 23:47:20 741] tts        429  get audio|use local  
[2017/07/13 23:47:20 741] tts        471  0  nil  1  
[2017/07/13 23:47:20 741] tts        536  TTS_MSG_GETAUDIO  0  
[2017/07/13 23:47:20 741] tts        429  get audio|use local  
[2017/07/13 23:47:20 741] tts        471  0  nil  1  
[2017/07/13 23:47:20 741] tts        536  TTS_MSG_GETAUDIO  0  
[2017/07/13 23:47:20 741] tts        429  get audio|use local  
[2017/07/13 23:47:20 741] tts        471  0  nil  1  
[2017/07/13 23:47:20 741] tts        536  TTS_MSG_GETAUDIO  0  
[2017/07/13 23:47:20 741] tts        429  get audio|use local  
[2017/07/13 23:47:20 741] tts        471  0  nil  1  
[2017/07/13 23:47:20 741] tts        536  TTS_MSG_GETAUDIO  0  
[2017/07/13 23:47:20 741] tts        429  get audio|use local  
[2017/07/13 23:47:20 741] tts        471  0  nil  1  
[2017/07/13 23:47:20 741] tts        536  TTS_MSG_GETAUDIO  0  
[2017/07/13 23:47:20 741] tts        429  get audio|use local  
[2017/07/13 23:47:20 741] tts        471  0  nil  1  
[2017/07/13 23:47:20 741] tts        536  TTS_MSG_GETAUDIO  0  
[2017/07/13 23:47:20 741] tts        429  get audio|use local  
[2017/07/13 23:47:20 741] tts        471  0  nil  1  
[2017/07/13 23:47:20 742] tts        536  TTS_MSG_GETAUDIO  0  
[2017/07/13 23:47:20 742] tts        429  get audio|use local  
[2017/07/13 23:47:20 742] tts        471  0  nil  1  
[2017/07/13 23:47:20 742] tts        536  TTS_MSG_GETAUDIO  0  
[2017/07/13 23:47:20 742] tts        429  get audio|use local  
[2017/07/13 23:47:20 742] tts        471  0  nil  1  
[2017/07/13 23:47:20 742] tts        536  TTS_MSG_GETAUDIO  0  
[2017/07/13 23:47:20 742] tts        429  get audio|use local  
[2017/07/13 23:47:20 742] tts        471  0  nil  1  
[2017/07/13 23:47:20 742] tts        536  TTS_MSG_GETAUDIO  0  
[2017/07/13 23:47:20 742] tts        429  get audio|use local  
[2017/07/13 23:47:20 742] tts        471  0  nil  1  
[2017/07/13 23:47:20 742] tts        536  TTS_MSG_GETAUDIO  0  
[2017/07/13 23:47:20 742] tts        429  get audio|use local  
[2017/07/13 23:47:20 742] tts        471  0  nil  1  
[2017/07/13 23:47:20 742] tts        536  TTS_MSG_GETAUDIO  0  
[2017/07/13 23:47:20 742] tts        429  get audio|use local  
[2017/07/13 23:47:20 742] tts        471  0  nil  1  
[2017/07/13 23:47:20 742] tts        536  TTS_MSG_GETAUDIO  0  
[2017/07/13 23:47:20 742] tts        429  get audio|use local  
[2017/07/13 23:47:20 742] tts        471  0  nil  1  
[2017/07/13 23:47:20 742] tts        536  TTS_MSG_GETAUDIO  0  
[2017/07/13 23:47:20 742] tts        429  get audio|use local  
[2017/07/13 23:47:20 742] tts        471  0  nil  1  
[2017/07/13 23:47:20 742] tts        536  TTS_MSG_GETAUDIO  0  
[2017/07/13 23:47:20 742] tts        429  get audio|use local  
[2017/07/13 23:47:20 742] tts        471  0  nil  1  
[2017/07/13 23:47:20 743] tts        536  TTS_MSG_GETAUDIO  0  
[2017/07/13 23:47:20 743] tts        429  get audio|use local  
[2017/07/13 23:47:20 743] tts        471  0  nil  1  
[2017/07/13 23:47:20 743] tts        536  TTS_MSG_GETAUDIO  0  
[2017/07/13 23:47:20 743] tts        429  get audio|use local  
[2017/07/13 23:47:20 743] tts        471  0  nil  1  
[2017/07/13 23:47:20 743] tts        536  TTS_MSG_GETAUDIO  0  
[2017/07/13 23:47:20 743] tts        429  get audio|use local  
[2017/07/13 23:47:20 743] tts        471  0  nil  1  
[2017/07/13 23:47:20 743] tts        536  TTS_MSG_GETAUDIO  0  
[2017/07/13 23:47:20 743] tts        429  get audio|use local  
[2017/07/13 23:47:20 743] tts        471  0  nil  1  
[2017/07/13 23:47:20 743] tts        536  TTS_MSG_GETAUDIO  0  
[2017/07/13 23:47:20 743] tts        429  get audio|use local  
[2017/07/13 23:47:20 743] tts        471  0  nil  1  
[2017/07/13 23:47:20 743] tts        536  TTS_MSG_GETAUDIO  0  
[2017/07/13 23:47:20 743] tts        429  get audio|use local  
[2017/07/13 23:47:20 743] tts        471  0  nil  1  
[2017/07/13 23:47:20 743] tts        536  TTS_MSG_GETAUDIO  0  
[2017/07/13 23:47:20 743] tts        429  get audio|use local  
[2017/07/13 23:47:20 743] tts        471  0  nil  1  
[2017/07/13 23:47:20 743] tts        536  TTS_MSG_GETAUDIO  0  
[2017/07/13 23:47:20 743] tts        429  get audio|use local  
[2017/07/13 23:47:20 743] tts        471  0  nil  1  
[2017/07/13 23:47:20 743] tts        536  TTS_MSG_GETAUDIO  0  
[2017/07/13 23:47:20 743] tts        429  get audio|use local  
[2017/07/13 23:47:20 743] tts        471  0  nil  1  
[2017/07/13 23:47:20 744] tts        536  TTS_MSG_GETAUDIO  0  
[2017/07/13 23:47:20 744] tts        429  get audio|use local  
[2017/07/13 23:47:20 744] tts        471  0  nil  1  
[2017/07/13 23:47:20 744] tts        536  TTS_MSG_GETAUDIO  0  
[2017/07/13 23:47:20 744] tts        429  get audio|use local  
[2017/07/13 23:47:20 744] tts        471  0  nil  1  
[2017/07/13 23:47:20 744] tts        536  TTS_MSG_GETAUDIO  0  
[2017/07/13 23:47:20 744] tts        429  get audio|use local  
[2017/07/13 23:47:20 744] tts        471  0  nil  1  
[2017/07/13 23:47:20 744] tts        536  TTS_MSG_GETAUDIO  0  
[2017/07/13 23:47:20 744] tts        429  get audio|use local  
[2017/07/13 23:47:20 744] tts        471  0  nil  1  
[2017/07/13 23:47:20 744] tts        536  TTS_MSG_GETAUDIO  0  
[2017/07/13 23:47:20 744] tts        429  get audio|use local  
[2017/07/13 23:47:20 744] tts        471  0  nil  1  
[2017/07/13 23:47:20 744] tts        536  TTS_MSG_GETAUDIO  0  
[2017/07/13 23:47:20 744] tts        429  get audio|use local  
[2017/07/13 23:47:20 744] tts        471  0  nil  1  
[2017/07/13 23:47:20 744] tts        536  TTS_MSG_GETAUDIO  0  
[2017/07/13 23:47:20 744] tts        429  get audio|use local  
[2017/07/13 23:47:20 744] tts        471  0  nil  1  
[2017/07/13 23:47:20 744] tts        536  TTS_MSG_GETAUDIO  0  
[2017/07/13 23:47:20 744] tts        429  get audio|use local  
[2017/07/13 23:47:20 744] tts        471  0  nil  1  
[2017/07/13 23:47:20 744] tts        536  TTS_MSG_GETAUDIO  0  
[2017/07/13 23:47:20 744] tts        429  get audio|use local  
[2017/07/13 23:47:20 744] tts        471  0  nil  1  
[2017/07/13 23:47:20 744] tts        536  TTS_MSG_GETAUDIO  0  
[2017/07/13 23:47:20 744] tts        429  get audio|use local  
[2017/07/13 23:47:20 744] tts        471  0  nil  1  
[2017/07/13 23:47:20 744] tts        536  TTS_MSG_GETAUDIO  0  
[2017/07/13 23:47:20 744] tts        429  get audio|use local  
[2017/07/13 23:47:20 744] tts        471  0  nil  1  
[2017/07/13 23:47:20 745] tts        536  TTS_MSG_GETAUDIO  0  
[2017/07/13 23:47:20 745] tts        429  get audio|use local  
[2017/07/13 23:47:20 745] tts        471  0  nil  1  
[2017/07/13 23:47:20 745] tts        536  TTS_MSG_GETAUDIO  0  
[2017/07/13 23:47:20 745] tts        429  get audio|use local  
[2017/07/13 23:47:20 745] tts        471  0  nil  1  
[2017/07/13 23:47:20 745] tts        536  TTS_MSG_GETAUDIO  0  
[2017/07/13 23:47:20 745] tts        429  get audio|use local  
[2017/07/13 23:47:20 745] tts        471  0  nil  1  
[2017/07/13 23:47:20 745] tts        536  TTS_MSG_GETAUDIO  0  
[2017/07/13 23:47:20 745] tts        429  get audio|use local  
[2017/07/13 23:47:20 745] tts        471  0  nil  1  
[2017/07/13 23:47:20 745] tts        536  TTS_MSG_GETAUDIO  0  
[2017/07/13 23:47:20 745] tts        429  get audio|use local  
[2017/07/13 23:47:20 745] tts        471  0  nil  1  
[2017/07/13 23:47:20 745] tts        536  TTS_MSG_GETAUDIO  0  
[2017/07/13 23:47:20 745] tts        429  get audio|use local  
[2017/07/13 23:47:20 745] tts        471  0  nil  1  
[2017/07/13 23:47:20 745] tts        536  TTS_MSG_GETAUDIO  0  
[2017/07/13 23:47:20 745] tts        429  get audio|use local  
[2017/07/13 23:47:20 745] tts        471  0  nil  1  
[2017/07/13 23:47:20 745] tts        536  TTS_MSG_GETAUDIO  0  
[2017/07/13 23:47:20 745] tts        429  get audio|use local  
[2017/07/13 23:47:20 745] tts        471  0  nil  1  
[2017/07/13 23:47:20 745] tts        536  TTS_MSG_GETAUDIO  0  
[2017/07/13 23:47:20 745] tts        429  get audio|use local  
[2017/07/13 23:47:20 745] tts        471  0  nil  1  
[2017/07/13 23:47:20 746] tts        536  TTS_MSG_GETAUDIO  0  
[2017/07/13 23:47:20 746] tts        429  get audio|use local  
[2017/07/13 23:47:20 746] tts        471  0  nil  1  
[2017/07/13 23:47:20 746] tts        536  TTS_MSG_GETAUDIO  0  
[2017/07/13 23:47:20 746] tts        429  get audio|use local  
[2017/07/13 23:47:20 746] tts        471  0  nil  1  
[2017/07/13 23:47:20 746] tts        536  TTS_MSG_GETAUDIO  0  
[2017/07/13 23:47:20 746] tts        429  get audio|use local  
[2017/07/13 23:47:20 746] tts        471  0  nil  1  
[2017/07/13 23:47:20 746] tts        536  TTS_MSG_GETAUDIO  0  
[2017/07/13 23:47:20 746] tts        429  get audio|use local  
[2017/07/13 23:47:20 746] tts        471  0  nil  1  
[2017/07/13 23:47:20 746] tts        536  TTS_MSG_GETAUDIO  0  
[2017/07/13 23:47:20 746] tts        429  get audio|use local  
[2017/07/13 23:47:20 746] tts        471  0  nil  1  
[2017/07/13 23:47:20 746] tts        536  TTS_MSG_GETAUDIO  0  
[2017/07/13 23:47:20 746] tts        429  get audio|use local  
[2017/07/13 23:47:20 746] tts        471  0  nil  1  
[2017/07/13 23:47:20 746] tts        536  TTS_MSG_GETAUDIO  0  
[2017/07/13 23:47:20 746] tts        429  get audio|use local  
[2017/07/13 23:47:20 746] tts        471  0  nil  1  
[2017/07/13 23:47:20 747] tts        536  TTS_MSG_GETAUDIO  0  
[2017/07/13 23:47:20 747] tts        429  get audio|use local  
[2017/07/13 23:47:20 747] tts        471  0  nil  1  
[2017/07/13 23:47:20 748] tts        536  TTS_MSG_GETAUDIO  0  
[2017/07/13 23:47:20 748] tts        429  get audio|use local  
[2017/07/13 23:47:20 748] tts        471  0  nil  1  
[2017/07/13 23:47:20 748] tts        536  TTS_MSG_GETAUDIO  0  
[2017/07/13 23:47:20 748] tts        429  get audio|use local  
[2017/07/13 23:47:20 748] tts        471  0  nil  1  
[2017/07/13 23:47:20 748] tts        536  TTS_MSG_GETAUDIO  0  
[2017/07/13 23:47:20 748] tts        429  get audio|use local  
[2017/07/13 23:47:20 748] tts        471  0  nil  1  
[2017/07/13 23:47:20 748] tts        536  TTS_MSG_GETAUDIO  0  
[2017/07/13 23:47:20 748] tts        429  get audio|use local  
[2017/07/13 23:47:20 748] tts        471  0  nil  1  
[2017/07/13 23:47:20 748] tts        536  TTS_MSG_GETAUDIO  0  
[2017/07/13 23:47:20 748] tts        429  get audio|use local  
[2017/07/13 23:47:20 748] tts        471  0  nil  1  
[2017/07/13 23:47:20 749] tts        536  TTS_MSG_GETAUDIO  0  
[2017/07/13 23:47:20 749] tts        429  get audio|use local  
[2017/07/13 23:47:20 749] tts        471  0  nil  1  
[2017/07/13 23:47:20 749] tts        536  TTS_MSG_GETAUDIO  0  
[2017/07/13 23:47:20 749] tts        429  get audio|use local  
[2017/07/13 23:47:20 749] tts        471  0  nil  1  
[2017/07/13 23:47:20 750] tts        536  TTS_MSG_GETAUDIO  0  
[2017/07/13 23:47:20 750] tts        429  get audio|use local  
[2017/07/13 23:47:20 750] tts        471  0  nil  1  
[2017/07/13 23:47:20 750] tts        536  TTS_MSG_GETAUDIO  0  
[2017/07/13 23:47:20 750] tts        429  get audio|use local  
[2017/07/13 23:47:20 750] tts        471  0  nil  1  
[2017/07/13 23:47:20 750] tts        536  TTS_MSG_GETAUDIO  0  
[2017/07/13 23:47:20 750] tts        429  get audio|use local  
[2017/07/13 23:47:20 750] tts        471  0  nil  1  
[2017/07/13 23:47:20 750] tts        536  TTS_MSG_GETAUDIO  0  
[2017/07/13 23:47:20 751] tts        429  get audio|use local  
[2017/07/13 23:47:20 751] tts        471  0  nil  1  
[2017/07/13 23:47:20 751] tts        536  TTS_MSG_GETAUDIO  0  
[2017/07/13 23:47:20 751] tts        429  get audio|use local  
[2017/07/13 23:47:20 751] tts        471  0  nil  1  
[2017/07/13 23:47:20 751] tts        536  TTS_MSG_GETAUDIO  0  
[2017/07/13 23:47:20 751] tts        429  get audio|use local  
[2017/07/13 23:47:20 751] tts        471  0  nil  1  
[2017/07/13 23:47:20 751] tts        536  TTS_MSG_GETAUDIO  0  
[2017/07/13 23:47:20 751] tts        429  get audio|use local  
[2017/07/13 23:47:20 751] tts        471  0  nil  1  
[2017/07/13 23:47:20 752] tts        536  TTS_MSG_GETAUDIO  0  
[2017/07/13 23:47:20 752] tts        429  get audio|use local  
[2017/07/13 23:47:20 752] tts        471  0  nil  1  
[2017/07/13 23:47:20 752] tts        536  TTS_MSG_GETAUDIO  0  
[2017/07/13 23:47:20 752] tts        429  get audio|use local  
[2017/07/13 23:47:20 752] tts        471  0  nil  1  
[2017/07/13 23:47:20 752] tts        536  TTS_MSG_GETAUDIO  0  
[2017/07/13 23:47:20 752] tts        429  get audio|use local  
[2017/07/13 23:47:20 752] tts        471  0  nil  1  
[2017/07/13 23:47:20 753] tts        536  TTS_MSG_GETAUDIO  0  
[2017/07/13 23:47:20 753] tts        429  get audio|use local  
[2017/07/13 23:47:20 753] tts        471  0  nil  1  
[2017/07/13 23:47:20 753] tts        536  TTS_MSG_GETAUDIO  0  
[2017/07/13 23:47:20 753] tts        429  get audio|use local  
[2017/07/13 23:47:20 754] tts        471  0  nil  1  
[2017/07/13 23:47:20 754] tts        536  TTS_MSG_GETAUDIO  0  
[2017/07/13 23:47:20 754] tts        429  get audio|use local  
[2017/07/13 23:47:20 754] tts        471  0  nil  1  
[2017/07/13 23:47:20 755] tts        536  TTS_MSG_GETAUDIO  0  
[2017/07/13 23:47:20 755] tts        429  get audio|use local  
[2017/07/13 23:47:20 755] tts        471  0  nil  1  
[2017/07/13 23:47:20 756] tts        536  TTS_MSG_GETAUDIO  0  
[2017/07/13 23:47:20 756] tts        429  get audio|use local  
[2017/07/13 23:47:20 756] tts        471  0  nil  1  
[2017/07/13 23:47:20 757] tts        536  TTS_MSG_GETAUDIO  0  
[2017/07/13 23:47:20 757] tts        429  get audio|use local  
[2017/07/13 23:47:20 757] tts        471  0  nil  1  
[2017/07/13 23:47:20 758] tts        536  TTS_MSG_GETAUDIO  0  
[2017/07/13 23:47:20 759] tts        429  get audio|use local  
[2017/07/13 23:47:20 763] tts        471  0  nil  1  
[2017/07/13 23:47:20 764] tts        536  TTS_MSG_GETAUDIO  0  
[2017/07/13 23:47:20 764] tts        429  get audio|use local  
[2017/07/13 23:47:20 764] tts        471  0  nil  1  
[2017/07/13 23:47:20 765] tts        536  TTS_MSG_GETAUDIO  0  
[2017/07/13 23:47:20 765] tts        429  get audio|use local  
[2017/07/13 23:47:20 765] tts        471  0  nil  1  
[2017/07/13 23:47:20 765] tts        536  TTS_MSG_GETAUDIO  0  
[2017/07/13 23:47:20 765] tts        429  get audio|use local  
[2017/07/13 23:47:20 765] tts        471  0  nil  1  
[2017/07/13 23:47:20 768] tts        536  TTS_MSG_GETAUDIO  0  
[2017/07/13 23:47:20 768] tts        429  get audio|use local  
[2017/07/13 23:47:20 768] tts        471  0  nil  1  
[2017/07/13 23:47:20 768] tts        536  TTS_MSG_GETAUDIO  0  
[2017/07/13 23:47:20 768] tts        429  get audio|use local  
[2017/07/13 23:47:20 768] tts        471  0  nil  1  
[2017/07/13 23:47:20 768] tts        536  TTS_MSG_GETAUDIO  0  
[2017/07/13 23:47:20 768] tts        429  get audio|use local  
[2017/07/13 23:47:20 768] tts        471  0  nil  1  
[2017/07/13 23:47:20 768] tts        536  TTS_MSG_GETAUDIO  0  
[2017/07/13 23:47:20 768] tts        429  get audio|use local  
[2017/07/13 23:47:20 768] tts        471  0  nil  1  
[2017/07/13 23:47:20 768] tts        536  TTS_MSG_GETAUDIO  0  
[2017/07/13 23:47:20 768] tts        429  get audio|use local  
[2017/07/13 23:47:20 768] tts        471  0  nil  1  
[2017/07/13 23:47:20 768] tts        536  TTS_MSG_GETAUDIO  0  
[2017/07/13 23:47:20 769] tts        429  get audio|use local  
[2017/07/13 23:47:20 769] tts        471  0  nil  1  
[2017/07/13 23:47:20 769] tts        290  TTS_LOCAL_CB_BEGIN  
[2017/07/13 23:47:20 769] tts        536  TTS_MSG_GETAUDIO  0  
[2017/07/13 23:47:20 769] tts        429  get audio|use local  
[2017/07/13 23:47:20 769] tts        471  0  nil  1  
[2017/07/13 23:47:20 769] tts        536  TTS_MSG_GETAUDIO  0  
[2017/07/13 23:47:20 770] tts        429  get audio|use local  
[2017/07/13 23:47:20 770] tts        471  0  nil  1  
[2017/07/13 23:47:20 770] tts        536  TTS_MSG_GETAUDIO  0  
[2017/07/13 23:47:20 770] tts        429  get audio|use local  
[2017/07/13 23:47:20 770] tts        442  local audiolen:  300  ,ced:  18  
[2017/07/13 23:47:20 770] tts        471  0  udata(e406e008) 1  
[2017/07/13 23:47:20 770] tts        536  TTS_MSG_GETAUDIO  0  
[2017/07/13 23:47:20 770] tts        429  get audio|use local  
[2017/07/13 23:47:20 770] tts        442  local audiolen:  4472  ,ced:  18  
[2017/07/13 23:47:20 770] tts        471  0  udata(e406e0a8) 1  
[2017/07/13 23:47:20 774] tts        536  TTS_MSG_GETAUDIO  0  
[2017/07/13 23:47:20 774] tts        429  get audio|use local  
[2017/07/13 23:47:20 774] tts        442  local audiolen:  7136  ,ced:  18  
[2017/07/13 23:47:20 774] tts        471  0  udata(e407a118) 1  
[2017/07/13 23:47:20 774] tts        536  TTS_MSG_GETAUDIO  0  
[2017/07/13 23:47:20 774] tts        429  get audio|use local  
[2017/07/13 23:47:20 774] tts        442  local audiolen:  4510  ,ced:  18  
[2017/07/13 23:47:20 774] tts        471  0  udata(e406e238) 1  
[2017/07/13 23:47:20 775] tts        536  TTS_MSG_GETAUDIO  0  
[2017/07/13 23:47:20 775] tts        429  get audio|use local  
[2017/07/13 23:47:20 775] tts        442  local audiolen:  12914  ,ced:  18  
[2017/07/13 23:47:20 776] tts        471  0  udata(e407b1d8) 1  
[2017/07/13 23:47:20 777] tts        536  TTS_MSG_GETAUDIO  0  
[2017/07/13 23:47:20 777] tts        429  get audio|use local  
[2017/07/13 23:47:20 777] tts        442  local audiolen:  6038  ,ced:  18  
[2017/07/13 23:47:20 777] tts        471  0  udata(e407b328) 1  
[2017/07/13 23:47:20 778] tts        536  TTS_MSG_GETAUDIO  0  
[2017/07/13 23:47:20 778] tts        429  get audio|use local  
[2017/07/13 23:47:20 778] tts        442  local audiolen:  512  ,ced:  18  
[2017/07/13 23:47:20 778] tts        471  0  udata(e407b9a8) 1  
[2017/07/13 23:47:20 778] tts        536  TTS_MSG_GETAUDIO  0  
[2017/07/13 23:47:20 778] tts        429  get audio|use local  
[2017/07/13 23:47:20 779] tts        442  local audiolen:  512  ,ced:  18  
[2017/07/13 23:47:20 779] tts        471  0  udata(e407b9f8) 1  
[2017/07/13 23:47:20 781] tts        536  TTS_MSG_GETAUDIO  0  
[2017/07/13 23:47:20 782] tts        429  get audio|use local  
[2017/07/13 23:47:20 782] tts        442  local audiolen:  512  ,ced:  18  
[2017/07/13 23:47:20 782] tts        471  0  udata(e407b378) 1  
[2017/07/13 23:47:20 783] tts        536  TTS_MSG_GETAUDIO  0  
[2017/07/13 23:47:20 783] tts        429  get audio|use local  
[2017/07/13 23:47:20 783] tts        442  local audiolen:  512  ,ced:  18  
[2017/07/13 23:47:20 783] tts        471  0  udata(e4079908) 1  
[2017/07/13 23:47:20 784] tts        536  TTS_MSG_GETAUDIO  0  
[2017/07/13 23:47:20 784] tts        429  get audio|use local  
[2017/07/13 23:47:20 784] tts        442  local audiolen:  512  ,ced:  18  
[2017/07/13 23:47:20 784] tts        471  0  udata(e407b798) 1  
[2017/07/13 23:47:20 784] tts        536  TTS_MSG_GETAUDIO  0  
[2017/07/13 23:47:20 784] tts        429  get audio|use local  
[2017/07/13 23:47:20 784] tts        442  local audiolen:  512  ,ced:  18  
[2017/07/13 23:47:20 784] tts        471  0  udata(e407b7e8) 1  
[2017/07/13 23:47:20 784] tts        536  TTS_MSG_GETAUDIO  0  
[2017/07/13 23:47:20 784] tts        429  get audio|use local  
[2017/07/13 23:47:20 784] tts        442  local audiolen:  512  ,ced:  18  
[2017/07/13 23:47:20 784] tts        471  0  udata(e407b838) 1  
[2017/07/13 23:47:20 784] tts        536  TTS_MSG_GETAUDIO  0  
[2017/07/13 23:47:20 784] tts        429  get audio|use local  
[2017/07/13 23:47:20 784] tts        442  local audiolen:  512  ,ced:  18  
[2017/07/13 23:47:20 784] tts        471  0  udata(e407b888) 1  
[2017/07/13 23:47:20 786] tts        536  TTS_MSG_GETAUDIO  0  
[2017/07/13 23:47:20 786] tts        429  get audio|use local  
[2017/07/13 23:47:20 786] tts        442  local audiolen:  512  ,ced:  18  
[2017/07/13 23:47:20 786] tts        471  0  udata(e407b8d8) 1  
[2017/07/13 23:47:20 786] tts        536  TTS_MSG_GETAUDIO  0  
[2017/07/13 23:47:20 786] tts        429  get audio|use local  
[2017/07/13 23:47:20 786] tts        442  local audiolen:  512  ,ced:  18  
[2017/07/13 23:47:20 786] tts        471  0  udata(e4079c48) 1  
[2017/07/13 23:47:20 787] tts        536  TTS_MSG_GETAUDIO  0  
[2017/07/13 23:47:20 787] tts        429  get audio|use local  
[2017/07/13 23:47:20 787] tts        442  local audiolen:  512  ,ced:  18  
[2017/07/13 23:47:20 787] tts        471  0  udata(e4079cf8) 1  
[2017/07/13 23:47:20 787] tts        536  TTS_MSG_GETAUDIO  0  
[2017/07/13 23:47:20 787] tts        429  get audio|use local  
[2017/07/13 23:47:20 787] tts        442  local audiolen:  512  ,ced:  18  
[2017/07/13 23:47:20 787] tts        471  0  udata(e4079d48) 1  
[2017/07/13 23:47:20 788] tts        536  TTS_MSG_GETAUDIO  0  
[2017/07/13 23:47:20 788] tts        429  get audio|use local  
[2017/07/13 23:47:20 788] tts        442  local audiolen:  512  ,ced:  18  
[2017/07/13 23:47:20 788] tts        471  0  udata(e4079d98) 1  
[2017/07/13 23:47:20 788] tts        536  TTS_MSG_GETAUDIO  0  
[2017/07/13 23:47:20 788] tts        429  get audio|use local  
[2017/07/13 23:47:20 788] tts        442  local audiolen:  512  ,ced:  18  
[2017/07/13 23:47:20 788] tts        471  0  udata(e4079de8) 1  
[2017/07/13 23:47:20 788] tts        536  TTS_MSG_GETAUDIO  0  
[2017/07/13 23:47:20 788] tts        429  get audio|use local  
[2017/07/13 23:47:20 788] tts        471  0  nil  1  
[2017/07/13 23:47:20 788] tts        536  TTS_MSG_GETAUDIO  0  
[2017/07/13 23:47:20 788] tts        429  get audio|use local  
[2017/07/13 23:47:20 788] tts        471  0  nil  1  
[2017/07/13 23:47:20 788] tts        536  TTS_MSG_GETAUDIO  0  
[2017/07/13 23:47:20 788] tts        429  get audio|use local  
[2017/07/13 23:47:20 788] tts        471  0  nil  1  
[2017/07/13 23:47:20 788] tts        536  TTS_MSG_GETAUDIO  0  
[2017/07/13 23:47:20 788] tts        429  get audio|use local  
[2017/07/13 23:47:20 788] tts        471  0  nil  1  
[2017/07/13 23:47:20 788] tts        536  TTS_MSG_GETAUDIO  0  
[2017/07/13 23:47:20 788] tts        429  get audio|use local  
[2017/07/13 23:47:20 788] tts        471  0  nil  1  
[2017/07/13 23:47:20 788] tts        536  TTS_MSG_GETAUDIO  0  
[2017/07/13 23:47:20 788] tts        429  get audio|use local  
[2017/07/13 23:47:20 788] tts        471  0  nil  1  
[2017/07/13 23:47:20 789] tts        536  TTS_MSG_GETAUDIO  0  
[2017/07/13 23:47:20 789] tts        429  get audio|use local  
[2017/07/13 23:47:20 789] tts        471  0  nil  1  
[2017/07/13 23:47:20 789] tts        536  TTS_MSG_GETAUDIO  0  
[2017/07/13 23:47:20 789] tts        429  get audio|use local  
[2017/07/13 23:47:20 789] tts        471  0  nil  1  
[2017/07/13 23:47:20 789] tts        536  TTS_MSG_GETAUDIO  0  
[2017/07/13 23:47:20 789] tts        429  get audio|use local  
[2017/07/13 23:47:20 789] tts        471  0  nil  1  
[2017/07/13 23:47:20 792] tts        536  TTS_MSG_GETAUDIO  0  
[2017/07/13 23:47:20 792] tts        429  get audio|use local  
[2017/07/13 23:47:20 792] tts        471  0  nil  1  
[2017/07/13 23:47:20 792] tts        536  TTS_MSG_GETAUDIO  0  
[2017/07/13 23:47:20 792] tts        429  get audio|use local  
[2017/07/13 23:47:20 792] tts        471  0  nil  1  
[2017/07/13 23:47:20 792] tts        536  TTS_MSG_GETAUDIO  0  
[2017/07/13 23:47:20 793] tts        429  get audio|use local  
[2017/07/13 23:47:20 793] tts        442  local audiolen:  512  ,ced:  18  
[2017/07/13 23:47:20 793] tts        471  0  udata(e4079ed8) 1  
[2017/07/13 23:47:20 802] tts        536  TTS_MSG_GETAUDIO  0  
[2017/07/13 23:47:20 802] tts        429  get audio|use local  
[2017/07/13 23:47:20 802] tts        442  local audiolen:  512  ,ced:  18  
[2017/07/13 23:47:20 802] tts        471  0  udata(e4022dd8) 1  
[2017/07/13 23:47:20 802] tts        536  TTS_MSG_GETAUDIO  0  
[2017/07/13 23:47:20 802] tts        429  get audio|use local  
[2017/07/13 23:47:20 802] tts        442  local audiolen:  512  ,ced:  18  
[2017/07/13 23:47:20 803] tts        471  0  udata(e4022e88) 1  
[2017/07/13 23:47:20 803] tts        536  TTS_MSG_GETAUDIO  0  
[2017/07/13 23:47:20 803] tts        429  get audio|use local  
[2017/07/13 23:47:20 803] tts        442  local audiolen:  512  ,ced:  18  
[2017/07/13 23:47:20 803] tts        471  0  udata(e4022ed8) 1  
[2017/07/13 23:47:20 803] tts        536  TTS_MSG_GETAUDIO  0  
[2017/07/13 23:47:20 803] tts        429  get audio|use local  
[2017/07/13 23:47:20 803] tts        442  local audiolen:  160  ,ced:  18  
[2017/07/13 23:47:20 803] tts        471  0  udata(e4079a68) 1  
[2017/07/13 23:47:20 803] tts        536  TTS_MSG_GETAUDIO  0  
[2017/07/13 23:47:20 803] tts        429  get audio|use local  
[2017/07/13 23:47:20 803] tts        442  local audiolen:  244  ,ced:  27  
[2017/07/13 23:47:20 803] tts        471  0  udata(e40799b8) 1  
[2017/07/13 23:47:20 804] tts        536  TTS_MSG_GETAUDIO  0  
[2017/07/13 23:47:20 804] tts        429  get audio|use local  
[2017/07/13 23:47:20 804] tts        442  local audiolen:  9884  ,ced:  27  
[2017/07/13 23:47:20 804] tts        471  0  udata(e4079a08) 1  
[2017/07/13 23:47:20 805] tts        536  TTS_MSG_GETAUDIO  0  
[2017/07/13 23:47:20 805] tts        429  get audio|use local  
[2017/07/13 23:47:20 806] tts        442  local audiolen:  7908  ,ced:  27  
[2017/07/13 23:47:20 806] tts        471  0  udata(e4022e28) 1  
[2017/07/13 23:47:20 807] tts        536  TTS_MSG_GETAUDIO  0  
[2017/07/13 23:47:20 807] tts        429  get audio|use local  
[2017/07/13 23:47:20 807] tts        442  local audiolen:  512  ,ced:  27  
[2017/07/13 23:47:20 807] tts        471  0  udata(e4023138) 1  
[2017/07/13 23:47:20 807] tts        536  TTS_MSG_GETAUDIO  0  
[2017/07/13 23:47:20 807] tts        429  get audio|use local  
[2017/07/13 23:47:20 807] tts        442  local audiolen:  512  ,ced:  27  
[2017/07/13 23:47:20 807] tts        471  0  udata(e4079b18) 1  
[2017/07/13 23:47:20 808] tts        536  TTS_MSG_GETAUDIO  0  
[2017/07/13 23:47:20 810] tts        429  get audio|use local  
[2017/07/13 23:47:20 810] tts        442  local audiolen:  512  ,ced:  27  
[2017/07/13 23:47:20 811] tts        471  0  udata(e4079ab8) 1  
[2017/07/13 23:47:20 812] tts        536  TTS_MSG_GETAUDIO  0  
[2017/07/13 23:47:20 812] tts        429  get audio|use local  
[2017/07/13 23:47:20 812] tts        442  local audiolen:  512  ,ced:  27  
[2017/07/13 23:47:20 812] tts        471  0  udata(e4079188) 1  
[2017/07/13 23:47:20 812] tts        536  TTS_MSG_GETAUDIO  0  
[2017/07/13 23:47:20 812] tts        429  get audio|use local  
[2017/07/13 23:47:20 813] tts        442  local audiolen:  512  ,ced:  27  
[2017/07/13 23:47:20 813] tts        471  0  udata(e4079238) 1  
[2017/07/13 23:47:20 813] tts        536  TTS_MSG_GETAUDIO  0  
[2017/07/13 23:47:20 813] tts        429  get audio|use local  
[2017/07/13 23:47:20 813] tts        442  local audiolen:  512  ,ced:  27  
[2017/07/13 23:47:20 813] tts        471  0  udata(e4079288) 1  
[2017/07/13 23:47:20 814] tts        536  TTS_MSG_GETAUDIO  0  
[2017/07/13 23:47:20 814] tts        429  get audio|use local  
[2017/07/13 23:47:20 814] tts        442  local audiolen:  512  ,ced:  27  
[2017/07/13 23:47:20 814] tts        471  0  udata(e40792d8) 1  
[2017/07/13 23:47:20 814] tts        536  TTS_MSG_GETAUDIO  0  
[2017/07/13 23:47:20 815] tts        429  get audio|use local  
[2017/07/13 23:47:20 815] tts        442  local audiolen:  512  ,ced:  27  
[2017/07/13 23:47:20 815] tts        471  0  udata(e4079328) 1  
[2017/07/13 23:47:20 815] tts        536  TTS_MSG_GETAUDIO  0  
[2017/07/13 23:47:20 815] tts        429  get audio|use local  
[2017/07/13 23:47:20 815] tts        442  local audiolen:  512  ,ced:  27  
[2017/07/13 23:47:20 815] tts        471  0  udata(e4079378) 1  
[2017/07/13 23:47:20 815] tts        536  TTS_MSG_GETAUDIO  0  
[2017/07/13 23:47:20 815] tts        429  get audio|use local  
[2017/07/13 23:47:20 815] tts        442  local audiolen:  512  ,ced:  27  
[2017/07/13 23:47:20 815] tts        471  0  udata(e40793c8) 1  
[2017/07/13 23:47:20 815] tts        536  TTS_MSG_GETAUDIO  0  
[2017/07/13 23:47:20 815] tts        429  get audio|use local  
[2017/07/13 23:47:20 815] tts        442  local audiolen:  512  ,ced:  27  
[2017/07/13 23:47:20 815] tts        471  0  udata(e4079418) 1  
[2017/07/13 23:47:20 815] tts        536  TTS_MSG_GETAUDIO  0  
[2017/07/13 23:47:20 815] tts        429  get audio|use local  
[2017/07/13 23:47:20 815] tts        442  local audiolen:  512  ,ced:  27  
[2017/07/13 23:47:20 815] tts        471  0  udata(e4079468) 1  
[2017/07/13 23:47:20 815] tts        536  TTS_MSG_GETAUDIO  0  
[2017/07/13 23:47:20 815] tts        429  get audio|use local  
[2017/07/13 23:47:20 815] tts        442  local audiolen:  512  ,ced:  27  
[2017/07/13 23:47:20 815] tts        471  0  udata(e40235e8) 1  
[2017/07/13 23:47:20 815] tts        536  TTS_MSG_GETAUDIO  0  
[2017/07/13 23:47:20 815] tts        429  get audio|use local  
[2017/07/13 23:47:20 815] tts        442  local audiolen:  512  ,ced:  27  
[2017/07/13 23:47:20 815] tts        471  0  udata(e4023638) 1  
[2017/07/13 23:47:20 816] tts        536  TTS_MSG_GETAUDIO  0  
[2017/07/13 23:47:20 816] tts        429  get audio|use local  
[2017/07/13 23:47:20 816] tts        442  local audiolen:  512  ,ced:  27  
[2017/07/13 23:47:20 816] tts        471  0  udata(e4023688) 1  
[2017/07/13 23:47:20 816] tts        536  TTS_MSG_GETAUDIO  0  
[2017/07/13 23:47:20 816] tts        429  get audio|use local  
[2017/07/13 23:47:20 816] tts        442  local audiolen:  512  ,ced:  27  
[2017/07/13 23:47:20 816] tts        471  0  udata(e40236d8) 1  
[2017/07/13 23:47:20 816] tts        536  TTS_MSG_GETAUDIO  0  
[2017/07/13 23:47:20 816] tts        429  get audio|use local  
[2017/07/13 23:47:20 816] tts        442  local audiolen:  512  ,ced:  27  
[2017/07/13 23:47:20 816] tts        471  0  udata(e4023728) 1  
[2017/07/13 23:47:20 816] tts        536  TTS_MSG_GETAUDIO  0  
[2017/07/13 23:47:20 816] tts        429  get audio|use local  
[2017/07/13 23:47:20 816] tts        442  local audiolen:  512  ,ced:  27  
[2017/07/13 23:47:20 816] tts        471  0  udata(e4023778) 1  
[2017/07/13 23:47:20 816] tts        536  TTS_MSG_GETAUDIO  0  
[2017/07/13 23:47:20 817] tts        429  get audio|use local  
[2017/07/13 23:47:20 817] tts        442  local audiolen:  160  ,ced:  27  
[2017/07/13 23:47:20 817] tts        471  0  udata(e4022fd8) 1  
[2017/07/13 23:47:20 817] tts        536  TTS_MSG_GETAUDIO  0  
[2017/07/13 23:47:20 817] tts        429  get audio|use local  
[2017/07/13 23:47:20 817] tts        442  local audiolen:  302  ,ced:  57  
[2017/07/13 23:47:20 817] tts        471  0  udata(e4023908) 1  
[2017/07/13 23:47:20 817] tts        536  TTS_MSG_GETAUDIO  0  
[2017/07/13 23:47:20 817] tts        429  get audio|use local  
[2017/07/13 23:47:20 817] tts        442  local audiolen:  972  ,ced:  57  
[2017/07/13 23:47:20 817] tts        471  0  udata(e4023d38) 1  
[2017/07/13 23:47:20 817] tts        536  TTS_MSG_GETAUDIO  0  
[2017/07/13 23:47:20 817] tts        429  get audio|use local  
[2017/07/13 23:47:20 817] tts        442  local audiolen:  7628  ,ced:  57  
[2017/07/13 23:47:20 817] tts        471  0  udata(e40791d8) 1  
[2017/07/13 23:47:20 818] tts        536  TTS_MSG_GETAUDIO  0  
[2017/07/13 23:47:20 818] tts        429  get audio|use local  
[2017/07/13 23:47:20 818] tts        442  local audiolen:  4282  ,ced:  57  
[2017/07/13 23:47:20 819] tts        471  0  udata(e4022f28) 1  
[2017/07/13 23:47:20 823] tts        536  TTS_MSG_GETAUDIO  0  
[2017/07/13 23:47:20 823] tts        429  get audio|use local  
[2017/07/13 23:47:20 823] tts        442  local audiolen:  7110  ,ced:  57  
[2017/07/13 23:47:20 823] tts        471  0  udata(e4023d88) 1  
[2017/07/13 23:47:20 824] tts        536  TTS_MSG_GETAUDIO  0  
[2017/07/13 23:47:20 824] tts        429  get audio|use local  
[2017/07/13 23:47:20 824] tts        442  local audiolen:  3632  ,ced:  57  
[2017/07/13 23:47:20 824] tts        471  0  udata(e4024c18) 1  
[2017/07/13 23:47:20 824] tts        536  TTS_MSG_GETAUDIO  0  
[2017/07/13 23:47:20 825] tts        429  get audio|use local  
[2017/07/13 23:47:20 825] tts        442  local audiolen:  7226  ,ced:  57  
[2017/07/13 23:47:20 825] tts        471  0  udata(e4024c68) 1  
[2017/07/13 23:47:20 836] tts        536  TTS_MSG_GETAUDIO  0  
[2017/07/13 23:47:20 836] tts        429  get audio|use local  
[2017/07/13 23:47:20 836] tts        442  local audiolen:  9160  ,ced:  57  
[2017/07/13 23:47:20 836] tts        471  0  udata(e4024738) 1  
[2017/07/13 23:47:20 840] tts        536  TTS_MSG_GETAUDIO  0  
[2017/07/13 23:47:20 840] tts        429  get audio|use local  
[2017/07/13 23:47:20 840] tts        442  local audiolen:  6982  ,ced:  57  
[2017/07/13 23:47:20 840] tts        471  0  udata(e4028818) 1  
[2017/07/13 23:47:20 844] tts        536  TTS_MSG_GETAUDIO  0  
[2017/07/13 23:47:20 844] tts        429  get audio|use local  
[2017/07/13 23:47:20 844] tts        442  local audiolen:  8976  ,ced:  57  
[2017/07/13 23:47:20 844] tts        471  0  udata(e40220c8) 1  
[2017/07/13 23:47:20 847] tts        536  TTS_MSG_GETAUDIO  0  
[2017/07/13 23:47:20 847] tts        429  get audio|use local  
[2017/07/13 23:47:20 847] tts        442  local audiolen:  7678  ,ced:  57  
[2017/07/13 23:47:20 847] tts        471  0  udata(e402c268) 1  
[2017/07/13 23:47:20 850] tts        536  TTS_MSG_GETAUDIO  0  
[2017/07/13 23:47:20 850] tts        429  get audio|use local  
[2017/07/13 23:47:20 850] tts        442  local audiolen:  3576  ,ced:  57  
[2017/07/13 23:47:20 850] tts        471  0  udata(e402d748) 1  
[2017/07/13 23:47:20 851] tts        536  TTS_MSG_GETAUDIO  0  
[2017/07/13 23:47:20 851] tts        429  get audio|use local  
[2017/07/13 23:47:20 851] tts        442  local audiolen:  512  ,ced:  57  
[2017/07/13 23:47:20 851] tts        471  0  udata(e402dba8) 1  
[2017/07/13 23:47:20 853] tts        536  TTS_MSG_GETAUDIO  0  
[2017/07/13 23:47:20 853] tts        429  get audio|use local  
[2017/07/13 23:47:20 853] tts        442  local audiolen:  512  ,ced:  57  
[2017/07/13 23:47:20 853] tts        471  0  udata(e402def8) 1  
[2017/07/13 23:47:20 853] tts        536  TTS_MSG_GETAUDIO  0  
[2017/07/13 23:47:20 853] tts        429  get audio|use local  
[2017/07/13 23:47:20 854] tts        442  local audiolen:  512  ,ced:  57  
[2017/07/13 23:47:20 854] tts        471  0  udata(e402c988) 1  
[2017/07/13 23:47:20 858] tts        536  TTS_MSG_GETAUDIO  0  
[2017/07/13 23:47:20 858] tts        429  get audio|use local  
[2017/07/13 23:47:20 858] tts        442  local audiolen:  512  ,ced:  57  
[2017/07/13 23:47:20 858] tts        471  0  udata(e402a6b8) 1  
[2017/07/13 23:47:20 858] tts        536  TTS_MSG_GETAUDIO  0  
[2017/07/13 23:47:20 858] tts        429  get audio|use local  
[2017/07/13 23:47:20 858] tts        442  local audiolen:  512  ,ced:  57  
[2017/07/13 23:47:20 858] tts        471  0  udata(e402a768) 1  
[2017/07/13 23:47:20 859] tts        536  TTS_MSG_GETAUDIO  0  
[2017/07/13 23:47:20 859] tts        429  get audio|use local  
[2017/07/13 23:47:20 859] tts        442  local audiolen:  512  ,ced:  57  
[2017/07/13 23:47:20 859] tts        471  0  udata(e402a7b8) 1  
[2017/07/13 23:47:20 859] tts        536  TTS_MSG_GETAUDIO  0  
[2017/07/13 23:47:20 859] tts        429  get audio|use local  
[2017/07/13 23:47:20 859] tts        442  local audiolen:  512  ,ced:  57  
[2017/07/13 23:47:20 859] tts        471  0  udata(e402a9a8) 1  
[2017/07/13 23:47:20 860] tts        536  TTS_MSG_GETAUDIO  0  
[2017/07/13 23:47:20 860] tts        429  get audio|use local  
[2017/07/13 23:47:20 860] tts        442  local audiolen:  512  ,ced:  57  
[2017/07/13 23:47:20 860] tts        471  0  udata(e402abf8) 1  
[2017/07/13 23:47:20 861] tts        536  TTS_MSG_GETAUDIO  0  
[2017/07/13 23:47:20 861] tts        429  get audio|use local  
[2017/07/13 23:47:20 861] tts        442  local audiolen:  512  ,ced:  57  
[2017/07/13 23:47:20 861] tts        471  0  udata(e402ae48) 1  
[2017/07/13 23:47:20 861] tts        536  TTS_MSG_GETAUDIO  0  
[2017/07/13 23:47:20 861] tts        429  get audio|use local  
[2017/07/13 23:47:20 861] tts        442  local audiolen:  512  ,ced:  57  
[2017/07/13 23:47:20 861] tts        471  0  udata(e402af98) 1  
[2017/07/13 23:47:20 862] tts        292  0  0  
[2017/07/13 23:47:20 862] tts        299  TTS_LOCAL_CB_END,  2  
[2017/07/13 23:47:20 862] tts        536  TTS_MSG_GETAUDIO  0  
[2017/07/13 23:47:20 862] tts        429  get audio|use local  
[2017/07/13 23:47:20 862] tts        442  local audiolen:  512  ,ced:  57  
[2017/07/13 23:47:20 862] tts        471  0  udata(e402b288) 1  
[2017/07/13 23:47:20 862] tts        536  TTS_MSG_GETAUDIO  0  
[2017/07/13 23:47:20 862] tts        429  get audio|use local  
[2017/07/13 23:47:20 862] tts        442  local audiolen:  512  ,ced:  57  
[2017/07/13 23:47:20 862] tts        471  0  udata(e402b338) 1  
[2017/07/13 23:47:20 862] tts        536  TTS_MSG_GETAUDIO  0  
[2017/07/13 23:47:20 862] tts        429  get audio|use local  
[2017/07/13 23:47:20 862] tts        442  local audiolen:  512  ,ced:  57  
[2017/07/13 23:47:20 862] tts        471  0  udata(e402b388) 1  
[2017/07/13 23:47:20 862] tts        536  TTS_MSG_GETAUDIO  0  
[2017/07/13 23:47:20 862] tts        429  get audio|use local  
[2017/07/13 23:47:20 862] tts        442  local audiolen:  512  ,ced:  57  
[2017/07/13 23:47:20 862] tts        471  0  udata(e402b3d8) 1  
[2017/07/13 23:47:20 863] tts        536  TTS_MSG_GETAUDIO  0  
[2017/07/13 23:47:20 863] tts        429  get audio|use local  
[2017/07/13 23:47:20 863] tts        442  local audiolen:  512  ,ced:  57  
[2017/07/13 23:47:20 863] tts        471  0  udata(e402b428) 1  
[2017/07/13 23:47:20 864] tts        536  TTS_MSG_GETAUDIO  0  
[2017/07/13 23:47:20 864] tts        429  get audio|use local  
[2017/07/13 23:47:20 864] tts        442  local audiolen:  512  ,ced:  57  
[2017/07/13 23:47:20 864] tts        471  0  udata(e402b478) 1  
[2017/07/13 23:47:20 865] tts        536  TTS_MSG_GETAUDIO  0  
[2017/07/13 23:47:20 865] tts        429  get audio|use local  
[2017/07/13 23:47:20 865] tts        442  local audiolen:  512  ,ced:  57  
[2017/07/13 23:47:20 865] tts        471  0  udata(e402b4c8) 1  
[2017/07/13 23:47:20 865] tts        536  TTS_MSG_GETAUDIO  0  
[2017/07/13 23:47:20 865] tts        429  get audio|use local  
[2017/07/13 23:47:20 865] tts        442  local audiolen:  512  ,ced:  57  
[2017/07/13 23:47:20 865] tts        471  0  udata(e402b518) 1  
[2017/07/13 23:47:20 865] tts        536  TTS_MSG_GETAUDIO  0  
[2017/07/13 23:47:20 865] tts        429  get audio|use local  
[2017/07/13 23:47:20 865] tts        442  local audiolen:  160  ,ced:  57  
[2017/07/13 23:47:20 865] tts        471  0  udata(e402da48) 1  
[2017/07/13 23:47:20 865] tts        536  TTS_MSG_GETAUDIO  0  
[2017/07/13 23:47:20 865] tts        429  get audio|use local  
[2017/07/13 23:47:20 865] tts        442  local audiolen:  286  ,ced:  73  
[2017/07/13 23:47:20 865] tts        471  0  udata(e402b698) 1  
[2017/07/13 23:47:20 866] tts        536  TTS_MSG_GETAUDIO  0  
[2017/07/13 23:47:20 866] tts        429  get audio|use local  
[2017/07/13 23:47:20 866] tts        442  local audiolen:  1392  ,ced:  73  
[2017/07/13 23:47:20 866] tts        471  0  udata(e402b2d8) 1  
[2017/07/13 23:47:20 866] tts        536  TTS_MSG_GETAUDIO  0  
[2017/07/13 23:47:20 866] tts        429  get audio|use local  
[2017/07/13 23:47:20 866] tts        442  local audiolen:  9008  ,ced:  73  
[2017/07/13 23:47:20 866] tts        471  0  udata(e402d998) 1  
[2017/07/13 23:47:20 867] tts        536  TTS_MSG_GETAUDIO  0  
[2017/07/13 23:47:20 867] tts        429  get audio|use local  
[2017/07/13 23:47:20 867] tts        442  local audiolen:  4462  ,ced:  73  
[2017/07/13 23:47:20 867] tts        471  0  udata(e402d9e8) 1  
[2017/07/13 23:47:20 867] tts        536  TTS_MSG_GETAUDIO  0  
[2017/07/13 23:47:20 867] tts        429  get audio|use local  
[2017/07/13 23:47:20 867] tts        442  local audiolen:  6282  ,ced:  73  
[2017/07/13 23:47:20 867] tts        471  0  udata(e402da98) 1  
[2017/07/13 23:47:20 867] tts        536  TTS_MSG_GETAUDIO  0  
[2017/07/13 23:47:20 868] tts        429  get audio|use local  
[2017/07/13 23:47:20 868] tts        442  local audiolen:  11036  ,ced:  73  
[2017/07/13 23:47:20 868] tts        471  0  udata(e402dae8) 1  
[2017/07/13 23:47:20 869] tts        536  TTS_MSG_GETAUDIO  0  
[2017/07/13 23:47:20 869] tts        429  get audio|use local  
[2017/07/13 23:47:20 869] tts        442  local audiolen:  512  ,ced:  73  
[2017/07/13 23:47:20 869] tts        471  0  udata(e402b8f8) 1  
[2017/07/13 23:47:20 869] tts        536  TTS_MSG_GETAUDIO  0  
[2017/07/13 23:47:20 869] tts        429  get audio|use local  
[2017/07/13 23:47:20 869] tts        442  local audiolen:  512  ,ced:  73  
[2017/07/13 23:47:20 869] tts        471  0  udata(e402b568) 1  
[2017/07/13 23:47:20 869] tts        536  TTS_MSG_GETAUDIO  0  
[2017/07/13 23:47:20 869] tts        429  get audio|use local  
[2017/07/13 23:47:20 869] tts        442  local audiolen:  512  ,ced:  73  
[2017/07/13 23:47:20 869] tts        471  0  udata(e402b5b8) 1  
[2017/07/13 23:47:20 870] tts        536  TTS_MSG_GETAUDIO  0  
[2017/07/13 23:47:20 870] tts        429  get audio|use local  
[2017/07/13 23:47:20 870] tts        442  local audiolen:  512  ,ced:  73  
[2017/07/13 23:47:20 870] tts        471  0  udata(e402b608) 1  
[2017/07/13 23:47:20 870] tts        536  TTS_MSG_GETAUDIO  0  
[2017/07/13 23:47:20 870] tts        429  get audio|use local  
[2017/07/13 23:47:20 870] tts        442  local audiolen:  512  ,ced:  73  
[2017/07/13 23:47:20 870] tts        471  0  udata(e402b9a8) 1  
[2017/07/13 23:47:20 870] tts        536  TTS_MSG_GETAUDIO  0  
[2017/07/13 23:47:20 870] tts        429  get audio|use local  
[2017/07/13 23:47:20 870] tts        442  local audiolen:  512  ,ced:  73  
[2017/07/13 23:47:20 870] tts        471  0  udata(e402b9f8) 1  
[2017/07/13 23:47:20 871] tts        536  TTS_MSG_GETAUDIO  0  
[2017/07/13 23:47:20 871] tts        429  get audio|use local  
[2017/07/13 23:47:20 871] tts        442  local audiolen:  512  ,ced:  73  
[2017/07/13 23:47:20 871] tts        471  0  udata(e402ba48) 1  
[2017/07/13 23:47:20 871] tts        536  TTS_MSG_GETAUDIO  0  
[2017/07/13 23:47:20 871] tts        429  get audio|use local  
[2017/07/13 23:47:20 871] tts        442  local audiolen:  512  ,ced:  73  
[2017/07/13 23:47:20 872] tts        471  0  udata(e402ba98) 1  
[2017/07/13 23:47:20 872] tts        536  TTS_MSG_GETAUDIO  0  
[2017/07/13 23:47:20 872] tts        429  get audio|use local  
[2017/07/13 23:47:20 872] tts        442  local audiolen:  512  ,ced:  73  
[2017/07/13 23:47:20 872] tts        471  0  udata(e402bae8) 1  
[2017/07/13 23:47:20 872] tts        536  TTS_MSG_GETAUDIO  0  
[2017/07/13 23:47:20 872] tts        429  get audio|use local  
[2017/07/13 23:47:20 872] tts        442  local audiolen:  512  ,ced:  73  
[2017/07/13 23:47:20 872] tts        471  0  udata(e402bb38) 1  
[2017/07/13 23:47:20 872] tts        536  TTS_MSG_GETAUDIO  0  
[2017/07/13 23:47:20 872] tts        429  get audio|use local  
[2017/07/13 23:47:20 872] tts        442  local audiolen:  512  ,ced:  73  
[2017/07/13 23:47:20 872] tts        471  0  udata(e402bb88) 1  
[2017/07/13 23:47:20 873] tts        536  TTS_MSG_GETAUDIO  0  
[2017/07/13 23:47:20 873] tts        429  get audio|use local  
[2017/07/13 23:47:20 873] tts        442  local audiolen:  512  ,ced:  73  
[2017/07/13 23:47:20 873] tts        471  0  udata(e402bbd8) 1  
[2017/07/13 23:47:20 873] tts        536  TTS_MSG_GETAUDIO  0  
[2017/07/13 23:47:20 873] tts        429  get audio|use local  
[2017/07/13 23:47:20 873] tts        442  local audiolen:  512  ,ced:  73  
[2017/07/13 23:47:20 873] tts        471  0  udata(e402bc28) 1  
[2017/07/13 23:47:20 873] tts        536  TTS_MSG_GETAUDIO  0  
[2017/07/13 23:47:20 873] tts        429  get audio|use local  
[2017/07/13 23:47:20 873] tts        442  local audiolen:  512  ,ced:  73  
[2017/07/13 23:47:20 873] tts        471  0  udata(e402bc78) 1  
[2017/07/13 23:47:20 874] tts        536  TTS_MSG_GETAUDIO  0  
[2017/07/13 23:47:20 874] tts        429  get audio|use local  
[2017/07/13 23:47:20 874] tts        442  local audiolen:  512  ,ced:  73  
[2017/07/13 23:47:20 874] tts        471  0  udata(e402bcc8) 1  
[2017/07/13 23:47:20 874] tts        536  TTS_MSG_GETAUDIO  0  
[2017/07/13 23:47:20 874] tts        429  get audio|use local  
[2017/07/13 23:47:20 874] tts        442  local audiolen:  512  ,ced:  73  
[2017/07/13 23:47:20 874] tts        471  0  udata(e402bd18) 1  
[2017/07/13 23:47:20 874] tts        536  TTS_MSG_GETAUDIO  0  
[2017/07/13 23:47:20 874] tts        429  get audio|use local  
[2017/07/13 23:47:20 874] tts        442  local audiolen:  512  ,ced:  73  
[2017/07/13 23:47:20 875] tts        471  0  udata(e402bd68) 1  
[2017/07/13 23:47:20 875] tts        536  TTS_MSG_GETAUDIO  0  
[2017/07/13 23:47:20 875] tts        429  get audio|use local  
[2017/07/13 23:47:20 875] tts        442  local audiolen:  512  ,ced:  73  
[2017/07/13 23:47:20 875] tts        471  0  udata(e402bdb8) 1  
[2017/07/13 23:47:20 875] tts        536  TTS_MSG_GETAUDIO  0  
[2017/07/13 23:47:20 875] tts        429  get audio|use local  
[2017/07/13 23:47:20 875] tts        442  local audiolen:  160  ,ced:  73  
[2017/07/13 23:47:20 875] tts        471  0  udata(e402b798) 1  
[2017/07/13 23:47:20 875] tts        536  TTS_MSG_GETAUDIO  0  
[2017/07/13 23:47:20 875] tts        429  get audio|use local  
[2017/07/13 23:47:20 875] tts        442  local audiolen:  300  ,ced:  116  
[2017/07/13 23:47:20 875] tts        471  0  udata(e402bf48) 1  
[2017/07/13 23:47:20 876] tts        536  TTS_MSG_GETAUDIO  0  
[2017/07/13 23:47:20 876] tts        429  get audio|use local  
[2017/07/13 23:47:20 876] tts        442  local audiolen:  3320  ,ced:  116  
[2017/07/13 23:47:20 876] tts        471  0  udata(e402b948) 1  
[2017/07/13 23:47:20 876] tts        536  TTS_MSG_GETAUDIO  0  
[2017/07/13 23:47:20 876] tts        429  get audio|use local  
[2017/07/13 23:47:20 876] tts        442  local audiolen:  12700  ,ced:  116  
[2017/07/13 23:47:20 876] tts        471  0  udata(e402db38) 1  
[2017/07/13 23:47:20 877] tts        536  TTS_MSG_GETAUDIO  0  
[2017/07/13 23:47:20 877] tts        429  get audio|use local  
[2017/07/13 23:47:20 877] tts        442  local audiolen:  14004  ,ced:  116  
[2017/07/13 23:47:20 877] tts        471  0  udata(e402b6e8) 1  
[2017/07/13 23:47:20 877] tts        536  TTS_MSG_GETAUDIO  0  
[2017/07/13 23:47:20 877] tts        429  get audio|use local  
[2017/07/13 23:47:20 878] tts        442  local audiolen:  3070  ,ced:  116  
[2017/07/13 23:47:20 878] tts        471  0  udata(e402b738) 1  
[2017/07/13 23:47:20 879] tts        536  TTS_MSG_GETAUDIO  0  
[2017/07/13 23:47:20 879] tts        429  get audio|use local  
[2017/07/13 23:47:20 879] tts        442  local audiolen:  6616  ,ced:  116  
[2017/07/13 23:47:20 879] tts        471  0  udata(e402b7e8) 1  
[2017/07/13 23:47:20 881] tts        536  TTS_MSG_GETAUDIO  0  
[2017/07/13 23:47:20 881] tts        429  get audio|use local  
[2017/07/13 23:47:20 881] tts        442  local audiolen:  11918  ,ced:  116  
[2017/07/13 23:47:20 881] tts        471  0  udata(e402b838) 1  
[2017/07/13 23:47:20 881] tts        536  TTS_MSG_GETAUDIO  0  
[2017/07/13 23:47:20 882] tts        429  get audio|use local  
[2017/07/13 23:47:20 882] tts        442  local audiolen:  7666  ,ced:  116  
[2017/07/13 23:47:20 882] tts        471  0  udata(e402b888) 1  
[2017/07/13 23:47:20 882] tts        536  TTS_MSG_GETAUDIO  0  
[2017/07/13 23:47:20 882] tts        429  get audio|use local  
[2017/07/13 23:47:20 883] tts        442  local audiolen:  8724  ,ced:  116  
[2017/07/13 23:47:20 883] tts        471  0  udata(e402be08) 1  
[2017/07/13 23:47:20 884] tts        536  TTS_MSG_GETAUDIO  0  
[2017/07/13 23:47:20 884] tts        429  get audio|use local  
[2017/07/13 23:47:20 884] tts        442  local audiolen:  7102  ,ced:  116  
[2017/07/13 23:47:20 884] tts        471  0  udata(e402be58) 1  
[2017/07/13 23:47:20 885] tts        536  TTS_MSG_GETAUDIO  0  
[2017/07/13 23:47:20 885] tts        429  get audio|use local  
[2017/07/13 23:47:20 885] tts        442  local audiolen:  7910  ,ced:  116  
[2017/07/13 23:47:20 885] tts        471  0  udata(e402bea8) 1  
[2017/07/13 23:47:20 886] tts        536  TTS_MSG_GETAUDIO  0  
[2017/07/13 23:47:20 886] tts        429  get audio|use local  
[2017/07/13 23:47:20 886] tts        442  local audiolen:  6998  ,ced:  116  
[2017/07/13 23:47:20 886] tts        471  0  udata(e402bef8) 1  
[2017/07/13 23:47:20 887] tts        536  TTS_MSG_GETAUDIO  0  
[2017/07/13 23:47:20 887] tts        429  get audio|use local  
[2017/07/13 23:47:20 887] tts        442  local audiolen:  7268  ,ced:  116  
[2017/07/13 23:47:20 887] tts        471  0  udata(e402bf98) 1  
[2017/07/13 23:47:20 888] tts        536  TTS_MSG_GETAUDIO  0  
[2017/07/13 23:47:20 888] tts        429  get audio|use local  
[2017/07/13 23:47:20 888] tts        442  local audiolen:  512  ,ced:  116  
[2017/07/13 23:47:20 888] tts        471  0  udata(e40467e8) 1  
[2017/07/13 23:47:20 888] tts        536  TTS_MSG_GETAUDIO  0  
[2017/07/13 23:47:20 888] tts        429  get audio|use local  
[2017/07/13 23:47:20 888] tts        442  local audiolen:  512  ,ced:  116  
[2017/07/13 23:47:20 888] tts        471  0  udata(e4046838) 1  
[2017/07/13 23:47:20 888] tts        536  TTS_MSG_GETAUDIO  0  
[2017/07/13 23:47:20 888] tts        429  get audio|use local  
[2017/07/13 23:47:20 888] tts        442  local audiolen:  512  ,ced:  116  
[2017/07/13 23:47:20 888] tts        471  0  udata(e4046888) 1  
[2017/07/13 23:47:20 889] tts        536  TTS_MSG_GETAUDIO  0  
[2017/07/13 23:47:20 889] tts        429  get audio|use local  
[2017/07/13 23:47:20 889] tts        442  local audiolen:  512  ,ced:  116  
[2017/07/13 23:47:20 889] tts        471  0  udata(e40468d8) 1  
[2017/07/13 23:47:20 889] tts        536  TTS_MSG_GETAUDIO  0  
[2017/07/13 23:47:20 889] tts        429  get audio|use local  
[2017/07/13 23:47:20 889] tts        442  local audiolen:  512  ,ced:  116  
[2017/07/13 23:47:20 889] tts        471  0  udata(e4046928) 1  
[2017/07/13 23:47:20 889] tts        536  TTS_MSG_GETAUDIO  0  
[2017/07/13 23:47:20 889] tts        429  get audio|use local  
[2017/07/13 23:47:20 889] tts        442  local audiolen:  512  ,ced:  116  
[2017/07/13 23:47:20 890] tts        471  0  udata(e4046978) 1  
[2017/07/13 23:47:20 890] tts        536  TTS_MSG_GETAUDIO  0  
[2017/07/13 23:47:20 890] tts        429  get audio|use local  
[2017/07/13 23:47:20 890] tts        442  local audiolen:  512  ,ced:  116  
[2017/07/13 23:47:20 890] tts        471  0  udata(e40469c8) 1  
[2017/07/13 23:47:20 890] tts        536  TTS_MSG_GETAUDIO  0  
[2017/07/13 23:47:20 890] tts        429  get audio|use local  
[2017/07/13 23:47:20 890] tts        442  local audiolen:  512  ,ced:  116  
[2017/07/13 23:47:20 890] tts        471  0  udata(e4046a18) 1  
[2017/07/13 23:47:20 890] tts        536  TTS_MSG_GETAUDIO  0  
[2017/07/13 23:47:20 890] tts        429  get audio|use local  
[2017/07/13 23:47:20 890] tts        442  local audiolen:  512  ,ced:  116  
[2017/07/13 23:47:20 890] tts        471  0  udata(e4046a68) 1  
[2017/07/13 23:47:20 891] tts        536  TTS_MSG_GETAUDIO  0  
[2017/07/13 23:47:20 891] tts        429  get audio|use local  
[2017/07/13 23:47:20 891] tts        442  local audiolen:  512  ,ced:  116  
[2017/07/13 23:47:20 891] tts        471  0  udata(e4046ab8) 1  
[2017/07/13 23:47:20 891] tts        536  TTS_MSG_GETAUDIO  0  
[2017/07/13 23:47:20 891] tts        429  get audio|use local  
[2017/07/13 23:47:20 891] tts        442  local audiolen:  512  ,ced:  116  
[2017/07/13 23:47:20 891] tts        471  0  udata(e4046b08) 1  
[2017/07/13 23:47:20 891] tts        536  TTS_MSG_GETAUDIO  0  
[2017/07/13 23:47:20 891] tts        429  get audio|use local  
[2017/07/13 23:47:20 891] tts        442  local audiolen:  512  ,ced:  116  
[2017/07/13 23:47:20 891] tts        471  0  udata(e4046b58) 1  
[2017/07/13 23:47:20 891] tts        536  TTS_MSG_GETAUDIO  0  
[2017/07/13 23:47:20 891] tts        429  get audio|use local  
[2017/07/13 23:47:20 891] tts        442  local audiolen:  512  ,ced:  116  
[2017/07/13 23:47:20 891] tts        471  0  udata(e4046ba8) 1  
[2017/07/13 23:47:20 892] tts        536  TTS_MSG_GETAUDIO  0  
[2017/07/13 23:47:20 892] tts        429  get audio|use local  
[2017/07/13 23:47:20 892] tts        442  local audiolen:  512  ,ced:  116  
[2017/07/13 23:47:20 892] tts        471  0  udata(e4046bf8) 1  
[2017/07/13 23:47:20 892] tts        536  TTS_MSG_GETAUDIO  0  
[2017/07/13 23:47:20 892] tts        429  get audio|use local  
[2017/07/13 23:47:20 892] tts        442  local audiolen:  512  ,ced:  116  
[2017/07/13 23:47:20 892] tts        471  0  udata(e4046c48) 1  
[2017/07/13 23:47:20 892] tts        536  TTS_MSG_GETAUDIO  0  
[2017/07/13 23:47:20 892] tts        429  get audio|use local  
[2017/07/13 23:47:20 892] tts        442  local audiolen:  512  ,ced:  116  
[2017/07/13 23:47:20 892] tts        471  0  udata(e4046c98) 1  
[2017/07/13 23:47:20 892] tts        536  TTS_MSG_GETAUDIO  0  
[2017/07/13 23:47:20 892] tts        429  get audio|use local  
[2017/07/13 23:47:20 892] tts        442  local audiolen:  512  ,ced:  116  
[2017/07/13 23:47:20 892] tts        471  0  udata(e4046ce8) 1  
[2017/07/13 23:47:20 893] tts        536  TTS_MSG_GETAUDIO  0  
[2017/07/13 23:47:20 893] tts        429  get audio|use local  
[2017/07/13 23:47:20 893] tts        442  local audiolen:  512  ,ced:  116  
[2017/07/13 23:47:20 893] tts        471  0  udata(e4046d38) 1  
[2017/07/13 23:47:20 893] tts        536  TTS_MSG_GETAUDIO  0  
[2017/07/13 23:47:20 893] tts        429  get audio|use local  
[2017/07/13 23:47:20 893] tts        442  local audiolen:  160  ,ced:  116  
[2017/07/13 23:47:20 893] tts        471  0  udata(e402c0f8) 1  
[2017/07/13 23:47:20 893] tts        536  TTS_MSG_GETAUDIO  0  
[2017/07/13 23:47:20 893] tts        429  get audio|use local  
[2017/07/13 23:47:20 893] tts        442  local audiolen:  300  ,ced:  143  
[2017/07/13 23:47:20 893] tts        471  0  udata(e4046ec8) 1  
[2017/07/13 23:47:20 893] tts        536  TTS_MSG_GETAUDIO  0  
[2017/07/13 23:47:20 894] tts        429  get audio|use local  
[2017/07/13 23:47:20 894] tts        442  local audiolen:  634  ,ced:  143  
[2017/07/13 23:47:20 894] tts        471  0  udata(e40471a8) 1  
[2017/07/13 23:47:20 894] tts        536  TTS_MSG_GETAUDIO  0  
[2017/07/13 23:47:20 894] tts        429  get audio|use local  
[2017/07/13 23:47:20 894] tts        442  local audiolen:  7202  ,ced:  143  
[2017/07/13 23:47:20 894] tts        471  0  udata(e402bfe8) 1  
[2017/07/13 23:47:20 895] tts        536  TTS_MSG_GETAUDIO  0  
[2017/07/13 23:47:20 895] tts        429  get audio|use local  
[2017/07/13 23:47:20 895] tts        442  local audiolen:  13316  ,ced:  143  
[2017/07/13 23:47:20 895] tts        471  0  udata(e402c038) 1  
[2017/07/13 23:47:20 895] tts        536  TTS_MSG_GETAUDIO  0  
[2017/07/13 23:47:20 895] tts        429  get audio|use local  
[2017/07/13 23:47:20 896] tts        442  local audiolen:  7630  ,ced:  143  
[2017/07/13 23:47:20 897] tts        471  0  udata(e402c088) 1  
[2017/07/13 23:47:20 899] tts        536  TTS_MSG_GETAUDIO  0  
[2017/07/13 23:47:20 899] tts        429  get audio|use local  
[2017/07/13 23:47:20 899] tts        442  local audiolen:  9120  ,ced:  143  
[2017/07/13 23:47:20 899] tts        471  0  udata(e402c148) 1  
[2017/07/13 23:47:20 900] tts        536  TTS_MSG_GETAUDIO  0  
[2017/07/13 23:47:20 900] tts        429  get audio|use local  
[2017/07/13 23:47:20 900] tts        442  local audiolen:  5372  ,ced:  143  
[2017/07/13 23:47:20 900] tts        471  0  udata(e402c198) 1  
[2017/07/13 23:47:20 901] tts        536  TTS_MSG_GETAUDIO  0  
[2017/07/13 23:47:20 901] tts        429  get audio|use local  
[2017/07/13 23:47:20 901] tts        442  local audiolen:  12548  ,ced:  143  
[2017/07/13 23:47:20 901] tts        471  0  udata(e402c1e8) 1  
[2017/07/13 23:47:20 902] tts        536  TTS_MSG_GETAUDIO  0  
[2017/07/13 23:47:20 902] tts        429  get audio|use local  
[2017/07/13 23:47:20 902] tts        442  local audiolen:  512  ,ced:  143  
[2017/07/13 23:47:20 902] tts        471  0  udata(e4047128) 1  
[2017/07/13 23:47:20 903] tts        536  TTS_MSG_GETAUDIO  0  
[2017/07/13 23:47:20 903] tts        429  get audio|use local  
[2017/07/13 23:47:20 903] tts        442  local audiolen:  512  ,ced:  143  
[2017/07/13 23:47:20 903] tts        471  0  udata(e4046de8) 1  
[2017/07/13 23:47:20 903] tts        536  TTS_MSG_GETAUDIO  0  
[2017/07/13 23:47:20 903] tts        429  get audio|use local  
[2017/07/13 23:47:20 903] tts        442  local audiolen:  512  ,ced:  143  
[2017/07/13 23:47:20 903] tts        471  0  udata(e4046e38) 1  
[2017/07/13 23:47:20 904] tts        536  TTS_MSG_GETAUDIO  0  
[2017/07/13 23:47:20 904] tts        429  get audio|use local  
[2017/07/13 23:47:20 904] tts        442  local audiolen:  512  ,ced:  143  
[2017/07/13 23:47:20 904] tts        471  0  udata(e40471f8) 1  
[2017/07/13 23:47:20 904] tts        536  TTS_MSG_GETAUDIO  0  
[2017/07/13 23:47:20 904] tts        429  get audio|use local  
[2017/07/13 23:47:20 904] tts        442  local audiolen:  512  ,ced:  143  
[2017/07/13 23:47:20 904] tts        471  0  udata(e4047248) 1  
[2017/07/13 23:47:20 905] tts        536  TTS_MSG_GETAUDIO  0  
[2017/07/13 23:47:20 905] tts        429  get audio|use local  
[2017/07/13 23:47:20 905] tts        442  local audiolen:  512  ,ced:  143  
[2017/07/13 23:47:20 905] tts        471  0  udata(e4047298) 1  
[2017/07/13 23:47:20 905] tts        536  TTS_MSG_GETAUDIO  0  
[2017/07/13 23:47:20 905] tts        429  get audio|use local  
[2017/07/13 23:47:20 905] tts        442  local audiolen:  512  ,ced:  143  
[2017/07/13 23:47:20 905] tts        471  0  udata(e40472e8) 1  
[2017/07/13 23:47:20 906] tts        536  TTS_MSG_GETAUDIO  0  
[2017/07/13 23:47:20 906] tts        429  get audio|use local  
[2017/07/13 23:47:20 906] tts        442  local audiolen:  512  ,ced:  143  
[2017/07/13 23:47:20 906] tts        471  0  udata(e4047338) 1  
[2017/07/13 23:47:20 906] tts        536  TTS_MSG_GETAUDIO  0  
[2017/07/13 23:47:20 906] tts        429  get audio|use local  
[2017/07/13 23:47:20 906] tts        442  local audiolen:  512  ,ced:  143  
[2017/07/13 23:47:20 906] tts        471  0  udata(e4047388) 1  
[2017/07/13 23:47:20 906] tts        536  TTS_MSG_GETAUDIO  0  
[2017/07/13 23:47:20 906] tts        429  get audio|use local  
[2017/07/13 23:47:20 906] tts        442  local audiolen:  512  ,ced:  143  
[2017/07/13 23:47:20 906] tts        471  0  udata(e40473d8) 1  
[2017/07/13 23:47:20 906] tts        536  TTS_MSG_GETAUDIO  0  
[2017/07/13 23:47:20 906] tts        429  get audio|use local  
[2017/07/13 23:47:20 906] tts        442  local audiolen:  512  ,ced:  143  
[2017/07/13 23:47:20 906] tts        471  0  udata(e4047428) 1  
[2017/07/13 23:47:20 907] tts        536  TTS_MSG_GETAUDIO  0  
[2017/07/13 23:47:20 907] tts        429  get audio|use local  
[2017/07/13 23:47:20 907] tts        442  local audiolen:  512  ,ced:  143  
[2017/07/13 23:47:20 907] tts        471  0  udata(e4047478) 1  
[2017/07/13 23:47:20 908] tts        536  TTS_MSG_GETAUDIO  0  
[2017/07/13 23:47:20 908] tts        429  get audio|use local  
[2017/07/13 23:47:20 908] tts        442  local audiolen:  512  ,ced:  143  
[2017/07/13 23:47:20 908] tts        471  0  udata(e40474c8) 1  
[2017/07/13 23:47:20 908] tts        536  TTS_MSG_GETAUDIO  0  
[2017/07/13 23:47:20 908] tts        429  get audio|use local  
[2017/07/13 23:47:20 908] tts        442  local audiolen:  512  ,ced:  143  
[2017/07/13 23:47:20 908] tts        471  0  udata(e4047518) 1  
[2017/07/13 23:47:20 909] tts        536  TTS_MSG_GETAUDIO  0  
[2017/07/13 23:47:20 909] tts        429  get audio|use local  
[2017/07/13 23:47:20 909] tts        442  local audiolen:  512  ,ced:  143  
[2017/07/13 23:47:20 909] tts        471  0  udata(e4047568) 1  
[2017/07/13 23:47:20 909] tts        536  TTS_MSG_GETAUDIO  0  
[2017/07/13 23:47:20 909] tts        429  get audio|use local  
[2017/07/13 23:47:20 909] tts        442  local audiolen:  512  ,ced:  143  
[2017/07/13 23:47:20 909] tts        471  0  udata(e40475b8) 1  
[2017/07/13 23:47:20 909] tts        536  TTS_MSG_GETAUDIO  0  
[2017/07/13 23:47:20 909] tts        429  get audio|use local  
[2017/07/13 23:47:20 909] tts        442  local audiolen:  512  ,ced:  143  
[2017/07/13 23:47:20 909] tts        471  0  udata(e4047608) 1  
[2017/07/13 23:47:20 909] tts        536  TTS_MSG_GETAUDIO  0  
[2017/07/13 23:47:20 909] tts        429  get audio|use local  
[2017/07/13 23:47:20 909] tts        442  local audiolen:  512  ,ced:  143  
[2017/07/13 23:47:20 909] tts        471  0  udata(e4047658) 1  
[2017/07/13 23:47:20 910] tts        536  TTS_MSG_GETAUDIO  0  
[2017/07/13 23:47:20 910] tts        429  get audio|use local  
[2017/07/13 23:47:20 910] tts        442  local audiolen:  160  ,ced:  143  
[2017/07/13 23:47:20 910] tts        471  0  udata(e4046fc8) 1  
[2017/07/13 23:47:20 910] tts        536  TTS_MSG_GETAUDIO  0  
[2017/07/13 23:47:20 910] tts        429  get audio|use local  
[2017/07/13 23:47:20 910] tts        442  local audiolen:  300  ,ced:  176  
[2017/07/13 23:47:20 910] tts        471  0  udata(e40477e8) 1  
[2017/07/13 23:47:20 910] tts        536  TTS_MSG_GETAUDIO  0  
[2017/07/13 23:47:20 910] tts        429  get audio|use local  
[2017/07/13 23:47:20 910] tts        442  local audiolen:  634  ,ced:  176  
[2017/07/13 23:47:20 910] tts        471  0  udata(e4047ac8) 1  
[2017/07/13 23:47:20 910] tts        536  TTS_MSG_GETAUDIO  0  
[2017/07/13 23:47:20 910] tts        429  get audio|use local  
[2017/07/13 23:47:20 910] tts        442  local audiolen:  8528  ,ced:  176  
[2017/07/13 23:47:20 910] tts        471  0  udata(e4046d88) 1  
[2017/07/13 23:47:20 912] tts        536  TTS_MSG_GETAUDIO  0  
[2017/07/13 23:47:20 912] tts        429  get audio|use local  
[2017/07/13 23:47:20 912] tts        442  local audiolen:  7092  ,ced:  176  
[2017/07/13 23:47:20 912] tts        471  0  udata(e4046f18) 1  
[2017/07/13 23:47:20 914] tts        536  TTS_MSG_GETAUDIO  0  
[2017/07/13 23:47:20 914] tts        429  get audio|use local  
[2017/07/13 23:47:20 914] tts        442  local audiolen:  6376  ,ced:  176  
[2017/07/13 23:47:20 914] tts        471  0  udata(e4046f68) 1  
[2017/07/13 23:47:20 915] tts        536  TTS_MSG_GETAUDIO  0  
[2017/07/13 23:47:20 915] tts        429  get audio|use local  
[2017/07/13 23:47:20 915] tts        442  local audiolen:  7488  ,ced:  176  
[2017/07/13 23:47:20 915] tts        471  0  udata(e4047018) 1  
[2017/07/13 23:47:20 916] tts        536  TTS_MSG_GETAUDIO  0  
[2017/07/13 23:47:20 916] tts        429  get audio|use local  
[2017/07/13 23:47:20 916] tts        442  local audiolen:  8846  ,ced:  176  
[2017/07/13 23:47:20 916] tts        471  0  udata(e4047068) 1  
[2017/07/13 23:47:20 917] tts        536  TTS_MSG_GETAUDIO  0  
[2017/07/13 23:47:20 917] tts        429  get audio|use local  
[2017/07/13 23:47:20 917] tts        442  local audiolen:  7224  ,ced:  176  
[2017/07/13 23:47:20 917] tts        471  0  udata(e40470b8) 1  
[2017/07/13 23:47:20 917] tts        536  TTS_MSG_GETAUDIO  0  
[2017/07/13 23:47:20 917] tts        429  get audio|use local  
[2017/07/13 23:47:20 917] tts        442  local audiolen:  13396  ,ced:  176  
[2017/07/13 23:47:20 917] tts        471  0  udata(e40476a8) 1  
[2017/07/13 23:47:20 918] tts        536  TTS_MSG_GETAUDIO  0  
[2017/07/13 23:47:20 918] tts        429  get audio|use local  
[2017/07/13 23:47:20 918] tts        442  local audiolen:  7156  ,ced:  176  
[2017/07/13 23:47:20 918] tts        471  0  udata(e40476f8) 1  
[2017/07/13 23:47:20 919] tts        536  TTS_MSG_GETAUDIO  0  
[2017/07/13 23:47:20 919] tts        429  get audio|use local  
[2017/07/13 23:47:20 919] tts        442  local audiolen:  5896  ,ced:  176  
[2017/07/13 23:47:20 919] tts        471  0  udata(e4047748) 1  
[2017/07/13 23:47:20 920] tts        536  TTS_MSG_GETAUDIO  0  
[2017/07/13 23:47:20 920] tts        429  get audio|use local  
[2017/07/13 23:47:20 920] tts        442  local audiolen:  512  ,ced:  176  
[2017/07/13 23:47:20 920] tts        471  0  udata(e4047798) 1  
[2017/07/13 23:47:20 920] tts        536  TTS_MSG_GETAUDIO  0  
[2017/07/13 23:47:20 920] tts        429  get audio|use local  
[2017/07/13 23:47:20 921] tts        442  local audiolen:  512  ,ced:  176  
[2017/07/13 23:47:20 921] tts        471  0  udata(e4047b18) 1  
[2017/07/13 23:47:20 921] tts        536  TTS_MSG_GETAUDIO  0  
[2017/07/13 23:47:20 921] tts        429  get audio|use local  
[2017/07/13 23:47:20 921] tts        442  local audiolen:  512  ,ced:  176  
[2017/07/13 23:47:20 921] tts        471  0  udata(e4047b68) 1  
[2017/07/13 23:47:20 921] tts        536  TTS_MSG_GETAUDIO  0  
[2017/07/13 23:47:20 921] tts        429  get audio|use local  
[2017/07/13 23:47:20 921] tts        442  local audiolen:  512  ,ced:  176  
[2017/07/13 23:47:20 921] tts        471  0  udata(e4047bb8) 1  
[2017/07/13 23:47:20 922] tts        536  TTS_MSG_GETAUDIO  0  
[2017/07/13 23:47:20 922] tts        429  get audio|use local  
[2017/07/13 23:47:20 922] tts        442  local audiolen:  512  ,ced:  176  
[2017/07/13 23:47:20 922] tts        471  0  udata(e4047c08) 1  
[2017/07/13 23:47:20 922] tts        536  TTS_MSG_GETAUDIO  0  
[2017/07/13 23:47:20 922] tts        429  get audio|use local  
[2017/07/13 23:47:20 922] tts        442  local audiolen:  512  ,ced:  176  
[2017/07/13 23:47:20 922] tts        471  0  udata(e4047c58) 1  
[2017/07/13 23:47:20 923] tts        536  TTS_MSG_GETAUDIO  0  
[2017/07/13 23:47:20 923] tts        429  get audio|use local  
[2017/07/13 23:47:20 923] tts        442  local audiolen:  512  ,ced:  176  
[2017/07/13 23:47:20 923] tts        471  0  udata(e4047ca8) 1  
[2017/07/13 23:47:20 923] tts        536  TTS_MSG_GETAUDIO  0  
[2017/07/13 23:47:20 923] tts        429  get audio|use local  
[2017/07/13 23:47:20 923] tts        442  local audiolen:  512  ,ced:  176  
[2017/07/13 23:47:20 923] tts        471  0  udata(e4047cf8) 1  
[2017/07/13 23:47:20 923] tts        536  TTS_MSG_GETAUDIO  0  
[2017/07/13 23:47:20 923] tts        429  get audio|use local  
[2017/07/13 23:47:20 923] tts        442  local audiolen:  512  ,ced:  176  
[2017/07/13 23:47:20 923] tts        471  0  udata(e4047d48) 1  
[2017/07/13 23:47:20 924] tts        536  TTS_MSG_GETAUDIO  0  
[2017/07/13 23:47:20 924] tts        429  get audio|use local  
[2017/07/13 23:47:20 924] tts        442  local audiolen:  512  ,ced:  176  
[2017/07/13 23:47:20 924] tts        471  0  udata(e4047d98) 1  
[2017/07/13 23:47:20 924] tts        536  TTS_MSG_GETAUDIO  0  
[2017/07/13 23:47:20 924] tts        429  get audio|use local  
[2017/07/13 23:47:20 924] tts        442  local audiolen:  512  ,ced:  176  
[2017/07/13 23:47:20 924] tts        471  0  udata(e4047de8) 1  
[2017/07/13 23:47:20 924] tts        536  TTS_MSG_GETAUDIO  0  
[2017/07/13 23:47:20 924] tts        429  get audio|use local  
[2017/07/13 23:47:20 924] tts        442  local audiolen:  512  ,ced:  176  
[2017/07/13 23:47:20 924] tts        471  0  udata(e4047e38) 1  
[2017/07/13 23:47:20 925] tts        536  TTS_MSG_GETAUDIO  0  
[2017/07/13 23:47:20 925] tts        429  get audio|use local  
[2017/07/13 23:47:20 925] tts        442  local audiolen:  512  ,ced:  176  
[2017/07/13 23:47:20 925] tts        471  0  udata(e4047e88) 1  
[2017/07/13 23:47:20 925] tts        536  TTS_MSG_GETAUDIO  0  
[2017/07/13 23:47:20 925] tts        429  get audio|use local  
[2017/07/13 23:47:20 925] tts        442  local audiolen:  512  ,ced:  176  
[2017/07/13 23:47:20 925] tts        471  0  udata(e4047ed8) 1  
[2017/07/13 23:47:20 925] tts        536  TTS_MSG_GETAUDIO  0  
[2017/07/13 23:47:20 925] tts        429  get audio|use local  
[2017/07/13 23:47:20 925] tts        442  local audiolen:  512  ,ced:  176  
[2017/07/13 23:47:20 925] tts        471  0  udata(e4047f28) 1  
[2017/07/13 23:47:20 925] tts        536  TTS_MSG_GETAUDIO  0  
[2017/07/13 23:47:20 925] tts        429  get audio|use local  
[2017/07/13 23:47:20 925] tts        442  local audiolen:  512  ,ced:  176  
[2017/07/13 23:47:20 925] tts        471  0  udata(e4047f78) 1  
[2017/07/13 23:47:20 926] tts        536  TTS_MSG_GETAUDIO  0  
[2017/07/13 23:47:20 926] tts        429  get audio|use local  
[2017/07/13 23:47:20 926] tts        442  local audiolen:  512  ,ced:  176  
[2017/07/13 23:47:20 926] tts        471  0  udata(e4047fc8) 1  
[2017/07/13 23:47:20 926] tts        536  TTS_MSG_GETAUDIO  0  
[2017/07/13 23:47:20 926] tts        429  get audio|use local  
[2017/07/13 23:47:20 926] tts        442  local audiolen:  512  ,ced:  176  
[2017/07/13 23:47:20 926] tts        471  0  udata(e4048018) 1  
[2017/07/13 23:47:20 926] tts        536  TTS_MSG_GETAUDIO  0  
[2017/07/13 23:47:20 926] tts        429  get audio|use local  
[2017/07/13 23:47:20 926] tts        442  local audiolen:  160  ,ced:  176  
[2017/07/13 23:47:20 926] tts        471  0  udata(e4047948) 1  
[2017/07/13 23:47:20 926] tts        536  TTS_MSG_GETAUDIO  0  
[2017/07/13 23:47:20 926] tts        429  get audio|use local  
[2017/07/13 23:47:20 926] tts        442  local audiolen:  272  ,ced:  200  
[2017/07/13 23:47:20 926] tts        471  0  udata(e4047898) 1  
[2017/07/13 23:47:20 927] tts        536  TTS_MSG_GETAUDIO  0  
[2017/07/13 23:47:20 927] tts        429  get audio|use local  
[2017/07/13 23:47:20 927] tts        442  local audiolen:  11504  ,ced:  200  
[2017/07/13 23:47:20 927] tts        471  0  udata(e40478e8) 1  
[2017/07/13 23:47:20 927] tts        536  TTS_MSG_GETAUDIO  0  
[2017/07/13 23:47:20 927] tts        429  get audio|use local  
[2017/07/13 23:47:20 927] tts        442  local audiolen:  7070  ,ced:  200  
[2017/07/13 23:47:20 927] tts        471  0  udata(e4047838) 1  
[2017/07/13 23:47:20 928] tts        536  TTS_MSG_GETAUDIO  0  
[2017/07/13 23:47:20 928] tts        429  get audio|use local  
[2017/07/13 23:47:20 928] tts        442  local audiolen:  6802  ,ced:  200  
[2017/07/13 23:47:20 928] tts        471  0  udata(e4047998) 1  
[2017/07/13 23:47:20 929] tts        536  TTS_MSG_GETAUDIO  0  
[2017/07/13 23:47:20 929] tts        429  get audio|use local  
[2017/07/13 23:47:20 929] tts        442  local audiolen:  7136  ,ced:  200  
[2017/07/13 23:47:20 929] tts        471  0  udata(e40479e8) 1  
[2017/07/13 23:47:20 931] tts        536  TTS_MSG_GETAUDIO  0  
[2017/07/13 23:47:20 931] tts        429  get audio|use local  
[2017/07/13 23:47:20 931] tts        442  local audiolen:  3944  ,ced:  200  
[2017/07/13 23:47:20 931] tts        471  0  udata(e4047a38) 1  
[2017/07/13 23:47:20 931] tts        536  TTS_MSG_GETAUDIO  0  
[2017/07/13 23:47:20 932] tts        429  get audio|use local  
[2017/07/13 23:47:20 932] tts        442  local audiolen:  10648  ,ced:  200  
[2017/07/13 23:47:20 932] tts        471  0  udata(e404aa18) 1  
[2017/07/13 23:47:20 932] tts        536  TTS_MSG_GETAUDIO  0  
[2017/07/13 23:47:20 932] tts        429  get audio|use local  
[2017/07/13 23:47:20 932] tts        442  local audiolen:  4700  ,ced:  200  
[2017/07/13 23:47:20 932] tts        471  0  udata(e40492d8) 1  
[2017/07/13 23:47:20 935] tts        536  TTS_MSG_GETAUDIO  0  
[2017/07/13 23:47:20 935] tts        429  get audio|use local  
[2017/07/13 23:47:20 935] tts        442  local audiolen:  7102  ,ced:  200  
[2017/07/13 23:47:20 935] tts        471  0  udata(e4048068) 2  
[2017/07/13 23:47:20 937] tts        539  TTS_MSG_SSE  
[2017/07/13 23:47:20 937] tts        493  sse|use local  
[2017/07/13 23:47:20 937] tts        509  tts exit  
