============================================================
Time  2017/07/14 00:06:19 235 
============================================================
[2017/07/14 00:06:19 235] tts        555  SYS_MSG_REGCB param0 =  msp_status_cb  param1 =  func(d80182e0) 
[2017/07/14 00:06:19 236] config     42   use general cloud  
[2017/07/14 00:06:19 238] tts_cloud  1414 SYS_MSG_REGCB_CLOUD param0 =   msp_status_cb  param1 =  func(d80182e0) 
[2017/07/14 00:06:19 238] tts        527  TTS_MSG_SSB  
[2017/07/14 00:06:19 238] tts        338  params =  engine_type = local, text_encoding = UTF8,voice_name=xiaofeng,tts_res_path = fo|res/tts/xiaofeng.jet;fo|res/tts/common.jet, sample_rate = 16000, speed = 50, volume = 50, pitch = 50, rdn = 2  
[2017/07/14 00:06:19 238] tts        369  ssb|use local  
[2017/07/14 00:06:19 238] tts        313  local_session_begin  
[2017/07/14 00:06:19 243] tts        533  TTS_MSG_SYN  0  
[2017/07/14 00:06:19 243] tts        404  synth|use local  
[2017/07/14 00:06:19 244] tts        536  TTS_MSG_GETAUDIO  0  
[2017/07/14 00:06:19 244] tts        429  get audio|use local  
[2017/07/14 00:06:19 244] tts        471  0  nil  1  
[2017/07/14 00:06:19 244] tts        536  TTS_MSG_GETAUDIO  0  
[2017/07/14 00:06:19 244] tts        429  get audio|use local  
[2017/07/14 00:06:19 244] tts        471  0  nil  1  
[2017/07/14 00:06:19 244] tts        536  TTS_MSG_GETAUDIO  0  
[2017/07/14 00:06:19 244] tts        429  get audio|use local  
[2017/07/14 00:06:19 245] tts        471  0  nil  1  
[2017/07/14 00:06:19 245] tts        536  TTS_MSG_GETAUDIO  0  
[2017/07/14 00:06:19 245] tts        429  get audio|use local  
[2017/07/14 00:06:19 245] tts        471  0  nil  1  
[2017/07/14 00:06:19 245] tts        536  TTS_MSG_GETAUDIO  0  
[2017/07/14 00:06:19 245] tts        429  get audio|use local  
[2017/07/14 00:06:19 245] tts        471  0  nil  1  
[2017/07/14 00:06:19 245] tts        536  TTS_MSG_GETAUDIO  0  
[2017/07/14 00:06:19 245] tts        429  get audio|use local  
[2017/07/14 00:06:19 245] tts        471  0  nil  1  
[2017/07/14 00:06:19 246] tts        536  TTS_MSG_GETAUDIO  0  
[2017/07/14 00:06:19 246] tts        429  get audio|use local  
[2017/07/14 00:06:19 246] tts        471  0  nil  1  
[2017/07/14 00:06:19 246] tts        536  TTS_MSG_GETAUDIO  0  
[2017/07/14 00:06:19 246] tts        429  get audio|use local  
[2017/07/14 00:06:19 246] tts        471  0  nil  1  
[2017/07/14 00:06:19 246] tts        536  TTS_MSG_GETAUDIO  0  
[2017/07/14 00:06:19 246] tts        429  get audio|use local  
[2017/07/14 00:06:19 246] tts        471  0  nil  1  
[2017/07/14 00:06:19 246] tts        536  TTS_MSG_GETAUDIO  0  
[2017/07/14 00:06:19 246] tts        429  get audio|use local  
[2017/07/14 00:06:19 246] tts        471  0  nil  1  
[2017/07/14 00:06:19 246] tts        536  TTS_MSG_GETAUDIO  0  
[2017/07/14 00:06:19 246] tts        429  get audio|use local  
[2017/07/14 00:06:19 246] tts        471  0  nil  1  
[2017/07/14 00:06:19 246] tts        536  TTS_MSG_GETAUDIO  0  
[2017/07/14 00:06:19 246] tts        429  get audio|use local  
[2017/07/14 00:06:19 246] tts        471  0  nil  1  
[2017/07/14 00:06:19 246] tts        536  TTS_MSG_GETAUDIO  0  
[2017/07/14 00:06:19 246] tts        429  get audio|use local  
[2017/07/14 00:06:19 246] tts        471  0  nil  1  
[2017/07/14 00:06:19 246] tts        536  TTS_MSG_GETAUDIO  0  
[2017/07/14 00:06:19 246] tts        429  get audio|use local  
[2017/07/14 00:06:19 246] tts        471  0  nil  1  
[2017/07/14 00:06:19 247] tts        536  TTS_MSG_GETAUDIO  0  
[2017/07/14 00:06:19 247] tts        429  get audio|use local  
[2017/07/14 00:06:19 247] tts        471  0  nil  1  
[2017/07/14 00:06:19 247] tts        536  TTS_MSG_GETAUDIO  0  
[2017/07/14 00:06:19 247] tts        429  get audio|use local  
[2017/07/14 00:06:19 247] tts        471  0  nil  1  
[2017/07/14 00:06:19 247] tts        536  TTS_MSG_GETAUDIO  0  
[2017/07/14 00:06:19 247] tts        429  get audio|use local  
[2017/07/14 00:06:19 247] tts        471  0  nil  1  
[2017/07/14 00:06:19 247] tts        536  TTS_MSG_GETAUDIO  0  
[2017/07/14 00:06:19 247] tts        429  get audio|use local  
[2017/07/14 00:06:19 247] tts        471  0  nil  1  
[2017/07/14 00:06:19 247] tts        536  TTS_MSG_GETAUDIO  0  
[2017/07/14 00:06:19 247] tts        429  get audio|use local  
[2017/07/14 00:06:19 247] tts        471  0  nil  1  
[2017/07/14 00:06:19 247] tts        536  TTS_MSG_GETAUDIO  0  
[2017/07/14 00:06:19 247] tts        429  get audio|use local  
[2017/07/14 00:06:19 247] tts        471  0  nil  1  
[2017/07/14 00:06:19 247] tts        536  TTS_MSG_GETAUDIO  0  
[2017/07/14 00:06:19 247] tts        429  get audio|use local  
[2017/07/14 00:06:19 247] tts        471  0  nil  1  
[2017/07/14 00:06:19 247] tts        536  TTS_MSG_GETAUDIO  0  
[2017/07/14 00:06:19 247] tts        429  get audio|use local  
[2017/07/14 00:06:19 247] tts        471  0  nil  1  
[2017/07/14 00:06:19 248] tts        536  TTS_MSG_GETAUDIO  0  
[2017/07/14 00:06:19 248] tts        429  get audio|use local  
[2017/07/14 00:06:19 248] tts        471  0  nil  1  
[2017/07/14 00:06:19 248] tts        536  TTS_MSG_GETAUDIO  0  
[2017/07/14 00:06:19 248] tts        429  get audio|use local  
[2017/07/14 00:06:19 248] tts        471  0  nil  1  
[2017/07/14 00:06:19 248] tts        536  TTS_MSG_GETAUDIO  0  
[2017/07/14 00:06:19 248] tts        429  get audio|use local  
[2017/07/14 00:06:19 248] tts        471  0  nil  1  
[2017/07/14 00:06:19 248] tts        536  TTS_MSG_GETAUDIO  0  
[2017/07/14 00:06:19 248] tts        429  get audio|use local  
[2017/07/14 00:06:19 248] tts        471  0  nil  1  
[2017/07/14 00:06:19 248] tts        536  TTS_MSG_GETAUDIO  0  
[2017/07/14 00:06:19 248] tts        429  get audio|use local  
[2017/07/14 00:06:19 248] tts        471  0  nil  1  
[2017/07/14 00:06:19 248] tts        536  TTS_MSG_GETAUDIO  0  
[2017/07/14 00:06:19 248] tts        429  get audio|use local  
[2017/07/14 00:06:19 248] tts        471  0  nil  1  
[2017/07/14 00:06:19 248] tts        536  TTS_MSG_GETAUDIO  0  
[2017/07/14 00:06:19 248] tts        429  get audio|use local  
[2017/07/14 00:06:19 248] tts        471  0  nil  1  
[2017/07/14 00:06:19 249] tts        536  TTS_MSG_GETAUDIO  0  
[2017/07/14 00:06:19 249] tts        429  get audio|use local  
[2017/07/14 00:06:19 249] tts        471  0  nil  1  
[2017/07/14 00:06:19 249] tts        536  TTS_MSG_GETAUDIO  0  
[2017/07/14 00:06:19 249] tts        429  get audio|use local  
[2017/07/14 00:06:19 249] tts        471  0  nil  1  
[2017/07/14 00:06:19 249] tts        536  TTS_MSG_GETAUDIO  0  
[2017/07/14 00:06:19 249] tts        429  get audio|use local  
[2017/07/14 00:06:19 249] tts        471  0  nil  1  
[2017/07/14 00:06:19 249] tts        536  TTS_MSG_GETAUDIO  0  
[2017/07/14 00:06:19 249] tts        429  get audio|use local  
[2017/07/14 00:06:19 249] tts        471  0  nil  1  
[2017/07/14 00:06:19 249] tts        536  TTS_MSG_GETAUDIO  0  
[2017/07/14 00:06:19 249] tts        429  get audio|use local  
[2017/07/14 00:06:19 249] tts        471  0  nil  1  
[2017/07/14 00:06:19 249] tts        536  TTS_MSG_GETAUDIO  0  
[2017/07/14 00:06:19 249] tts        429  get audio|use local  
[2017/07/14 00:06:19 249] tts        471  0  nil  1  
[2017/07/14 00:06:19 249] tts        536  TTS_MSG_GETAUDIO  0  
[2017/07/14 00:06:19 249] tts        429  get audio|use local  
[2017/07/14 00:06:19 249] tts        471  0  nil  1  
[2017/07/14 00:06:19 249] tts        536  TTS_MSG_GETAUDIO  0  
[2017/07/14 00:06:19 249] tts        429  get audio|use local  
[2017/07/14 00:06:19 249] tts        471  0  nil  1  
[2017/07/14 00:06:19 250] tts        536  TTS_MSG_GETAUDIO  0  
[2017/07/14 00:06:19 250] tts        429  get audio|use local  
[2017/07/14 00:06:19 250] tts        471  0  nil  1  
[2017/07/14 00:06:19 250] tts        536  TTS_MSG_GETAUDIO  0  
[2017/07/14 00:06:19 250] tts        429  get audio|use local  
[2017/07/14 00:06:19 250] tts        471  0  nil  1  
[2017/07/14 00:06:19 250] tts        536  TTS_MSG_GETAUDIO  0  
[2017/07/14 00:06:19 250] tts        429  get audio|use local  
[2017/07/14 00:06:19 250] tts        471  0  nil  1  
[2017/07/14 00:06:19 250] tts        536  TTS_MSG_GETAUDIO  0  
[2017/07/14 00:06:19 250] tts        429  get audio|use local  
[2017/07/14 00:06:19 250] tts        471  0  nil  1  
[2017/07/14 00:06:19 250] tts        536  TTS_MSG_GETAUDIO  0  
[2017/07/14 00:06:19 250] tts        429  get audio|use local  
[2017/07/14 00:06:19 250] tts        471  0  nil  1  
[2017/07/14 00:06:19 250] tts        536  TTS_MSG_GETAUDIO  0  
[2017/07/14 00:06:19 250] tts        429  get audio|use local  
[2017/07/14 00:06:19 250] tts        471  0  nil  1  
[2017/07/14 00:06:19 250] tts        536  TTS_MSG_GETAUDIO  0  
[2017/07/14 00:06:19 250] tts        429  get audio|use local  
[2017/07/14 00:06:19 250] tts        471  0  nil  1  
[2017/07/14 00:06:19 250] tts        536  TTS_MSG_GETAUDIO  0  
[2017/07/14 00:06:19 250] tts        429  get audio|use local  
[2017/07/14 00:06:19 250] tts        471  0  nil  1  
[2017/07/14 00:06:19 250] tts        536  TTS_MSG_GETAUDIO  0  
[2017/07/14 00:06:19 250] tts        429  get audio|use local  
[2017/07/14 00:06:19 250] tts        471  0  nil  1  
[2017/07/14 00:06:19 251] tts        536  TTS_MSG_GETAUDIO  0  
[2017/07/14 00:06:19 251] tts        429  get audio|use local  
[2017/07/14 00:06:19 251] tts        471  0  nil  1  
[2017/07/14 00:06:19 251] tts        536  TTS_MSG_GETAUDIO  0  
[2017/07/14 00:06:19 251] tts        429  get audio|use local  
[2017/07/14 00:06:19 251] tts        471  0  nil  1  
[2017/07/14 00:06:19 251] tts        536  TTS_MSG_GETAUDIO  0  
[2017/07/14 00:06:19 251] tts        429  get audio|use local  
[2017/07/14 00:06:19 251] tts        471  0  nil  1  
[2017/07/14 00:06:19 251] tts        536  TTS_MSG_GETAUDIO  0  
[2017/07/14 00:06:19 251] tts        429  get audio|use local  
[2017/07/14 00:06:19 251] tts        471  0  nil  1  
[2017/07/14 00:06:19 251] tts        536  TTS_MSG_GETAUDIO  0  
[2017/07/14 00:06:19 251] tts        429  get audio|use local  
[2017/07/14 00:06:19 251] tts        471  0  nil  1  
[2017/07/14 00:06:19 251] tts        536  TTS_MSG_GETAUDIO  0  
[2017/07/14 00:06:19 251] tts        429  get audio|use local  
[2017/07/14 00:06:19 251] tts        471  0  nil  1  
[2017/07/14 00:06:19 251] tts        536  TTS_MSG_GETAUDIO  0  
[2017/07/14 00:06:19 251] tts        429  get audio|use local  
[2017/07/14 00:06:19 251] tts        471  0  nil  1  
[2017/07/14 00:06:19 251] tts        536  TTS_MSG_GETAUDIO  0  
[2017/07/14 00:06:19 251] tts        429  get audio|use local  
[2017/07/14 00:06:19 251] tts        471  0  nil  1  
[2017/07/14 00:06:19 252] tts        536  TTS_MSG_GETAUDIO  0  
[2017/07/14 00:06:19 252] tts        429  get audio|use local  
[2017/07/14 00:06:19 252] tts        471  0  nil  1  
[2017/07/14 00:06:19 253] tts        536  TTS_MSG_GETAUDIO  0  
[2017/07/14 00:06:19 253] tts        429  get audio|use local  
[2017/07/14 00:06:19 253] tts        471  0  nil  1  
[2017/07/14 00:06:19 253] tts        536  TTS_MSG_GETAUDIO  0  
[2017/07/14 00:06:19 253] tts        429  get audio|use local  
[2017/07/14 00:06:19 253] tts        471  0  nil  1  
[2017/07/14 00:06:19 254] tts        536  TTS_MSG_GETAUDIO  0  
[2017/07/14 00:06:19 254] tts        429  get audio|use local  
[2017/07/14 00:06:19 254] tts        471  0  nil  1  
[2017/07/14 00:06:19 254] tts        536  TTS_MSG_GETAUDIO  0  
[2017/07/14 00:06:19 254] tts        429  get audio|use local  
[2017/07/14 00:06:19 254] tts        471  0  nil  1  
[2017/07/14 00:06:19 254] tts        536  TTS_MSG_GETAUDIO  0  
[2017/07/14 00:06:19 254] tts        429  get audio|use local  
[2017/07/14 00:06:19 254] tts        471  0  nil  1  
[2017/07/14 00:06:19 254] tts        536  TTS_MSG_GETAUDIO  0  
[2017/07/14 00:06:19 254] tts        429  get audio|use local  
[2017/07/14 00:06:19 254] tts        471  0  nil  1  
[2017/07/14 00:06:19 255] tts        536  TTS_MSG_GETAUDIO  0  
[2017/07/14 00:06:19 255] tts        429  get audio|use local  
[2017/07/14 00:06:19 255] tts        471  0  nil  1  
[2017/07/14 00:06:19 255] tts        536  TTS_MSG_GETAUDIO  0  
[2017/07/14 00:06:19 255] tts        429  get audio|use local  
[2017/07/14 00:06:19 255] tts        471  0  nil  1  
[2017/07/14 00:06:19 256] tts        536  TTS_MSG_GETAUDIO  0  
[2017/07/14 00:06:19 256] tts        429  get audio|use local  
[2017/07/14 00:06:19 256] tts        471  0  nil  1  
[2017/07/14 00:06:19 256] tts        536  TTS_MSG_GETAUDIO  0  
[2017/07/14 00:06:19 256] tts        429  get audio|use local  
[2017/07/14 00:06:19 257] tts        471  0  nil  1  
[2017/07/14 00:06:19 257] tts        536  TTS_MSG_GETAUDIO  0  
[2017/07/14 00:06:19 257] tts        429  get audio|use local  
[2017/07/14 00:06:19 257] tts        471  0  nil  1  
[2017/07/14 00:06:19 257] tts        536  TTS_MSG_GETAUDIO  0  
[2017/07/14 00:06:19 257] tts        429  get audio|use local  
[2017/07/14 00:06:19 257] tts        471  0  nil  1  
[2017/07/14 00:06:19 258] tts        536  TTS_MSG_GETAUDIO  0  
[2017/07/14 00:06:19 258] tts        429  get audio|use local  
[2017/07/14 00:06:19 258] tts        471  0  nil  1  
[2017/07/14 00:06:19 258] tts        536  TTS_MSG_GETAUDIO  0  
[2017/07/14 00:06:19 258] tts        429  get audio|use local  
[2017/07/14 00:06:19 258] tts        471  0  nil  1  
[2017/07/14 00:06:19 258] tts        536  TTS_MSG_GETAUDIO  0  
[2017/07/14 00:06:19 258] tts        429  get audio|use local  
[2017/07/14 00:06:19 259] tts        471  0  nil  1  
[2017/07/14 00:06:19 259] tts        536  TTS_MSG_GETAUDIO  0  
[2017/07/14 00:06:19 259] tts        429  get audio|use local  
[2017/07/14 00:06:19 259] tts        471  0  nil  1  
[2017/07/14 00:06:19 259] tts        536  TTS_MSG_GETAUDIO  0  
[2017/07/14 00:06:19 260] tts        429  get audio|use local  
[2017/07/14 00:06:19 260] tts        471  0  nil  1  
[2017/07/14 00:06:19 260] tts        536  TTS_MSG_GETAUDIO  0  
[2017/07/14 00:06:19 260] tts        429  get audio|use local  
[2017/07/14 00:06:19 260] tts        471  0  nil  1  
[2017/07/14 00:06:19 260] tts        536  TTS_MSG_GETAUDIO  0  
[2017/07/14 00:06:19 261] tts        429  get audio|use local  
[2017/07/14 00:06:19 261] tts        471  0  nil  1  
[2017/07/14 00:06:19 261] tts        536  TTS_MSG_GETAUDIO  0  
[2017/07/14 00:06:19 261] tts        429  get audio|use local  
[2017/07/14 00:06:19 261] tts        471  0  nil  1  
[2017/07/14 00:06:19 261] tts        536  TTS_MSG_GETAUDIO  0  
[2017/07/14 00:06:19 261] tts        429  get audio|use local  
[2017/07/14 00:06:19 261] tts        471  0  nil  1  
[2017/07/14 00:06:19 262] tts        536  TTS_MSG_GETAUDIO  0  
[2017/07/14 00:06:19 262] tts        429  get audio|use local  
[2017/07/14 00:06:19 262] tts        471  0  nil  1  
[2017/07/14 00:06:19 262] tts        536  TTS_MSG_GETAUDIO  0  
[2017/07/14 00:06:19 263] tts        429  get audio|use local  
[2017/07/14 00:06:19 263] tts        471  0  nil  1  
[2017/07/14 00:06:19 263] tts        536  TTS_MSG_GETAUDIO  0  
[2017/07/14 00:06:19 263] tts        429  get audio|use local  
[2017/07/14 00:06:19 263] tts        471  0  nil  1  
[2017/07/14 00:06:19 264] tts        536  TTS_MSG_GETAUDIO  0  
[2017/07/14 00:06:19 264] tts        429  get audio|use local  
[2017/07/14 00:06:19 264] tts        471  0  nil  1  
[2017/07/14 00:06:19 264] tts        536  TTS_MSG_GETAUDIO  0  
[2017/07/14 00:06:19 264] tts        429  get audio|use local  
[2017/07/14 00:06:19 264] tts        471  0  nil  1  
[2017/07/14 00:06:19 265] tts        536  TTS_MSG_GETAUDIO  0  
[2017/07/14 00:06:19 265] tts        429  get audio|use local  
[2017/07/14 00:06:19 265] tts        471  0  nil  1  
[2017/07/14 00:06:19 266] tts        536  TTS_MSG_GETAUDIO  0  
[2017/07/14 00:06:19 266] tts        429  get audio|use local  
[2017/07/14 00:06:19 266] tts        471  0  nil  1  
[2017/07/14 00:06:19 267] tts        536  TTS_MSG_GETAUDIO  0  
[2017/07/14 00:06:19 267] tts        429  get audio|use local  
[2017/07/14 00:06:19 267] tts        471  0  nil  1  
[2017/07/14 00:06:19 267] tts        536  TTS_MSG_GETAUDIO  0  
[2017/07/14 00:06:19 267] tts        429  get audio|use local  
[2017/07/14 00:06:19 267] tts        471  0  nil  1  
[2017/07/14 00:06:19 267] tts        536  TTS_MSG_GETAUDIO  0  
[2017/07/14 00:06:19 267] tts        429  get audio|use local  
[2017/07/14 00:06:19 267] tts        471  0  nil  1  
[2017/07/14 00:06:19 267] tts        536  TTS_MSG_GETAUDIO  0  
[2017/07/14 00:06:19 267] tts        429  get audio|use local  
[2017/07/14 00:06:19 267] tts        471  0  nil  1  
[2017/07/14 00:06:19 268] tts        536  TTS_MSG_GETAUDIO  0  
[2017/07/14 00:06:19 268] tts        429  get audio|use local  
[2017/07/14 00:06:19 269] tts        471  0  nil  1  
[2017/07/14 00:06:19 269] tts        536  TTS_MSG_GETAUDIO  0  
[2017/07/14 00:06:19 269] tts        429  get audio|use local  
[2017/07/14 00:06:19 269] tts        471  0  nil  1  
[2017/07/14 00:06:19 269] tts        536  TTS_MSG_GETAUDIO  0  
[2017/07/14 00:06:19 269] tts        429  get audio|use local  
[2017/07/14 00:06:19 269] tts        471  0  nil  1  
[2017/07/14 00:06:19 270] tts        536  TTS_MSG_GETAUDIO  0  
[2017/07/14 00:06:19 270] tts        429  get audio|use local  
[2017/07/14 00:06:19 270] tts        471  0  nil  1  
[2017/07/14 00:06:19 270] tts        536  TTS_MSG_GETAUDIO  0  
[2017/07/14 00:06:19 270] tts        429  get audio|use local  
[2017/07/14 00:06:19 270] tts        471  0  nil  1  
[2017/07/14 00:06:19 273] tts        290  TTS_LOCAL_CB_BEGIN  
[2017/07/14 00:06:19 273] tts        536  TTS_MSG_GETAUDIO  0  
[2017/07/14 00:06:19 273] tts        429  get audio|use local  
[2017/07/14 00:06:19 273] tts        471  0  nil  1  
[2017/07/14 00:06:19 274] tts        536  TTS_MSG_GETAUDIO  0  
[2017/07/14 00:06:19 274] tts        429  get audio|use local  
[2017/07/14 00:06:19 274] tts        471  0  nil  1  
[2017/07/14 00:06:19 274] tts        536  TTS_MSG_GETAUDIO  0  
[2017/07/14 00:06:19 274] tts        429  get audio|use local  
[2017/07/14 00:06:19 274] tts        471  0  nil  1  
[2017/07/14 00:06:19 274] tts        536  TTS_MSG_GETAUDIO  0  
[2017/07/14 00:06:19 274] tts        429  get audio|use local  
[2017/07/14 00:06:19 274] tts        471  0  nil  1  
[2017/07/14 00:06:19 274] tts        536  TTS_MSG_GETAUDIO  0  
[2017/07/14 00:06:19 275] tts        429  get audio|use local  
[2017/07/14 00:06:19 275] tts        471  0  nil  1  
[2017/07/14 00:06:19 275] tts        536  TTS_MSG_GETAUDIO  0  
[2017/07/14 00:06:19 275] tts        429  get audio|use local  
[2017/07/14 00:06:19 275] tts        471  0  nil  1  
[2017/07/14 00:06:19 275] tts        536  TTS_MSG_GETAUDIO  0  
[2017/07/14 00:06:19 275] tts        429  get audio|use local  
[2017/07/14 00:06:19 275] tts        471  0  nil  1  
[2017/07/14 00:06:19 275] tts        536  TTS_MSG_GETAUDIO  0  
[2017/07/14 00:06:19 275] tts        429  get audio|use local  
[2017/07/14 00:06:19 275] tts        471  0  nil  1  
[2017/07/14 00:06:19 275] tts        536  TTS_MSG_GETAUDIO  0  
[2017/07/14 00:06:19 275] tts        429  get audio|use local  
[2017/07/14 00:06:19 275] tts        471  0  nil  1  
[2017/07/14 00:06:19 276] tts        536  TTS_MSG_GETAUDIO  0  
[2017/07/14 00:06:19 276] tts        429  get audio|use local  
[2017/07/14 00:06:19 276] tts        471  0  nil  1  
[2017/07/14 00:06:19 276] tts        536  TTS_MSG_GETAUDIO  0  
[2017/07/14 00:06:19 276] tts        429  get audio|use local  
[2017/07/14 00:06:19 276] tts        471  0  nil  1  
[2017/07/14 00:06:19 276] tts        536  TTS_MSG_GETAUDIO  0  
[2017/07/14 00:06:19 276] tts        429  get audio|use local  
[2017/07/14 00:06:19 276] tts        471  0  nil  1  
[2017/07/14 00:06:19 276] tts        536  TTS_MSG_GETAUDIO  0  
[2017/07/14 00:06:19 276] tts        429  get audio|use local  
[2017/07/14 00:06:19 280] tts        471  0  nil  1  
[2017/07/14 00:06:19 281] tts        536  TTS_MSG_GETAUDIO  0  
[2017/07/14 00:06:19 281] tts        429  get audio|use local  
[2017/07/14 00:06:19 281] tts        471  0  nil  1  
[2017/07/14 00:06:19 283] tts        536  TTS_MSG_GETAUDIO  0  
[2017/07/14 00:06:19 283] tts        429  get audio|use local  
[2017/07/14 00:06:19 283] tts        471  0  nil  1  
[2017/07/14 00:06:19 283] tts        536  TTS_MSG_GETAUDIO  0  
[2017/07/14 00:06:19 283] tts        429  get audio|use local  
[2017/07/14 00:06:19 283] tts        471  0  nil  1  
[2017/07/14 00:06:19 284] tts        536  TTS_MSG_GETAUDIO  0  
[2017/07/14 00:06:19 284] tts        429  get audio|use local  
[2017/07/14 00:06:19 284] tts        471  0  nil  1  
[2017/07/14 00:06:19 284] tts        536  TTS_MSG_GETAUDIO  0  
[2017/07/14 00:06:19 284] tts        429  get audio|use local  
[2017/07/14 00:06:19 284] tts        471  0  nil  1  
[2017/07/14 00:06:19 284] tts        536  TTS_MSG_GETAUDIO  0  
[2017/07/14 00:06:19 284] tts        429  get audio|use local  
[2017/07/14 00:06:19 284] tts        471  0  nil  1  
[2017/07/14 00:06:19 284] tts        536  TTS_MSG_GETAUDIO  0  
[2017/07/14 00:06:19 284] tts        429  get audio|use local  
[2017/07/14 00:06:19 284] tts        471  0  nil  1  
[2017/07/14 00:06:19 284] tts        536  TTS_MSG_GETAUDIO  0  
[2017/07/14 00:06:19 284] tts        429  get audio|use local  
[2017/07/14 00:06:19 284] tts        471  0  nil  1  
[2017/07/14 00:06:19 284] tts        536  TTS_MSG_GETAUDIO  0  
[2017/07/14 00:06:19 284] tts        429  get audio|use local  
[2017/07/14 00:06:19 284] tts        471  0  nil  1  
[2017/07/14 00:06:19 285] tts        536  TTS_MSG_GETAUDIO  0  
[2017/07/14 00:06:19 285] tts        429  get audio|use local  
[2017/07/14 00:06:19 285] tts        471  0  nil  1  
[2017/07/14 00:06:19 288] tts        536  TTS_MSG_GETAUDIO  0  
[2017/07/14 00:06:19 290] tts        429  get audio|use local  
[2017/07/14 00:06:19 292] tts        442  local audiolen:  300  ,ced:  18  
[2017/07/14 00:06:19 292] tts        471  0  udata(d806df38) 1  
[2017/07/14 00:06:19 295] tts        536  TTS_MSG_GETAUDIO  0  
[2017/07/14 00:06:19 295] tts        429  get audio|use local  
[2017/07/14 00:06:19 295] tts        442  local audiolen:  4472  ,ced:  18  
[2017/07/14 00:06:19 295] tts        471  0  udata(d806d8c8) 1  
[2017/07/14 00:06:19 296] tts        536  TTS_MSG_GETAUDIO  0  
[2017/07/14 00:06:19 296] tts        429  get audio|use local  
[2017/07/14 00:06:19 296] tts        442  local audiolen:  7136  ,ced:  18  
[2017/07/14 00:06:19 296] tts        471  0  udata(d8083cd8) 1  
[2017/07/14 00:06:19 296] tts        536  TTS_MSG_GETAUDIO  0  
[2017/07/14 00:06:19 296] tts        429  get audio|use local  
[2017/07/14 00:06:19 296] tts        442  local audiolen:  4510  ,ced:  18  
[2017/07/14 00:06:19 296] tts        471  0  udata(d8083d28) 1  
[2017/07/14 00:06:19 298] tts        536  TTS_MSG_GETAUDIO  0  
[2017/07/14 00:06:19 298] tts        429  get audio|use local  
[2017/07/14 00:06:19 298] tts        442  local audiolen:  12914  ,ced:  18  
[2017/07/14 00:06:19 298] tts        471  0  udata(d806ddf8) 1  
[2017/07/14 00:06:19 299] tts        536  TTS_MSG_GETAUDIO  0  
[2017/07/14 00:06:19 299] tts        429  get audio|use local  
[2017/07/14 00:06:19 299] tts        442  local audiolen:  6038  ,ced:  18  
[2017/07/14 00:06:19 299] tts        471  0  udata(d806de48) 1  
[2017/07/14 00:06:19 299] tts        536  TTS_MSG_GETAUDIO  0  
[2017/07/14 00:06:19 299] tts        429  get audio|use local  
[2017/07/14 00:06:19 299] tts        442  local audiolen:  512  ,ced:  18  
[2017/07/14 00:06:19 299] tts        471  0  udata(d80791f8) 1  
[2017/07/14 00:06:19 299] tts        536  TTS_MSG_GETAUDIO  0  
[2017/07/14 00:06:19 299] tts        429  get audio|use local  
[2017/07/14 00:06:19 299] tts        442  local audiolen:  512  ,ced:  18  
[2017/07/14 00:06:19 300] tts        471  0  udata(d8083bf8) 1  
[2017/07/14 00:06:19 300] tts        536  TTS_MSG_GETAUDIO  0  
[2017/07/14 00:06:19 300] tts        429  get audio|use local  
[2017/07/14 00:06:19 300] tts        442  local audiolen:  512  ,ced:  18  
[2017/07/14 00:06:19 300] tts        471  0  udata(d8083c48) 1  
[2017/07/14 00:06:19 301] tts        536  TTS_MSG_GETAUDIO  0  
[2017/07/14 00:06:19 301] tts        429  get audio|use local  
[2017/07/14 00:06:19 301] tts        442  local audiolen:  512  ,ced:  18  
[2017/07/14 00:06:19 301] tts        471  0  udata(d8078fe8) 1  
[2017/07/14 00:06:19 301] tts        536  TTS_MSG_GETAUDIO  0  
[2017/07/14 00:06:19 301] tts        429  get audio|use local  
[2017/07/14 00:06:19 301] tts        442  local audiolen:  512  ,ced:  18  
[2017/07/14 00:06:19 301] tts        471  0  udata(d8079038) 1  
[2017/07/14 00:06:19 301] tts        536  TTS_MSG_GETAUDIO  0  
[2017/07/14 00:06:19 301] tts        429  get audio|use local  
[2017/07/14 00:06:19 301] tts        442  local audiolen:  512  ,ced:  18  
[2017/07/14 00:06:19 302] tts        471  0  udata(d8079088) 1  
[2017/07/14 00:06:19 302] tts        536  TTS_MSG_GETAUDIO  0  
[2017/07/14 00:06:19 302] tts        429  get audio|use local  
[2017/07/14 00:06:19 302] tts        442  local audiolen:  512  ,ced:  18  
[2017/07/14 00:06:19 302] tts        471  0  udata(d80790d8) 1  
[2017/07/14 00:06:19 302] tts        536  TTS_MSG_GETAUDIO  0  
[2017/07/14 00:06:19 303] tts        429  get audio|use local  
[2017/07/14 00:06:19 303] tts        442  local audiolen:  512  ,ced:  18  
[2017/07/14 00:06:19 303] tts        471  0  udata(d8079128) 1  
[2017/07/14 00:06:19 303] tts        536  TTS_MSG_GETAUDIO  0  
[2017/07/14 00:06:19 303] tts        429  get audio|use local  
[2017/07/14 00:06:19 303] tts        442  local audiolen:  512  ,ced:  18  
[2017/07/14 00:06:19 303] tts        471  0  udata(d8079178) 1  
[2017/07/14 00:06:19 303] tts        536  TTS_MSG_GETAUDIO  0  
[2017/07/14 00:06:19 303] tts        429  get audio|use local  
[2017/07/14 00:06:19 305] tts        442  local audiolen:  512  ,ced:  18  
[2017/07/14 00:06:19 305] tts        471  0  udata(d8079488) 1  
[2017/07/14 00:06:19 309] tts        536  TTS_MSG_GETAUDIO  0  
[2017/07/14 00:06:19 309] tts        429  get audio|use local  
[2017/07/14 00:06:19 309] tts        442  local audiolen:  512  ,ced:  18  
[2017/07/14 00:06:19 310] tts        471  0  udata(d8079578) 1  
[2017/07/14 00:06:19 320] tts        536  TTS_MSG_GETAUDIO  0  
[2017/07/14 00:06:19 320] tts        429  get audio|use local  
[2017/07/14 00:06:19 320] tts        442  local audiolen:  512  ,ced:  18  
[2017/07/14 00:06:19 320] tts        471  0  udata(d8021218) 1  
[2017/07/14 00:06:19 321] tts        536  TTS_MSG_GETAUDIO  0  
[2017/07/14 00:06:19 321] tts        429  get audio|use local  
[2017/07/14 00:06:19 321] tts        442  local audiolen:  512  ,ced:  18  
[2017/07/14 00:06:19 321] tts        471  0  udata(d8021368) 1  
[2017/07/14 00:06:19 322] tts        536  TTS_MSG_GETAUDIO  0  
[2017/07/14 00:06:19 322] tts        429  get audio|use local  
[2017/07/14 00:06:19 322] tts        442  local audiolen:  512  ,ced:  18  
[2017/07/14 00:06:19 323] tts        471  0  udata(d8021b08) 1  
[2017/07/14 00:06:19 323] tts        536  TTS_MSG_GETAUDIO  0  
[2017/07/14 00:06:19 326] tts        429  get audio|use local  
[2017/07/14 00:06:19 326] tts        442  local audiolen:  512  ,ced:  18  
[2017/07/14 00:06:19 327] tts        471  0  udata(d807b078) 1  
[2017/07/14 00:06:19 329] tts        536  TTS_MSG_GETAUDIO  0  
[2017/07/14 00:06:19 329] tts        429  get audio|use local  
[2017/07/14 00:06:19 329] tts        442  local audiolen:  512  ,ced:  18  
[2017/07/14 00:06:19 329] tts        471  0  udata(d8023f18) 1  
[2017/07/14 00:06:19 330] tts        536  TTS_MSG_GETAUDIO  0  
[2017/07/14 00:06:19 330] tts        429  get audio|use local  
[2017/07/14 00:06:19 330] tts        442  local audiolen:  512  ,ced:  18  
[2017/07/14 00:06:19 330] tts        471  0  udata(d8023fc8) 1  
[2017/07/14 00:06:19 330] tts        536  TTS_MSG_GETAUDIO  0  
[2017/07/14 00:06:19 330] tts        429  get audio|use local  
[2017/07/14 00:06:19 330] tts        442  local audiolen:  512  ,ced:  18  
[2017/07/14 00:06:19 331] tts        471  0  udata(d80241b8) 1  
[2017/07/14 00:06:19 331] tts        536  TTS_MSG_GETAUDIO  0  
[2017/07/14 00:06:19 331] tts        429  get audio|use local  
[2017/07/14 00:06:19 331] tts        442  local audiolen:  160  ,ced:  18  
[2017/07/14 00:06:19 332] tts        471  0  udata(d80792f8) 1  
[2017/07/14 00:06:19 332] tts        536  TTS_MSG_GETAUDIO  0  
[2017/07/14 00:06:19 332] tts        429  get audio|use local  
[2017/07/14 00:06:19 332] tts        442  local audiolen:  244  ,ced:  27  
[2017/07/14 00:06:19 332] tts        471  0  udata(d8024718) 1  
[2017/07/14 00:06:19 332] tts        536  TTS_MSG_GETAUDIO  0  
[2017/07/14 00:06:19 332] tts        429  get audio|use local  
[2017/07/14 00:06:19 332] tts        442  local audiolen:  9884  ,ced:  27  
[2017/07/14 00:06:19 332] tts        471  0  udata(d8079248) 1  
[2017/07/14 00:06:19 333] tts        536  TTS_MSG_GETAUDIO  0  
[2017/07/14 00:06:19 333] tts        429  get audio|use local  
[2017/07/14 00:06:19 333] tts        442  local audiolen:  7908  ,ced:  27  
[2017/07/14 00:06:19 333] tts        471  0  udata(d8079298) 1  
[2017/07/14 00:06:19 333] tts        536  TTS_MSG_GETAUDIO  0  
[2017/07/14 00:06:19 333] tts        429  get audio|use local  
[2017/07/14 00:06:19 333] tts        442  local audiolen:  512  ,ced:  27  
[2017/07/14 00:06:19 333] tts        471  0  udata(d807aa18) 1  
[2017/07/14 00:06:19 333] tts        536  TTS_MSG_GETAUDIO  0  
[2017/07/14 00:06:19 333] tts        429  get audio|use local  
[2017/07/14 00:06:19 333] tts        442  local audiolen:  512  ,ced:  27  
[2017/07/14 00:06:19 334] tts        471  0  udata(d807aca8) 1  
[2017/07/14 00:06:19 335] tts        536  TTS_MSG_GETAUDIO  0  
[2017/07/14 00:06:19 335] tts        429  get audio|use local  
[2017/07/14 00:06:19 335] tts        442  local audiolen:  512  ,ced:  27  
[2017/07/14 00:06:19 335] tts        471  0  udata(d8024a68) 1  
[2017/07/14 00:06:19 336] tts        536  TTS_MSG_GETAUDIO  0  
[2017/07/14 00:06:19 336] tts        429  get audio|use local  
[2017/07/14 00:06:19 336] tts        442  local audiolen:  512  ,ced:  27  
[2017/07/14 00:06:19 336] tts        471  0  udata(d8024bb8) 1  
[2017/07/14 00:06:19 336] tts        536  TTS_MSG_GETAUDIO  0  
[2017/07/14 00:06:19 336] tts        429  get audio|use local  
[2017/07/14 00:06:19 336] tts        442  local audiolen:  512  ,ced:  27  
[2017/07/14 00:06:19 336] tts        471  0  udata(d8024d08) 1  
[2017/07/14 00:06:19 337] tts        536  TTS_MSG_GETAUDIO  0  
[2017/07/14 00:06:19 337] tts        429  get audio|use local  
[2017/07/14 00:06:19 337] tts        442  local audiolen:  512  ,ced:  27  
[2017/07/14 00:06:19 337] tts        471  0  udata(d8024db8) 1  
[2017/07/14 00:06:19 337] tts        536  TTS_MSG_GETAUDIO  0  
[2017/07/14 00:06:19 337] tts        429  get audio|use local  
[2017/07/14 00:06:19 337] tts        442  local audiolen:  512  ,ced:  27  
[2017/07/14 00:06:19 337] tts        471  0  udata(d8024ea8) 1  
[2017/07/14 00:06:19 338] tts        536  TTS_MSG_GETAUDIO  0  
[2017/07/14 00:06:19 338] tts        429  get audio|use local  
[2017/07/14 00:06:19 338] tts        442  local audiolen:  512  ,ced:  27  
[2017/07/14 00:06:19 338] tts        471  0  udata(d8024f58) 1  
[2017/07/14 00:06:19 338] tts        536  TTS_MSG_GETAUDIO  0  
[2017/07/14 00:06:19 338] tts        429  get audio|use local  
[2017/07/14 00:06:19 338] tts        442  local audiolen:  512  ,ced:  27  
[2017/07/14 00:06:19 338] tts        471  0  udata(d8024fa8) 1  
[2017/07/14 00:06:19 338] tts        536  TTS_MSG_GETAUDIO  0  
[2017/07/14 00:06:19 338] tts        429  get audio|use local  
[2017/07/14 00:06:19 338] tts        442  local audiolen:  512  ,ced:  27  
[2017/07/14 00:06:19 339] tts        471  0  udata(d8024ff8) 1  
[2017/07/14 00:06:19 339] tts        536  TTS_MSG_GETAUDIO  0  
[2017/07/14 00:06:19 339] tts        429  get audio|use local  
[2017/07/14 00:06:19 339] tts        442  local audiolen:  512  ,ced:  27  
[2017/07/14 00:06:19 339] tts        471  0  udata(d80252e8) 1  
[2017/07/14 00:06:19 340] tts        536  TTS_MSG_GETAUDIO  0  
[2017/07/14 00:06:19 340] tts        429  get audio|use local  
[2017/07/14 00:06:19 340] tts        442  local audiolen:  512  ,ced:  27  
[2017/07/14 00:06:19 340] tts        471  0  udata(d8025398) 1  
[2017/07/14 00:06:19 340] tts        536  TTS_MSG_GETAUDIO  0  
[2017/07/14 00:06:19 340] tts        429  get audio|use local  
[2017/07/14 00:06:19 340] tts        442  local audiolen:  512  ,ced:  27  
[2017/07/14 00:06:19 340] tts        471  0  udata(d80253e8) 1  
[2017/07/14 00:06:19 340] tts        536  TTS_MSG_GETAUDIO  0  
[2017/07/14 00:06:19 340] tts        429  get audio|use local  
[2017/07/14 00:06:19 340] tts        442  local audiolen:  512  ,ced:  27  
[2017/07/14 00:06:19 340] tts        471  0  udata(d8025438) 1  
[2017/07/14 00:06:19 341] tts        536  TTS_MSG_GETAUDIO  0  
[2017/07/14 00:06:19 341] tts        429  get audio|use local  
[2017/07/14 00:06:19 341] tts        442  local audiolen:  512  ,ced:  27  
[2017/07/14 00:06:19 341] tts        471  0  udata(d8025488) 1  
[2017/07/14 00:06:19 341] tts        536  TTS_MSG_GETAUDIO  0  
[2017/07/14 00:06:19 341] tts        429  get audio|use local  
[2017/07/14 00:06:19 341] tts        442  local audiolen:  512  ,ced:  27  
[2017/07/14 00:06:19 341] tts        471  0  udata(d80254d8) 1  
[2017/07/14 00:06:19 341] tts        536  TTS_MSG_GETAUDIO  0  
[2017/07/14 00:06:19 341] tts        429  get audio|use local  
[2017/07/14 00:06:19 341] tts        442  local audiolen:  512  ,ced:  27  
[2017/07/14 00:06:19 341] tts        471  0  udata(d8025528) 1  
[2017/07/14 00:06:19 341] tts        536  TTS_MSG_GETAUDIO  0  
[2017/07/14 00:06:19 341] tts        429  get audio|use local  
[2017/07/14 00:06:19 341] tts        442  local audiolen:  512  ,ced:  27  
[2017/07/14 00:06:19 341] tts        471  0  udata(d8025578) 1  
[2017/07/14 00:06:19 342] tts        536  TTS_MSG_GETAUDIO  0  
[2017/07/14 00:06:19 342] tts        429  get audio|use local  
[2017/07/14 00:06:19 342] tts        442  local audiolen:  160  ,ced:  27  
[2017/07/14 00:06:19 342] tts        471  0  udata(d807ab18) 1  
[2017/07/14 00:06:19 342] tts        536  TTS_MSG_GETAUDIO  0  
[2017/07/14 00:06:19 342] tts        429  get audio|use local  
[2017/07/14 00:06:19 342] tts        442  local audiolen:  302  ,ced:  57  
[2017/07/14 00:06:19 342] tts        471  0  udata(d8025708) 1  
[2017/07/14 00:06:19 342] tts        536  TTS_MSG_GETAUDIO  0  
[2017/07/14 00:06:19 342] tts        429  get audio|use local  
[2017/07/14 00:06:19 342] tts        442  local audiolen:  972  ,ced:  57  
[2017/07/14 00:06:19 342] tts        471  0  udata(d8025ca8) 1  
[2017/07/14 00:06:19 343] tts        536  TTS_MSG_GETAUDIO  0  
[2017/07/14 00:06:19 343] tts        429  get audio|use local  
[2017/07/14 00:06:19 344] tts        442  local audiolen:  7628  ,ced:  57  
[2017/07/14 00:06:19 345] tts        471  0  udata(d8025338) 1  
[2017/07/14 00:06:19 346] tts        536  TTS_MSG_GETAUDIO  0  
[2017/07/14 00:06:19 346] tts        429  get audio|use local  
[2017/07/14 00:06:19 346] tts        442  local audiolen:  4282  ,ced:  57  
[2017/07/14 00:06:19 346] tts        471  0  udata(d8026dc8) 1  
[2017/07/14 00:06:19 347] tts        536  TTS_MSG_GETAUDIO  0  
[2017/07/14 00:06:19 347] tts        429  get audio|use local  
[2017/07/14 00:06:19 347] tts        442  local audiolen:  7110  ,ced:  57  
[2017/07/14 00:06:19 347] tts        471  0  udata(d8025858) 1  
[2017/07/14 00:06:19 348] tts        536  TTS_MSG_GETAUDIO  0  
[2017/07/14 00:06:19 348] tts        429  get audio|use local  
[2017/07/14 00:06:19 348] tts        442  local audiolen:  3632  ,ced:  57  
[2017/07/14 00:06:19 348] tts        471  0  udata(d8025c28) 1  
[2017/07/14 00:06:19 349] tts        536  TTS_MSG_GETAUDIO  0  
[2017/07/14 00:06:19 349] tts        429  get audio|use local  
[2017/07/14 00:06:19 349] tts        442  local audiolen:  7226  ,ced:  57  
[2017/07/14 00:06:19 349] tts        471  0  udata(d8026c38) 1  
[2017/07/14 00:06:19 350] tts        536  TTS_MSG_GETAUDIO  0  
[2017/07/14 00:06:19 350] tts        429  get audio|use local  
[2017/07/14 00:06:19 350] tts        442  local audiolen:  9160  ,ced:  57  
[2017/07/14 00:06:19 350] tts        471  0  udata(d8021e58) 1  
[2017/07/14 00:06:19 351] tts        536  TTS_MSG_GETAUDIO  0  
[2017/07/14 00:06:19 351] tts        429  get audio|use local  
[2017/07/14 00:06:19 351] tts        442  local audiolen:  6982  ,ced:  57  
[2017/07/14 00:06:19 351] tts        471  0  udata(d8028dd8) 1  
[2017/07/14 00:06:19 351] tts        536  TTS_MSG_GETAUDIO  0  
[2017/07/14 00:06:19 351] tts        429  get audio|use local  
[2017/07/14 00:06:19 351] tts        442  local audiolen:  8976  ,ced:  57  
[2017/07/14 00:06:19 351] tts        471  0  udata(d8022148) 1  
[2017/07/14 00:06:19 352] tts        536  TTS_MSG_GETAUDIO  0  
[2017/07/14 00:06:19 352] tts        429  get audio|use local  
[2017/07/14 00:06:19 352] tts        442  local audiolen:  7678  ,ced:  57  
[2017/07/14 00:06:19 352] tts        471  0  udata(d8022298) 1  
[2017/07/14 00:06:19 353] tts        536  TTS_MSG_GETAUDIO  0  
[2017/07/14 00:06:19 353] tts        429  get audio|use local  
[2017/07/14 00:06:19 353] tts        442  local audiolen:  3576  ,ced:  57  
[2017/07/14 00:06:19 354] tts        471  0  udata(d80222e8) 1  
[2017/07/14 00:06:19 355] tts        536  TTS_MSG_GETAUDIO  0  
[2017/07/14 00:06:19 355] tts        429  get audio|use local  
[2017/07/14 00:06:19 355] tts        442  local audiolen:  512  ,ced:  57  
[2017/07/14 00:06:19 355] tts        471  0  udata(d8026408) 1  
[2017/07/14 00:06:19 355] tts        536  TTS_MSG_GETAUDIO  0  
[2017/07/14 00:06:19 355] tts        429  get audio|use local  
[2017/07/14 00:06:19 355] tts        442  local audiolen:  512  ,ced:  57  
[2017/07/14 00:06:19 355] tts        471  0  udata(d8022398) 1  
[2017/07/14 00:06:19 356] tts        536  TTS_MSG_GETAUDIO  0  
[2017/07/14 00:06:19 356] tts        429  get audio|use local  
[2017/07/14 00:06:19 356] tts        442  local audiolen:  512  ,ced:  57  
[2017/07/14 00:06:19 356] tts        471  0  udata(d80223e8) 1  
[2017/07/14 00:06:19 356] tts        536  TTS_MSG_GETAUDIO  0  
[2017/07/14 00:06:19 356] tts        429  get audio|use local  
[2017/07/14 00:06:19 356] tts        442  local audiolen:  512  ,ced:  57  
[2017/07/14 00:06:19 356] tts        471  0  udata(d8026458) 1  
[2017/07/14 00:06:19 356] tts        536  TTS_MSG_GETAUDIO  0  
[2017/07/14 00:06:19 356] tts        429  get audio|use local  
[2017/07/14 00:06:19 356] tts        442  local audiolen:  512  ,ced:  57  
[2017/07/14 00:06:19 356] tts        471  0  udata(d80264a8) 1  
[2017/07/14 00:06:19 356] tts        536  TTS_MSG_GETAUDIO  0  
[2017/07/14 00:06:19 356] tts        429  get audio|use local  
[2017/07/14 00:06:19 356] tts        442  local audiolen:  512  ,ced:  57  
[2017/07/14 00:06:19 356] tts        471  0  udata(d80264f8) 1  
[2017/07/14 00:06:19 356] tts        536  TTS_MSG_GETAUDIO  0  
[2017/07/14 00:06:19 356] tts        429  get audio|use local  
[2017/07/14 00:06:19 356] tts        442  local audiolen:  512  ,ced:  57  
[2017/07/14 00:06:19 356] tts        471  0  udata(d8026548) 1  
[2017/07/14 00:06:19 357] tts        536  TTS_MSG_GETAUDIO  0  
[2017/07/14 00:06:19 357] tts        429  get audio|use local  
[2017/07/14 00:06:19 357] tts        442  local audiolen:  512  ,ced:  57  
[2017/07/14 00:06:19 357] tts        471  0  udata(d8026598) 1  
[2017/07/14 00:06:19 357] tts        536  TTS_MSG_GETAUDIO  0  
[2017/07/14 00:06:19 357] tts        429  get audio|use local  
[2017/07/14 00:06:19 357] tts        442  local audiolen:  512  ,ced:  57  
[2017/07/14 00:06:19 357] tts        471  0  udata(d80265e8) 1  
[2017/07/14 00:06:19 357] tts        536  TTS_MSG_GETAUDIO  0  
[2017/07/14 00:06:19 357] tts        429  get audio|use local  
[2017/07/14 00:06:19 357] tts        442  local audiolen:  512  ,ced:  57  
[2017/07/14 00:06:19 357] tts        471  0  udata(d8026638) 1  
[2017/07/14 00:06:19 360] tts        536  TTS_MSG_GETAUDIO  0  
[2017/07/14 00:06:19 360] tts        429  get audio|use local  
[2017/07/14 00:06:19 360] tts        442  local audiolen:  512  ,ced:  57  
[2017/07/14 00:06:19 360] tts        471  0  udata(d8027b18) 1  
[2017/07/14 00:06:19 360] tts        536  TTS_MSG_GETAUDIO  0  
[2017/07/14 00:06:19 360] tts        429  get audio|use local  
[2017/07/14 00:06:19 360] tts        442  local audiolen:  512  ,ced:  57  
[2017/07/14 00:06:19 360] tts        471  0  udata(d8027bc8) 1  
[2017/07/14 00:06:19 360] tts        536  TTS_MSG_GETAUDIO  0  
[2017/07/14 00:06:19 360] tts        429  get audio|use local  
[2017/07/14 00:06:19 360] tts        442  local audiolen:  512  ,ced:  57  
[2017/07/14 00:06:19 360] tts        471  0  udata(d8027c18) 1  
[2017/07/14 00:06:19 361] tts        536  TTS_MSG_GETAUDIO  0  
[2017/07/14 00:06:19 361] tts        429  get audio|use local  
[2017/07/14 00:06:19 361] tts        442  local audiolen:  512  ,ced:  57  
[2017/07/14 00:06:19 361] tts        471  0  udata(d8027c68) 1  
[2017/07/14 00:06:19 361] tts        536  TTS_MSG_GETAUDIO  0  
[2017/07/14 00:06:19 361] tts        429  get audio|use local  
[2017/07/14 00:06:19 361] tts        442  local audiolen:  512  ,ced:  57  
[2017/07/14 00:06:19 361] tts        471  0  udata(d8027cb8) 1  
[2017/07/14 00:06:19 361] tts        536  TTS_MSG_GETAUDIO  0  
[2017/07/14 00:06:19 361] tts        429  get audio|use local  
[2017/07/14 00:06:19 361] tts        442  local audiolen:  512  ,ced:  57  
[2017/07/14 00:06:19 361] tts        471  0  udata(d8027d08) 1  
[2017/07/14 00:06:19 361] tts        536  TTS_MSG_GETAUDIO  0  
[2017/07/14 00:06:19 361] tts        429  get audio|use local  
[2017/07/14 00:06:19 361] tts        442  local audiolen:  512  ,ced:  57  
[2017/07/14 00:06:19 361] tts        471  0  udata(d8027d58) 1  
[2017/07/14 00:06:19 362] tts        536  TTS_MSG_GETAUDIO  0  
[2017/07/14 00:06:19 362] tts        429  get audio|use local  
[2017/07/14 00:06:19 362] tts        442  local audiolen:  512  ,ced:  57  
[2017/07/14 00:06:19 362] tts        471  0  udata(d8027da8) 1  
[2017/07/14 00:06:19 362] tts        536  TTS_MSG_GETAUDIO  0  
[2017/07/14 00:06:19 362] tts        429  get audio|use local  
[2017/07/14 00:06:19 362] tts        442  local audiolen:  160  ,ced:  57  
[2017/07/14 00:06:19 362] tts        471  0  udata(d80262a8) 1  
[2017/07/14 00:06:19 363] tts        536  TTS_MSG_GETAUDIO  0  
[2017/07/14 00:06:19 363] tts        429  get audio|use local  
[2017/07/14 00:06:19 363] tts        442  local audiolen:  286  ,ced:  73  
[2017/07/14 00:06:19 363] tts        471  0  udata(d80282d8) 1  
[2017/07/14 00:06:19 363] tts        536  TTS_MSG_GETAUDIO  0  
[2017/07/14 00:06:19 363] tts        429  get audio|use local  
[2017/07/14 00:06:19 364] tts        442  local audiolen:  1392  ,ced:  73  
[2017/07/14 00:06:19 364] tts        471  0  udata(d80261f8) 1  
[2017/07/14 00:06:19 364] tts        536  TTS_MSG_GETAUDIO  0  
[2017/07/14 00:06:19 365] tts        429  get audio|use local  
[2017/07/14 00:06:19 365] tts        442  local audiolen:  9008  ,ced:  73  
[2017/07/14 00:06:19 365] tts        471  0  udata(d8028a58) 1  
[2017/07/14 00:06:19 365] tts        536  TTS_MSG_GETAUDIO  0  
[2017/07/14 00:06:19 365] tts        429  get audio|use local  
[2017/07/14 00:06:19 365] tts        442  local audiolen:  4462  ,ced:  73  
[2017/07/14 00:06:19 365] tts        471  0  udata(d8028528) 1  
[2017/07/14 00:06:19 366] tts        536  TTS_MSG_GETAUDIO  0  
[2017/07/14 00:06:19 366] tts        429  get audio|use local  
[2017/07/14 00:06:19 366] tts        442  local audiolen:  6282  ,ced:  73  
[2017/07/14 00:06:19 366] tts        471  0  udata(d8028578) 1  
[2017/07/14 00:06:19 366] tts        536  TTS_MSG_GETAUDIO  0  
[2017/07/14 00:06:19 366] tts        429  get audio|use local  
[2017/07/14 00:06:19 366] tts        442  local audiolen:  11036  ,ced:  73  
[2017/07/14 00:06:19 366] tts        471  0  udata(d80286c8) 1  
[2017/07/14 00:06:19 367] tts        536  TTS_MSG_GETAUDIO  0  
[2017/07/14 00:06:19 367] tts        429  get audio|use local  
[2017/07/14 00:06:19 367] tts        442  local audiolen:  512  ,ced:  73  
[2017/07/14 00:06:19 367] tts        471  0  udata(d802b298) 1  
[2017/07/14 00:06:19 367] tts        536  TTS_MSG_GETAUDIO  0  
[2017/07/14 00:06:19 367] tts        429  get audio|use local  
[2017/07/14 00:06:19 367] tts        442  local audiolen:  512  ,ced:  73  
[2017/07/14 00:06:19 367] tts        471  0  udata(d8028818) 1  
[2017/07/14 00:06:19 367] tts        536  TTS_MSG_GETAUDIO  0  
[2017/07/14 00:06:19 367] tts        429  get audio|use local  
[2017/07/14 00:06:19 367] tts        442  local audiolen:  512  ,ced:  73  
[2017/07/14 00:06:19 367] tts        471  0  udata(d802b3e8) 1  
[2017/07/14 00:06:19 367] tts        536  TTS_MSG_GETAUDIO  0  
[2017/07/14 00:06:19 368] tts        429  get audio|use local  
[2017/07/14 00:06:19 368] tts        442  local audiolen:  512  ,ced:  73  
[2017/07/14 00:06:19 368] tts        471  0  udata(d802b498) 1  
[2017/07/14 00:06:19 368] tts        536  TTS_MSG_GETAUDIO  0  
[2017/07/14 00:06:19 368] tts        429  get audio|use local  
[2017/07/14 00:06:19 368] tts        442  local audiolen:  512  ,ced:  73  
[2017/07/14 00:06:19 368] tts        471  0  udata(d802b4e8) 1  
[2017/07/14 00:06:19 368] tts        536  TTS_MSG_GETAUDIO  0  
[2017/07/14 00:06:19 368] tts        429  get audio|use local  
[2017/07/14 00:06:19 368] tts        442  local audiolen:  512  ,ced:  73  
[2017/07/14 00:06:19 368] tts        471  0  udata(d802b538) 1  
[2017/07/14 00:06:19 369] tts        536  TTS_MSG_GETAUDIO  0  
[2017/07/14 00:06:19 369] tts        429  get audio|use local  
[2017/07/14 00:06:19 369] tts        442  local audiolen:  512  ,ced:  73  
[2017/07/14 00:06:19 369] tts        471  0  udata(d802b628) 1  
[2017/07/14 00:06:19 369] tts        536  TTS_MSG_GETAUDIO  0  
[2017/07/14 00:06:19 369] tts        429  get audio|use local  
[2017/07/14 00:06:19 369] tts        442  local audiolen:  512  ,ced:  73  
[2017/07/14 00:06:19 369] tts        471  0  udata(d802b6d8) 1  
[2017/07/14 00:06:19 369] tts        536  TTS_MSG_GETAUDIO  0  
[2017/07/14 00:06:19 369] tts        429  get audio|use local  
[2017/07/14 00:06:19 369] tts        442  local audiolen:  512  ,ced:  73  
[2017/07/14 00:06:19 369] tts        471  0  udata(d802b7c8) 1  
[2017/07/14 00:06:19 370] tts        536  TTS_MSG_GETAUDIO  0  
[2017/07/14 00:06:19 372] tts        429  get audio|use local  
[2017/07/14 00:06:19 372] tts        442  local audiolen:  512  ,ced:  73  
[2017/07/14 00:06:19 372] tts        471  0  udata(d802b918) 1  
[2017/07/14 00:06:19 374] tts        536  TTS_MSG_GETAUDIO  0  
[2017/07/14 00:06:19 374] tts        429  get audio|use local  
[2017/07/14 00:06:19 375] tts        442  local audiolen:  512  ,ced:  73  
[2017/07/14 00:06:19 375] tts        471  0  udata(d802cd88) 1  
[2017/07/14 00:06:19 375] tts        536  TTS_MSG_GETAUDIO  0  
[2017/07/14 00:06:19 375] tts        429  get audio|use local  
[2017/07/14 00:06:19 375] tts        442  local audiolen:  512  ,ced:  73  
[2017/07/14 00:06:19 375] tts        471  0  udata(d802d1d8) 1  
[2017/07/14 00:06:19 376] tts        536  TTS_MSG_GETAUDIO  0  
[2017/07/14 00:06:19 376] tts        429  get audio|use local  
[2017/07/14 00:06:19 376] tts        442  local audiolen:  512  ,ced:  73  
[2017/07/14 00:06:19 376] tts        471  0  udata(d802d328) 1  
[2017/07/14 00:06:19 376] tts        536  TTS_MSG_GETAUDIO  0  
[2017/07/14 00:06:19 376] tts        429  get audio|use local  
[2017/07/14 00:06:19 376] tts        442  local audiolen:  512  ,ced:  73  
[2017/07/14 00:06:19 376] tts        471  0  udata(d802d3d8) 1  
[2017/07/14 00:06:19 377] tts        536  TTS_MSG_GETAUDIO  0  
[2017/07/14 00:06:19 377] tts        429  get audio|use local  
[2017/07/14 00:06:19 377] tts        442  local audiolen:  512  ,ced:  73  
[2017/07/14 00:06:19 377] tts        471  0  udata(d802d5c8) 1  
[2017/07/14 00:06:19 378] tts        292  0  0  
[2017/07/14 00:06:19 378] tts        299  TTS_LOCAL_CB_END,  2  
[2017/07/14 00:06:19 378] tts        536  TTS_MSG_GETAUDIO  0  
[2017/07/14 00:06:19 378] tts        429  get audio|use local  
[2017/07/14 00:06:19 378] tts        442  local audiolen:  512  ,ced:  73  
[2017/07/14 00:06:19 378] tts        471  0  udata(d802d8b8) 1  
[2017/07/14 00:06:19 378] tts        536  TTS_MSG_GETAUDIO  0  
[2017/07/14 00:06:19 378] tts        429  get audio|use local  
[2017/07/14 00:06:19 378] tts        442  local audiolen:  512  ,ced:  73  
[2017/07/14 00:06:19 378] tts        471  0  udata(d802d968) 1  
[2017/07/14 00:06:19 378] tts        536  TTS_MSG_GETAUDIO  0  
[2017/07/14 00:06:19 378] tts        429  get audio|use local  
[2017/07/14 00:06:19 378] tts        442  local audiolen:  512  ,ced:  73  
[2017/07/14 00:06:19 378] tts        471  0  udata(d802d9b8) 1  
[2017/07/14 00:06:19 378] tts        536  TTS_MSG_GETAUDIO  0  
[2017/07/14 00:06:19 379] tts        429  get audio|use local  
[2017/07/14 00:06:19 379] tts        442  local audiolen:  160  ,ced:  73  
[2017/07/14 00:06:19 379] tts        471  0  udata(d802b138) 1  
[2017/07/14 00:06:19 379] tts        536  TTS_MSG_GETAUDIO  0  
[2017/07/14 00:06:19 379] tts        429  get audio|use local  
[2017/07/14 00:06:19 379] tts        442  local audiolen:  300  ,ced:  116  
[2017/07/14 00:06:19 379] tts        471  0  udata(d802db48) 1  
[2017/07/14 00:06:19 379] tts        536  TTS_MSG_GETAUDIO  0  
[2017/07/14 00:06:19 379] tts        429  get audio|use local  
[2017/07/14 00:06:19 379] tts        442  local audiolen:  3320  ,ced:  116  
[2017/07/14 00:06:19 379] tts        471  0  udata(d802d908) 1  
[2017/07/14 00:06:19 379] tts        536  TTS_MSG_GETAUDIO  0  
[2017/07/14 00:06:19 379] tts        429  get audio|use local  
[2017/07/14 00:06:19 379] tts        442  local audiolen:  12700  ,ced:  116  
[2017/07/14 00:06:19 379] tts        471  0  udata(d802b088) 1  
[2017/07/14 00:06:19 380] tts        536  TTS_MSG_GETAUDIO  0  
[2017/07/14 00:06:19 380] tts        429  get audio|use local  
[2017/07/14 00:06:19 380] tts        442  local audiolen:  14004  ,ced:  116  
[2017/07/14 00:06:19 380] tts        471  0  udata(d802b0d8) 1  
[2017/07/14 00:06:19 380] tts        536  TTS_MSG_GETAUDIO  0  
[2017/07/14 00:06:19 380] tts        429  get audio|use local  
[2017/07/14 00:06:19 380] tts        442  local audiolen:  3070  ,ced:  116  
[2017/07/14 00:06:19 380] tts        471  0  udata(d802b188) 1  
[2017/07/14 00:06:19 380] tts        536  TTS_MSG_GETAUDIO  0  
[2017/07/14 00:06:19 380] tts        429  get audio|use local  
[2017/07/14 00:06:19 380] tts        442  local audiolen:  6616  ,ced:  116  
[2017/07/14 00:06:19 380] tts        471  0  udata(d802b1d8) 1  
[2017/07/14 00:06:19 381] tts        536  TTS_MSG_GETAUDIO  0  
[2017/07/14 00:06:19 381] tts        429  get audio|use local  
[2017/07/14 00:06:19 381] tts        442  local audiolen:  11918  ,ced:  116  
[2017/07/14 00:06:19 381] tts        471  0  udata(d802b228) 1  
[2017/07/14 00:06:19 381] tts        536  TTS_MSG_GETAUDIO  0  
[2017/07/14 00:06:19 381] tts        429  get audio|use local  
[2017/07/14 00:06:19 381] tts        442  local audiolen:  7666  ,ced:  116  
[2017/07/14 00:06:19 381] tts        471  0  udata(d802da08) 1  
[2017/07/14 00:06:19 381] tts        536  TTS_MSG_GETAUDIO  0  
[2017/07/14 00:06:19 381] tts        429  get audio|use local  
[2017/07/14 00:06:19 381] tts        442  local audiolen:  8724  ,ced:  116  
[2017/07/14 00:06:19 381] tts        471  0  udata(d802da58) 1  
[2017/07/14 00:06:19 382] tts        536  TTS_MSG_GETAUDIO  0  
[2017/07/14 00:06:19 382] tts        429  get audio|use local  
[2017/07/14 00:06:19 382] tts        442  local audiolen:  7102  ,ced:  116  
[2017/07/14 00:06:19 382] tts        471  0  udata(d802daa8) 1  
[2017/07/14 00:06:19 382] tts        536  TTS_MSG_GETAUDIO  0  
[2017/07/14 00:06:19 382] tts        429  get audio|use local  
[2017/07/14 00:06:19 382] tts        442  local audiolen:  7910  ,ced:  116  
[2017/07/14 00:06:19 382] tts        471  0  udata(d802daf8) 1  
[2017/07/14 00:06:19 382] tts        536  TTS_MSG_GETAUDIO  0  
[2017/07/14 00:06:19 382] tts        429  get audio|use local  
[2017/07/14 00:06:19 382] tts        442  local audiolen:  6998  ,ced:  116  
[2017/07/14 00:06:19 382] tts        471  0  udata(d802db98) 1  
[2017/07/14 00:06:19 383] tts        536  TTS_MSG_GETAUDIO  0  
[2017/07/14 00:06:19 383] tts        429  get audio|use local  
[2017/07/14 00:06:19 383] tts        442  local audiolen:  7268  ,ced:  116  
[2017/07/14 00:06:19 383] tts        471  0  udata(d802dbe8) 1  
[2017/07/14 00:06:19 383] tts        536  TTS_MSG_GETAUDIO  0  
[2017/07/14 00:06:19 383] tts        429  get audio|use local  
[2017/07/14 00:06:19 383] tts        442  local audiolen:  512  ,ced:  116  
[2017/07/14 00:06:19 383] tts        471  0  udata(d802dea8) 1  
[2017/07/14 00:06:19 383] tts        536  TTS_MSG_GETAUDIO  0  
[2017/07/14 00:06:19 383] tts        429  get audio|use local  
[2017/07/14 00:06:19 383] tts        442  local audiolen:  512  ,ced:  116  
[2017/07/14 00:06:19 383] tts        471  0  udata(d802def8) 1  
[2017/07/14 00:06:19 384] tts        536  TTS_MSG_GETAUDIO  0  
[2017/07/14 00:06:19 384] tts        429  get audio|use local  
[2017/07/14 00:06:19 384] tts        442  local audiolen:  512  ,ced:  116  
[2017/07/14 00:06:19 384] tts        471  0  udata(d802df48) 1  
[2017/07/14 00:06:19 384] tts        536  TTS_MSG_GETAUDIO  0  
[2017/07/14 00:06:19 384] tts        429  get audio|use local  
[2017/07/14 00:06:19 384] tts        442  local audiolen:  512  ,ced:  116  
[2017/07/14 00:06:19 384] tts        471  0  udata(d802df98) 1  
[2017/07/14 00:06:19 384] tts        536  TTS_MSG_GETAUDIO  0  
[2017/07/14 00:06:19 384] tts        429  get audio|use local  
[2017/07/14 00:06:19 384] tts        442  local audiolen:  512  ,ced:  116  
[2017/07/14 00:06:19 384] tts        471  0  udata(d80467e8) 1  
[2017/07/14 00:06:19 384] tts        536  TTS_MSG_GETAUDIO  0  
[2017/07/14 00:06:19 384] tts        429  get audio|use local  
[2017/07/14 00:06:19 384] tts        442  local audiolen:  512  ,ced:  116  
[2017/07/14 00:06:19 384] tts        471  0  udata(d8046838) 1  
[2017/07/14 00:06:19 385] tts        536  TTS_MSG_GETAUDIO  0  
[2017/07/14 00:06:19 385] tts        429  get audio|use local  
[2017/07/14 00:06:19 385] tts        442  local audiolen:  512  ,ced:  116  
[2017/07/14 00:06:19 385] tts        471  0  udata(d8046888) 1  
[2017/07/14 00:06:19 385] tts        536  TTS_MSG_GETAUDIO  0  
[2017/07/14 00:06:19 385] tts        429  get audio|use local  
[2017/07/14 00:06:19 385] tts        442  local audiolen:  512  ,ced:  116  
[2017/07/14 00:06:19 385] tts        471  0  udata(d80468d8) 1  
[2017/07/14 00:06:19 385] tts        536  TTS_MSG_GETAUDIO  0  
[2017/07/14 00:06:19 385] tts        429  get audio|use local  
[2017/07/14 00:06:19 385] tts        442  local audiolen:  512  ,ced:  116  
[2017/07/14 00:06:19 385] tts        471  0  udata(d8046928) 1  
[2017/07/14 00:06:19 385] tts        536  TTS_MSG_GETAUDIO  0  
[2017/07/14 00:06:19 385] tts        429  get audio|use local  
[2017/07/14 00:06:19 385] tts        442  local audiolen:  512  ,ced:  116  
[2017/07/14 00:06:19 385] tts        471  0  udata(d8046978) 1  
[2017/07/14 00:06:19 386] tts        536  TTS_MSG_GETAUDIO  0  
[2017/07/14 00:06:19 386] tts        429  get audio|use local  
[2017/07/14 00:06:19 386] tts        442  local audiolen:  512  ,ced:  116  
[2017/07/14 00:06:19 386] tts        471  0  udata(d80469c8) 1  
[2017/07/14 00:06:19 386] tts        536  TTS_MSG_GETAUDIO  0  
[2017/07/14 00:06:19 386] tts        429  get audio|use local  
[2017/07/14 00:06:19 386] tts        442  local audiolen:  512  ,ced:  116  
[2017/07/14 00:06:19 386] tts        471  0  udata(d8046a18) 1  
[2017/07/14 00:06:19 386] tts        536  TTS_MSG_GETAUDIO  0  
[2017/07/14 00:06:19 386] tts        429  get audio|use local  
[2017/07/14 00:06:19 386] tts        442  local audiolen:  512  ,ced:  116  
[2017/07/14 00:06:19 386] tts        471  0  udata(d8046a68) 1  
[2017/07/14 00:06:19 386] tts        536  TTS_MSG_GETAUDIO  0  
[2017/07/14 00:06:19 386] tts        429  get audio|use local  
[2017/07/14 00:06:19 386] tts        442  local audiolen:  512  ,ced:  116  
[2017/07/14 00:06:19 386] tts        471  0  udata(d8046ab8) 1  
[2017/07/14 00:06:19 387] tts        536  TTS_MSG_GETAUDIO  0  
[2017/07/14 00:06:19 387] tts        429  get audio|use local  
[2017/07/14 00:06:19 387] tts        442  local audiolen:  512  ,ced:  116  
[2017/07/14 00:06:19 387] tts        471  0  udata(d8046b08) 1  
[2017/07/14 00:06:19 387] tts        536  TTS_MSG_GETAUDIO  0  
[2017/07/14 00:06:19 387] tts        429  get audio|use local  
[2017/07/14 00:06:19 387] tts        442  local audiolen:  512  ,ced:  116  
[2017/07/14 00:06:19 387] tts        471  0  udata(d8046b58) 1  
[2017/07/14 00:06:19 387] tts        536  TTS_MSG_GETAUDIO  0  
[2017/07/14 00:06:19 387] tts        429  get audio|use local  
[2017/07/14 00:06:19 387] tts        442  local audiolen:  512  ,ced:  116  
[2017/07/14 00:06:19 387] tts        471  0  udata(d8046ba8) 1  
[2017/07/14 00:06:19 387] tts        536  TTS_MSG_GETAUDIO  0  
[2017/07/14 00:06:19 387] tts        429  get audio|use local  
[2017/07/14 00:06:19 387] tts        442  local audiolen:  512  ,ced:  116  
[2017/07/14 00:06:19 387] tts        471  0  udata(d8046bf8) 1  
[2017/07/14 00:06:19 388] tts        536  TTS_MSG_GETAUDIO  0  
[2017/07/14 00:06:19 388] tts        429  get audio|use local  
[2017/07/14 00:06:19 388] tts        442  local audiolen:  160  ,ced:  116  
[2017/07/14 00:06:19 388] tts        471  0  udata(d802dd48) 1  
[2017/07/14 00:06:19 388] tts        536  TTS_MSG_GETAUDIO  0  
[2017/07/14 00:06:19 388] tts        429  get audio|use local  
[2017/07/14 00:06:19 388] tts        442  local audiolen:  300  ,ced:  143  
[2017/07/14 00:06:19 388] tts        471  0  udata(d8046d88) 1  
[2017/07/14 00:06:19 388] tts        536  TTS_MSG_GETAUDIO  0  
[2017/07/14 00:06:19 388] tts        429  get audio|use local  
[2017/07/14 00:06:19 388] tts        442  local audiolen:  634  ,ced:  143  
[2017/07/14 00:06:19 388] tts        471  0  udata(d80471d8) 1  
[2017/07/14 00:06:19 388] tts        536  TTS_MSG_GETAUDIO  0  
[2017/07/14 00:06:19 388] tts        429  get audio|use local  
[2017/07/14 00:06:19 389] tts        442  local audiolen:  7202  ,ced:  143  
[2017/07/14 00:06:19 389] tts        471  0  udata(d802dd98) 1  
[2017/07/14 00:06:19 389] tts        536  TTS_MSG_GETAUDIO  0  
[2017/07/14 00:06:19 389] tts        429  get audio|use local  
[2017/07/14 00:06:19 389] tts        442  local audiolen:  13316  ,ced:  143  
[2017/07/14 00:06:19 389] tts        471  0  udata(d802dde8) 1  
[2017/07/14 00:06:19 389] tts        536  TTS_MSG_GETAUDIO  0  
[2017/07/14 00:06:19 389] tts        429  get audio|use local  
[2017/07/14 00:06:19 389] tts        442  local audiolen:  7630  ,ced:  143  
[2017/07/14 00:06:19 389] tts        471  0  udata(d802de38) 1  
[2017/07/14 00:06:19 390] tts        536  TTS_MSG_GETAUDIO  0  
[2017/07/14 00:06:19 390] tts        429  get audio|use local  
[2017/07/14 00:06:19 390] tts        442  local audiolen:  9120  ,ced:  143  
[2017/07/14 00:06:19 390] tts        471  0  udata(d802dc38) 1  
[2017/07/14 00:06:19 390] tts        536  TTS_MSG_GETAUDIO  0  
[2017/07/14 00:06:19 390] tts        429  get audio|use local  
[2017/07/14 00:06:19 390] tts        442  local audiolen:  5372  ,ced:  143  
[2017/07/14 00:06:19 390] tts        471  0  udata(d802dc88) 1  
[2017/07/14 00:06:19 390] tts        536  TTS_MSG_GETAUDIO  0  
[2017/07/14 00:06:19 390] tts        429  get audio|use local  
[2017/07/14 00:06:19 390] tts        442  local audiolen:  12548  ,ced:  143  
[2017/07/14 00:06:19 390] tts        471  0  udata(d802dcd8) 1  
[2017/07/14 00:06:19 391] tts        536  TTS_MSG_GETAUDIO  0  
[2017/07/14 00:06:19 391] tts        429  get audio|use local  
[2017/07/14 00:06:19 391] tts        442  local audiolen:  512  ,ced:  143  
[2017/07/14 00:06:19 391] tts        471  0  udata(d8046fe8) 1  
[2017/07/14 00:06:19 391] tts        536  TTS_MSG_GETAUDIO  0  
[2017/07/14 00:06:19 391] tts        429  get audio|use local  
[2017/07/14 00:06:19 391] tts        442  local audiolen:  512  ,ced:  143  
[2017/07/14 00:06:19 391] tts        471  0  udata(d8046ca8) 1  
[2017/07/14 00:06:19 391] tts        536  TTS_MSG_GETAUDIO  0  
[2017/07/14 00:06:19 391] tts        429  get audio|use local  
[2017/07/14 00:06:19 391] tts        442  local audiolen:  512  ,ced:  143  
[2017/07/14 00:06:19 391] tts        471  0  udata(d8046cf8) 1  
[2017/07/14 00:06:19 391] tts        536  TTS_MSG_GETAUDIO  0  
[2017/07/14 00:06:19 391] tts        429  get audio|use local  
[2017/07/14 00:06:19 391] tts        442  local audiolen:  512  ,ced:  143  
[2017/07/14 00:06:19 391] tts        471  0  udata(d8047038) 1  
[2017/07/14 00:06:19 391] tts        536  TTS_MSG_GETAUDIO  0  
[2017/07/14 00:06:19 391] tts        429  get audio|use local  
[2017/07/14 00:06:19 391] tts        442  local audiolen:  512  ,ced:  143  
[2017/07/14 00:06:19 391] tts        471  0  udata(d8047088) 1  
[2017/07/14 00:06:19 392] tts        536  TTS_MSG_GETAUDIO  0  
[2017/07/14 00:06:19 392] tts        429  get audio|use local  
[2017/07/14 00:06:19 392] tts        442  local audiolen:  512  ,ced:  143  
[2017/07/14 00:06:19 392] tts        471  0  udata(d80470d8) 1  
[2017/07/14 00:06:19 392] tts        536  TTS_MSG_GETAUDIO  0  
[2017/07/14 00:06:19 392] tts        429  get audio|use local  
[2017/07/14 00:06:19 392] tts        442  local audiolen:  512  ,ced:  143  
[2017/07/14 00:06:19 392] tts        471  0  udata(d8047128) 1  
[2017/07/14 00:06:19 392] tts        536  TTS_MSG_GETAUDIO  0  
[2017/07/14 00:06:19 392] tts        429  get audio|use local  
[2017/07/14 00:06:19 392] tts        442  local audiolen:  512  ,ced:  143  
[2017/07/14 00:06:19 392] tts        471  0  udata(d8047178) 1  
[2017/07/14 00:06:19 393] tts        536  TTS_MSG_GETAUDIO  0  
[2017/07/14 00:06:19 393] tts        429  get audio|use local  
[2017/07/14 00:06:19 393] tts        442  local audiolen:  512  ,ced:  143  
[2017/07/14 00:06:19 393] tts        471  0  udata(d8047228) 1  
[2017/07/14 00:06:19 393] tts        536  TTS_MSG_GETAUDIO  0  
[2017/07/14 00:06:19 393] tts        429  get audio|use local  
[2017/07/14 00:06:19 393] tts        442  local audiolen:  512  ,ced:  143  
[2017/07/14 00:06:19 393] tts        471  0  udata(d8047278) 1  
[2017/07/14 00:06:19 393] tts        536  TTS_MSG_GETAUDIO  0  
[2017/07/14 00:06:19 393] tts        429  get audio|use local  
[2017/07/14 00:06:19 393] tts        442  local audiolen:  512  ,ced:  143  
[2017/07/14 00:06:19 393] tts        471  0  udata(d80472c8) 1  
[2017/07/14 00:06:19 393] tts        536  TTS_MSG_GETAUDIO  0  
[2017/07/14 00:06:19 393] tts        429  get audio|use local  
[2017/07/14 00:06:19 393] tts        442  local audiolen:  512  ,ced:  143  
[2017/07/14 00:06:19 393] tts        471  0  udata(d8047318) 1  
[2017/07/14 00:06:19 393] tts        536  TTS_MSG_GETAUDIO  0  
[2017/07/14 00:06:19 393] tts        429  get audio|use local  
[2017/07/14 00:06:19 394] tts        442  local audiolen:  512  ,ced:  143  
[2017/07/14 00:06:19 394] tts        471  0  udata(d8047368) 1  
[2017/07/14 00:06:19 394] tts        536  TTS_MSG_GETAUDIO  0  
[2017/07/14 00:06:19 394] tts        429  get audio|use local  
[2017/07/14 00:06:19 394] tts        442  local audiolen:  512  ,ced:  143  
[2017/07/14 00:06:19 394] tts        471  0  udata(d80473b8) 1  
[2017/07/14 00:06:19 394] tts        536  TTS_MSG_GETAUDIO  0  
[2017/07/14 00:06:19 394] tts        429  get audio|use local  
[2017/07/14 00:06:19 394] tts        442  local audiolen:  512  ,ced:  143  
[2017/07/14 00:06:19 394] tts        471  0  udata(d8047468) 1  
[2017/07/14 00:06:19 394] tts        536  TTS_MSG_GETAUDIO  0  
[2017/07/14 00:06:19 394] tts        429  get audio|use local  
[2017/07/14 00:06:19 394] tts        442  local audiolen:  512  ,ced:  143  
[2017/07/14 00:06:19 394] tts        471  0  udata(d80474b8) 1  
[2017/07/14 00:06:19 395] tts        536  TTS_MSG_GETAUDIO  0  
[2017/07/14 00:06:19 395] tts        429  get audio|use local  
[2017/07/14 00:06:19 395] tts        442  local audiolen:  512  ,ced:  143  
[2017/07/14 00:06:19 395] tts        471  0  udata(d8047508) 1  
[2017/07/14 00:06:19 395] tts        536  TTS_MSG_GETAUDIO  0  
[2017/07/14 00:06:19 395] tts        429  get audio|use local  
[2017/07/14 00:06:19 395] tts        442  local audiolen:  512  ,ced:  143  
[2017/07/14 00:06:19 395] tts        471  0  udata(d8047558) 1  
[2017/07/14 00:06:19 395] tts        536  TTS_MSG_GETAUDIO  0  
[2017/07/14 00:06:19 395] tts        429  get audio|use local  
[2017/07/14 00:06:19 395] tts        442  local audiolen:  160  ,ced:  143  
[2017/07/14 00:06:19 395] tts        471  0  udata(d8046e88) 1  
[2017/07/14 00:06:19 395] tts        536  TTS_MSG_GETAUDIO  0  
[2017/07/14 00:06:19 395] tts        429  get audio|use local  
[2017/07/14 00:06:19 395] tts        442  local audiolen:  300  ,ced:  176  
[2017/07/14 00:06:19 395] tts        471  0  udata(d80476e8) 1  
[2017/07/14 00:06:19 395] tts        536  TTS_MSG_GETAUDIO  0  
[2017/07/14 00:06:19 395] tts        429  get audio|use local  
[2017/07/14 00:06:19 395] tts        442  local audiolen:  634  ,ced:  176  
[2017/07/14 00:06:19 395] tts        471  0  udata(d80479c8) 1  
[2017/07/14 00:06:19 396] tts        536  TTS_MSG_GETAUDIO  0  
[2017/07/14 00:06:19 396] tts        429  get audio|use local  
[2017/07/14 00:06:19 396] tts        442  local audiolen:  8528  ,ced:  176  
[2017/07/14 00:06:19 396] tts        471  0  udata(d8046c48) 1  
[2017/07/14 00:06:19 396] tts        536  TTS_MSG_GETAUDIO  0  
[2017/07/14 00:06:19 396] tts        429  get audio|use local  
[2017/07/14 00:06:19 396] tts        442  local audiolen:  7092  ,ced:  176  
[2017/07/14 00:06:19 396] tts        471  0  udata(d8046dd8) 1  
[2017/07/14 00:06:19 396] tts        536  TTS_MSG_GETAUDIO  0  
[2017/07/14 00:06:19 396] tts        429  get audio|use local  
[2017/07/14 00:06:19 396] tts        442  local audiolen:  6376  ,ced:  176  
[2017/07/14 00:06:19 396] tts        471  0  udata(d8046e28) 1  
[2017/07/14 00:06:19 397] tts        536  TTS_MSG_GETAUDIO  0  
[2017/07/14 00:06:19 397] tts        429  get audio|use local  
[2017/07/14 00:06:19 397] tts        442  local audiolen:  7488  ,ced:  176  
[2017/07/14 00:06:19 397] tts        471  0  udata(d8046ed8) 1  
[2017/07/14 00:06:19 397] tts        536  TTS_MSG_GETAUDIO  0  
[2017/07/14 00:06:19 397] tts        429  get audio|use local  
[2017/07/14 00:06:19 397] tts        442  local audiolen:  8846  ,ced:  176  
[2017/07/14 00:06:19 397] tts        471  0  udata(d8046f28) 1  
[2017/07/14 00:06:19 397] tts        536  TTS_MSG_GETAUDIO  0  
[2017/07/14 00:06:19 397] tts        429  get audio|use local  
[2017/07/14 00:06:19 397] tts        442  local audiolen:  7224  ,ced:  176  
[2017/07/14 00:06:19 397] tts        471  0  udata(d8046f78) 1  
[2017/07/14 00:06:19 398] tts        536  TTS_MSG_GETAUDIO  0  
[2017/07/14 00:06:19 398] tts        429  get audio|use local  
[2017/07/14 00:06:19 398] tts        442  local audiolen:  13396  ,ced:  176  
[2017/07/14 00:06:19 398] tts        471  0  udata(d80475a8) 1  
[2017/07/14 00:06:19 398] tts        536  TTS_MSG_GETAUDIO  0  
[2017/07/14 00:06:19 398] tts        429  get audio|use local  
[2017/07/14 00:06:19 398] tts        442  local audiolen:  7156  ,ced:  176  
[2017/07/14 00:06:19 398] tts        471  0  udata(d80475f8) 1  
[2017/07/14 00:06:19 398] tts        536  TTS_MSG_GETAUDIO  0  
[2017/07/14 00:06:19 398] tts        429  get audio|use local  
[2017/07/14 00:06:19 398] tts        442  local audiolen:  5896  ,ced:  176  
[2017/07/14 00:06:19 398] tts        471  0  udata(d8047648) 1  
[2017/07/14 00:06:19 399] tts        536  TTS_MSG_GETAUDIO  0  
[2017/07/14 00:06:19 399] tts        429  get audio|use local  
[2017/07/14 00:06:19 399] tts        442  local audiolen:  512  ,ced:  176  
[2017/07/14 00:06:19 399] tts        471  0  udata(d8047698) 1  
[2017/07/14 00:06:19 399] tts        536  TTS_MSG_GETAUDIO  0  
[2017/07/14 00:06:19 399] tts        429  get audio|use local  
[2017/07/14 00:06:19 399] tts        442  local audiolen:  512  ,ced:  176  
[2017/07/14 00:06:19 399] tts        471  0  udata(d8047a18) 1  
[2017/07/14 00:06:19 399] tts        536  TTS_MSG_GETAUDIO  0  
[2017/07/14 00:06:19 399] tts        429  get audio|use local  
[2017/07/14 00:06:19 399] tts        442  local audiolen:  512  ,ced:  176  
[2017/07/14 00:06:19 399] tts        471  0  udata(d8047a68) 1  
[2017/07/14 00:06:19 399] tts        536  TTS_MSG_GETAUDIO  0  
[2017/07/14 00:06:19 399] tts        429  get audio|use local  
[2017/07/14 00:06:19 399] tts        442  local audiolen:  512  ,ced:  176  
[2017/07/14 00:06:19 399] tts        471  0  udata(d8047ab8) 1  
[2017/07/14 00:06:19 400] tts        536  TTS_MSG_GETAUDIO  0  
[2017/07/14 00:06:19 400] tts        429  get audio|use local  
[2017/07/14 00:06:19 400] tts        442  local audiolen:  512  ,ced:  176  
[2017/07/14 00:06:19 400] tts        471  0  udata(d8047b08) 1  
[2017/07/14 00:06:19 400] tts        536  TTS_MSG_GETAUDIO  0  
[2017/07/14 00:06:19 400] tts        429  get audio|use local  
[2017/07/14 00:06:19 400] tts        442  local audiolen:  512  ,ced:  176  
[2017/07/14 00:06:19 400] tts        471  0  udata(d8047b58) 1  
[2017/07/14 00:06:19 400] tts        536  TTS_MSG_GETAUDIO  0  
[2017/07/14 00:06:19 400] tts        429  get audio|use local  
[2017/07/14 00:06:19 400] tts        442  local audiolen:  512  ,ced:  176  
[2017/07/14 00:06:19 400] tts        471  0  udata(d8047ba8) 1  
[2017/07/14 00:06:19 400] tts        536  TTS_MSG_GETAUDIO  0  
[2017/07/14 00:06:19 400] tts        429  get audio|use local  
[2017/07/14 00:06:19 400] tts        442  local audiolen:  512  ,ced:  176  
[2017/07/14 00:06:19 400] tts        471  0  udata(d8047bf8) 1  
[2017/07/14 00:06:19 401] tts        536  TTS_MSG_GETAUDIO  0  
[2017/07/14 00:06:19 401] tts        429  get audio|use local  
[2017/07/14 00:06:19 401] tts        442  local audiolen:  512  ,ced:  176  
[2017/07/14 00:06:19 401] tts        471  0  udata(d8047c48) 1  
[2017/07/14 00:06:19 401] tts        536  TTS_MSG_GETAUDIO  0  
[2017/07/14 00:06:19 401] tts        429  get audio|use local  
[2017/07/14 00:06:19 401] tts        442  local audiolen:  512  ,ced:  176  
[2017/07/14 00:06:19 401] tts        471  0  udata(d8047c98) 1  
[2017/07/14 00:06:19 401] tts        536  TTS_MSG_GETAUDIO  0  
[2017/07/14 00:06:19 401] tts        429  get audio|use local  
[2017/07/14 00:06:19 401] tts        442  local audiolen:  512  ,ced:  176  
[2017/07/14 00:06:19 401] tts        471  0  udata(d8047ce8) 1  
[2017/07/14 00:06:19 401] tts        536  TTS_MSG_GETAUDIO  0  
[2017/07/14 00:06:19 401] tts        429  get audio|use local  
[2017/07/14 00:06:19 401] tts        442  local audiolen:  512  ,ced:  176  
[2017/07/14 00:06:19 401] tts        471  0  udata(d8047d38) 1  
[2017/07/14 00:06:19 401] tts        536  TTS_MSG_GETAUDIO  0  
[2017/07/14 00:06:19 402] tts        429  get audio|use local  
[2017/07/14 00:06:19 402] tts        442  local audiolen:  512  ,ced:  176  
[2017/07/14 00:06:19 402] tts        471  0  udata(d8047d88) 1  
[2017/07/14 00:06:19 402] tts        536  TTS_MSG_GETAUDIO  0  
[2017/07/14 00:06:19 402] tts        429  get audio|use local  
[2017/07/14 00:06:19 402] tts        442  local audiolen:  512  ,ced:  176  
[2017/07/14 00:06:19 402] tts        471  0  udata(d8047dd8) 1  
[2017/07/14 00:06:19 402] tts        536  TTS_MSG_GETAUDIO  0  
[2017/07/14 00:06:19 402] tts        429  get audio|use local  
[2017/07/14 00:06:19 402] tts        442  local audiolen:  512  ,ced:  176  
[2017/07/14 00:06:19 402] tts        471  0  udata(d8047e28) 1  
[2017/07/14 00:06:19 402] tts        536  TTS_MSG_GETAUDIO  0  
[2017/07/14 00:06:19 402] tts        429  get audio|use local  
[2017/07/14 00:06:19 402] tts        442  local audiolen:  512  ,ced:  176  
[2017/07/14 00:06:19 402] tts        471  0  udata(d8047e78) 1  
[2017/07/14 00:06:19 402] tts        536  TTS_MSG_GETAUDIO  0  
[2017/07/14 00:06:19 402] tts        429  get audio|use local  
[2017/07/14 00:06:19 402] tts        442  local audiolen:  512  ,ced:  176  
[2017/07/14 00:06:19 402] tts        471  0  udata(d8047ec8) 1  
[2017/07/14 00:06:19 403] tts        536  TTS_MSG_GETAUDIO  0  
[2017/07/14 00:06:19 403] tts        429  get audio|use local  
[2017/07/14 00:06:19 403] tts        442  local audiolen:  512  ,ced:  176  
[2017/07/14 00:06:19 403] tts        471  0  udata(d8047f18) 1  
[2017/07/14 00:06:19 403] tts        536  TTS_MSG_GETAUDIO  0  
[2017/07/14 00:06:19 403] tts        429  get audio|use local  
[2017/07/14 00:06:19 403] tts        442  local audiolen:  160  ,ced:  176  
[2017/07/14 00:06:19 403] tts        471  0  udata(d8047848) 1  
[2017/07/14 00:06:19 403] tts        536  TTS_MSG_GETAUDIO  0  
[2017/07/14 00:06:19 403] tts        429  get audio|use local  
[2017/07/14 00:06:19 403] tts        442  local audiolen:  272  ,ced:  200  
[2017/07/14 00:06:19 403] tts        471  0  udata(d8047798) 1  
[2017/07/14 00:06:19 403] tts        536  TTS_MSG_GETAUDIO  0  
[2017/07/14 00:06:19 403] tts        429  get audio|use local  
[2017/07/14 00:06:19 403] tts        442  local audiolen:  11504  ,ced:  200  
[2017/07/14 00:06:19 403] tts        471  0  udata(d80477e8) 1  
[2017/07/14 00:06:19 404] tts        536  TTS_MSG_GETAUDIO  0  
[2017/07/14 00:06:19 404] tts        429  get audio|use local  
[2017/07/14 00:06:19 404] tts        442  local audiolen:  7070  ,ced:  200  
[2017/07/14 00:06:19 404] tts        471  0  udata(d8047738) 1  
[2017/07/14 00:06:19 404] tts        536  TTS_MSG_GETAUDIO  0  
[2017/07/14 00:06:19 404] tts        429  get audio|use local  
[2017/07/14 00:06:19 404] tts        442  local audiolen:  6802  ,ced:  200  
[2017/07/14 00:06:19 404] tts        471  0  udata(d8047898) 1  
[2017/07/14 00:06:19 404] tts        536  TTS_MSG_GETAUDIO  0  
[2017/07/14 00:06:19 404] tts        429  get audio|use local  
[2017/07/14 00:06:19 404] tts        442  local audiolen:  7136  ,ced:  200  
[2017/07/14 00:06:19 404] tts        471  0  udata(d80478e8) 1  
[2017/07/14 00:06:19 404] tts        536  TTS_MSG_GETAUDIO  0  
[2017/07/14 00:06:19 404] tts        429  get audio|use local  
[2017/07/14 00:06:19 404] tts        442  local audiolen:  3944  ,ced:  200  
[2017/07/14 00:06:19 404] tts        471  0  udata(d8047938) 1  
[2017/07/14 00:06:19 405] tts        536  TTS_MSG_GETAUDIO  0  
[2017/07/14 00:06:19 405] tts        429  get audio|use local  
[2017/07/14 00:06:19 405] tts        442  local audiolen:  10648  ,ced:  200  
[2017/07/14 00:06:19 405] tts        471  0  udata(d804a918) 1  
[2017/07/14 00:06:19 405] tts        536  TTS_MSG_GETAUDIO  0  
[2017/07/14 00:06:19 405] tts        429  get audio|use local  
[2017/07/14 00:06:19 405] tts        442  local audiolen:  4700  ,ced:  200  
[2017/07/14 00:06:19 405] tts        471  0  udata(d80491d8) 1  
[2017/07/14 00:06:19 405] tts        536  TTS_MSG_GETAUDIO  0  
[2017/07/14 00:06:19 405] tts        429  get audio|use local  
[2017/07/14 00:06:19 405] tts        442  local audiolen:  7102  ,ced:  200  
[2017/07/14 00:06:19 405] tts        471  0  udata(d8047f68) 2  
[2017/07/14 00:06:19 407] tts        539  TTS_MSG_SSE  
[2017/07/14 00:06:19 407] tts        493  sse|use local  
[2017/07/14 00:06:19 411] tts        509  tts exit  
[2017/07/14 00:06:19 411] tts        546  SYS_MSG_UNLOAD  
