============================================================
Time  2017/07/13 22:30:50 344 
============================================================
[2017/07/13 22:30:50 345] tts        555  SYS_MSG_REGCB param0 =  msp_status_cb  param1 =  func(a40182e0) 
[2017/07/13 22:30:50 346] config     42   use general cloud  
[2017/07/13 22:30:50 349] tts_cloud  1414 SYS_MSG_REGCB_CLOUD param0 =   msp_status_cb  param1 =  func(a40182e0) 
[2017/07/13 22:30:50 349] tts        527  TTS_MSG_SSB  
[2017/07/13 22:30:50 349] tts        338  params =  engine_type = local, text_encoding = UTF8,voice_name=xiaofeng,tts_res_path = fo|res/tts/xiaofeng.jet;fo|res/tts/common.jet, sample_rate = 16000, speed = 50, volume = 50, pitch = 50, rdn = 2  
[2017/07/13 22:30:50 349] tts        369  ssb|use local  
[2017/07/13 22:30:50 349] tts        313  local_session_begin  
[2017/07/13 22:30:50 357] tts        533  TTS_MSG_SYN  0  
[2017/07/13 22:30:50 357] tts        404  synth|use local  
[2017/07/13 22:30:50 358] tts        536  TTS_MSG_GETAUDIO  0  
[2017/07/13 22:30:50 358] tts        429  get audio|use local  
[2017/07/13 22:30:50 358] tts        471  0  nil  1  
[2017/07/13 22:30:50 358] tts        536  TTS_MSG_GETAUDIO  0  
[2017/07/13 22:30:50 358] tts        429  get audio|use local  
[2017/07/13 22:30:50 358] tts        471  0  nil  1  
[2017/07/13 22:30:50 360] tts        536  TTS_MSG_GETAUDIO  0  
[2017/07/13 22:30:50 360] tts        429  get audio|use local  
[2017/07/13 22:30:50 360] tts        471  0  nil  1  
[2017/07/13 22:30:50 360] tts        536  TTS_MSG_GETAUDIO  0  
[2017/07/13 22:30:50 360] tts        429  get audio|use local  
[2017/07/13 22:30:50 360] tts        471  0  nil  1  
[2017/07/13 22:30:50 361] tts        536  TTS_MSG_GETAUDIO  0  
[2017/07/13 22:30:50 361] tts        429  get audio|use local  
[2017/07/13 22:30:50 361] tts        471  0  nil  1  
[2017/07/13 22:30:50 361] tts        536  TTS_MSG_GETAUDIO  0  
[2017/07/13 22:30:50 361] tts        429  get audio|use local  
[2017/07/13 22:30:50 361] tts        471  0  nil  1  
[2017/07/13 22:30:50 362] tts        536  TTS_MSG_GETAUDIO  0  
[2017/07/13 22:30:50 362] tts        429  get audio|use local  
[2017/07/13 22:30:50 362] tts        471  0  nil  1  
[2017/07/13 22:30:50 362] tts        536  TTS_MSG_GETAUDIO  0  
[2017/07/13 22:30:50 363] tts        429  get audio|use local  
[2017/07/13 22:30:50 363] tts        471  0  nil  1  
[2017/07/13 22:30:50 363] tts        536  TTS_MSG_GETAUDIO  0  
[2017/07/13 22:30:50 363] tts        429  get audio|use local  
[2017/07/13 22:30:50 363] tts        471  0  nil  1  
[2017/07/13 22:30:50 363] tts        536  TTS_MSG_GETAUDIO  0  
[2017/07/13 22:30:50 363] tts        429  get audio|use local  
[2017/07/13 22:30:50 363] tts        471  0  nil  1  
[2017/07/13 22:30:50 363] tts        536  TTS_MSG_GETAUDIO  0  
[2017/07/13 22:30:50 364] tts        429  get audio|use local  
[2017/07/13 22:30:50 364] tts        471  0  nil  1  
[2017/07/13 22:30:50 364] tts        536  TTS_MSG_GETAUDIO  0  
[2017/07/13 22:30:50 364] tts        429  get audio|use local  
[2017/07/13 22:30:50 364] tts        471  0  nil  1  
[2017/07/13 22:30:50 364] tts        536  TTS_MSG_GETAUDIO  0  
[2017/07/13 22:30:50 364] tts        429  get audio|use local  
[2017/07/13 22:30:50 364] tts        471  0  nil  1  
[2017/07/13 22:30:50 365] tts        536  TTS_MSG_GETAUDIO  0  
[2017/07/13 22:30:50 365] tts        429  get audio|use local  
[2017/07/13 22:30:50 365] tts        471  0  nil  1  
[2017/07/13 22:30:50 365] tts        536  TTS_MSG_GETAUDIO  0  
[2017/07/13 22:30:50 365] tts        429  get audio|use local  
[2017/07/13 22:30:50 365] tts        471  0  nil  1  
[2017/07/13 22:30:50 365] tts        536  TTS_MSG_GETAUDIO  0  
[2017/07/13 22:30:50 365] tts        429  get audio|use local  
[2017/07/13 22:30:50 365] tts        471  0  nil  1  
[2017/07/13 22:30:50 366] tts        290  TTS_LOCAL_CB_BEGIN  
[2017/07/13 22:30:50 366] tts        536  TTS_MSG_GETAUDIO  0  
[2017/07/13 22:30:50 366] tts        429  get audio|use local  
[2017/07/13 22:30:50 366] tts        471  0  nil  1  
[2017/07/13 22:30:50 366] tts        536  TTS_MSG_GETAUDIO  0  
[2017/07/13 22:30:50 366] tts        429  get audio|use local  
[2017/07/13 22:30:50 366] tts        471  0  nil  1  
[2017/07/13 22:30:50 366] tts        536  TTS_MSG_GETAUDIO  0  
[2017/07/13 22:30:50 366] tts        429  get audio|use local  
[2017/07/13 22:30:50 366] tts        471  0  nil  1  
[2017/07/13 22:30:50 367] tts        536  TTS_MSG_GETAUDIO  0  
[2017/07/13 22:30:50 367] tts        429  get audio|use local  
[2017/07/13 22:30:50 367] tts        471  0  nil  1  
[2017/07/13 22:30:50 367] tts        536  TTS_MSG_GETAUDIO  0  
[2017/07/13 22:30:50 367] tts        429  get audio|use local  
[2017/07/13 22:30:50 367] tts        471  0  nil  1  
[2017/07/13 22:30:50 367] tts        536  TTS_MSG_GETAUDIO  0  
[2017/07/13 22:30:50 367] tts        429  get audio|use local  
[2017/07/13 22:30:50 367] tts        471  0  nil  1  
[2017/07/13 22:30:50 368] tts        536  TTS_MSG_GETAUDIO  0  
[2017/07/13 22:30:50 368] tts        429  get audio|use local  
[2017/07/13 22:30:50 368] tts        471  0  nil  1  
[2017/07/13 22:30:50 370] tts        536  TTS_MSG_GETAUDIO  0  
[2017/07/13 22:30:50 370] tts        429  get audio|use local  
[2017/07/13 22:30:50 370] tts        471  0  nil  1  
[2017/07/13 22:30:50 372] tts        536  TTS_MSG_GETAUDIO  0  
[2017/07/13 22:30:50 372] tts        429  get audio|use local  
[2017/07/13 22:30:50 372] tts        471  0  nil  1  
[2017/07/13 22:30:50 372] tts        536  TTS_MSG_GETAUDIO  0  
[2017/07/13 22:30:50 372] tts        429  get audio|use local  
[2017/07/13 22:30:50 372] tts        442  local audiolen:  300  ,ced:  18  
[2017/07/13 22:30:50 372] tts        471  0  udata(a4084018) 1  
