============================================================
Time  2017/07/14 00:04:57 037 
============================================================
[2017/07/14 00:04:57 037] tts        555  SYS_MSG_REGCB param0 =  msp_status_cb  param1 =  func(182e0) 
[2017/07/14 00:04:57 038] config     42   use general cloud  
[2017/07/14 00:04:57 040] tts_cloud  1414 SYS_MSG_REGCB_CLOUD param0 =   msp_status_cb  param1 =  func(182e0) 
[2017/07/14 00:04:57 040] tts        527  TTS_MSG_SSB  
[2017/07/14 00:04:57 040] tts        338  params =  engine_type = local, text_encoding = UTF8,voice_name=xiaofeng,tts_res_path = fo|res/tts/xiaofeng.jet;fo|res/tts/common.jet, sample_rate = 16000, speed = 50, volume = 50, pitch = 50, rdn = 2  
[2017/07/14 00:04:57 040] tts        369  ssb|use local  
[2017/07/14 00:04:57 040] tts        313  local_session_begin  
[2017/07/14 00:04:57 043] tts        533  TTS_MSG_SYN  0  
[2017/07/14 00:04:57 043] tts        404  synth|use local  
[2017/07/14 00:04:57 043] tts        536  TTS_MSG_GETAUDIO  0  
[2017/07/14 00:04:57 043] tts        429  get audio|use local  
[2017/07/14 00:04:57 043] tts        471  0  nil  1  
[2017/07/14 00:04:57 043] tts        536  TTS_MSG_GETAUDIO  0  
[2017/07/14 00:04:57 043] tts        429  get audio|use local  
[2017/07/14 00:04:57 043] tts        471  0  nil  1  
[2017/07/14 00:04:57 043] tts        536  TTS_MSG_GETAUDIO  0  
[2017/07/14 00:04:57 043] tts        429  get audio|use local  
[2017/07/14 00:04:57 043] tts        471  0  nil  1  
[2017/07/14 00:04:57 043] tts        536  TTS_MSG_GETAUDIO  0  
[2017/07/14 00:04:57 043] tts        429  get audio|use local  
[2017/07/14 00:04:57 043] tts        471  0  nil  1  
[2017/07/14 00:04:57 044] tts        536  TTS_MSG_GETAUDIO  0  
[2017/07/14 00:04:57 044] tts        429  get audio|use local  
[2017/07/14 00:04:57 044] tts        471  0  nil  1  
[2017/07/14 00:04:57 044] tts        536  TTS_MSG_GETAUDIO  0  
[2017/07/14 00:04:57 044] tts        429  get audio|use local  
[2017/07/14 00:04:57 044] tts        471  0  nil  1  
[2017/07/14 00:04:57 045] tts        536  TTS_MSG_GETAUDIO  0  
[2017/07/14 00:04:57 045] tts        429  get audio|use local  
[2017/07/14 00:04:57 045] tts        471  0  nil  1  
[2017/07/14 00:04:57 046] tts        536  TTS_MSG_GETAUDIO  0  
[2017/07/14 00:04:57 046] tts        429  get audio|use local  
[2017/07/14 00:04:57 046] tts        471  0  nil  1  
[2017/07/14 00:04:57 046] tts        536  TTS_MSG_GETAUDIO  0  
[2017/07/14 00:04:57 046] tts        429  get audio|use local  
[2017/07/14 00:04:57 046] tts        471  0  nil  1  
[2017/07/14 00:04:57 047] tts        536  TTS_MSG_GETAUDIO  0  
[2017/07/14 00:04:57 047] tts        429  get audio|use local  
[2017/07/14 00:04:57 047] tts        471  0  nil  1  
[2017/07/14 00:04:57 047] tts        536  TTS_MSG_GETAUDIO  0  
[2017/07/14 00:04:57 047] tts        429  get audio|use local  
[2017/07/14 00:04:57 047] tts        471  0  nil  1  
[2017/07/14 00:04:57 048] tts        536  TTS_MSG_GETAUDIO  0  
[2017/07/14 00:04:57 048] tts        429  get audio|use local  
[2017/07/14 00:04:57 048] tts        471  0  nil  1  
[2017/07/14 00:04:57 048] tts        536  TTS_MSG_GETAUDIO  0  
[2017/07/14 00:04:57 048] tts        429  get audio|use local  
[2017/07/14 00:04:57 048] tts        471  0  nil  1  
[2017/07/14 00:04:57 049] tts        536  TTS_MSG_GETAUDIO  0  
[2017/07/14 00:04:57 049] tts        429  get audio|use local  
[2017/07/14 00:04:57 049] tts        471  0  nil  1  
[2017/07/14 00:04:57 049] tts        536  TTS_MSG_GETAUDIO  0  
[2017/07/14 00:04:57 049] tts        429  get audio|use local  
[2017/07/14 00:04:57 049] tts        471  0  nil  1  
[2017/07/14 00:04:57 050] tts        536  TTS_MSG_GETAUDIO  0  
[2017/07/14 00:04:57 050] tts        429  get audio|use local  
[2017/07/14 00:04:57 050] tts        471  0  nil  1  
[2017/07/14 00:04:57 050] tts        536  TTS_MSG_GETAUDIO  0  
[2017/07/14 00:04:57 050] tts        429  get audio|use local  
[2017/07/14 00:04:57 050] tts        471  0  nil  1  
[2017/07/14 00:04:57 050] tts        536  TTS_MSG_GETAUDIO  0  
[2017/07/14 00:04:57 050] tts        429  get audio|use local  
[2017/07/14 00:04:57 050] tts        471  0  nil  1  
[2017/07/14 00:04:57 050] tts        536  TTS_MSG_GETAUDIO  0  
[2017/07/14 00:04:57 050] tts        429  get audio|use local  
[2017/07/14 00:04:57 050] tts        471  0  nil  1  
[2017/07/14 00:04:57 050] tts        536  TTS_MSG_GETAUDIO  0  
[2017/07/14 00:04:57 050] tts        429  get audio|use local  
[2017/07/14 00:04:57 050] tts        471  0  nil  1  
[2017/07/14 00:04:57 050] tts        536  TTS_MSG_GETAUDIO  0  
[2017/07/14 00:04:57 050] tts        429  get audio|use local  
[2017/07/14 00:04:57 050] tts        471  0  nil  1  
[2017/07/14 00:04:57 050] tts        536  TTS_MSG_GETAUDIO  0  
[2017/07/14 00:04:57 050] tts        429  get audio|use local  
[2017/07/14 00:04:57 050] tts        471  0  nil  1  
[2017/07/14 00:04:57 050] tts        536  TTS_MSG_GETAUDIO  0  
[2017/07/14 00:04:57 050] tts        429  get audio|use local  
[2017/07/14 00:04:57 050] tts        471  0  nil  1  
[2017/07/14 00:04:57 051] tts        536  TTS_MSG_GETAUDIO  0  
[2017/07/14 00:04:57 051] tts        429  get audio|use local  
[2017/07/14 00:04:57 051] tts        471  0  nil  1  
[2017/07/14 00:04:57 051] tts        536  TTS_MSG_GETAUDIO  0  
[2017/07/14 00:04:57 051] tts        429  get audio|use local  
[2017/07/14 00:04:57 051] tts        471  0  nil  1  
[2017/07/14 00:04:57 051] tts        536  TTS_MSG_GETAUDIO  0  
[2017/07/14 00:04:57 051] tts        429  get audio|use local  
[2017/07/14 00:04:57 051] tts        471  0  nil  1  
[2017/07/14 00:04:57 051] tts        536  TTS_MSG_GETAUDIO  0  
[2017/07/14 00:04:57 051] tts        429  get audio|use local  
[2017/07/14 00:04:57 051] tts        471  0  nil  1  
[2017/07/14 00:04:57 051] tts        536  TTS_MSG_GETAUDIO  0  
[2017/07/14 00:04:57 051] tts        429  get audio|use local  
[2017/07/14 00:04:57 051] tts        471  0  nil  1  
[2017/07/14 00:04:57 051] tts        536  TTS_MSG_GETAUDIO  0  
[2017/07/14 00:04:57 051] tts        429  get audio|use local  
[2017/07/14 00:04:57 051] tts        471  0  nil  1  
[2017/07/14 00:04:57 051] tts        536  TTS_MSG_GETAUDIO  0  
[2017/07/14 00:04:57 051] tts        429  get audio|use local  
[2017/07/14 00:04:57 051] tts        471  0  nil  1  
[2017/07/14 00:04:57 051] tts        536  TTS_MSG_GETAUDIO  0  
[2017/07/14 00:04:57 051] tts        429  get audio|use local  
[2017/07/14 00:04:57 051] tts        471  0  nil  1  
[2017/07/14 00:04:57 052] tts        536  TTS_MSG_GETAUDIO  0  
[2017/07/14 00:04:57 052] tts        429  get audio|use local  
[2017/07/14 00:04:57 052] tts        471  0  nil  1  
[2017/07/14 00:04:57 052] tts        536  TTS_MSG_GETAUDIO  0  
[2017/07/14 00:04:57 052] tts        429  get audio|use local  
[2017/07/14 00:04:57 052] tts        471  0  nil  1  
[2017/07/14 00:04:57 052] tts        536  TTS_MSG_GETAUDIO  0  
[2017/07/14 00:04:57 052] tts        429  get audio|use local  
[2017/07/14 00:04:57 052] tts        471  0  nil  1  
[2017/07/14 00:04:57 052] tts        536  TTS_MSG_GETAUDIO  0  
[2017/07/14 00:04:57 052] tts        429  get audio|use local  
[2017/07/14 00:04:57 052] tts        471  0  nil  1  
[2017/07/14 00:04:57 052] tts        536  TTS_MSG_GETAUDIO  0  
[2017/07/14 00:04:57 052] tts        429  get audio|use local  
[2017/07/14 00:04:57 052] tts        471  0  nil  1  
[2017/07/14 00:04:57 052] tts        536  TTS_MSG_GETAUDIO  0  
[2017/07/14 00:04:57 052] tts        429  get audio|use local  
[2017/07/14 00:04:57 052] tts        471  0  nil  1  
[2017/07/14 00:04:57 052] tts        536  TTS_MSG_GETAUDIO  0  
[2017/07/14 00:04:57 052] tts        429  get audio|use local  
[2017/07/14 00:04:57 052] tts        471  0  nil  1  
[2017/07/14 00:04:57 052] tts        536  TTS_MSG_GETAUDIO  0  
[2017/07/14 00:04:57 052] tts        429  get audio|use local  
[2017/07/14 00:04:57 052] tts        471  0  nil  1  
[2017/07/14 00:04:57 052] tts        536  TTS_MSG_GETAUDIO  0  
[2017/07/14 00:04:57 052] tts        429  get audio|use local  
[2017/07/14 00:04:57 052] tts        471  0  nil  1  
[2017/07/14 00:04:57 053] tts        536  TTS_MSG_GETAUDIO  0  
[2017/07/14 00:04:57 053] tts        429  get audio|use local  
[2017/07/14 00:04:57 053] tts        471  0  nil  1  
[2017/07/14 00:04:57 053] tts        536  TTS_MSG_GETAUDIO  0  
[2017/07/14 00:04:57 053] tts        429  get audio|use local  
[2017/07/14 00:04:57 053] tts        471  0  nil  1  
[2017/07/14 00:04:57 053] tts        536  TTS_MSG_GETAUDIO  0  
[2017/07/14 00:04:57 053] tts        429  get audio|use local  
[2017/07/14 00:04:57 053] tts        471  0  nil  1  
[2017/07/14 00:04:57 053] tts        536  TTS_MSG_GETAUDIO  0  
[2017/07/14 00:04:57 053] tts        429  get audio|use local  
[2017/07/14 00:04:57 053] tts        471  0  nil  1  
[2017/07/14 00:04:57 053] tts        536  TTS_MSG_GETAUDIO  0  
[2017/07/14 00:04:57 053] tts        429  get audio|use local  
[2017/07/14 00:04:57 053] tts        471  0  nil  1  
[2017/07/14 00:04:57 053] tts        536  TTS_MSG_GETAUDIO  0  
[2017/07/14 00:04:57 053] tts        429  get audio|use local  
[2017/07/14 00:04:57 053] tts        471  0  nil  1  
[2017/07/14 00:04:57 053] tts        536  TTS_MSG_GETAUDIO  0  
[2017/07/14 00:04:57 053] tts        429  get audio|use local  
[2017/07/14 00:04:57 053] tts        471  0  nil  1  
[2017/07/14 00:04:57 053] tts        536  TTS_MSG_GETAUDIO  0  
[2017/07/14 00:04:57 053] tts        429  get audio|use local  
[2017/07/14 00:04:57 053] tts        471  0  nil  1  
[2017/07/14 00:04:57 053] tts        536  TTS_MSG_GETAUDIO  0  
[2017/07/14 00:04:57 053] tts        429  get audio|use local  
[2017/07/14 00:04:57 053] tts        471  0  nil  1  
[2017/07/14 00:04:57 054] tts        536  TTS_MSG_GETAUDIO  0  
[2017/07/14 00:04:57 054] tts        429  get audio|use local  
[2017/07/14 00:04:57 054] tts        471  0  nil  1  
[2017/07/14 00:04:57 054] tts        536  TTS_MSG_GETAUDIO  0  
[2017/07/14 00:04:57 054] tts        429  get audio|use local  
[2017/07/14 00:04:57 054] tts        471  0  nil  1  
[2017/07/14 00:04:57 054] tts        536  TTS_MSG_GETAUDIO  0  
[2017/07/14 00:04:57 054] tts        429  get audio|use local  
[2017/07/14 00:04:57 054] tts        471  0  nil  1  
[2017/07/14 00:04:57 054] tts        536  TTS_MSG_GETAUDIO  0  
[2017/07/14 00:04:57 054] tts        429  get audio|use local  
[2017/07/14 00:04:57 054] tts        471  0  nil  1  
[2017/07/14 00:04:57 054] tts        536  TTS_MSG_GETAUDIO  0  
[2017/07/14 00:04:57 054] tts        429  get audio|use local  
[2017/07/14 00:04:57 054] tts        471  0  nil  1  
[2017/07/14 00:04:57 054] tts        536  TTS_MSG_GETAUDIO  0  
[2017/07/14 00:04:57 054] tts        429  get audio|use local  
[2017/07/14 00:04:57 054] tts        471  0  nil  1  
[2017/07/14 00:04:57 054] tts        536  TTS_MSG_GETAUDIO  0  
[2017/07/14 00:04:57 054] tts        429  get audio|use local  
[2017/07/14 00:04:57 054] tts        471  0  nil  1  
[2017/07/14 00:04:57 054] tts        536  TTS_MSG_GETAUDIO  0  
[2017/07/14 00:04:57 054] tts        429  get audio|use local  
[2017/07/14 00:04:57 054] tts        471  0  nil  1  
[2017/07/14 00:04:57 054] tts        536  TTS_MSG_GETAUDIO  0  
[2017/07/14 00:04:57 054] tts        429  get audio|use local  
[2017/07/14 00:04:57 054] tts        471  0  nil  1  
[2017/07/14 00:04:57 054] tts        536  TTS_MSG_GETAUDIO  0  
[2017/07/14 00:04:57 055] tts        429  get audio|use local  
[2017/07/14 00:04:57 055] tts        471  0  nil  1  
[2017/07/14 00:04:57 055] tts        536  TTS_MSG_GETAUDIO  0  
[2017/07/14 00:04:57 055] tts        429  get audio|use local  
[2017/07/14 00:04:57 055] tts        471  0  nil  1  
[2017/07/14 00:04:57 055] tts        536  TTS_MSG_GETAUDIO  0  
[2017/07/14 00:04:57 055] tts        429  get audio|use local  
[2017/07/14 00:04:57 055] tts        471  0  nil  1  
[2017/07/14 00:04:57 055] tts        536  TTS_MSG_GETAUDIO  0  
[2017/07/14 00:04:57 055] tts        429  get audio|use local  
[2017/07/14 00:04:57 055] tts        471  0  nil  1  
[2017/07/14 00:04:57 055] tts        536  TTS_MSG_GETAUDIO  0  
[2017/07/14 00:04:57 055] tts        429  get audio|use local  
[2017/07/14 00:04:57 055] tts        471  0  nil  1  
[2017/07/14 00:04:57 055] tts        536  TTS_MSG_GETAUDIO  0  
[2017/07/14 00:04:57 055] tts        429  get audio|use local  
[2017/07/14 00:04:57 055] tts        471  0  nil  1  
[2017/07/14 00:04:57 055] tts        536  TTS_MSG_GETAUDIO  0  
[2017/07/14 00:04:57 055] tts        429  get audio|use local  
[2017/07/14 00:04:57 055] tts        471  0  nil  1  
[2017/07/14 00:04:57 055] tts        536  TTS_MSG_GETAUDIO  0  
[2017/07/14 00:04:57 055] tts        429  get audio|use local  
[2017/07/14 00:04:57 055] tts        471  0  nil  1  
[2017/07/14 00:04:57 055] tts        536  TTS_MSG_GETAUDIO  0  
[2017/07/14 00:04:57 055] tts        429  get audio|use local  
[2017/07/14 00:04:57 055] tts        471  0  nil  1  
[2017/07/14 00:04:57 055] tts        536  TTS_MSG_GETAUDIO  0  
[2017/07/14 00:04:57 055] tts        429  get audio|use local  
[2017/07/14 00:04:57 055] tts        471  0  nil  1  
[2017/07/14 00:04:57 056] tts        536  TTS_MSG_GETAUDIO  0  
[2017/07/14 00:04:57 056] tts        429  get audio|use local  
[2017/07/14 00:04:57 056] tts        471  0  nil  1  
[2017/07/14 00:04:57 056] tts        536  TTS_MSG_GETAUDIO  0  
[2017/07/14 00:04:57 056] tts        429  get audio|use local  
[2017/07/14 00:04:57 056] tts        471  0  nil  1  
[2017/07/14 00:04:57 056] tts        536  TTS_MSG_GETAUDIO  0  
[2017/07/14 00:04:57 056] tts        429  get audio|use local  
[2017/07/14 00:04:57 056] tts        471  0  nil  1  
[2017/07/14 00:04:57 056] tts        536  TTS_MSG_GETAUDIO  0  
[2017/07/14 00:04:57 056] tts        429  get audio|use local  
[2017/07/14 00:04:57 056] tts        471  0  nil  1  
[2017/07/14 00:04:57 056] tts        536  TTS_MSG_GETAUDIO  0  
[2017/07/14 00:04:57 056] tts        429  get audio|use local  
[2017/07/14 00:04:57 056] tts        471  0  nil  1  
[2017/07/14 00:04:57 056] tts        536  TTS_MSG_GETAUDIO  0  
[2017/07/14 00:04:57 056] tts        429  get audio|use local  
[2017/07/14 00:04:57 056] tts        471  0  nil  1  
[2017/07/14 00:04:57 056] tts        536  TTS_MSG_GETAUDIO  0  
[2017/07/14 00:04:57 056] tts        429  get audio|use local  
[2017/07/14 00:04:57 056] tts        471  0  nil  1  
[2017/07/14 00:04:57 057] tts        536  TTS_MSG_GETAUDIO  0  
[2017/07/14 00:04:57 057] tts        429  get audio|use local  
[2017/07/14 00:04:57 057] tts        471  0  nil  1  
[2017/07/14 00:04:57 057] tts        536  TTS_MSG_GETAUDIO  0  
[2017/07/14 00:04:57 057] tts        429  get audio|use local  
[2017/07/14 00:04:57 057] tts        471  0  nil  1  
[2017/07/14 00:04:57 057] tts        536  TTS_MSG_GETAUDIO  0  
[2017/07/14 00:04:57 057] tts        429  get audio|use local  
[2017/07/14 00:04:57 057] tts        471  0  nil  1  
[2017/07/14 00:04:57 057] tts        536  TTS_MSG_GETAUDIO  0  
[2017/07/14 00:04:57 057] tts        429  get audio|use local  
[2017/07/14 00:04:57 057] tts        471  0  nil  1  
[2017/07/14 00:04:57 057] tts        536  TTS_MSG_GETAUDIO  0  
[2017/07/14 00:04:57 057] tts        429  get audio|use local  
[2017/07/14 00:04:57 057] tts        471  0  nil  1  
[2017/07/14 00:04:57 057] tts        536  TTS_MSG_GETAUDIO  0  
[2017/07/14 00:04:57 057] tts        429  get audio|use local  
[2017/07/14 00:04:57 057] tts        471  0  nil  1  
[2017/07/14 00:04:57 057] tts        536  TTS_MSG_GETAUDIO  0  
[2017/07/14 00:04:57 057] tts        429  get audio|use local  
[2017/07/14 00:04:57 057] tts        471  0  nil  1  
[2017/07/14 00:04:57 057] tts        536  TTS_MSG_GETAUDIO  0  
[2017/07/14 00:04:57 057] tts        429  get audio|use local  
[2017/07/14 00:04:57 057] tts        471  0  nil  1  
[2017/07/14 00:04:57 057] tts        536  TTS_MSG_GETAUDIO  0  
[2017/07/14 00:04:57 057] tts        429  get audio|use local  
[2017/07/14 00:04:57 057] tts        471  0  nil  1  
[2017/07/14 00:04:57 057] tts        536  TTS_MSG_GETAUDIO  0  
[2017/07/14 00:04:57 057] tts        429  get audio|use local  
[2017/07/14 00:04:57 058] tts        471  0  nil  1  
[2017/07/14 00:04:57 058] tts        536  TTS_MSG_GETAUDIO  0  
[2017/07/14 00:04:57 058] tts        429  get audio|use local  
[2017/07/14 00:04:57 058] tts        471  0  nil  1  
[2017/07/14 00:04:57 058] tts        536  TTS_MSG_GETAUDIO  0  
[2017/07/14 00:04:57 058] tts        429  get audio|use local  
[2017/07/14 00:04:57 058] tts        471  0  nil  1  
[2017/07/14 00:04:57 058] tts        536  TTS_MSG_GETAUDIO  0  
[2017/07/14 00:04:57 058] tts        429  get audio|use local  
[2017/07/14 00:04:57 058] tts        471  0  nil  1  
[2017/07/14 00:04:57 058] tts        536  TTS_MSG_GETAUDIO  0  
[2017/07/14 00:04:57 058] tts        429  get audio|use local  
[2017/07/14 00:04:57 058] tts        471  0  nil  1  
[2017/07/14 00:04:57 058] tts        536  TTS_MSG_GETAUDIO  0  
[2017/07/14 00:04:57 058] tts        429  get audio|use local  
[2017/07/14 00:04:57 058] tts        471  0  nil  1  
[2017/07/14 00:04:57 058] tts        536  TTS_MSG_GETAUDIO  0  
[2017/07/14 00:04:57 058] tts        429  get audio|use local  
[2017/07/14 00:04:57 058] tts        471  0  nil  1  
[2017/07/14 00:04:57 058] tts        536  TTS_MSG_GETAUDIO  0  
[2017/07/14 00:04:57 059] tts        429  get audio|use local  
[2017/07/14 00:04:57 059] tts        471  0  nil  1  
[2017/07/14 00:04:57 059] tts        536  TTS_MSG_GETAUDIO  0  
[2017/07/14 00:04:57 059] tts        429  get audio|use local  
[2017/07/14 00:04:57 059] tts        471  0  nil  1  
[2017/07/14 00:04:57 059] tts        536  TTS_MSG_GETAUDIO  0  
[2017/07/14 00:04:57 059] tts        429  get audio|use local  
[2017/07/14 00:04:57 059] tts        471  0  nil  1  
[2017/07/14 00:04:57 059] tts        536  TTS_MSG_GETAUDIO  0  
[2017/07/14 00:04:57 059] tts        429  get audio|use local  
[2017/07/14 00:04:57 059] tts        471  0  nil  1  
[2017/07/14 00:04:57 060] tts        536  TTS_MSG_GETAUDIO  0  
[2017/07/14 00:04:57 060] tts        429  get audio|use local  
[2017/07/14 00:04:57 060] tts        471  0  nil  1  
[2017/07/14 00:04:57 060] tts        536  TTS_MSG_GETAUDIO  0  
[2017/07/14 00:04:57 060] tts        429  get audio|use local  
[2017/07/14 00:04:57 060] tts        471  0  nil  1  
[2017/07/14 00:04:57 060] tts        536  TTS_MSG_GETAUDIO  0  
[2017/07/14 00:04:57 060] tts        429  get audio|use local  
[2017/07/14 00:04:57 060] tts        471  0  nil  1  
[2017/07/14 00:04:57 061] tts        536  TTS_MSG_GETAUDIO  0  
[2017/07/14 00:04:57 061] tts        429  get audio|use local  
[2017/07/14 00:04:57 061] tts        471  0  nil  1  
[2017/07/14 00:04:57 061] tts        536  TTS_MSG_GETAUDIO  0  
[2017/07/14 00:04:57 061] tts        429  get audio|use local  
[2017/07/14 00:04:57 062] tts        471  0  nil  1  
[2017/07/14 00:04:57 062] tts        536  TTS_MSG_GETAUDIO  0  
[2017/07/14 00:04:57 062] tts        429  get audio|use local  
[2017/07/14 00:04:57 062] tts        471  0  nil  1  
[2017/07/14 00:04:57 063] tts        536  TTS_MSG_GETAUDIO  0  
[2017/07/14 00:04:57 063] tts        429  get audio|use local  
[2017/07/14 00:04:57 063] tts        471  0  nil  1  
[2017/07/14 00:04:57 063] tts        536  TTS_MSG_GETAUDIO  0  
[2017/07/14 00:04:57 063] tts        429  get audio|use local  
[2017/07/14 00:04:57 063] tts        471  0  nil  1  
[2017/07/14 00:04:57 063] tts        536  TTS_MSG_GETAUDIO  0  
[2017/07/14 00:04:57 063] tts        429  get audio|use local  
[2017/07/14 00:04:57 063] tts        471  0  nil  1  
[2017/07/14 00:04:57 063] tts        536  TTS_MSG_GETAUDIO  0  
[2017/07/14 00:04:57 063] tts        429  get audio|use local  
[2017/07/14 00:04:57 063] tts        471  0  nil  1  
[2017/07/14 00:04:57 064] tts        536  TTS_MSG_GETAUDIO  0  
[2017/07/14 00:04:57 064] tts        429  get audio|use local  
[2017/07/14 00:04:57 064] tts        471  0  nil  1  
[2017/07/14 00:04:57 064] tts        536  TTS_MSG_GETAUDIO  0  
[2017/07/14 00:04:57 064] tts        429  get audio|use local  
[2017/07/14 00:04:57 064] tts        471  0  nil  1  
[2017/07/14 00:04:57 064] tts        536  TTS_MSG_GETAUDIO  0  
[2017/07/14 00:04:57 065] tts        429  get audio|use local  
[2017/07/14 00:04:57 065] tts        471  0  nil  1  
[2017/07/14 00:04:57 065] tts        536  TTS_MSG_GETAUDIO  0  
[2017/07/14 00:04:57 065] tts        429  get audio|use local  
[2017/07/14 00:04:57 065] tts        471  0  nil  1  
[2017/07/14 00:04:57 065] tts        536  TTS_MSG_GETAUDIO  0  
[2017/07/14 00:04:57 066] tts        429  get audio|use local  
[2017/07/14 00:04:57 066] tts        471  0  nil  1  
[2017/07/14 00:04:57 066] tts        536  TTS_MSG_GETAUDIO  0  
[2017/07/14 00:04:57 066] tts        429  get audio|use local  
[2017/07/14 00:04:57 066] tts        471  0  nil  1  
[2017/07/14 00:04:57 066] tts        536  TTS_MSG_GETAUDIO  0  
[2017/07/14 00:04:57 066] tts        429  get audio|use local  
[2017/07/14 00:04:57 067] tts        471  0  nil  1  
[2017/07/14 00:04:57 067] tts        536  TTS_MSG_GETAUDIO  0  
[2017/07/14 00:04:57 067] tts        429  get audio|use local  
[2017/07/14 00:04:57 067] tts        471  0  nil  1  
[2017/07/14 00:04:57 067] tts        536  TTS_MSG_GETAUDIO  0  
[2017/07/14 00:04:57 067] tts        429  get audio|use local  
[2017/07/14 00:04:57 067] tts        471  0  nil  1  
[2017/07/14 00:04:57 068] tts        536  TTS_MSG_GETAUDIO  0  
[2017/07/14 00:04:57 068] tts        429  get audio|use local  
[2017/07/14 00:04:57 068] tts        471  0  nil  1  
[2017/07/14 00:04:57 068] tts        536  TTS_MSG_GETAUDIO  0  
[2017/07/14 00:04:57 068] tts        429  get audio|use local  
[2017/07/14 00:04:57 068] tts        471  0  nil  1  
[2017/07/14 00:04:57 068] tts        536  TTS_MSG_GETAUDIO  0  
[2017/07/14 00:04:57 068] tts        429  get audio|use local  
[2017/07/14 00:04:57 068] tts        471  0  nil  1  
[2017/07/14 00:04:57 068] tts        536  TTS_MSG_GETAUDIO  0  
[2017/07/14 00:04:57 068] tts        429  get audio|use local  
[2017/07/14 00:04:57 068] tts        471  0  nil  1  
[2017/07/14 00:04:57 068] tts        536  TTS_MSG_GETAUDIO  0  
[2017/07/14 00:04:57 068] tts        429  get audio|use local  
[2017/07/14 00:04:57 068] tts        471  0  nil  1  
[2017/07/14 00:04:57 068] tts        536  TTS_MSG_GETAUDIO  0  
[2017/07/14 00:04:57 069] tts        429  get audio|use local  
[2017/07/14 00:04:57 069] tts        471  0  nil  1  
[2017/07/14 00:04:57 069] tts        536  TTS_MSG_GETAUDIO  0  
[2017/07/14 00:04:57 069] tts        429  get audio|use local  
[2017/07/14 00:04:57 069] tts        471  0  nil  1  
[2017/07/14 00:04:57 069] tts        536  TTS_MSG_GETAUDIO  0  
[2017/07/14 00:04:57 069] tts        429  get audio|use local  
[2017/07/14 00:04:57 069] tts        471  0  nil  1  
[2017/07/14 00:04:57 076] tts        290  TTS_LOCAL_CB_BEGIN  
[2017/07/14 00:04:57 076] tts        536  TTS_MSG_GETAUDIO  0  
[2017/07/14 00:04:57 076] tts        429  get audio|use local  
[2017/07/14 00:04:57 076] tts        442  local audiolen:  300  ,ced:  18  
[2017/07/14 00:04:57 076] tts        471  0  udata(79128) 1  
[2017/07/14 00:04:57 076] tts        536  TTS_MSG_GETAUDIO  0  
[2017/07/14 00:04:57 076] tts        429  get audio|use local  
[2017/07/14 00:04:57 076] tts        442  local audiolen:  4472  ,ced:  18  
[2017/07/14 00:04:57 076] tts        471  0  udata(6df68) 1  
[2017/07/14 00:04:57 077] tts        536  TTS_MSG_GETAUDIO  0  
[2017/07/14 00:04:57 077] tts        429  get audio|use local  
[2017/07/14 00:04:57 077] tts        442  local audiolen:  7136  ,ced:  18  
[2017/07/14 00:04:57 077] tts        471  0  udata(6d8a8) 1  
[2017/07/14 00:04:57 078] tts        536  TTS_MSG_GETAUDIO  0  
[2017/07/14 00:04:57 078] tts        429  get audio|use local  
[2017/07/14 00:04:57 078] tts        442  local audiolen:  4510  ,ced:  18  
[2017/07/14 00:04:57 078] tts        471  0  udata(7a0d8) 1  
[2017/07/14 00:04:57 079] tts        536  TTS_MSG_GETAUDIO  0  
[2017/07/14 00:04:57 079] tts        429  get audio|use local  
[2017/07/14 00:04:57 079] tts        471  0  nil  1  
[2017/07/14 00:04:57 079] tts        536  TTS_MSG_GETAUDIO  0  
[2017/07/14 00:04:57 079] tts        429  get audio|use local  
[2017/07/14 00:04:57 079] tts        471  0  nil  1  
[2017/07/14 00:04:57 079] tts        536  TTS_MSG_GETAUDIO  0  
[2017/07/14 00:04:57 079] tts        429  get audio|use local  
[2017/07/14 00:04:57 079] tts        471  0  nil  1  
[2017/07/14 00:04:57 079] tts        536  TTS_MSG_GETAUDIO  0  
[2017/07/14 00:04:57 079] tts        429  get audio|use local  
[2017/07/14 00:04:57 079] tts        471  0  nil  1  
[2017/07/14 00:04:57 079] tts        536  TTS_MSG_GETAUDIO  0  
[2017/07/14 00:04:57 079] tts        429  get audio|use local  
[2017/07/14 00:04:57 079] tts        471  0  nil  1  
[2017/07/14 00:04:57 079] tts        536  TTS_MSG_GETAUDIO  0  
[2017/07/14 00:04:57 079] tts        429  get audio|use local  
[2017/07/14 00:04:57 079] tts        471  0  nil  1  
[2017/07/14 00:04:57 079] tts        536  TTS_MSG_GETAUDIO  0  
[2017/07/14 00:04:57 079] tts        429  get audio|use local  
[2017/07/14 00:04:57 079] tts        471  0  nil  1  
[2017/07/14 00:04:57 079] tts        536  TTS_MSG_GETAUDIO  0  
[2017/07/14 00:04:57 079] tts        429  get audio|use local  
[2017/07/14 00:04:57 079] tts        471  0  nil  1  
[2017/07/14 00:04:57 082] tts        536  TTS_MSG_GETAUDIO  0  
[2017/07/14 00:04:57 082] tts        429  get audio|use local  
[2017/07/14 00:04:57 083] tts        471  0  nil  1  
[2017/07/14 00:04:57 084] tts        536  TTS_MSG_GETAUDIO  0  
[2017/07/14 00:04:57 084] tts        429  get audio|use local  
[2017/07/14 00:04:57 084] tts        442  local audiolen:  12914  ,ced:  18  
[2017/07/14 00:04:57 084] tts        471  0  udata(6e248) 1  
[2017/07/14 00:04:57 086] tts        536  TTS_MSG_GETAUDIO  0  
[2017/07/14 00:04:57 086] tts        429  get audio|use local  
[2017/07/14 00:04:57 086] tts        442  local audiolen:  6038  ,ced:  18  
[2017/07/14 00:04:57 086] tts        471  0  udata(844c8) 1  
[2017/07/14 00:04:57 086] tts        536  TTS_MSG_GETAUDIO  0  
[2017/07/14 00:04:57 086] tts        429  get audio|use local  
[2017/07/14 00:04:57 086] tts        442  local audiolen:  512  ,ced:  18  
[2017/07/14 00:04:57 086] tts        471  0  udata(84788) 1  
[2017/07/14 00:04:57 086] tts        536  TTS_MSG_GETAUDIO  0  
[2017/07/14 00:04:57 087] tts        429  get audio|use local  
[2017/07/14 00:04:57 087] tts        442  local audiolen:  512  ,ced:  18  
[2017/07/14 00:04:57 087] tts        471  0  udata(847d8) 1  
[2017/07/14 00:04:57 087] tts        536  TTS_MSG_GETAUDIO  0  
[2017/07/14 00:04:57 087] tts        429  get audio|use local  
[2017/07/14 00:04:57 087] tts        442  local audiolen:  512  ,ced:  18  
[2017/07/14 00:04:57 087] tts        471  0  udata(84578) 1  
[2017/07/14 00:04:57 087] tts        536  TTS_MSG_GETAUDIO  0  
[2017/07/14 00:04:57 087] tts        429  get audio|use local  
[2017/07/14 00:04:57 087] tts        442  local audiolen:  512  ,ced:  18  
[2017/07/14 00:04:57 087] tts        471  0  udata(845c8) 1  
[2017/07/14 00:04:57 087] tts        536  TTS_MSG_GETAUDIO  0  
[2017/07/14 00:04:57 087] tts        429  get audio|use local  
[2017/07/14 00:04:57 087] tts        442  local audiolen:  512  ,ced:  18  
[2017/07/14 00:04:57 087] tts        471  0  udata(84618) 1  
[2017/07/14 00:04:57 087] tts        536  TTS_MSG_GETAUDIO  0  
[2017/07/14 00:04:57 088] tts        429  get audio|use local  
[2017/07/14 00:04:57 088] tts        442  local audiolen:  512  ,ced:  18  
[2017/07/14 00:04:57 088] tts        471  0  udata(84668) 1  
[2017/07/14 00:04:57 088] tts        536  TTS_MSG_GETAUDIO  0  
[2017/07/14 00:04:57 088] tts        429  get audio|use local  
[2017/07/14 00:04:57 088] tts        442  local audiolen:  512  ,ced:  18  
[2017/07/14 00:04:57 088] tts        471  0  udata(846b8) 1  
[2017/07/14 00:04:57 088] tts        536  TTS_MSG_GETAUDIO  0  
[2017/07/14 00:04:57 088] tts        429  get audio|use local  
[2017/07/14 00:04:57 088] tts        442  local audiolen:  512  ,ced:  18  
[2017/07/14 00:04:57 088] tts        471  0  udata(84708) 1  
[2017/07/14 00:04:57 088] tts        536  TTS_MSG_GETAUDIO  0  
[2017/07/14 00:04:57 088] tts        429  get audio|use local  
[2017/07/14 00:04:57 088] tts        442  local audiolen:  512  ,ced:  18  
[2017/07/14 00:04:57 088] tts        471  0  udata(7a668) 1  
[2017/07/14 00:04:57 088] tts        536  TTS_MSG_GETAUDIO  0  
[2017/07/14 00:04:57 088] tts        429  get audio|use local  
[2017/07/14 00:04:57 088] tts        442  local audiolen:  512  ,ced:  18  
[2017/07/14 00:04:57 088] tts        471  0  udata(7a6b8) 1  
[2017/07/14 00:04:57 089] tts        536  TTS_MSG_GETAUDIO  0  
[2017/07/14 00:04:57 089] tts        429  get audio|use local  
[2017/07/14 00:04:57 089] tts        442  local audiolen:  512  ,ced:  18  
[2017/07/14 00:04:57 089] tts        471  0  udata(7a708) 1  
[2017/07/14 00:04:57 090] tts        536  TTS_MSG_GETAUDIO  0  
[2017/07/14 00:04:57 090] tts        429  get audio|use local  
[2017/07/14 00:04:57 090] tts        442  local audiolen:  512  ,ced:  18  
[2017/07/14 00:04:57 090] tts        471  0  udata(7a7f8) 1  
[2017/07/14 00:04:57 090] tts        536  TTS_MSG_GETAUDIO  0  
[2017/07/14 00:04:57 090] tts        429  get audio|use local  
[2017/07/14 00:04:57 090] tts        442  local audiolen:  512  ,ced:  18  
[2017/07/14 00:04:57 090] tts        471  0  udata(7a8a8) 1  
[2017/07/14 00:04:57 090] tts        536  TTS_MSG_GETAUDIO  0  
[2017/07/14 00:04:57 091] tts        429  get audio|use local  
[2017/07/14 00:04:57 091] tts        442  local audiolen:  512  ,ced:  18  
[2017/07/14 00:04:57 091] tts        471  0  udata(7a8f8) 1  
[2017/07/14 00:04:57 092] tts        536  TTS_MSG_GETAUDIO  0  
[2017/07/14 00:04:57 092] tts        429  get audio|use local  
[2017/07/14 00:04:57 092] tts        442  local audiolen:  512  ,ced:  18  
[2017/07/14 00:04:57 092] tts        471  0  udata(7a948) 1  
[2017/07/14 00:04:57 093] tts        536  TTS_MSG_GETAUDIO  0  
[2017/07/14 00:04:57 094] tts        429  get audio|use local  
[2017/07/14 00:04:57 094] tts        442  local audiolen:  512  ,ced:  18  
[2017/07/14 00:04:57 094] tts        471  0  udata(7aa38) 1  
[2017/07/14 00:04:57 094] tts        536  TTS_MSG_GETAUDIO  0  
[2017/07/14 00:04:57 094] tts        429  get audio|use local  
[2017/07/14 00:04:57 094] tts        442  local audiolen:  512  ,ced:  18  
[2017/07/14 00:04:57 094] tts        471  0  udata(7aae8) 1  
[2017/07/14 00:04:57 094] tts        536  TTS_MSG_GETAUDIO  0  
[2017/07/14 00:04:57 094] tts        429  get audio|use local  
[2017/07/14 00:04:57 094] tts        442  local audiolen:  512  ,ced:  18  
[2017/07/14 00:04:57 094] tts        471  0  udata(7ab38) 1  
[2017/07/14 00:04:57 096] tts        536  TTS_MSG_GETAUDIO  0  
[2017/07/14 00:04:57 096] tts        429  get audio|use local  
[2017/07/14 00:04:57 096] tts        442  local audiolen:  160  ,ced:  18  
[2017/07/14 00:04:57 096] tts        471  0  udata(848d8) 1  
[2017/07/14 00:04:57 096] tts        536  TTS_MSG_GETAUDIO  0  
[2017/07/14 00:04:57 096] tts        429  get audio|use local  
[2017/07/14 00:04:57 096] tts        442  local audiolen:  244  ,ced:  27  
[2017/07/14 00:04:57 096] tts        471  0  udata(84828) 1  
[2017/07/14 00:04:57 097] tts        536  TTS_MSG_GETAUDIO  0  
[2017/07/14 00:04:57 097] tts        429  get audio|use local  
[2017/07/14 00:04:57 097] tts        442  local audiolen:  9884  ,ced:  27  
[2017/07/14 00:04:57 097] tts        471  0  udata(84878) 1  
[2017/07/14 00:04:57 101] tts        536  TTS_MSG_GETAUDIO  0  
[2017/07/14 00:04:57 101] tts        429  get audio|use local  
[2017/07/14 00:04:57 101] tts        442  local audiolen:  7908  ,ced:  27  
[2017/07/14 00:04:57 101] tts        471  0  udata(7aa88) 1  
[2017/07/14 00:04:57 102] tts        536  TTS_MSG_GETAUDIO  0  
[2017/07/14 00:04:57 102] tts        429  get audio|use local  
[2017/07/14 00:04:57 102] tts        442  local audiolen:  512  ,ced:  27  
[2017/07/14 00:04:57 102] tts        471  0  udata(207c8) 1  
[2017/07/14 00:04:57 102] tts        536  TTS_MSG_GETAUDIO  0  
[2017/07/14 00:04:57 102] tts        429  get audio|use local  
[2017/07/14 00:04:57 103] tts        442  local audiolen:  512  ,ced:  27  
[2017/07/14 00:04:57 103] tts        471  0  udata(20878) 1  
[2017/07/14 00:04:57 103] tts        536  TTS_MSG_GETAUDIO  0  
[2017/07/14 00:04:57 103] tts        429  get audio|use local  
[2017/07/14 00:04:57 103] tts        442  local audiolen:  512  ,ced:  27  
[2017/07/14 00:04:57 103] tts        471  0  udata(208c8) 1  
[2017/07/14 00:04:57 103] tts        536  TTS_MSG_GETAUDIO  0  
[2017/07/14 00:04:57 103] tts        429  get audio|use local  
[2017/07/14 00:04:57 103] tts        442  local audiolen:  512  ,ced:  27  
[2017/07/14 00:04:57 103] tts        471  0  udata(20918) 1  
[2017/07/14 00:04:57 103] tts        536  TTS_MSG_GETAUDIO  0  
[2017/07/14 00:04:57 103] tts        429  get audio|use local  
[2017/07/14 00:04:57 104] tts        442  local audiolen:  512  ,ced:  27  
[2017/07/14 00:04:57 104] tts        471  0  udata(20968) 1  
[2017/07/14 00:04:57 104] tts        536  TTS_MSG_GETAUDIO  0  
[2017/07/14 00:04:57 104] tts        429  get audio|use local  
[2017/07/14 00:04:57 104] tts        442  local audiolen:  512  ,ced:  27  
[2017/07/14 00:04:57 104] tts        471  0  udata(209b8) 1  
[2017/07/14 00:04:57 104] tts        536  TTS_MSG_GETAUDIO  0  
[2017/07/14 00:04:57 104] tts        429  get audio|use local  
[2017/07/14 00:04:57 104] tts        442  local audiolen:  512  ,ced:  27  
[2017/07/14 00:04:57 104] tts        471  0  udata(20a08) 1  
[2017/07/14 00:04:57 104] tts        536  TTS_MSG_GETAUDIO  0  
[2017/07/14 00:04:57 104] tts        429  get audio|use local  
[2017/07/14 00:04:57 104] tts        442  local audiolen:  512  ,ced:  27  
[2017/07/14 00:04:57 104] tts        471  0  udata(20a58) 1  
[2017/07/14 00:04:57 105] tts        536  TTS_MSG_GETAUDIO  0  
[2017/07/14 00:04:57 105] tts        429  get audio|use local  
[2017/07/14 00:04:57 105] tts        442  local audiolen:  512  ,ced:  27  
[2017/07/14 00:04:57 105] tts        471  0  udata(20aa8) 1  
[2017/07/14 00:04:57 105] tts        536  TTS_MSG_GETAUDIO  0  
[2017/07/14 00:04:57 105] tts        429  get audio|use local  
[2017/07/14 00:04:57 105] tts        442  local audiolen:  512  ,ced:  27  
[2017/07/14 00:04:57 105] tts        471  0  udata(20af8) 1  
[2017/07/14 00:04:57 105] tts        536  TTS_MSG_GETAUDIO  0  
[2017/07/14 00:04:57 105] tts        429  get audio|use local  
[2017/07/14 00:04:57 105] tts        442  local audiolen:  512  ,ced:  27  
[2017/07/14 00:04:57 105] tts        471  0  udata(20b48) 1  
[2017/07/14 00:04:57 105] tts        536  TTS_MSG_GETAUDIO  0  
[2017/07/14 00:04:57 105] tts        429  get audio|use local  
[2017/07/14 00:04:57 105] tts        442  local audiolen:  512  ,ced:  27  
[2017/07/14 00:04:57 105] tts        471  0  udata(20b98) 1  
[2017/07/14 00:04:57 105] tts        536  TTS_MSG_GETAUDIO  0  
[2017/07/14 00:04:57 105] tts        429  get audio|use local  
[2017/07/14 00:04:57 105] tts        442  local audiolen:  512  ,ced:  27  
[2017/07/14 00:04:57 106] tts        471  0  udata(20be8) 1  
[2017/07/14 00:04:57 106] tts        536  TTS_MSG_GETAUDIO  0  
[2017/07/14 00:04:57 106] tts        429  get audio|use local  
[2017/07/14 00:04:57 106] tts        442  local audiolen:  512  ,ced:  27  
[2017/07/14 00:04:57 106] tts        471  0  udata(20c38) 1  
[2017/07/14 00:04:57 106] tts        536  TTS_MSG_GETAUDIO  0  
[2017/07/14 00:04:57 107] tts        429  get audio|use local  
[2017/07/14 00:04:57 107] tts        442  local audiolen:  512  ,ced:  27  
[2017/07/14 00:04:57 107] tts        471  0  udata(20c88) 1  
[2017/07/14 00:04:57 107] tts        536  TTS_MSG_GETAUDIO  0  
[2017/07/14 00:04:57 107] tts        429  get audio|use local  
[2017/07/14 00:04:57 107] tts        442  local audiolen:  512  ,ced:  27  
[2017/07/14 00:04:57 108] tts        471  0  udata(20d78) 1  
[2017/07/14 00:04:57 108] tts        536  TTS_MSG_GETAUDIO  0  
[2017/07/14 00:04:57 108] tts        429  get audio|use local  
[2017/07/14 00:04:57 108] tts        442  local audiolen:  512  ,ced:  27  
[2017/07/14 00:04:57 108] tts        471  0  udata(210c8) 1  
[2017/07/14 00:04:57 108] tts        536  TTS_MSG_GETAUDIO  0  
[2017/07/14 00:04:57 108] tts        429  get audio|use local  
[2017/07/14 00:04:57 109] tts        442  local audiolen:  512  ,ced:  27  
[2017/07/14 00:04:57 109] tts        471  0  udata(21178) 1  
[2017/07/14 00:04:57 109] tts        536  TTS_MSG_GETAUDIO  0  
[2017/07/14 00:04:57 109] tts        429  get audio|use local  
[2017/07/14 00:04:57 109] tts        442  local audiolen:  160  ,ced:  27  
[2017/07/14 00:04:57 109] tts        471  0  udata(20668) 1  
[2017/07/14 00:04:57 109] tts        536  TTS_MSG_GETAUDIO  0  
[2017/07/14 00:04:57 109] tts        429  get audio|use local  
[2017/07/14 00:04:57 109] tts        442  local audiolen:  302  ,ced:  57  
[2017/07/14 00:04:57 110] tts        471  0  udata(213a8) 1  
[2017/07/14 00:04:57 110] tts        536  TTS_MSG_GETAUDIO  0  
[2017/07/14 00:04:57 110] tts        429  get audio|use local  
[2017/07/14 00:04:57 110] tts        442  local audiolen:  972  ,ced:  57  
[2017/07/14 00:04:57 110] tts        471  0  udata(21838) 1  
[2017/07/14 00:04:57 111] tts        536  TTS_MSG_GETAUDIO  0  
[2017/07/14 00:04:57 111] tts        429  get audio|use local  
[2017/07/14 00:04:57 112] tts        442  local audiolen:  7628  ,ced:  57  
[2017/07/14 00:04:57 112] tts        471  0  udata(21458) 1  
[2017/07/14 00:04:57 114] tts        536  TTS_MSG_GETAUDIO  0  
[2017/07/14 00:04:57 114] tts        429  get audio|use local  
[2017/07/14 00:04:57 115] tts        442  local audiolen:  4282  ,ced:  57  
[2017/07/14 00:04:57 115] tts        471  0  udata(214a8) 1  
[2017/07/14 00:04:57 121] tts        536  TTS_MSG_GETAUDIO  0  
[2017/07/14 00:04:57 121] tts        429  get audio|use local  
[2017/07/14 00:04:57 121] tts        442  local audiolen:  7110  ,ced:  57  
[2017/07/14 00:04:57 121] tts        471  0  udata(22188) 1  
[2017/07/14 00:04:57 129] tts        536  TTS_MSG_GETAUDIO  0  
[2017/07/14 00:04:57 129] tts        429  get audio|use local  
[2017/07/14 00:04:57 130] tts        442  local audiolen:  3632  ,ced:  57  
[2017/07/14 00:04:57 130] tts        471  0  udata(7ab88) 1  
[2017/07/14 00:04:57 130] tts        536  TTS_MSG_GETAUDIO  0  
[2017/07/14 00:04:57 130] tts        429  get audio|use local  
[2017/07/14 00:04:57 130] tts        442  local audiolen:  7226  ,ced:  57  
[2017/07/14 00:04:57 130] tts        471  0  udata(7abd8) 1  
[2017/07/14 00:04:57 130] tts        536  TTS_MSG_GETAUDIO  0  
[2017/07/14 00:04:57 130] tts        429  get audio|use local  
[2017/07/14 00:04:57 130] tts        442  local audiolen:  9160  ,ced:  57  
[2017/07/14 00:04:57 130] tts        471  0  udata(7ac28) 1  
[2017/07/14 00:04:57 131] tts        536  TTS_MSG_GETAUDIO  0  
[2017/07/14 00:04:57 131] tts        429  get audio|use local  
[2017/07/14 00:04:57 131] tts        442  local audiolen:  6982  ,ced:  57  
[2017/07/14 00:04:57 131] tts        471  0  udata(25f08) 1  
[2017/07/14 00:04:57 131] tts        536  TTS_MSG_GETAUDIO  0  
[2017/07/14 00:04:57 131] tts        429  get audio|use local  
[2017/07/14 00:04:57 131] tts        442  local audiolen:  8976  ,ced:  57  
[2017/07/14 00:04:57 131] tts        471  0  udata(7ac78) 1  
[2017/07/14 00:04:57 131] tts        536  TTS_MSG_GETAUDIO  0  
[2017/07/14 00:04:57 132] tts        429  get audio|use local  
[2017/07/14 00:04:57 132] tts        442  local audiolen:  7678  ,ced:  57  
[2017/07/14 00:04:57 132] tts        471  0  udata(7acc8) 1  
[2017/07/14 00:04:57 132] tts        536  TTS_MSG_GETAUDIO  0  
[2017/07/14 00:04:57 132] tts        429  get audio|use local  
[2017/07/14 00:04:57 132] tts        442  local audiolen:  3576  ,ced:  57  
[2017/07/14 00:04:57 132] tts        471  0  udata(7ad18) 1  
[2017/07/14 00:04:57 132] tts        536  TTS_MSG_GETAUDIO  0  
[2017/07/14 00:04:57 132] tts        429  get audio|use local  
[2017/07/14 00:04:57 132] tts        442  local audiolen:  512  ,ced:  57  
[2017/07/14 00:04:57 132] tts        471  0  udata(23228) 1  
[2017/07/14 00:04:57 133] tts        536  TTS_MSG_GETAUDIO  0  
[2017/07/14 00:04:57 133] tts        429  get audio|use local  
[2017/07/14 00:04:57 133] tts        442  local audiolen:  512  ,ced:  57  
[2017/07/14 00:04:57 133] tts        471  0  udata(23278) 1  
[2017/07/14 00:04:57 133] tts        536  TTS_MSG_GETAUDIO  0  
[2017/07/14 00:04:57 133] tts        429  get audio|use local  
[2017/07/14 00:04:57 133] tts        442  local audiolen:  512  ,ced:  57  
[2017/07/14 00:04:57 133] tts        471  0  udata(232c8) 1  
[2017/07/14 00:04:57 133] tts        536  TTS_MSG_GETAUDIO  0  
[2017/07/14 00:04:57 133] tts        429  get audio|use local  
[2017/07/14 00:04:57 133] tts        442  local audiolen:  512  ,ced:  57  
[2017/07/14 00:04:57 133] tts        471  0  udata(23318) 1  
[2017/07/14 00:04:57 133] tts        536  TTS_MSG_GETAUDIO  0  
[2017/07/14 00:04:57 133] tts        429  get audio|use local  
[2017/07/14 00:04:57 133] tts        442  local audiolen:  512  ,ced:  57  
[2017/07/14 00:04:57 133] tts        471  0  udata(23368) 1  
[2017/07/14 00:04:57 133] tts        536  TTS_MSG_GETAUDIO  0  
[2017/07/14 00:04:57 133] tts        429  get audio|use local  
[2017/07/14 00:04:57 134] tts        442  local audiolen:  512  ,ced:  57  
[2017/07/14 00:04:57 134] tts        471  0  udata(233b8) 1  
[2017/07/14 00:04:57 134] tts        536  TTS_MSG_GETAUDIO  0  
[2017/07/14 00:04:57 134] tts        429  get audio|use local  
[2017/07/14 00:04:57 134] tts        442  local audiolen:  512  ,ced:  57  
[2017/07/14 00:04:57 134] tts        471  0  udata(23408) 1  
[2017/07/14 00:04:57 134] tts        536  TTS_MSG_GETAUDIO  0  
[2017/07/14 00:04:57 134] tts        429  get audio|use local  
[2017/07/14 00:04:57 134] tts        442  local audiolen:  512  ,ced:  57  
[2017/07/14 00:04:57 134] tts        471  0  udata(23458) 1  
[2017/07/14 00:04:57 135] tts        536  TTS_MSG_GETAUDIO  0  
[2017/07/14 00:04:57 135] tts        429  get audio|use local  
[2017/07/14 00:04:57 135] tts        442  local audiolen:  512  ,ced:  57  
[2017/07/14 00:04:57 136] tts        471  0  udata(23648) 1  
[2017/07/14 00:04:57 137] tts        536  TTS_MSG_GETAUDIO  0  
[2017/07/14 00:04:57 137] tts        429  get audio|use local  
[2017/07/14 00:04:57 137] tts        442  local audiolen:  512  ,ced:  57  
[2017/07/14 00:04:57 137] tts        471  0  udata(248a8) 1  
[2017/07/14 00:04:57 137] tts        536  TTS_MSG_GETAUDIO  0  
[2017/07/14 00:04:57 137] tts        429  get audio|use local  
[2017/07/14 00:04:57 137] tts        442  local audiolen:  512  ,ced:  57  
[2017/07/14 00:04:57 137] tts        471  0  udata(24958) 1  
[2017/07/14 00:04:57 137] tts        536  TTS_MSG_GETAUDIO  0  
[2017/07/14 00:04:57 137] tts        429  get audio|use local  
[2017/07/14 00:04:57 138] tts        442  local audiolen:  512  ,ced:  57  
[2017/07/14 00:04:57 138] tts        471  0  udata(249a8) 1  
[2017/07/14 00:04:57 139] tts        536  TTS_MSG_GETAUDIO  0  
[2017/07/14 00:04:57 139] tts        429  get audio|use local  
[2017/07/14 00:04:57 139] tts        442  local audiolen:  512  ,ced:  57  
[2017/07/14 00:04:57 139] tts        471  0  udata(25098) 1  
[2017/07/14 00:04:57 140] tts        536  TTS_MSG_GETAUDIO  0  
[2017/07/14 00:04:57 140] tts        429  get audio|use local  
[2017/07/14 00:04:57 140] tts        442  local audiolen:  512  ,ced:  57  
[2017/07/14 00:04:57 140] tts        471  0  udata(25148) 1  
[2017/07/14 00:04:57 140] tts        536  TTS_MSG_GETAUDIO  0  
[2017/07/14 00:04:57 140] tts        429  get audio|use local  
[2017/07/14 00:04:57 140] tts        442  local audiolen:  512  ,ced:  57  
[2017/07/14 00:04:57 140] tts        471  0  udata(25238) 1  
[2017/07/14 00:04:57 141] tts        536  TTS_MSG_GETAUDIO  0  
[2017/07/14 00:04:57 141] tts        429  get audio|use local  
[2017/07/14 00:04:57 141] tts        442  local audiolen:  512  ,ced:  57  
[2017/07/14 00:04:57 141] tts        471  0  udata(25388) 1  
[2017/07/14 00:04:57 141] tts        536  TTS_MSG_GETAUDIO  0  
[2017/07/14 00:04:57 141] tts        429  get audio|use local  
[2017/07/14 00:04:57 141] tts        442  local audiolen:  512  ,ced:  57  
[2017/07/14 00:04:57 141] tts        471  0  udata(254d8) 1  
[2017/07/14 00:04:57 141] tts        536  TTS_MSG_GETAUDIO  0  
[2017/07/14 00:04:57 141] tts        429  get audio|use local  
[2017/07/14 00:04:57 141] tts        442  local audiolen:  512  ,ced:  57  
[2017/07/14 00:04:57 142] tts        471  0  udata(25588) 1  
[2017/07/14 00:04:57 142] tts        536  TTS_MSG_GETAUDIO  0  
[2017/07/14 00:04:57 142] tts        429  get audio|use local  
[2017/07/14 00:04:57 142] tts        442  local audiolen:  160  ,ced:  57  
[2017/07/14 00:04:57 142] tts        471  0  udata(7ae78) 1  
[2017/07/14 00:04:57 142] tts        536  TTS_MSG_GETAUDIO  0  
[2017/07/14 00:04:57 143] tts        429  get audio|use local  
[2017/07/14 00:04:57 143] tts        442  local audiolen:  286  ,ced:  73  
[2017/07/14 00:04:57 143] tts        471  0  udata(257a8) 1  
[2017/07/14 00:04:57 143] tts        536  TTS_MSG_GETAUDIO  0  
[2017/07/14 00:04:57 143] tts        429  get audio|use local  
[2017/07/14 00:04:57 143] tts        442  local audiolen:  1392  ,ced:  73  
[2017/07/14 00:04:57 143] tts        471  0  udata(7adc8) 1  
[2017/07/14 00:04:57 143] tts        536  TTS_MSG_GETAUDIO  0  
[2017/07/14 00:04:57 143] tts        429  get audio|use local  
[2017/07/14 00:04:57 143] tts        442  local audiolen:  9008  ,ced:  73  
[2017/07/14 00:04:57 143] tts        471  0  udata(25718) 1  
[2017/07/14 00:04:57 146] tts        536  TTS_MSG_GETAUDIO  0  
[2017/07/14 00:04:57 146] tts        429  get audio|use local  
[2017/07/14 00:04:57 146] tts        442  local audiolen:  4462  ,ced:  73  
[2017/07/14 00:04:57 146] tts        471  0  udata(259f8) 1  
[2017/07/14 00:04:57 147] tts        536  TTS_MSG_GETAUDIO  0  
[2017/07/14 00:04:57 147] tts        429  get audio|use local  
[2017/07/14 00:04:57 147] tts        442  local audiolen:  6282  ,ced:  73  
[2017/07/14 00:04:57 147] tts        471  0  udata(25a48) 1  
[2017/07/14 00:04:57 147] tts        536  TTS_MSG_GETAUDIO  0  
[2017/07/14 00:04:57 148] tts        429  get audio|use local  
[2017/07/14 00:04:57 148] tts        442  local audiolen:  11036  ,ced:  73  
[2017/07/14 00:04:57 148] tts        471  0  udata(25d98) 1  
[2017/07/14 00:04:57 151] tts        536  TTS_MSG_GETAUDIO  0  
[2017/07/14 00:04:57 151] tts        429  get audio|use local  
[2017/07/14 00:04:57 151] tts        442  local audiolen:  512  ,ced:  73  
[2017/07/14 00:04:57 151] tts        471  0  udata(242a8) 1  
[2017/07/14 00:04:57 151] tts        536  TTS_MSG_GETAUDIO  0  
[2017/07/14 00:04:57 151] tts        429  get audio|use local  
[2017/07/14 00:04:57 151] tts        442  local audiolen:  512  ,ced:  73  
[2017/07/14 00:04:57 151] tts        471  0  udata(24358) 1  
[2017/07/14 00:04:57 152] tts        536  TTS_MSG_GETAUDIO  0  
[2017/07/14 00:04:57 152] tts        429  get audio|use local  
[2017/07/14 00:04:57 152] tts        442  local audiolen:  512  ,ced:  73  
[2017/07/14 00:04:57 152] tts        471  0  udata(2bb78) 1  
[2017/07/14 00:04:57 152] tts        536  TTS_MSG_GETAUDIO  0  
[2017/07/14 00:04:57 152] tts        429  get audio|use local  
[2017/07/14 00:04:57 152] tts        442  local audiolen:  512  ,ced:  73  
[2017/07/14 00:04:57 152] tts        471  0  udata(2bc68) 1  
[2017/07/14 00:04:57 153] tts        536  TTS_MSG_GETAUDIO  0  
[2017/07/14 00:04:57 153] tts        429  get audio|use local  
[2017/07/14 00:04:57 153] tts        442  local audiolen:  512  ,ced:  73  
[2017/07/14 00:04:57 153] tts        471  0  udata(2bdb8) 1  
[2017/07/14 00:04:57 153] tts        536  TTS_MSG_GETAUDIO  0  
[2017/07/14 00:04:57 153] tts        429  get audio|use local  
[2017/07/14 00:04:57 153] tts        442  local audiolen:  512  ,ced:  73  
[2017/07/14 00:04:57 153] tts        471  0  udata(2bf08) 1  
[2017/07/14 00:04:57 153] tts        536  TTS_MSG_GETAUDIO  0  
[2017/07/14 00:04:57 153] tts        429  get audio|use local  
[2017/07/14 00:04:57 153] tts        442  local audiolen:  512  ,ced:  73  
[2017/07/14 00:04:57 154] tts        471  0  udata(2bfb8) 1  
[2017/07/14 00:04:57 154] tts        536  TTS_MSG_GETAUDIO  0  
[2017/07/14 00:04:57 154] tts        429  get audio|use local  
[2017/07/14 00:04:57 154] tts        442  local audiolen:  512  ,ced:  73  
[2017/07/14 00:04:57 154] tts        471  0  udata(2c0a8) 1  
[2017/07/14 00:04:57 155] tts        536  TTS_MSG_GETAUDIO  0  
[2017/07/14 00:04:57 155] tts        429  get audio|use local  
[2017/07/14 00:04:57 155] tts        442  local audiolen:  512  ,ced:  73  
[2017/07/14 00:04:57 155] tts        471  0  udata(2c1f8) 1  
[2017/07/14 00:04:57 155] tts        536  TTS_MSG_GETAUDIO  0  
[2017/07/14 00:04:57 155] tts        429  get audio|use local  
[2017/07/14 00:04:57 155] tts        442  local audiolen:  512  ,ced:  73  
[2017/07/14 00:04:57 155] tts        471  0  udata(2c2a8) 1  
[2017/07/14 00:04:57 156] tts        536  TTS_MSG_GETAUDIO  0  
[2017/07/14 00:04:57 156] tts        429  get audio|use local  
[2017/07/14 00:04:57 156] tts        442  local audiolen:  512  ,ced:  73  
[2017/07/14 00:04:57 157] tts        471  0  udata(2c498) 1  
[2017/07/14 00:04:57 157] tts        536  TTS_MSG_GETAUDIO  0  
[2017/07/14 00:04:57 157] tts        429  get audio|use local  
[2017/07/14 00:04:57 157] tts        442  local audiolen:  512  ,ced:  73  
[2017/07/14 00:04:57 157] tts        471  0  udata(2c5e8) 1  
[2017/07/14 00:04:57 157] tts        536  TTS_MSG_GETAUDIO  0  
[2017/07/14 00:04:57 158] tts        429  get audio|use local  
[2017/07/14 00:04:57 158] tts        442  local audiolen:  512  ,ced:  73  
[2017/07/14 00:04:57 158] tts        471  0  udata(2c698) 1  
[2017/07/14 00:04:57 158] tts        536  TTS_MSG_GETAUDIO  0  
[2017/07/14 00:04:57 158] tts        429  get audio|use local  
[2017/07/14 00:04:57 158] tts        442  local audiolen:  512  ,ced:  73  
[2017/07/14 00:04:57 158] tts        471  0  udata(2c888) 1  
[2017/07/14 00:04:57 160] tts        536  TTS_MSG_GETAUDIO  0  
[2017/07/14 00:04:57 160] tts        429  get audio|use local  
[2017/07/14 00:04:57 160] tts        442  local audiolen:  512  ,ced:  73  
[2017/07/14 00:04:57 160] tts        471  0  udata(2d4d8) 1  
[2017/07/14 00:04:57 163] tts        536  TTS_MSG_GETAUDIO  0  
[2017/07/14 00:04:57 163] tts        429  get audio|use local  
[2017/07/14 00:04:57 163] tts        442  local audiolen:  512  ,ced:  73  
[2017/07/14 00:04:57 163] tts        471  0  udata(2d628) 1  
[2017/07/14 00:04:57 163] tts        536  TTS_MSG_GETAUDIO  0  
[2017/07/14 00:04:57 163] tts        429  get audio|use local  
[2017/07/14 00:04:57 163] tts        442  local audiolen:  512  ,ced:  73  
[2017/07/14 00:04:57 163] tts        471  0  udata(2d6d8) 1  
[2017/07/14 00:04:57 163] tts        536  TTS_MSG_GETAUDIO  0  
[2017/07/14 00:04:57 163] tts        429  get audio|use local  
[2017/07/14 00:04:57 163] tts        442  local audiolen:  512  ,ced:  73  
[2017/07/14 00:04:57 163] tts        471  0  udata(2d728) 1  
[2017/07/14 00:04:57 163] tts        536  TTS_MSG_GETAUDIO  0  
[2017/07/14 00:04:57 163] tts        429  get audio|use local  
[2017/07/14 00:04:57 163] tts        442  local audiolen:  160  ,ced:  73  
[2017/07/14 00:04:57 163] tts        471  0  udata(24148) 1  
[2017/07/14 00:04:57 164] tts        536  TTS_MSG_GETAUDIO  0  
[2017/07/14 00:04:57 165] tts        429  get audio|use local  
[2017/07/14 00:04:57 165] tts        442  local audiolen:  300  ,ced:  116  
[2017/07/14 00:04:57 165] tts        471  0  udata(2d8b8) 1  
[2017/07/14 00:04:57 165] tts        536  TTS_MSG_GETAUDIO  0  
[2017/07/14 00:04:57 165] tts        429  get audio|use local  
[2017/07/14 00:04:57 165] tts        442  local audiolen:  3320  ,ced:  116  
[2017/07/14 00:04:57 165] tts        471  0  udata(2da68) 1  
[2017/07/14 00:04:57 166] tts        536  TTS_MSG_GETAUDIO  0  
[2017/07/14 00:04:57 166] tts        429  get audio|use local  
[2017/07/14 00:04:57 166] tts        442  local audiolen:  12700  ,ced:  116  
[2017/07/14 00:04:57 166] tts        471  0  udata(2d778) 1  
[2017/07/14 00:04:57 167] tts        536  TTS_MSG_GETAUDIO  0  
[2017/07/14 00:04:57 167] tts        429  get audio|use local  
[2017/07/14 00:04:57 167] tts        442  local audiolen:  14004  ,ced:  116  
[2017/07/14 00:04:57 167] tts        471  0  udata(272e8) 1  
[2017/07/14 00:04:57 167] tts        536  TTS_MSG_GETAUDIO  0  
[2017/07/14 00:04:57 167] tts        429  get audio|use local  
[2017/07/14 00:04:57 167] tts        442  local audiolen:  3070  ,ced:  116  
[2017/07/14 00:04:57 167] tts        471  0  udata(28048) 1  
[2017/07/14 00:04:57 168] tts        536  TTS_MSG_GETAUDIO  0  
[2017/07/14 00:04:57 168] tts        429  get audio|use local  
[2017/07/14 00:04:57 168] tts        442  local audiolen:  6616  ,ced:  116  
[2017/07/14 00:04:57 168] tts        471  0  udata(29b88) 1  
[2017/07/14 00:04:57 169] tts        536  TTS_MSG_GETAUDIO  0  
[2017/07/14 00:04:57 169] tts        429  get audio|use local  
[2017/07/14 00:04:57 170] tts        442  local audiolen:  11918  ,ced:  116  
[2017/07/14 00:04:57 170] tts        471  0  udata(276d8) 1  
[2017/07/14 00:04:57 172] tts        536  TTS_MSG_GETAUDIO  0  
[2017/07/14 00:04:57 172] tts        429  get audio|use local  
[2017/07/14 00:04:57 172] tts        442  local audiolen:  7666  ,ced:  116  
[2017/07/14 00:04:57 172] tts        471  0  udata(28998) 1  
[2017/07/14 00:04:57 172] tts        536  TTS_MSG_GETAUDIO  0  
[2017/07/14 00:04:57 172] tts        429  get audio|use local  
[2017/07/14 00:04:57 172] tts        442  local audiolen:  8724  ,ced:  116  
[2017/07/14 00:04:57 172] tts        471  0  udata(289e8) 1  
[2017/07/14 00:04:57 173] tts        536  TTS_MSG_GETAUDIO  0  
[2017/07/14 00:04:57 173] tts        429  get audio|use local  
[2017/07/14 00:04:57 173] tts        442  local audiolen:  7102  ,ced:  116  
[2017/07/14 00:04:57 173] tts        471  0  udata(28a38) 1  
[2017/07/14 00:04:57 173] tts        536  TTS_MSG_GETAUDIO  0  
[2017/07/14 00:04:57 173] tts        429  get audio|use local  
[2017/07/14 00:04:57 173] tts        442  local audiolen:  7910  ,ced:  116  
[2017/07/14 00:04:57 173] tts        471  0  udata(28a88) 1  
[2017/07/14 00:04:57 174] tts        536  TTS_MSG_GETAUDIO  0  
[2017/07/14 00:04:57 174] tts        429  get audio|use local  
[2017/07/14 00:04:57 174] tts        442  local audiolen:  6998  ,ced:  116  
[2017/07/14 00:04:57 174] tts        471  0  udata(28bd8) 1  
[2017/07/14 00:04:57 175] tts        536  TTS_MSG_GETAUDIO  0  
[2017/07/14 00:04:57 175] tts        429  get audio|use local  
[2017/07/14 00:04:57 175] tts        442  local audiolen:  7268  ,ced:  116  
[2017/07/14 00:04:57 175] tts        471  0  udata(28d28) 1  
[2017/07/14 00:04:57 175] tts        536  TTS_MSG_GETAUDIO  0  
[2017/07/14 00:04:57 176] tts        429  get audio|use local  
[2017/07/14 00:04:57 176] tts        442  local audiolen:  512  ,ced:  116  
[2017/07/14 00:04:57 176] tts        471  0  udata(28fe8) 1  
[2017/07/14 00:04:57 177] tts        536  TTS_MSG_GETAUDIO  0  
[2017/07/14 00:04:57 177] tts        429  get audio|use local  
[2017/07/14 00:04:57 177] tts        442  local audiolen:  512  ,ced:  116  
[2017/07/14 00:04:57 177] tts        471  0  udata(291d8) 1  
[2017/07/14 00:04:57 178] tts        536  TTS_MSG_GETAUDIO  0  
[2017/07/14 00:04:57 178] tts        429  get audio|use local  
[2017/07/14 00:04:57 178] tts        442  local audiolen:  512  ,ced:  116  
[2017/07/14 00:04:57 178] tts        471  0  udata(29288) 1  
[2017/07/14 00:04:57 179] tts        536  TTS_MSG_GETAUDIO  0  
[2017/07/14 00:04:57 179] tts        429  get audio|use local  
[2017/07/14 00:04:57 179] tts        442  local audiolen:  512  ,ced:  116  
[2017/07/14 00:04:57 179] tts        471  0  udata(29578) 1  
[2017/07/14 00:04:57 180] tts        536  TTS_MSG_GETAUDIO  0  
[2017/07/14 00:04:57 180] tts        429  get audio|use local  
[2017/07/14 00:04:57 180] tts        442  local audiolen:  512  ,ced:  116  
[2017/07/14 00:04:57 180] tts        471  0  udata(297c8) 1  
[2017/07/14 00:04:57 181] tts        292  0  0  
[2017/07/14 00:04:57 181] tts        299  TTS_LOCAL_CB_END,  2  
[2017/07/14 00:04:57 181] tts        536  TTS_MSG_GETAUDIO  0  
[2017/07/14 00:04:57 181] tts        429  get audio|use local  
[2017/07/14 00:04:57 181] tts        442  local audiolen:  512  ,ced:  116  
[2017/07/14 00:04:57 181] tts        471  0  udata(29ab8) 1  
[2017/07/14 00:04:57 182] tts        536  TTS_MSG_GETAUDIO  0  
[2017/07/14 00:04:57 182] tts        429  get audio|use local  
[2017/07/14 00:04:57 182] tts        442  local audiolen:  512  ,ced:  116  
[2017/07/14 00:04:57 182] tts        471  0  udata(467e8) 1  
[2017/07/14 00:04:57 182] tts        536  TTS_MSG_GETAUDIO  0  
[2017/07/14 00:04:57 182] tts        429  get audio|use local  
[2017/07/14 00:04:57 182] tts        442  local audiolen:  512  ,ced:  116  
[2017/07/14 00:04:57 182] tts        471  0  udata(46838) 1  
[2017/07/14 00:04:57 182] tts        536  TTS_MSG_GETAUDIO  0  
[2017/07/14 00:04:57 182] tts        429  get audio|use local  
[2017/07/14 00:04:57 182] tts        442  local audiolen:  512  ,ced:  116  
[2017/07/14 00:04:57 182] tts        471  0  udata(46888) 1  
[2017/07/14 00:04:57 182] tts        536  TTS_MSG_GETAUDIO  0  
[2017/07/14 00:04:57 182] tts        429  get audio|use local  
[2017/07/14 00:04:57 182] tts        442  local audiolen:  512  ,ced:  116  
[2017/07/14 00:04:57 182] tts        471  0  udata(468d8) 1  
[2017/07/14 00:04:57 182] tts        536  TTS_MSG_GETAUDIO  0  
[2017/07/14 00:04:57 182] tts        429  get audio|use local  
[2017/07/14 00:04:57 182] tts        442  local audiolen:  512  ,ced:  116  
[2017/07/14 00:04:57 182] tts        471  0  udata(46928) 1  
[2017/07/14 00:04:57 183] tts        536  TTS_MSG_GETAUDIO  0  
[2017/07/14 00:04:57 183] tts        429  get audio|use local  
[2017/07/14 00:04:57 183] tts        442  local audiolen:  512  ,ced:  116  
[2017/07/14 00:04:57 183] tts        471  0  udata(46978) 1  
[2017/07/14 00:04:57 183] tts        536  TTS_MSG_GETAUDIO  0  
[2017/07/14 00:04:57 183] tts        429  get audio|use local  
[2017/07/14 00:04:57 183] tts        442  local audiolen:  512  ,ced:  116  
[2017/07/14 00:04:57 183] tts        471  0  udata(469c8) 1  
[2017/07/14 00:04:57 183] tts        536  TTS_MSG_GETAUDIO  0  
[2017/07/14 00:04:57 183] tts        429  get audio|use local  
[2017/07/14 00:04:57 183] tts        442  local audiolen:  512  ,ced:  116  
[2017/07/14 00:04:57 183] tts        471  0  udata(46a18) 1  
[2017/07/14 00:04:57 183] tts        536  TTS_MSG_GETAUDIO  0  
[2017/07/14 00:04:57 183] tts        429  get audio|use local  
[2017/07/14 00:04:57 183] tts        442  local audiolen:  512  ,ced:  116  
[2017/07/14 00:04:57 183] tts        471  0  udata(46a68) 1  
[2017/07/14 00:04:57 183] tts        536  TTS_MSG_GETAUDIO  0  
[2017/07/14 00:04:57 183] tts        429  get audio|use local  
[2017/07/14 00:04:57 183] tts        442  local audiolen:  512  ,ced:  116  
[2017/07/14 00:04:57 183] tts        471  0  udata(46ab8) 1  
[2017/07/14 00:04:57 184] tts        536  TTS_MSG_GETAUDIO  0  
[2017/07/14 00:04:57 184] tts        429  get audio|use local  
[2017/07/14 00:04:57 184] tts        442  local audiolen:  512  ,ced:  116  
[2017/07/14 00:04:57 184] tts        471  0  udata(46b08) 1  
[2017/07/14 00:04:57 184] tts        536  TTS_MSG_GETAUDIO  0  
[2017/07/14 00:04:57 184] tts        429  get audio|use local  
[2017/07/14 00:04:57 184] tts        442  local audiolen:  512  ,ced:  116  
[2017/07/14 00:04:57 184] tts        471  0  udata(46b58) 1  
[2017/07/14 00:04:57 184] tts        536  TTS_MSG_GETAUDIO  0  
[2017/07/14 00:04:57 184] tts        429  get audio|use local  
[2017/07/14 00:04:57 184] tts        442  local audiolen:  160  ,ced:  116  
[2017/07/14 00:04:57 184] tts        471  0  udata(28e88) 1  
[2017/07/14 00:04:57 184] tts        536  TTS_MSG_GETAUDIO  0  
[2017/07/14 00:04:57 184] tts        429  get audio|use local  
[2017/07/14 00:04:57 184] tts        442  local audiolen:  300  ,ced:  143  
[2017/07/14 00:04:57 184] tts        471  0  udata(46ce8) 1  
[2017/07/14 00:04:57 184] tts        536  TTS_MSG_GETAUDIO  0  
[2017/07/14 00:04:57 184] tts        429  get audio|use local  
[2017/07/14 00:04:57 184] tts        442  local audiolen:  634  ,ced:  143  
[2017/07/14 00:04:57 184] tts        471  0  udata(47138) 1  
[2017/07/14 00:04:57 184] tts        536  TTS_MSG_GETAUDIO  0  
[2017/07/14 00:04:57 184] tts        429  get audio|use local  
[2017/07/14 00:04:57 184] tts        442  local audiolen:  7202  ,ced:  143  
[2017/07/14 00:04:57 184] tts        471  0  udata(29b08) 1  
[2017/07/14 00:04:57 185] tts        536  TTS_MSG_GETAUDIO  0  
[2017/07/14 00:04:57 185] tts        429  get audio|use local  
[2017/07/14 00:04:57 185] tts        442  local audiolen:  13316  ,ced:  143  
[2017/07/14 00:04:57 185] tts        471  0  udata(28dd8) 1  
[2017/07/14 00:04:57 185] tts        536  TTS_MSG_GETAUDIO  0  
[2017/07/14 00:04:57 185] tts        429  get audio|use local  
[2017/07/14 00:04:57 185] tts        442  local audiolen:  7630  ,ced:  143  
[2017/07/14 00:04:57 185] tts        471  0  udata(28e28) 1  
[2017/07/14 00:04:57 185] tts        536  TTS_MSG_GETAUDIO  0  
[2017/07/14 00:04:57 185] tts        429  get audio|use local  
[2017/07/14 00:04:57 185] tts        442  local audiolen:  9120  ,ced:  143  
[2017/07/14 00:04:57 185] tts        471  0  udata(28ed8) 1  
[2017/07/14 00:04:57 186] tts        536  TTS_MSG_GETAUDIO  0  
[2017/07/14 00:04:57 186] tts        429  get audio|use local  
[2017/07/14 00:04:57 186] tts        442  local audiolen:  5372  ,ced:  143  
[2017/07/14 00:04:57 186] tts        471  0  udata(28f28) 1  
[2017/07/14 00:04:57 186] tts        536  TTS_MSG_GETAUDIO  0  
[2017/07/14 00:04:57 186] tts        429  get audio|use local  
[2017/07/14 00:04:57 186] tts        442  local audiolen:  12548  ,ced:  143  
[2017/07/14 00:04:57 186] tts        471  0  udata(28f78) 1  
[2017/07/14 00:04:57 186] tts        536  TTS_MSG_GETAUDIO  0  
[2017/07/14 00:04:57 186] tts        429  get audio|use local  
[2017/07/14 00:04:57 186] tts        442  local audiolen:  512  ,ced:  143  
[2017/07/14 00:04:57 186] tts        471  0  udata(46f48) 1  
[2017/07/14 00:04:57 186] tts        536  TTS_MSG_GETAUDIO  0  
[2017/07/14 00:04:57 187] tts        429  get audio|use local  
[2017/07/14 00:04:57 187] tts        442  local audiolen:  512  ,ced:  143  
[2017/07/14 00:04:57 187] tts        471  0  udata(46c08) 1  
[2017/07/14 00:04:57 187] tts        536  TTS_MSG_GETAUDIO  0  
[2017/07/14 00:04:57 187] tts        429  get audio|use local  
[2017/07/14 00:04:57 187] tts        442  local audiolen:  512  ,ced:  143  
[2017/07/14 00:04:57 187] tts        471  0  udata(46c58) 1  
[2017/07/14 00:04:57 187] tts        536  TTS_MSG_GETAUDIO  0  
[2017/07/14 00:04:57 187] tts        429  get audio|use local  
[2017/07/14 00:04:57 187] tts        442  local audiolen:  512  ,ced:  143  
[2017/07/14 00:04:57 187] tts        471  0  udata(46f98) 1  
[2017/07/14 00:04:57 187] tts        536  TTS_MSG_GETAUDIO  0  
[2017/07/14 00:04:57 187] tts        429  get audio|use local  
[2017/07/14 00:04:57 187] tts        442  local audiolen:  512  ,ced:  143  
[2017/07/14 00:04:57 187] tts        471  0  udata(46fe8) 1  
[2017/07/14 00:04:57 187] tts        536  TTS_MSG_GETAUDIO  0  
[2017/07/14 00:04:57 187] tts        429  get audio|use local  
[2017/07/14 00:04:57 187] tts        442  local audiolen:  512  ,ced:  143  
[2017/07/14 00:04:57 187] tts        471  0  udata(47038) 1  
[2017/07/14 00:04:57 187] tts        536  TTS_MSG_GETAUDIO  0  
[2017/07/14 00:04:57 187] tts        429  get audio|use local  
[2017/07/14 00:04:57 187] tts        442  local audiolen:  512  ,ced:  143  
[2017/07/14 00:04:57 187] tts        471  0  udata(47088) 1  
[2017/07/14 00:04:57 188] tts        536  TTS_MSG_GETAUDIO  0  
[2017/07/14 00:04:57 188] tts        429  get audio|use local  
[2017/07/14 00:04:57 188] tts        442  local audiolen:  512  ,ced:  143  
[2017/07/14 00:04:57 188] tts        471  0  udata(470d8) 1  
[2017/07/14 00:04:57 188] tts        536  TTS_MSG_GETAUDIO  0  
[2017/07/14 00:04:57 188] tts        429  get audio|use local  
[2017/07/14 00:04:57 188] tts        442  local audiolen:  512  ,ced:  143  
[2017/07/14 00:04:57 188] tts        471  0  udata(47188) 1  
[2017/07/14 00:04:57 188] tts        536  TTS_MSG_GETAUDIO  0  
[2017/07/14 00:04:57 188] tts        429  get audio|use local  
[2017/07/14 00:04:57 188] tts        442  local audiolen:  512  ,ced:  143  
[2017/07/14 00:04:57 188] tts        471  0  udata(471d8) 1  
[2017/07/14 00:04:57 188] tts        536  TTS_MSG_GETAUDIO  0  
[2017/07/14 00:04:57 188] tts        429  get audio|use local  
[2017/07/14 00:04:57 188] tts        442  local audiolen:  512  ,ced:  143  
[2017/07/14 00:04:57 188] tts        471  0  udata(47228) 1  
[2017/07/14 00:04:57 188] tts        536  TTS_MSG_GETAUDIO  0  
[2017/07/14 00:04:57 188] tts        429  get audio|use local  
[2017/07/14 00:04:57 188] tts        442  local audiolen:  512  ,ced:  143  
[2017/07/14 00:04:57 188] tts        471  0  udata(47278) 1  
[2017/07/14 00:04:57 188] tts        536  TTS_MSG_GETAUDIO  0  
[2017/07/14 00:04:57 188] tts        429  get audio|use local  
[2017/07/14 00:04:57 188] tts        442  local audiolen:  512  ,ced:  143  
[2017/07/14 00:04:57 188] tts        471  0  udata(472c8) 1  
[2017/07/14 00:04:57 188] tts        536  TTS_MSG_GETAUDIO  0  
[2017/07/14 00:04:57 189] tts        429  get audio|use local  
[2017/07/14 00:04:57 189] tts        442  local audiolen:  512  ,ced:  143  
[2017/07/14 00:04:57 189] tts        471  0  udata(47318) 1  
[2017/07/14 00:04:57 189] tts        536  TTS_MSG_GETAUDIO  0  
[2017/07/14 00:04:57 189] tts        429  get audio|use local  
[2017/07/14 00:04:57 189] tts        442  local audiolen:  512  ,ced:  143  
[2017/07/14 00:04:57 189] tts        471  0  udata(47368) 1  
[2017/07/14 00:04:57 189] tts        536  TTS_MSG_GETAUDIO  0  
[2017/07/14 00:04:57 189] tts        429  get audio|use local  
[2017/07/14 00:04:57 189] tts        442  local audiolen:  512  ,ced:  143  
[2017/07/14 00:04:57 189] tts        471  0  udata(473b8) 1  
[2017/07/14 00:04:57 189] tts        536  TTS_MSG_GETAUDIO  0  
[2017/07/14 00:04:57 189] tts        429  get audio|use local  
[2017/07/14 00:04:57 189] tts        442  local audiolen:  512  ,ced:  143  
[2017/07/14 00:04:57 189] tts        471  0  udata(47408) 1  
[2017/07/14 00:04:57 189] tts        536  TTS_MSG_GETAUDIO  0  
[2017/07/14 00:04:57 189] tts        429  get audio|use local  
[2017/07/14 00:04:57 189] tts        442  local audiolen:  512  ,ced:  143  
[2017/07/14 00:04:57 189] tts        471  0  udata(47458) 1  
[2017/07/14 00:04:57 189] tts        536  TTS_MSG_GETAUDIO  0  
[2017/07/14 00:04:57 189] tts        429  get audio|use local  
[2017/07/14 00:04:57 189] tts        442  local audiolen:  160  ,ced:  143  
[2017/07/14 00:04:57 189] tts        471  0  udata(46de8) 1  
[2017/07/14 00:04:57 189] tts        536  TTS_MSG_GETAUDIO  0  
[2017/07/14 00:04:57 189] tts        429  get audio|use local  
[2017/07/14 00:04:57 189] tts        442  local audiolen:  300  ,ced:  176  
[2017/07/14 00:04:57 189] tts        471  0  udata(475e8) 1  
[2017/07/14 00:04:57 190] tts        536  TTS_MSG_GETAUDIO  0  
[2017/07/14 00:04:57 190] tts        429  get audio|use local  
[2017/07/14 00:04:57 190] tts        442  local audiolen:  634  ,ced:  176  
[2017/07/14 00:04:57 190] tts        471  0  udata(47a38) 1  
[2017/07/14 00:04:57 190] tts        536  TTS_MSG_GETAUDIO  0  
[2017/07/14 00:04:57 190] tts        429  get audio|use local  
[2017/07/14 00:04:57 190] tts        442  local audiolen:  8528  ,ced:  176  
[2017/07/14 00:04:57 190] tts        471  0  udata(46ba8) 1  
[2017/07/14 00:04:57 190] tts        536  TTS_MSG_GETAUDIO  0  
[2017/07/14 00:04:57 190] tts        429  get audio|use local  
[2017/07/14 00:04:57 190] tts        442  local audiolen:  7092  ,ced:  176  
[2017/07/14 00:04:57 190] tts        471  0  udata(46d38) 1  
[2017/07/14 00:04:57 190] tts        536  TTS_MSG_GETAUDIO  0  
[2017/07/14 00:04:57 190] tts        429  get audio|use local  
[2017/07/14 00:04:57 190] tts        442  local audiolen:  6376  ,ced:  176  
[2017/07/14 00:04:57 190] tts        471  0  udata(46d88) 1  
[2017/07/14 00:04:57 190] tts        536  TTS_MSG_GETAUDIO  0  
[2017/07/14 00:04:57 190] tts        429  get audio|use local  
[2017/07/14 00:04:57 190] tts        442  local audiolen:  7488  ,ced:  176  
[2017/07/14 00:04:57 191] tts        471  0  udata(46e38) 1  
[2017/07/14 00:04:57 191] tts        536  TTS_MSG_GETAUDIO  0  
[2017/07/14 00:04:57 191] tts        429  get audio|use local  
[2017/07/14 00:04:57 191] tts        442  local audiolen:  8846  ,ced:  176  
[2017/07/14 00:04:57 191] tts        471  0  udata(46e88) 1  
[2017/07/14 00:04:57 191] tts        536  TTS_MSG_GETAUDIO  0  
[2017/07/14 00:04:57 191] tts        429  get audio|use local  
[2017/07/14 00:04:57 191] tts        442  local audiolen:  7224  ,ced:  176  
[2017/07/14 00:04:57 191] tts        471  0  udata(46ed8) 1  
[2017/07/14 00:04:57 191] tts        536  TTS_MSG_GETAUDIO  0  
[2017/07/14 00:04:57 191] tts        429  get audio|use local  
[2017/07/14 00:04:57 191] tts        442  local audiolen:  13396  ,ced:  176  
[2017/07/14 00:04:57 191] tts        471  0  udata(474a8) 1  
[2017/07/14 00:04:57 192] tts        536  TTS_MSG_GETAUDIO  0  
[2017/07/14 00:04:57 192] tts        429  get audio|use local  
[2017/07/14 00:04:57 192] tts        442  local audiolen:  7156  ,ced:  176  
[2017/07/14 00:04:57 192] tts        471  0  udata(474f8) 1  
[2017/07/14 00:04:57 192] tts        536  TTS_MSG_GETAUDIO  0  
[2017/07/14 00:04:57 192] tts        429  get audio|use local  
[2017/07/14 00:04:57 192] tts        442  local audiolen:  5896  ,ced:  176  
[2017/07/14 00:04:57 192] tts        471  0  udata(47548) 1  
[2017/07/14 00:04:57 193] tts        536  TTS_MSG_GETAUDIO  0  
[2017/07/14 00:04:57 193] tts        429  get audio|use local  
[2017/07/14 00:04:57 193] tts        442  local audiolen:  512  ,ced:  176  
[2017/07/14 00:04:57 193] tts        471  0  udata(47598) 1  
[2017/07/14 00:04:57 193] tts        536  TTS_MSG_GETAUDIO  0  
[2017/07/14 00:04:57 193] tts        429  get audio|use local  
[2017/07/14 00:04:57 193] tts        442  local audiolen:  512  ,ced:  176  
[2017/07/14 00:04:57 194] tts        471  0  udata(47698) 1  
[2017/07/14 00:04:57 195] tts        536  TTS_MSG_GETAUDIO  0  
[2017/07/14 00:04:57 195] tts        429  get audio|use local  
[2017/07/14 00:04:57 195] tts        442  local audiolen:  512  ,ced:  176  
[2017/07/14 00:04:57 196] tts        471  0  udata(476e8) 1  
[2017/07/14 00:04:57 196] tts        536  TTS_MSG_GETAUDIO  0  
[2017/07/14 00:04:57 196] tts        429  get audio|use local  
[2017/07/14 00:04:57 196] tts        442  local audiolen:  512  ,ced:  176  
[2017/07/14 00:04:57 196] tts        471  0  udata(47738) 1  
[2017/07/14 00:04:57 196] tts        536  TTS_MSG_GETAUDIO  0  
[2017/07/14 00:04:57 196] tts        429  get audio|use local  
[2017/07/14 00:04:57 196] tts        442  local audiolen:  512  ,ced:  176  
[2017/07/14 00:04:57 196] tts        471  0  udata(47788) 1  
[2017/07/14 00:04:57 197] tts        536  TTS_MSG_GETAUDIO  0  
[2017/07/14 00:04:57 197] tts        429  get audio|use local  
[2017/07/14 00:04:57 197] tts        442  local audiolen:  512  ,ced:  176  
[2017/07/14 00:04:57 197] tts        471  0  udata(477d8) 1  
[2017/07/14 00:04:57 197] tts        536  TTS_MSG_GETAUDIO  0  
[2017/07/14 00:04:57 197] tts        429  get audio|use local  
[2017/07/14 00:04:57 197] tts        442  local audiolen:  512  ,ced:  176  
[2017/07/14 00:04:57 197] tts        471  0  udata(47a88) 1  
[2017/07/14 00:04:57 197] tts        536  TTS_MSG_GETAUDIO  0  
[2017/07/14 00:04:57 197] tts        429  get audio|use local  
[2017/07/14 00:04:57 197] tts        442  local audiolen:  512  ,ced:  176  
[2017/07/14 00:04:57 197] tts        471  0  udata(47ad8) 1  
[2017/07/14 00:04:57 198] tts        536  TTS_MSG_GETAUDIO  0  
[2017/07/14 00:04:57 198] tts        429  get audio|use local  
[2017/07/14 00:04:57 198] tts        442  local audiolen:  512  ,ced:  176  
[2017/07/14 00:04:57 198] tts        471  0  udata(47b28) 1  
[2017/07/14 00:04:57 198] tts        536  TTS_MSG_GETAUDIO  0  
[2017/07/14 00:04:57 198] tts        429  get audio|use local  
[2017/07/14 00:04:57 198] tts        442  local audiolen:  512  ,ced:  176  
[2017/07/14 00:04:57 198] tts        471  0  udata(47b78) 1  
[2017/07/14 00:04:57 198] tts        536  TTS_MSG_GETAUDIO  0  
[2017/07/14 00:04:57 198] tts        429  get audio|use local  
[2017/07/14 00:04:57 198] tts        442  local audiolen:  512  ,ced:  176  
[2017/07/14 00:04:57 198] tts        471  0  udata(47bc8) 1  
[2017/07/14 00:04:57 198] tts        536  TTS_MSG_GETAUDIO  0  
[2017/07/14 00:04:57 198] tts        429  get audio|use local  
[2017/07/14 00:04:57 198] tts        442  local audiolen:  512  ,ced:  176  
[2017/07/14 00:04:57 198] tts        471  0  udata(47c18) 1  
[2017/07/14 00:04:57 199] tts        536  TTS_MSG_GETAUDIO  0  
[2017/07/14 00:04:57 199] tts        429  get audio|use local  
[2017/07/14 00:04:57 199] tts        442  local audiolen:  512  ,ced:  176  
[2017/07/14 00:04:57 199] tts        471  0  udata(47cc8) 1  
[2017/07/14 00:04:57 199] tts        536  TTS_MSG_GETAUDIO  0  
[2017/07/14 00:04:57 199] tts        429  get audio|use local  
[2017/07/14 00:04:57 199] tts        442  local audiolen:  512  ,ced:  176  
[2017/07/14 00:04:57 199] tts        471  0  udata(47d18) 1  
[2017/07/14 00:04:57 199] tts        536  TTS_MSG_GETAUDIO  0  
[2017/07/14 00:04:57 199] tts        429  get audio|use local  
[2017/07/14 00:04:57 199] tts        442  local audiolen:  512  ,ced:  176  
[2017/07/14 00:04:57 199] tts        471  0  udata(47d68) 1  
[2017/07/14 00:04:57 199] tts        536  TTS_MSG_GETAUDIO  0  
[2017/07/14 00:04:57 199] tts        429  get audio|use local  
[2017/07/14 00:04:57 199] tts        442  local audiolen:  512  ,ced:  176  
[2017/07/14 00:04:57 199] tts        471  0  udata(47db8) 1  
[2017/07/14 00:04:57 199] tts        536  TTS_MSG_GETAUDIO  0  
[2017/07/14 00:04:57 200] tts        429  get audio|use local  
[2017/07/14 00:04:57 200] tts        442  local audiolen:  512  ,ced:  176  
[2017/07/14 00:04:57 200] tts        471  0  udata(47e08) 1  
[2017/07/14 00:04:57 200] tts        536  TTS_MSG_GETAUDIO  0  
[2017/07/14 00:04:57 200] tts        429  get audio|use local  
[2017/07/14 00:04:57 200] tts        442  local audiolen:  512  ,ced:  176  
[2017/07/14 00:04:57 200] tts        471  0  udata(47e58) 1  
[2017/07/14 00:04:57 200] tts        536  TTS_MSG_GETAUDIO  0  
[2017/07/14 00:04:57 200] tts        429  get audio|use local  
[2017/07/14 00:04:57 200] tts        442  local audiolen:  160  ,ced:  176  
[2017/07/14 00:04:57 200] tts        471  0  udata(478d8) 1  
[2017/07/14 00:04:57 200] tts        536  TTS_MSG_GETAUDIO  0  
[2017/07/14 00:04:57 200] tts        429  get audio|use local  
[2017/07/14 00:04:57 200] tts        442  local audiolen:  272  ,ced:  200  
[2017/07/14 00:04:57 200] tts        471  0  udata(47fc8) 1  
[2017/07/14 00:04:57 200] tts        536  TTS_MSG_GETAUDIO  0  
[2017/07/14 00:04:57 200] tts        429  get audio|use local  
[2017/07/14 00:04:57 200] tts        442  local audiolen:  11504  ,ced:  200  
[2017/07/14 00:04:57 200] tts        471  0  udata(47638) 1  
[2017/07/14 00:04:57 201] tts        536  TTS_MSG_GETAUDIO  0  
[2017/07/14 00:04:57 201] tts        429  get audio|use local  
[2017/07/14 00:04:57 201] tts        442  local audiolen:  7070  ,ced:  200  
[2017/07/14 00:04:57 201] tts        471  0  udata(47828) 1  
[2017/07/14 00:04:57 201] tts        536  TTS_MSG_GETAUDIO  0  
[2017/07/14 00:04:57 201] tts        429  get audio|use local  
[2017/07/14 00:04:57 201] tts        442  local audiolen:  6802  ,ced:  200  
[2017/07/14 00:04:57 201] tts        471  0  udata(47878) 1  
[2017/07/14 00:04:57 201] tts        536  TTS_MSG_GETAUDIO  0  
[2017/07/14 00:04:57 201] tts        429  get audio|use local  
[2017/07/14 00:04:57 201] tts        442  local audiolen:  7136  ,ced:  200  
[2017/07/14 00:04:57 201] tts        471  0  udata(47928) 1  
[2017/07/14 00:04:57 201] tts        536  TTS_MSG_GETAUDIO  0  
[2017/07/14 00:04:57 201] tts        429  get audio|use local  
[2017/07/14 00:04:57 201] tts        442  local audiolen:  3944  ,ced:  200  
[2017/07/14 00:04:57 201] tts        471  0  udata(47978) 1  
[2017/07/14 00:04:57 201] tts        536  TTS_MSG_GETAUDIO  0  
[2017/07/14 00:04:57 201] tts        429  get audio|use local  
[2017/07/14 00:04:57 202] tts        442  local audiolen:  10648  ,ced:  200  
[2017/07/14 00:04:57 202] tts        471  0  udata(479c8) 1  
[2017/07/14 00:04:57 202] tts        536  TTS_MSG_GETAUDIO  0  
[2017/07/14 00:04:57 202] tts        429  get audio|use local  
[2017/07/14 00:04:57 202] tts        442  local audiolen:  4700  ,ced:  200  
[2017/07/14 00:04:57 202] tts        471  0  udata(47ea8) 1  
[2017/07/14 00:04:57 202] tts        536  TTS_MSG_GETAUDIO  0  
[2017/07/14 00:04:57 202] tts        429  get audio|use local  
[2017/07/14 00:04:57 202] tts        442  local audiolen:  7102  ,ced:  200  
[2017/07/14 00:04:57 202] tts        471  0  udata(47ef8) 2  
[2017/07/14 00:04:57 203] tts        539  TTS_MSG_SSE  
[2017/07/14 00:04:57 204] tts        493  sse|use local  
[2017/07/14 00:04:57 206] tts        509  tts exit  
[2017/07/14 00:04:57 206] tts        546  SYS_MSG_UNLOAD  
