============================================================
Time  2017/07/13 23:54:12 805 
============================================================
[2017/07/13 23:54:12 805] tts        555  SYS_MSG_REGCB param0 =  msp_status_cb  param1 =  func(ac0182e0) 
[2017/07/13 23:54:12 806] config     42   use general cloud  
[2017/07/13 23:54:12 808] tts_cloud  1414 SYS_MSG_REGCB_CLOUD param0 =   msp_status_cb  param1 =  func(ac0182e0) 
[2017/07/13 23:54:12 808] tts        527  TTS_MSG_SSB  
[2017/07/13 23:54:12 808] tts        338  params =  engine_type = local, text_encoding = UTF8,voice_name=xiaofeng,tts_res_path = fo|res/tts/xiaofeng.jet;fo|res/tts/common.jet, sample_rate = 16000, speed = 50, volume = 50, pitch = 50, rdn = 2  
[2017/07/13 23:54:12 808] tts        369  ssb|use local  
[2017/07/13 23:54:12 808] tts        313  local_session_begin  
[2017/07/13 23:54:12 809] tts        533  TTS_MSG_SYN  0  
[2017/07/13 23:54:12 809] tts        404  synth|use local  
[2017/07/13 23:54:12 809] tts        536  TTS_MSG_GETAUDIO  0  
[2017/07/13 23:54:12 809] tts        429  get audio|use local  
[2017/07/13 23:54:12 809] tts        471  0  nil  1  
[2017/07/13 23:54:12 809] tts        536  TTS_MSG_GETAUDIO  0  
[2017/07/13 23:54:12 810] tts        429  get audio|use local  
[2017/07/13 23:54:12 810] tts        471  0  nil  1  
[2017/07/13 23:54:12 810] tts        536  TTS_MSG_GETAUDIO  0  
[2017/07/13 23:54:12 810] tts        429  get audio|use local  
[2017/07/13 23:54:12 810] tts        471  0  nil  1  
[2017/07/13 23:54:12 810] tts        536  TTS_MSG_GETAUDIO  0  
[2017/07/13 23:54:12 810] tts        429  get audio|use local  
[2017/07/13 23:54:12 810] tts        471  0  nil  1  
[2017/07/13 23:54:12 811] tts        536  TTS_MSG_GETAUDIO  0  
[2017/07/13 23:54:12 811] tts        429  get audio|use local  
[2017/07/13 23:54:12 811] tts        471  0  nil  1  
[2017/07/13 23:54:12 811] tts        536  TTS_MSG_GETAUDIO  0  
[2017/07/13 23:54:12 811] tts        429  get audio|use local  
[2017/07/13 23:54:12 811] tts        471  0  nil  1  
[2017/07/13 23:54:12 811] tts        536  TTS_MSG_GETAUDIO  0  
[2017/07/13 23:54:12 811] tts        429  get audio|use local  
[2017/07/13 23:54:12 811] tts        471  0  nil  1  
[2017/07/13 23:54:12 812] tts        536  TTS_MSG_GETAUDIO  0  
[2017/07/13 23:54:12 812] tts        429  get audio|use local  
[2017/07/13 23:54:12 812] tts        471  0  nil  1  
[2017/07/13 23:54:12 813] tts        536  TTS_MSG_GETAUDIO  0  
[2017/07/13 23:54:12 813] tts        429  get audio|use local  
[2017/07/13 23:54:12 813] tts        471  0  nil  1  
[2017/07/13 23:54:12 813] tts        536  TTS_MSG_GETAUDIO  0  
[2017/07/13 23:54:12 813] tts        429  get audio|use local  
[2017/07/13 23:54:12 813] tts        471  0  nil  1  
[2017/07/13 23:54:12 813] tts        536  TTS_MSG_GETAUDIO  0  
[2017/07/13 23:54:12 813] tts        429  get audio|use local  
[2017/07/13 23:54:12 813] tts        471  0  nil  1  
[2017/07/13 23:54:12 814] tts        536  TTS_MSG_GETAUDIO  0  
[2017/07/13 23:54:12 814] tts        429  get audio|use local  
[2017/07/13 23:54:12 814] tts        471  0  nil  1  
[2017/07/13 23:54:12 814] tts        536  TTS_MSG_GETAUDIO  0  
[2017/07/13 23:54:12 814] tts        429  get audio|use local  
[2017/07/13 23:54:12 814] tts        471  0  nil  1  
[2017/07/13 23:54:12 814] tts        536  TTS_MSG_GETAUDIO  0  
[2017/07/13 23:54:12 814] tts        429  get audio|use local  
[2017/07/13 23:54:12 814] tts        471  0  nil  1  
[2017/07/13 23:54:12 815] tts        536  TTS_MSG_GETAUDIO  0  
[2017/07/13 23:54:12 815] tts        429  get audio|use local  
[2017/07/13 23:54:12 815] tts        471  0  nil  1  
[2017/07/13 23:54:12 815] tts        536  TTS_MSG_GETAUDIO  0  
[2017/07/13 23:54:12 815] tts        429  get audio|use local  
[2017/07/13 23:54:12 815] tts        471  0  nil  1  
[2017/07/13 23:54:12 815] tts        536  TTS_MSG_GETAUDIO  0  
[2017/07/13 23:54:12 815] tts        429  get audio|use local  
[2017/07/13 23:54:12 815] tts        471  0  nil  1  
[2017/07/13 23:54:12 816] tts        536  TTS_MSG_GETAUDIO  0  
[2017/07/13 23:54:12 816] tts        429  get audio|use local  
[2017/07/13 23:54:12 816] tts        471  0  nil  1  
[2017/07/13 23:54:12 816] tts        536  TTS_MSG_GETAUDIO  0  
[2017/07/13 23:54:12 816] tts        429  get audio|use local  
[2017/07/13 23:54:12 816] tts        471  0  nil  1  
[2017/07/13 23:54:12 816] tts        536  TTS_MSG_GETAUDIO  0  
[2017/07/13 23:54:12 816] tts        429  get audio|use local  
[2017/07/13 23:54:12 816] tts        471  0  nil  1  
[2017/07/13 23:54:12 816] tts        536  TTS_MSG_GETAUDIO  0  
[2017/07/13 23:54:12 816] tts        429  get audio|use local  
[2017/07/13 23:54:12 816] tts        471  0  nil  1  
[2017/07/13 23:54:12 817] tts        536  TTS_MSG_GETAUDIO  0  
[2017/07/13 23:54:12 817] tts        429  get audio|use local  
[2017/07/13 23:54:12 817] tts        471  0  nil  1  
[2017/07/13 23:54:12 817] tts        536  TTS_MSG_GETAUDIO  0  
[2017/07/13 23:54:12 817] tts        429  get audio|use local  
[2017/07/13 23:54:12 817] tts        471  0  nil  1  
[2017/07/13 23:54:12 817] tts        536  TTS_MSG_GETAUDIO  0  
[2017/07/13 23:54:12 818] tts        429  get audio|use local  
[2017/07/13 23:54:12 818] tts        471  0  nil  1  
[2017/07/13 23:54:12 818] tts        536  TTS_MSG_GETAUDIO  0  
[2017/07/13 23:54:12 818] tts        429  get audio|use local  
[2017/07/13 23:54:12 818] tts        471  0  nil  1  
[2017/07/13 23:54:12 818] tts        536  TTS_MSG_GETAUDIO  0  
[2017/07/13 23:54:12 819] tts        429  get audio|use local  
[2017/07/13 23:54:12 819] tts        471  0  nil  1  
[2017/07/13 23:54:12 819] tts        536  TTS_MSG_GETAUDIO  0  
[2017/07/13 23:54:12 819] tts        429  get audio|use local  
[2017/07/13 23:54:12 819] tts        471  0  nil  1  
[2017/07/13 23:54:12 820] tts        536  TTS_MSG_GETAUDIO  0  
[2017/07/13 23:54:12 820] tts        429  get audio|use local  
[2017/07/13 23:54:12 820] tts        471  0  nil  1  
[2017/07/13 23:54:12 820] tts        536  TTS_MSG_GETAUDIO  0  
[2017/07/13 23:54:12 820] tts        429  get audio|use local  
[2017/07/13 23:54:12 820] tts        471  0  nil  1  
[2017/07/13 23:54:12 821] tts        536  TTS_MSG_GETAUDIO  0  
[2017/07/13 23:54:12 821] tts        429  get audio|use local  
[2017/07/13 23:54:12 821] tts        471  0  nil  1  
[2017/07/13 23:54:12 821] tts        536  TTS_MSG_GETAUDIO  0  
[2017/07/13 23:54:12 821] tts        429  get audio|use local  
[2017/07/13 23:54:12 821] tts        471  0  nil  1  
[2017/07/13 23:54:12 822] tts        536  TTS_MSG_GETAUDIO  0  
[2017/07/13 23:54:12 822] tts        429  get audio|use local  
[2017/07/13 23:54:12 822] tts        471  0  nil  1  
[2017/07/13 23:54:12 822] tts        536  TTS_MSG_GETAUDIO  0  
[2017/07/13 23:54:12 822] tts        429  get audio|use local  
[2017/07/13 23:54:12 822] tts        471  0  nil  1  
[2017/07/13 23:54:12 823] tts        536  TTS_MSG_GETAUDIO  0  
[2017/07/13 23:54:12 823] tts        429  get audio|use local  
[2017/07/13 23:54:12 823] tts        471  0  nil  1  
[2017/07/13 23:54:12 823] tts        536  TTS_MSG_GETAUDIO  0  
[2017/07/13 23:54:12 823] tts        429  get audio|use local  
[2017/07/13 23:54:12 823] tts        471  0  nil  1  
[2017/07/13 23:54:12 823] tts        536  TTS_MSG_GETAUDIO  0  
[2017/07/13 23:54:12 823] tts        429  get audio|use local  
[2017/07/13 23:54:12 823] tts        471  0  nil  1  
[2017/07/13 23:54:12 823] tts        536  TTS_MSG_GETAUDIO  0  
[2017/07/13 23:54:12 823] tts        429  get audio|use local  
[2017/07/13 23:54:12 823] tts        471  0  nil  1  
[2017/07/13 23:54:12 824] tts        536  TTS_MSG_GETAUDIO  0  
[2017/07/13 23:54:12 824] tts        429  get audio|use local  
[2017/07/13 23:54:12 824] tts        471  0  nil  1  
[2017/07/13 23:54:12 824] tts        536  TTS_MSG_GETAUDIO  0  
[2017/07/13 23:54:12 824] tts        429  get audio|use local  
[2017/07/13 23:54:12 824] tts        471  0  nil  1  
[2017/07/13 23:54:12 824] tts        536  TTS_MSG_GETAUDIO  0  
[2017/07/13 23:54:12 824] tts        429  get audio|use local  
[2017/07/13 23:54:12 824] tts        471  0  nil  1  
[2017/07/13 23:54:12 825] tts        536  TTS_MSG_GETAUDIO  0  
[2017/07/13 23:54:12 825] tts        429  get audio|use local  
[2017/07/13 23:54:12 825] tts        471  0  nil  1  
[2017/07/13 23:54:12 825] tts        536  TTS_MSG_GETAUDIO  0  
[2017/07/13 23:54:12 825] tts        429  get audio|use local  
[2017/07/13 23:54:12 825] tts        471  0  nil  1  
[2017/07/13 23:54:12 825] tts        536  TTS_MSG_GETAUDIO  0  
[2017/07/13 23:54:12 825] tts        429  get audio|use local  
[2017/07/13 23:54:12 825] tts        471  0  nil  1  
[2017/07/13 23:54:12 826] tts        536  TTS_MSG_GETAUDIO  0  
[2017/07/13 23:54:12 826] tts        429  get audio|use local  
[2017/07/13 23:54:12 826] tts        471  0  nil  1  
[2017/07/13 23:54:12 826] tts        536  TTS_MSG_GETAUDIO  0  
[2017/07/13 23:54:12 826] tts        429  get audio|use local  
[2017/07/13 23:54:12 826] tts        471  0  nil  1  
[2017/07/13 23:54:12 826] tts        536  TTS_MSG_GETAUDIO  0  
[2017/07/13 23:54:12 826] tts        429  get audio|use local  
[2017/07/13 23:54:12 827] tts        471  0  nil  1  
[2017/07/13 23:54:12 827] tts        536  TTS_MSG_GETAUDIO  0  
[2017/07/13 23:54:12 827] tts        429  get audio|use local  
[2017/07/13 23:54:12 827] tts        471  0  nil  1  
[2017/07/13 23:54:12 827] tts        536  TTS_MSG_GETAUDIO  0  
[2017/07/13 23:54:12 827] tts        429  get audio|use local  
[2017/07/13 23:54:12 827] tts        471  0  nil  1  
[2017/07/13 23:54:12 827] tts        536  TTS_MSG_GETAUDIO  0  
[2017/07/13 23:54:12 827] tts        429  get audio|use local  
[2017/07/13 23:54:12 827] tts        471  0  nil  1  
[2017/07/13 23:54:12 827] tts        536  TTS_MSG_GETAUDIO  0  
[2017/07/13 23:54:12 827] tts        429  get audio|use local  
[2017/07/13 23:54:12 827] tts        471  0  nil  1  
[2017/07/13 23:54:12 828] tts        536  TTS_MSG_GETAUDIO  0  
[2017/07/13 23:54:12 828] tts        429  get audio|use local  
[2017/07/13 23:54:12 828] tts        471  0  nil  1  
[2017/07/13 23:54:12 829] tts        536  TTS_MSG_GETAUDIO  0  
[2017/07/13 23:54:12 829] tts        429  get audio|use local  
[2017/07/13 23:54:12 829] tts        471  0  nil  1  
[2017/07/13 23:54:12 830] tts        536  TTS_MSG_GETAUDIO  0  
[2017/07/13 23:54:12 830] tts        429  get audio|use local  
[2017/07/13 23:54:12 830] tts        471  0  nil  1  
[2017/07/13 23:54:12 830] tts        536  TTS_MSG_GETAUDIO  0  
[2017/07/13 23:54:12 830] tts        429  get audio|use local  
[2017/07/13 23:54:12 830] tts        471  0  nil  1  
[2017/07/13 23:54:12 831] tts        536  TTS_MSG_GETAUDIO  0  
[2017/07/13 23:54:12 831] tts        429  get audio|use local  
[2017/07/13 23:54:12 831] tts        471  0  nil  1  
[2017/07/13 23:54:12 832] tts        536  TTS_MSG_GETAUDIO  0  
[2017/07/13 23:54:12 832] tts        429  get audio|use local  
[2017/07/13 23:54:12 832] tts        471  0  nil  1  
[2017/07/13 23:54:12 833] tts        536  TTS_MSG_GETAUDIO  0  
[2017/07/13 23:54:12 833] tts        429  get audio|use local  
[2017/07/13 23:54:12 833] tts        471  0  nil  1  
[2017/07/13 23:54:12 833] tts        536  TTS_MSG_GETAUDIO  0  
[2017/07/13 23:54:12 833] tts        429  get audio|use local  
[2017/07/13 23:54:12 833] tts        471  0  nil  1  
[2017/07/13 23:54:12 834] tts        536  TTS_MSG_GETAUDIO  0  
[2017/07/13 23:54:12 834] tts        429  get audio|use local  
[2017/07/13 23:54:12 834] tts        471  0  nil  1  
[2017/07/13 23:54:12 834] tts        290  TTS_LOCAL_CB_BEGIN  
[2017/07/13 23:54:12 834] tts        536  TTS_MSG_GETAUDIO  0  
[2017/07/13 23:54:12 834] tts        429  get audio|use local  
[2017/07/13 23:54:12 834] tts        471  0  nil  1  
[2017/07/13 23:54:12 834] tts        536  TTS_MSG_GETAUDIO  0  
[2017/07/13 23:54:12 834] tts        429  get audio|use local  
[2017/07/13 23:54:12 834] tts        471  0  nil  1  
[2017/07/13 23:54:12 834] tts        536  TTS_MSG_GETAUDIO  0  
[2017/07/13 23:54:12 834] tts        429  get audio|use local  
[2017/07/13 23:54:12 834] tts        471  0  nil  1  
[2017/07/13 23:54:12 835] tts        536  TTS_MSG_GETAUDIO  0  
[2017/07/13 23:54:12 835] tts        429  get audio|use local  
[2017/07/13 23:54:12 835] tts        471  0  nil  1  
[2017/07/13 23:54:12 835] tts        536  TTS_MSG_GETAUDIO  0  
[2017/07/13 23:54:12 835] tts        429  get audio|use local  
[2017/07/13 23:54:12 835] tts        471  0  nil  1  
[2017/07/13 23:54:12 835] tts        536  TTS_MSG_GETAUDIO  0  
[2017/07/13 23:54:12 835] tts        429  get audio|use local  
[2017/07/13 23:54:12 835] tts        471  0  nil  1  
[2017/07/13 23:54:12 836] tts        536  TTS_MSG_GETAUDIO  0  
[2017/07/13 23:54:12 836] tts        429  get audio|use local  
[2017/07/13 23:54:12 836] tts        471  0  nil  1  
[2017/07/13 23:54:12 836] tts        536  TTS_MSG_GETAUDIO  0  
[2017/07/13 23:54:12 836] tts        429  get audio|use local  
[2017/07/13 23:54:12 836] tts        471  0  nil  1  
[2017/07/13 23:54:12 836] tts        536  TTS_MSG_GETAUDIO  0  
[2017/07/13 23:54:12 836] tts        429  get audio|use local  
[2017/07/13 23:54:12 836] tts        471  0  nil  1  
[2017/07/13 23:54:12 837] tts        536  TTS_MSG_GETAUDIO  0  
[2017/07/13 23:54:12 837] tts        429  get audio|use local  
[2017/07/13 23:54:12 837] tts        442  local audiolen:  300  ,ced:  18  
[2017/07/13 23:54:12 837] tts        471  0  udata(ac079128) 1  
[2017/07/13 23:54:12 839] tts        536  TTS_MSG_GETAUDIO  0  
[2017/07/13 23:54:12 839] tts        429  get audio|use local  
[2017/07/13 23:54:12 839] tts        471  0  nil  1  
[2017/07/13 23:54:12 839] tts        536  TTS_MSG_GETAUDIO  0  
[2017/07/13 23:54:12 839] tts        429  get audio|use local  
[2017/07/13 23:54:12 839] tts        471  0  nil  1  
[2017/07/13 23:54:12 842] tts        536  TTS_MSG_GETAUDIO  0  
[2017/07/13 23:54:12 842] tts        429  get audio|use local  
[2017/07/13 23:54:12 842] tts        471  0  nil  1  
[2017/07/13 23:54:12 843] tts        536  TTS_MSG_GETAUDIO  0  
[2017/07/13 23:54:12 843] tts        429  get audio|use local  
[2017/07/13 23:54:12 843] tts        471  0  nil  1  
[2017/07/13 23:54:12 843] tts        536  TTS_MSG_GETAUDIO  0  
[2017/07/13 23:54:12 843] tts        429  get audio|use local  
[2017/07/13 23:54:12 843] tts        471  0  nil  1  
[2017/07/13 23:54:12 844] tts        536  TTS_MSG_GETAUDIO  0  
[2017/07/13 23:54:12 844] tts        429  get audio|use local  
[2017/07/13 23:54:12 844] tts        471  0  nil  1  
[2017/07/13 23:54:12 845] tts        536  TTS_MSG_GETAUDIO  0  
[2017/07/13 23:54:12 845] tts        429  get audio|use local  
[2017/07/13 23:54:12 845] tts        442  local audiolen:  4472  ,ced:  18  
[2017/07/13 23:54:12 845] tts        471  0  udata(ac06d9d8) 1  
[2017/07/13 23:54:12 846] tts        536  TTS_MSG_GETAUDIO  0  
[2017/07/13 23:54:12 846] tts        429  get audio|use local  
[2017/07/13 23:54:12 846] tts        471  0  nil  1  
[2017/07/13 23:54:12 847] tts        536  TTS_MSG_GETAUDIO  0  
[2017/07/13 23:54:12 847] tts        429  get audio|use local  
[2017/07/13 23:54:12 847] tts        471  0  nil  1  
[2017/07/13 23:54:12 848] tts        536  TTS_MSG_GETAUDIO  0  
[2017/07/13 23:54:12 848] tts        429  get audio|use local  
[2017/07/13 23:54:12 848] tts        471  0  nil  1  
[2017/07/13 23:54:12 848] tts        536  TTS_MSG_GETAUDIO  0  
[2017/07/13 23:54:12 848] tts        429  get audio|use local  
[2017/07/13 23:54:12 848] tts        471  0  nil  1  
[2017/07/13 23:54:12 851] tts        536  TTS_MSG_GETAUDIO  0  
[2017/07/13 23:54:12 851] tts        429  get audio|use local  
[2017/07/13 23:54:12 851] tts        471  0  nil  1  
[2017/07/13 23:54:12 851] tts        536  TTS_MSG_GETAUDIO  0  
[2017/07/13 23:54:12 851] tts        429  get audio|use local  
[2017/07/13 23:54:12 851] tts        471  0  nil  1  
[2017/07/13 23:54:12 852] tts        536  TTS_MSG_GETAUDIO  0  
[2017/07/13 23:54:12 852] tts        429  get audio|use local  
[2017/07/13 23:54:12 852] tts        471  0  nil  1  
[2017/07/13 23:54:12 852] tts        536  TTS_MSG_GETAUDIO  0  
[2017/07/13 23:54:12 852] tts        429  get audio|use local  
[2017/07/13 23:54:12 852] tts        471  0  nil  1  
[2017/07/13 23:54:12 853] tts        536  TTS_MSG_GETAUDIO  0  
[2017/07/13 23:54:12 853] tts        429  get audio|use local  
[2017/07/13 23:54:12 853] tts        471  0  nil  1  
[2017/07/13 23:54:12 854] tts        536  TTS_MSG_GETAUDIO  0  
[2017/07/13 23:54:12 854] tts        429  get audio|use local  
[2017/07/13 23:54:12 854] tts        471  0  nil  1  
[2017/07/13 23:54:12 855] tts        536  TTS_MSG_GETAUDIO  0  
[2017/07/13 23:54:12 855] tts        429  get audio|use local  
[2017/07/13 23:54:12 855] tts        471  0  nil  1  
[2017/07/13 23:54:12 855] tts        536  TTS_MSG_GETAUDIO  0  
[2017/07/13 23:54:12 855] tts        429  get audio|use local  
[2017/07/13 23:54:12 855] tts        471  0  nil  1  
[2017/07/13 23:54:12 856] tts        536  TTS_MSG_GETAUDIO  0  
[2017/07/13 23:54:12 856] tts        429  get audio|use local  
[2017/07/13 23:54:12 856] tts        471  0  nil  1  
[2017/07/13 23:54:12 856] tts        536  TTS_MSG_GETAUDIO  0  
[2017/07/13 23:54:12 856] tts        429  get audio|use local  
[2017/07/13 23:54:12 856] tts        471  0  nil  1  
[2017/07/13 23:54:12 857] tts        536  TTS_MSG_GETAUDIO  0  
[2017/07/13 23:54:12 857] tts        429  get audio|use local  
[2017/07/13 23:54:12 857] tts        471  0  nil  1  
[2017/07/13 23:54:12 857] tts        536  TTS_MSG_GETAUDIO  0  
[2017/07/13 23:54:12 857] tts        429  get audio|use local  
[2017/07/13 23:54:12 858] tts        471  0  nil  1  
[2017/07/13 23:54:12 858] tts        536  TTS_MSG_GETAUDIO  0  
[2017/07/13 23:54:12 859] tts        429  get audio|use local  
[2017/07/13 23:54:12 859] tts        442  local audiolen:  7136  ,ced:  18  
[2017/07/13 23:54:12 859] tts        471  0  udata(ac06d6e8) 1  
[2017/07/13 23:54:12 860] tts        536  TTS_MSG_GETAUDIO  0  
[2017/07/13 23:54:12 860] tts        429  get audio|use local  
[2017/07/13 23:54:12 860] tts        442  local audiolen:  4510  ,ced:  18  
[2017/07/13 23:54:12 860] tts        471  0  udata(ac06d698) 1  
[2017/07/13 23:54:12 861] tts        536  TTS_MSG_GETAUDIO  0  
[2017/07/13 23:54:12 861] tts        429  get audio|use local  
[2017/07/13 23:54:12 861] tts        442  local audiolen:  12914  ,ced:  18  
[2017/07/13 23:54:12 861] tts        471  0  udata(ac084508) 1  
[2017/07/13 23:54:12 862] tts        536  TTS_MSG_GETAUDIO  0  
[2017/07/13 23:54:12 862] tts        429  get audio|use local  
[2017/07/13 23:54:12 862] tts        442  local audiolen:  6038  ,ced:  18  
[2017/07/13 23:54:12 862] tts        471  0  udata(ac084558) 1  
[2017/07/13 23:54:12 864] tts        536  TTS_MSG_GETAUDIO  0  
[2017/07/13 23:54:12 864] tts        429  get audio|use local  
[2017/07/13 23:54:12 864] tts        442  local audiolen:  512  ,ced:  18  
[2017/07/13 23:54:12 864] tts        471  0  udata(ac07b5c8) 1  
[2017/07/13 23:54:12 870] tts        536  TTS_MSG_GETAUDIO  0  
[2017/07/13 23:54:12 870] tts        429  get audio|use local  
[2017/07/13 23:54:12 870] tts        442  local audiolen:  512  ,ced:  18  
[2017/07/13 23:54:12 870] tts        471  0  udata(ac07b878) 1  
[2017/07/13 23:54:12 870] tts        536  TTS_MSG_GETAUDIO  0  
[2017/07/13 23:54:12 870] tts        429  get audio|use local  
[2017/07/13 23:54:12 870] tts        442  local audiolen:  512  ,ced:  18  
[2017/07/13 23:54:12 870] tts        471  0  udata(ac07b928) 1  
[2017/07/13 23:54:12 871] tts        536  TTS_MSG_GETAUDIO  0  
[2017/07/13 23:54:12 871] tts        429  get audio|use local  
[2017/07/13 23:54:12 871] tts        442  local audiolen:  512  ,ced:  18  
[2017/07/13 23:54:12 871] tts        471  0  udata(ac07ba18) 1  
[2017/07/13 23:54:12 872] tts        536  TTS_MSG_GETAUDIO  0  
[2017/07/13 23:54:12 872] tts        429  get audio|use local  
[2017/07/13 23:54:12 872] tts        442  local audiolen:  512  ,ced:  18  
[2017/07/13 23:54:12 873] tts        471  0  udata(ac07bb68) 1  
[2017/07/13 23:54:12 873] tts        536  TTS_MSG_GETAUDIO  0  
[2017/07/13 23:54:12 873] tts        429  get audio|use local  
[2017/07/13 23:54:12 873] tts        442  local audiolen:  512  ,ced:  18  
[2017/07/13 23:54:12 873] tts        471  0  udata(ac07bc18) 1  
[2017/07/13 23:54:12 874] tts        536  TTS_MSG_GETAUDIO  0  
[2017/07/13 23:54:12 874] tts        429  get audio|use local  
[2017/07/13 23:54:12 874] tts        442  local audiolen:  512  ,ced:  18  
[2017/07/13 23:54:12 874] tts        471  0  udata(ac07bc68) 1  
[2017/07/13 23:54:12 874] tts        536  TTS_MSG_GETAUDIO  0  
[2017/07/13 23:54:12 874] tts        429  get audio|use local  
[2017/07/13 23:54:12 874] tts        471  0  nil  1  
[2017/07/13 23:54:12 875] tts        536  TTS_MSG_GETAUDIO  0  
[2017/07/13 23:54:12 875] tts        429  get audio|use local  
[2017/07/13 23:54:12 875] tts        442  local audiolen:  512  ,ced:  18  
[2017/07/13 23:54:12 875] tts        471  0  udata(ac07bec8) 1  
[2017/07/13 23:54:12 876] tts        536  TTS_MSG_GETAUDIO  0  
[2017/07/13 23:54:12 876] tts        429  get audio|use local  
[2017/07/13 23:54:12 876] tts        442  local audiolen:  512  ,ced:  18  
[2017/07/13 23:54:12 876] tts        471  0  udata(ac07b6b8) 1  
[2017/07/13 23:54:12 877] tts        536  TTS_MSG_GETAUDIO  0  
[2017/07/13 23:54:12 877] tts        429  get audio|use local  
[2017/07/13 23:54:12 877] tts        442  local audiolen:  512  ,ced:  18  
[2017/07/13 23:54:12 877] tts        471  0  udata(ac07c278) 1  
[2017/07/13 23:54:12 877] tts        536  TTS_MSG_GETAUDIO  0  
[2017/07/13 23:54:12 877] tts        429  get audio|use local  
[2017/07/13 23:54:12 877] tts        442  local audiolen:  512  ,ced:  18  
[2017/07/13 23:54:12 877] tts        471  0  udata(ac07c2c8) 1  
[2017/07/13 23:54:12 879] tts        536  TTS_MSG_GETAUDIO  0  
[2017/07/13 23:54:12 879] tts        429  get audio|use local  
[2017/07/13 23:54:12 879] tts        442  local audiolen:  512  ,ced:  18  
[2017/07/13 23:54:12 879] tts        471  0  udata(ac07bd18) 1  
[2017/07/13 23:54:12 879] tts        536  TTS_MSG_GETAUDIO  0  
[2017/07/13 23:54:12 880] tts        429  get audio|use local  
[2017/07/13 23:54:12 880] tts        442  local audiolen:  512  ,ced:  18  
[2017/07/13 23:54:12 880] tts        471  0  udata(ac07bd68) 1  
[2017/07/13 23:54:12 880] tts        536  TTS_MSG_GETAUDIO  0  
[2017/07/13 23:54:12 880] tts        429  get audio|use local  
[2017/07/13 23:54:12 880] tts        442  local audiolen:  512  ,ced:  18  
[2017/07/13 23:54:12 881] tts        471  0  udata(ac079b88) 1  
[2017/07/13 23:54:12 881] tts        536  TTS_MSG_GETAUDIO  0  
[2017/07/13 23:54:12 881] tts        429  get audio|use local  
[2017/07/13 23:54:12 881] tts        442  local audiolen:  512  ,ced:  18  
[2017/07/13 23:54:12 881] tts        471  0  udata(ac079c78) 1  
[2017/07/13 23:54:12 882] tts        536  TTS_MSG_GETAUDIO  0  
[2017/07/13 23:54:12 882] tts        429  get audio|use local  
[2017/07/13 23:54:12 882] tts        442  local audiolen:  512  ,ced:  18  
[2017/07/13 23:54:12 882] tts        471  0  udata(ac07a248) 1  
[2017/07/13 23:54:12 883] tts        536  TTS_MSG_GETAUDIO  0  
[2017/07/13 23:54:12 883] tts        429  get audio|use local  
[2017/07/13 23:54:12 883] tts        442  local audiolen:  512  ,ced:  18  
[2017/07/13 23:54:12 883] tts        471  0  udata(ac07a298) 1  
[2017/07/13 23:54:12 884] tts        536  TTS_MSG_GETAUDIO  0  
[2017/07/13 23:54:12 884] tts        429  get audio|use local  
[2017/07/13 23:54:12 884] tts        442  local audiolen:  512  ,ced:  18  
[2017/07/13 23:54:12 884] tts        471  0  udata(ac07a388) 1  
[2017/07/13 23:54:12 884] tts        536  TTS_MSG_GETAUDIO  0  
[2017/07/13 23:54:12 884] tts        429  get audio|use local  
[2017/07/13 23:54:12 884] tts        442  local audiolen:  160  ,ced:  18  
[2017/07/13 23:54:12 884] tts        471  0  udata(ac07a7b8) 1  
[2017/07/13 23:54:12 886] tts        536  TTS_MSG_GETAUDIO  0  
[2017/07/13 23:54:12 886] tts        429  get audio|use local  
[2017/07/13 23:54:12 886] tts        442  local audiolen:  244  ,ced:  27  
[2017/07/13 23:54:12 886] tts        471  0  udata(ac079b38) 1  
[2017/07/13 23:54:12 886] tts        536  TTS_MSG_GETAUDIO  0  
[2017/07/13 23:54:12 887] tts        429  get audio|use local  
[2017/07/13 23:54:12 887] tts        442  local audiolen:  9884  ,ced:  27  
[2017/07/13 23:54:12 887] tts        471  0  udata(ac07a708) 1  
[2017/07/13 23:54:12 888] tts        536  TTS_MSG_GETAUDIO  0  
[2017/07/13 23:54:12 888] tts        429  get audio|use local  
[2017/07/13 23:54:12 888] tts        442  local audiolen:  7908  ,ced:  27  
[2017/07/13 23:54:12 888] tts        471  0  udata(ac07a758) 1  
[2017/07/13 23:54:12 889] tts        536  TTS_MSG_GETAUDIO  0  
[2017/07/13 23:54:12 889] tts        429  get audio|use local  
[2017/07/13 23:54:12 890] tts        442  local audiolen:  512  ,ced:  27  
[2017/07/13 23:54:12 890] tts        471  0  udata(ac0207c8) 1  
[2017/07/13 23:54:12 890] tts        536  TTS_MSG_GETAUDIO  0  
[2017/07/13 23:54:12 890] tts        429  get audio|use local  
[2017/07/13 23:54:12 890] tts        442  local audiolen:  512  ,ced:  27  
[2017/07/13 23:54:12 891] tts        471  0  udata(ac07b528) 1  
[2017/07/13 23:54:12 892] tts        536  TTS_MSG_GETAUDIO  0  
[2017/07/13 23:54:12 892] tts        429  get audio|use local  
[2017/07/13 23:54:12 892] tts        442  local audiolen:  512  ,ced:  27  
[2017/07/13 23:54:12 892] tts        471  0  udata(ac020758) 1  
[2017/07/13 23:54:12 892] tts        536  TTS_MSG_GETAUDIO  0  
[2017/07/13 23:54:12 892] tts        429  get audio|use local  
[2017/07/13 23:54:12 892] tts        442  local audiolen:  512  ,ced:  27  
[2017/07/13 23:54:12 892] tts        471  0  udata(ac020fe8) 1  
[2017/07/13 23:54:12 893] tts        536  TTS_MSG_GETAUDIO  0  
[2017/07/13 23:54:12 893] tts        429  get audio|use local  
[2017/07/13 23:54:12 893] tts        442  local audiolen:  512  ,ced:  27  
[2017/07/13 23:54:12 893] tts        471  0  udata(ac021038) 1  
[2017/07/13 23:54:12 894] tts        536  TTS_MSG_GETAUDIO  0  
[2017/07/13 23:54:12 894] tts        429  get audio|use local  
[2017/07/13 23:54:12 894] tts        442  local audiolen:  512  ,ced:  27  
[2017/07/13 23:54:12 894] tts        471  0  udata(ac021088) 1  
[2017/07/13 23:54:12 894] tts        536  TTS_MSG_GETAUDIO  0  
[2017/07/13 23:54:12 894] tts        429  get audio|use local  
[2017/07/13 23:54:12 894] tts        442  local audiolen:  512  ,ced:  27  
[2017/07/13 23:54:12 895] tts        471  0  udata(ac0210d8) 1  
[2017/07/13 23:54:12 896] tts        536  TTS_MSG_GETAUDIO  0  
[2017/07/13 23:54:12 896] tts        429  get audio|use local  
[2017/07/13 23:54:12 896] tts        442  local audiolen:  512  ,ced:  27  
[2017/07/13 23:54:12 896] tts        471  0  udata(ac021128) 1  
[2017/07/13 23:54:12 896] tts        536  TTS_MSG_GETAUDIO  0  
[2017/07/13 23:54:12 896] tts        429  get audio|use local  
[2017/07/13 23:54:12 896] tts        442  local audiolen:  512  ,ced:  27  
[2017/07/13 23:54:12 896] tts        471  0  udata(ac021178) 1  
[2017/07/13 23:54:12 897] tts        536  TTS_MSG_GETAUDIO  0  
[2017/07/13 23:54:12 897] tts        429  get audio|use local  
[2017/07/13 23:54:12 897] tts        442  local audiolen:  512  ,ced:  27  
[2017/07/13 23:54:12 897] tts        471  0  udata(ac0211c8) 1  
[2017/07/13 23:54:12 897] tts        536  TTS_MSG_GETAUDIO  0  
[2017/07/13 23:54:12 897] tts        429  get audio|use local  
[2017/07/13 23:54:12 897] tts        442  local audiolen:  512  ,ced:  27  
[2017/07/13 23:54:12 897] tts        471  0  udata(ac021218) 1  
[2017/07/13 23:54:12 897] tts        536  TTS_MSG_GETAUDIO  0  
[2017/07/13 23:54:12 897] tts        429  get audio|use local  
[2017/07/13 23:54:12 897] tts        442  local audiolen:  512  ,ced:  27  
[2017/07/13 23:54:12 897] tts        471  0  udata(ac021268) 1  
[2017/07/13 23:54:12 898] tts        536  TTS_MSG_GETAUDIO  0  
[2017/07/13 23:54:12 898] tts        429  get audio|use local  
[2017/07/13 23:54:12 898] tts        442  local audiolen:  512  ,ced:  27  
[2017/07/13 23:54:12 898] tts        471  0  udata(ac0212b8) 1  
[2017/07/13 23:54:12 898] tts        536  TTS_MSG_GETAUDIO  0  
[2017/07/13 23:54:12 898] tts        429  get audio|use local  
[2017/07/13 23:54:12 898] tts        442  local audiolen:  512  ,ced:  27  
[2017/07/13 23:54:12 898] tts        471  0  udata(ac021308) 1  
[2017/07/13 23:54:12 898] tts        536  TTS_MSG_GETAUDIO  0  
[2017/07/13 23:54:12 899] tts        429  get audio|use local  
[2017/07/13 23:54:12 899] tts        442  local audiolen:  512  ,ced:  27  
[2017/07/13 23:54:12 899] tts        471  0  udata(ac021358) 1  
[2017/07/13 23:54:12 899] tts        536  TTS_MSG_GETAUDIO  0  
[2017/07/13 23:54:12 899] tts        429  get audio|use local  
[2017/07/13 23:54:12 899] tts        442  local audiolen:  512  ,ced:  27  
[2017/07/13 23:54:12 899] tts        471  0  udata(ac0213a8) 1  
[2017/07/13 23:54:12 899] tts        536  TTS_MSG_GETAUDIO  0  
[2017/07/13 23:54:12 899] tts        429  get audio|use local  
[2017/07/13 23:54:12 899] tts        442  local audiolen:  512  ,ced:  27  
[2017/07/13 23:54:12 899] tts        471  0  udata(ac0213f8) 1  
[2017/07/13 23:54:12 900] tts        536  TTS_MSG_GETAUDIO  0  
[2017/07/13 23:54:12 900] tts        429  get audio|use local  
[2017/07/13 23:54:12 900] tts        442  local audiolen:  512  ,ced:  27  
[2017/07/13 23:54:12 900] tts        471  0  udata(ac021448) 1  
[2017/07/13 23:54:12 900] tts        536  TTS_MSG_GETAUDIO  0  
[2017/07/13 23:54:12 900] tts        429  get audio|use local  
[2017/07/13 23:54:12 900] tts        442  local audiolen:  160  ,ced:  27  
[2017/07/13 23:54:12 900] tts        471  0  udata(ac020928) 1  
[2017/07/13 23:54:12 900] tts        536  TTS_MSG_GETAUDIO  0  
[2017/07/13 23:54:12 900] tts        429  get audio|use local  
[2017/07/13 23:54:12 901] tts        442  local audiolen:  302  ,ced:  57  
[2017/07/13 23:54:12 901] tts        471  0  udata(ac0215d8) 1  
[2017/07/13 23:54:12 901] tts        536  TTS_MSG_GETAUDIO  0  
[2017/07/13 23:54:12 901] tts        429  get audio|use local  
[2017/07/13 23:54:12 901] tts        471  0  nil  1  
[2017/07/13 23:54:12 901] tts        536  TTS_MSG_GETAUDIO  0  
[2017/07/13 23:54:12 901] tts        429  get audio|use local  
[2017/07/13 23:54:12 901] tts        471  0  nil  1  
[2017/07/13 23:54:12 902] tts        536  TTS_MSG_GETAUDIO  0  
[2017/07/13 23:54:12 902] tts        429  get audio|use local  
[2017/07/13 23:54:12 902] tts        471  0  nil  1  
[2017/07/13 23:54:12 903] tts        536  TTS_MSG_GETAUDIO  0  
[2017/07/13 23:54:12 903] tts        429  get audio|use local  
[2017/07/13 23:54:12 903] tts        471  0  nil  1  
[2017/07/13 23:54:12 903] tts        536  TTS_MSG_GETAUDIO  0  
[2017/07/13 23:54:12 903] tts        429  get audio|use local  
[2017/07/13 23:54:12 903] tts        471  0  nil  1  
[2017/07/13 23:54:12 903] tts        536  TTS_MSG_GETAUDIO  0  
[2017/07/13 23:54:12 903] tts        429  get audio|use local  
[2017/07/13 23:54:12 903] tts        471  0  nil  1  
[2017/07/13 23:54:12 904] tts        536  TTS_MSG_GETAUDIO  0  
[2017/07/13 23:54:12 904] tts        429  get audio|use local  
[2017/07/13 23:54:12 904] tts        471  0  nil  1  
[2017/07/13 23:54:12 904] tts        536  TTS_MSG_GETAUDIO  0  
[2017/07/13 23:54:12 904] tts        429  get audio|use local  
[2017/07/13 23:54:12 904] tts        471  0  nil  1  
[2017/07/13 23:54:12 904] tts        536  TTS_MSG_GETAUDIO  0  
[2017/07/13 23:54:12 904] tts        429  get audio|use local  
[2017/07/13 23:54:12 904] tts        471  0  nil  1  
[2017/07/13 23:54:12 905] tts        536  TTS_MSG_GETAUDIO  0  
[2017/07/13 23:54:12 905] tts        429  get audio|use local  
[2017/07/13 23:54:12 905] tts        471  0  nil  1  
[2017/07/13 23:54:12 905] tts        536  TTS_MSG_GETAUDIO  0  
[2017/07/13 23:54:12 905] tts        429  get audio|use local  
[2017/07/13 23:54:12 905] tts        471  0  nil  1  
[2017/07/13 23:54:12 905] tts        536  TTS_MSG_GETAUDIO  0  
[2017/07/13 23:54:12 905] tts        429  get audio|use local  
[2017/07/13 23:54:12 905] tts        471  0  nil  1  
[2017/07/13 23:54:12 906] tts        536  TTS_MSG_GETAUDIO  0  
[2017/07/13 23:54:12 906] tts        429  get audio|use local  
[2017/07/13 23:54:12 906] tts        471  0  nil  1  
[2017/07/13 23:54:12 906] tts        536  TTS_MSG_GETAUDIO  0  
[2017/07/13 23:54:12 906] tts        429  get audio|use local  
[2017/07/13 23:54:12 906] tts        471  0  nil  1  
[2017/07/13 23:54:12 906] tts        536  TTS_MSG_GETAUDIO  0  
[2017/07/13 23:54:12 906] tts        429  get audio|use local  
[2017/07/13 23:54:12 906] tts        471  0  nil  1  
[2017/07/13 23:54:12 907] tts        536  TTS_MSG_GETAUDIO  0  
[2017/07/13 23:54:12 907] tts        429  get audio|use local  
[2017/07/13 23:54:12 907] tts        471  0  nil  1  
[2017/07/13 23:54:12 908] tts        536  TTS_MSG_GETAUDIO  0  
[2017/07/13 23:54:12 908] tts        429  get audio|use local  
[2017/07/13 23:54:12 908] tts        442  local audiolen:  972  ,ced:  57  
[2017/07/13 23:54:12 908] tts        471  0  udata(ac079848) 1  
[2017/07/13 23:54:12 909] tts        536  TTS_MSG_GETAUDIO  0  
[2017/07/13 23:54:12 909] tts        429  get audio|use local  
[2017/07/13 23:54:12 909] tts        442  local audiolen:  7628  ,ced:  57  
[2017/07/13 23:54:12 909] tts        471  0  udata(ac021548) 1  
[2017/07/13 23:54:12 909] tts        536  TTS_MSG_GETAUDIO  0  
[2017/07/13 23:54:12 909] tts        429  get audio|use local  
[2017/07/13 23:54:12 909] tts        442  local audiolen:  4282  ,ced:  57  
[2017/07/13 23:54:12 909] tts        471  0  udata(ac079468) 1  
[2017/07/13 23:54:12 910] tts        536  TTS_MSG_GETAUDIO  0  
[2017/07/13 23:54:12 911] tts        429  get audio|use local  
[2017/07/13 23:54:12 911] tts        442  local audiolen:  7110  ,ced:  57  
[2017/07/13 23:54:12 911] tts        471  0  udata(ac07bbb8) 1  
[2017/07/13 23:54:12 911] tts        536  TTS_MSG_GETAUDIO  0  
[2017/07/13 23:54:12 911] tts        429  get audio|use local  
[2017/07/13 23:54:12 911] tts        442  local audiolen:  3632  ,ced:  57  
[2017/07/13 23:54:12 911] tts        471  0  udata(ac0795b8) 1  
[2017/07/13 23:54:12 912] tts        536  TTS_MSG_GETAUDIO  0  
[2017/07/13 23:54:12 912] tts        429  get audio|use local  
[2017/07/13 23:54:12 912] tts        442  local audiolen:  7226  ,ced:  57  
[2017/07/13 23:54:12 912] tts        471  0  udata(ac079718) 1  
[2017/07/13 23:54:12 912] tts        536  TTS_MSG_GETAUDIO  0  
[2017/07/13 23:54:12 913] tts        429  get audio|use local  
[2017/07/13 23:54:12 913] tts        442  local audiolen:  9160  ,ced:  57  
[2017/07/13 23:54:12 913] tts        471  0  udata(ac021ad8) 1  
[2017/07/13 23:54:12 914] tts        536  TTS_MSG_GETAUDIO  0  
[2017/07/13 23:54:12 914] tts        429  get audio|use local  
[2017/07/13 23:54:12 914] tts        442  local audiolen:  6982  ,ced:  57  
[2017/07/13 23:54:12 914] tts        471  0  udata(ac021b28) 1  
[2017/07/13 23:54:12 915] tts        536  TTS_MSG_GETAUDIO  0  
[2017/07/13 23:54:12 915] tts        429  get audio|use local  
[2017/07/13 23:54:12 915] tts        442  local audiolen:  8976  ,ced:  57  
[2017/07/13 23:54:12 915] tts        471  0  udata(ac025888) 1  
[2017/07/13 23:54:12 915] tts        536  TTS_MSG_GETAUDIO  0  
[2017/07/13 23:54:12 915] tts        429  get audio|use local  
[2017/07/13 23:54:12 915] tts        442  local audiolen:  7678  ,ced:  57  
[2017/07/13 23:54:12 915] tts        471  0  udata(ac0258d8) 1  
[2017/07/13 23:54:12 916] tts        536  TTS_MSG_GETAUDIO  0  
[2017/07/13 23:54:12 916] tts        429  get audio|use local  
[2017/07/13 23:54:12 916] tts        442  local audiolen:  3576  ,ced:  57  
[2017/07/13 23:54:12 916] tts        471  0  udata(ac025a38) 1  
[2017/07/13 23:54:12 917] tts        536  TTS_MSG_GETAUDIO  0  
[2017/07/13 23:54:12 917] tts        429  get audio|use local  
[2017/07/13 23:54:12 918] tts        442  local audiolen:  512  ,ced:  57  
[2017/07/13 23:54:12 918] tts        471  0  udata(ac026008) 1  
[2017/07/13 23:54:12 919] tts        536  TTS_MSG_GETAUDIO  0  
[2017/07/13 23:54:12 919] tts        429  get audio|use local  
[2017/07/13 23:54:12 919] tts        442  local audiolen:  512  ,ced:  57  
[2017/07/13 23:54:12 919] tts        471  0  udata(ac026708) 1  
[2017/07/13 23:54:12 919] tts        536  TTS_MSG_GETAUDIO  0  
[2017/07/13 23:54:12 919] tts        429  get audio|use local  
[2017/07/13 23:54:12 919] tts        442  local audiolen:  512  ,ced:  57  
[2017/07/13 23:54:12 920] tts        471  0  udata(ac0267b8) 1  
[2017/07/13 23:54:12 920] tts        536  TTS_MSG_GETAUDIO  0  
[2017/07/13 23:54:12 920] tts        429  get audio|use local  
[2017/07/13 23:54:12 920] tts        442  local audiolen:  512  ,ced:  57  
[2017/07/13 23:54:12 920] tts        471  0  udata(ac07aec8) 1  
[2017/07/13 23:54:12 921] tts        536  TTS_MSG_GETAUDIO  0  
[2017/07/13 23:54:12 921] tts        429  get audio|use local  
[2017/07/13 23:54:12 921] tts        442  local audiolen:  512  ,ced:  57  
[2017/07/13 23:54:12 921] tts        471  0  udata(ac07af78) 1  
[2017/07/13 23:54:12 921] tts        536  TTS_MSG_GETAUDIO  0  
[2017/07/13 23:54:12 921] tts        429  get audio|use local  
[2017/07/13 23:54:12 921] tts        442  local audiolen:  512  ,ced:  57  
[2017/07/13 23:54:12 921] tts        471  0  udata(ac022918) 1  
[2017/07/13 23:54:12 921] tts        536  TTS_MSG_GETAUDIO  0  
[2017/07/13 23:54:12 922] tts        429  get audio|use local  
[2017/07/13 23:54:12 922] tts        442  local audiolen:  512  ,ced:  57  
[2017/07/13 23:54:12 922] tts        471  0  udata(ac0229c8) 1  
[2017/07/13 23:54:12 923] tts        536  TTS_MSG_GETAUDIO  0  
[2017/07/13 23:54:12 923] tts        429  get audio|use local  
[2017/07/13 23:54:12 923] tts        442  local audiolen:  512  ,ced:  57  
[2017/07/13 23:54:12 923] tts        471  0  udata(ac022e98) 1  
[2017/07/13 23:54:12 923] tts        536  TTS_MSG_GETAUDIO  0  
[2017/07/13 23:54:12 923] tts        429  get audio|use local  
[2017/07/13 23:54:12 923] tts        442  local audiolen:  512  ,ced:  57  
[2017/07/13 23:54:12 923] tts        471  0  udata(ac022f48) 1  
[2017/07/13 23:54:12 924] tts        536  TTS_MSG_GETAUDIO  0  
[2017/07/13 23:54:12 924] tts        429  get audio|use local  
[2017/07/13 23:54:12 924] tts        442  local audiolen:  512  ,ced:  57  
[2017/07/13 23:54:12 924] tts        471  0  udata(ac025df8) 1  
[2017/07/13 23:54:12 925] tts        536  TTS_MSG_GETAUDIO  0  
[2017/07/13 23:54:12 925] tts        429  get audio|use local  
[2017/07/13 23:54:12 925] tts        442  local audiolen:  512  ,ced:  57  
[2017/07/13 23:54:12 925] tts        471  0  udata(ac025e48) 1  
[2017/07/13 23:54:12 926] tts        536  TTS_MSG_GETAUDIO  0  
[2017/07/13 23:54:12 926] tts        429  get audio|use local  
[2017/07/13 23:54:12 926] tts        442  local audiolen:  512  ,ced:  57  
[2017/07/13 23:54:12 926] tts        471  0  udata(ac0233a8) 1  
[2017/07/13 23:54:12 926] tts        536  TTS_MSG_GETAUDIO  0  
[2017/07/13 23:54:12 926] tts        429  get audio|use local  
[2017/07/13 23:54:12 926] tts        442  local audiolen:  512  ,ced:  57  
[2017/07/13 23:54:12 926] tts        471  0  udata(ac0233f8) 1  
[2017/07/13 23:54:12 927] tts        536  TTS_MSG_GETAUDIO  0  
[2017/07/13 23:54:12 927] tts        429  get audio|use local  
[2017/07/13 23:54:12 927] tts        442  local audiolen:  512  ,ced:  57  
[2017/07/13 23:54:12 927] tts        471  0  udata(ac0234e8) 1  
[2017/07/13 23:54:12 927] tts        536  TTS_MSG_GETAUDIO  0  
[2017/07/13 23:54:12 927] tts        429  get audio|use local  
[2017/07/13 23:54:12 927] tts        442  local audiolen:  512  ,ced:  57  
[2017/07/13 23:54:12 927] tts        471  0  udata(ac023a68) 1  
[2017/07/13 23:54:12 928] tts        536  TTS_MSG_GETAUDIO  0  
[2017/07/13 23:54:12 928] tts        429  get audio|use local  
[2017/07/13 23:54:12 928] tts        442  local audiolen:  512  ,ced:  57  
[2017/07/13 23:54:12 928] tts        471  0  udata(ac023c58) 1  
[2017/07/13 23:54:12 929] tts        536  TTS_MSG_GETAUDIO  0  
[2017/07/13 23:54:12 929] tts        429  get audio|use local  
[2017/07/13 23:54:12 929] tts        442  local audiolen:  512  ,ced:  57  
[2017/07/13 23:54:12 929] tts        471  0  udata(ac023e28) 1  
[2017/07/13 23:54:12 930] tts        536  TTS_MSG_GETAUDIO  0  
[2017/07/13 23:54:12 930] tts        429  get audio|use local  
[2017/07/13 23:54:12 930] tts        442  local audiolen:  512  ,ced:  57  
[2017/07/13 23:54:12 930] tts        471  0  udata(ac024118) 1  
[2017/07/13 23:54:12 930] tts        536  TTS_MSG_GETAUDIO  0  
[2017/07/13 23:54:12 930] tts        429  get audio|use local  
[2017/07/13 23:54:12 930] tts        442  local audiolen:  160  ,ced:  57  
[2017/07/13 23:54:12 931] tts        471  0  udata(ac023048) 1  
[2017/07/13 23:54:12 931] tts        536  TTS_MSG_GETAUDIO  0  
[2017/07/13 23:54:12 931] tts        429  get audio|use local  
[2017/07/13 23:54:12 931] tts        442  local audiolen:  286  ,ced:  73  
[2017/07/13 23:54:12 931] tts        471  0  udata(ac0242f8) 1  
[2017/07/13 23:54:12 932] tts        536  TTS_MSG_GETAUDIO  0  
[2017/07/13 23:54:12 932] tts        429  get audio|use local  
[2017/07/13 23:54:12 932] tts        442  local audiolen:  1392  ,ced:  73  
[2017/07/13 23:54:12 932] tts        471  0  udata(ac022f98) 1  
[2017/07/13 23:54:12 932] tts        536  TTS_MSG_GETAUDIO  0  
[2017/07/13 23:54:12 932] tts        429  get audio|use local  
[2017/07/13 23:54:12 932] tts        442  local audiolen:  9008  ,ced:  73  
[2017/07/13 23:54:12 932] tts        471  0  udata(ac022fe8) 1  
[2017/07/13 23:54:12 933] tts        536  TTS_MSG_GETAUDIO  0  
[2017/07/13 23:54:12 933] tts        429  get audio|use local  
[2017/07/13 23:54:12 933] tts        442  local audiolen:  4462  ,ced:  73  
[2017/07/13 23:54:12 933] tts        471  0  udata(ac023098) 1  
[2017/07/13 23:54:12 934] tts        536  TTS_MSG_GETAUDIO  0  
[2017/07/13 23:54:12 934] tts        429  get audio|use local  
[2017/07/13 23:54:12 934] tts        442  local audiolen:  6282  ,ced:  73  
[2017/07/13 23:54:12 934] tts        471  0  udata(ac0230e8) 1  
[2017/07/13 23:54:12 934] tts        536  TTS_MSG_GETAUDIO  0  
[2017/07/13 23:54:12 934] tts        429  get audio|use local  
[2017/07/13 23:54:12 935] tts        442  local audiolen:  11036  ,ced:  73  
[2017/07/13 23:54:12 935] tts        471  0  udata(ac023138) 1  
[2017/07/13 23:54:12 935] tts        536  TTS_MSG_GETAUDIO  0  
[2017/07/13 23:54:12 935] tts        429  get audio|use local  
[2017/07/13 23:54:12 936] tts        442  local audiolen:  512  ,ced:  73  
[2017/07/13 23:54:12 936] tts        471  0  udata(ac0246f8) 1  
[2017/07/13 23:54:12 936] tts        536  TTS_MSG_GETAUDIO  0  
[2017/07/13 23:54:12 936] tts        429  get audio|use local  
[2017/07/13 23:54:12 936] tts        442  local audiolen:  512  ,ced:  73  
[2017/07/13 23:54:12 936] tts        471  0  udata(ac024848) 1  
[2017/07/13 23:54:12 937] tts        536  TTS_MSG_GETAUDIO  0  
[2017/07/13 23:54:12 937] tts        429  get audio|use local  
[2017/07/13 23:54:12 937] tts        442  local audiolen:  512  ,ced:  73  
[2017/07/13 23:54:12 937] tts        471  0  udata(ac024ab8) 1  
[2017/07/13 23:54:12 938] tts        536  TTS_MSG_GETAUDIO  0  
[2017/07/13 23:54:12 938] tts        429  get audio|use local  
[2017/07/13 23:54:12 938] tts        442  local audiolen:  512  ,ced:  73  
[2017/07/13 23:54:12 938] tts        471  0  udata(ac024e08) 1  
[2017/07/13 23:54:12 939] tts        536  TTS_MSG_GETAUDIO  0  
[2017/07/13 23:54:12 939] tts        429  get audio|use local  
[2017/07/13 23:54:12 939] tts        442  local audiolen:  512  ,ced:  73  
[2017/07/13 23:54:12 939] tts        471  0  udata(ac0244e8) 1  
[2017/07/13 23:54:12 940] tts        536  TTS_MSG_GETAUDIO  0  
[2017/07/13 23:54:12 940] tts        429  get audio|use local  
[2017/07/13 23:54:12 940] tts        442  local audiolen:  512  ,ced:  73  
[2017/07/13 23:54:12 940] tts        471  0  udata(ac025678) 1  
[2017/07/13 23:54:12 940] tts        536  TTS_MSG_GETAUDIO  0  
[2017/07/13 23:54:12 941] tts        429  get audio|use local  
[2017/07/13 23:54:12 941] tts        442  local audiolen:  512  ,ced:  73  
[2017/07/13 23:54:12 941] tts        471  0  udata(ac025728) 1  
[2017/07/13 23:54:12 942] tts        536  TTS_MSG_GETAUDIO  0  
[2017/07/13 23:54:12 942] tts        429  get audio|use local  
[2017/07/13 23:54:12 942] tts        442  local audiolen:  512  ,ced:  73  
[2017/07/13 23:54:12 942] tts        471  0  udata(ac024eb8) 1  
[2017/07/13 23:54:12 942] tts        536  TTS_MSG_GETAUDIO  0  
[2017/07/13 23:54:12 942] tts        429  get audio|use local  
[2017/07/13 23:54:12 942] tts        442  local audiolen:  512  ,ced:  73  
[2017/07/13 23:54:12 942] tts        471  0  udata(ac024f08) 1  
[2017/07/13 23:54:12 943] tts        536  TTS_MSG_GETAUDIO  0  
[2017/07/13 23:54:12 943] tts        429  get audio|use local  
[2017/07/13 23:54:12 943] tts        442  local audiolen:  512  ,ced:  73  
[2017/07/13 23:54:12 943] tts        471  0  udata(ac0256c8) 1  
[2017/07/13 23:54:12 943] tts        536  TTS_MSG_GETAUDIO  0  
[2017/07/13 23:54:12 943] tts        429  get audio|use local  
[2017/07/13 23:54:12 943] tts        442  local audiolen:  512  ,ced:  73  
[2017/07/13 23:54:12 943] tts        471  0  udata(ac024fb8) 1  
[2017/07/13 23:54:12 944] tts        536  TTS_MSG_GETAUDIO  0  
[2017/07/13 23:54:12 944] tts        429  get audio|use local  
[2017/07/13 23:54:12 944] tts        442  local audiolen:  512  ,ced:  73  
[2017/07/13 23:54:12 944] tts        471  0  udata(ac025008) 1  
[2017/07/13 23:54:12 944] tts        536  TTS_MSG_GETAUDIO  0  
[2017/07/13 23:54:12 944] tts        429  get audio|use local  
[2017/07/13 23:54:12 944] tts        442  local audiolen:  512  ,ced:  73  
[2017/07/13 23:54:12 944] tts        471  0  udata(ac025058) 1  
[2017/07/13 23:54:12 945] tts        536  TTS_MSG_GETAUDIO  0  
[2017/07/13 23:54:12 945] tts        429  get audio|use local  
[2017/07/13 23:54:12 945] tts        442  local audiolen:  512  ,ced:  73  
[2017/07/13 23:54:12 945] tts        471  0  udata(ac021628) 1  
[2017/07/13 23:54:12 945] tts        536  TTS_MSG_GETAUDIO  0  
[2017/07/13 23:54:12 945] tts        429  get audio|use local  
[2017/07/13 23:54:12 945] tts        442  local audiolen:  512  ,ced:  73  
[2017/07/13 23:54:12 945] tts        471  0  udata(ac021678) 1  
[2017/07/13 23:54:12 946] tts        536  TTS_MSG_GETAUDIO  0  
[2017/07/13 23:54:12 946] tts        429  get audio|use local  
[2017/07/13 23:54:12 946] tts        442  local audiolen:  512  ,ced:  73  
[2017/07/13 23:54:12 946] tts        471  0  udata(ac0216c8) 1  
[2017/07/13 23:54:12 946] tts        536  TTS_MSG_GETAUDIO  0  
[2017/07/13 23:54:12 946] tts        429  get audio|use local  
[2017/07/13 23:54:12 946] tts        442  local audiolen:  512  ,ced:  73  
[2017/07/13 23:54:12 946] tts        471  0  udata(ac021718) 1  
[2017/07/13 23:54:12 947] tts        536  TTS_MSG_GETAUDIO  0  
[2017/07/13 23:54:12 947] tts        429  get audio|use local  
[2017/07/13 23:54:12 947] tts        442  local audiolen:  512  ,ced:  73  
[2017/07/13 23:54:12 947] tts        471  0  udata(ac021768) 1  
[2017/07/13 23:54:12 947] tts        536  TTS_MSG_GETAUDIO  0  
[2017/07/13 23:54:12 947] tts        429  get audio|use local  
[2017/07/13 23:54:12 947] tts        442  local audiolen:  160  ,ced:  73  
[2017/07/13 23:54:12 947] tts        471  0  udata(ac025378) 1  
[2017/07/13 23:54:12 947] tts        536  TTS_MSG_GETAUDIO  0  
[2017/07/13 23:54:12 948] tts        429  get audio|use local  
[2017/07/13 23:54:12 948] tts        442  local audiolen:  300  ,ced:  116  
[2017/07/13 23:54:12 948] tts        471  0  udata(ac0218f8) 1  
[2017/07/13 23:54:12 948] tts        536  TTS_MSG_GETAUDIO  0  
[2017/07/13 23:54:12 948] tts        429  get audio|use local  
[2017/07/13 23:54:12 948] tts        442  local audiolen:  3320  ,ced:  116  
[2017/07/13 23:54:12 948] tts        471  0  udata(ac024f58) 1  
[2017/07/13 23:54:12 949] tts        536  TTS_MSG_GETAUDIO  0  
[2017/07/13 23:54:12 949] tts        429  get audio|use local  
[2017/07/13 23:54:12 950] tts        442  local audiolen:  12700  ,ced:  116  
[2017/07/13 23:54:12 950] tts        471  0  udata(ac0252c8) 1  
[2017/07/13 23:54:12 952] tts        536  TTS_MSG_GETAUDIO  0  
[2017/07/13 23:54:12 952] tts        429  get audio|use local  
[2017/07/13 23:54:12 952] tts        442  local audiolen:  14004  ,ced:  116  
[2017/07/13 23:54:12 952] tts        471  0  udata(ac025468) 1  
[2017/07/13 23:54:12 952] tts        536  TTS_MSG_GETAUDIO  0  
[2017/07/13 23:54:12 952] tts        429  get audio|use local  
[2017/07/13 23:54:12 952] tts        442  local audiolen:  3070  ,ced:  116  
[2017/07/13 23:54:12 952] tts        471  0  udata(ac0217b8) 1  
[2017/07/13 23:54:12 953] tts        536  TTS_MSG_GETAUDIO  0  
[2017/07/13 23:54:12 953] tts        429  get audio|use local  
[2017/07/13 23:54:12 953] tts        442  local audiolen:  6616  ,ced:  116  
[2017/07/13 23:54:12 953] tts        471  0  udata(ac021808) 1  
[2017/07/13 23:54:12 954] tts        536  TTS_MSG_GETAUDIO  0  
[2017/07/13 23:54:12 954] tts        429  get audio|use local  
[2017/07/13 23:54:12 954] tts        442  local audiolen:  11918  ,ced:  116  
[2017/07/13 23:54:12 954] tts        471  0  udata(ac021858) 1  
[2017/07/13 23:54:12 955] tts        536  TTS_MSG_GETAUDIO  0  
[2017/07/13 23:54:12 955] tts        429  get audio|use local  
[2017/07/13 23:54:12 955] tts        442  local audiolen:  7666  ,ced:  116  
[2017/07/13 23:54:12 955] tts        471  0  udata(ac026d98) 1  
[2017/07/13 23:54:12 956] tts        536  TTS_MSG_GETAUDIO  0  
[2017/07/13 23:54:12 956] tts        429  get audio|use local  
[2017/07/13 23:54:12 956] tts        442  local audiolen:  8724  ,ced:  116  
[2017/07/13 23:54:12 956] tts        471  0  udata(ac026de8) 1  
[2017/07/13 23:54:12 957] tts        536  TTS_MSG_GETAUDIO  0  
[2017/07/13 23:54:12 957] tts        429  get audio|use local  
[2017/07/13 23:54:12 957] tts        442  local audiolen:  7102  ,ced:  116  
[2017/07/13 23:54:12 957] tts        471  0  udata(ac02d7e8) 1  
[2017/07/13 23:54:12 958] tts        536  TTS_MSG_GETAUDIO  0  
[2017/07/13 23:54:12 958] tts        429  get audio|use local  
[2017/07/13 23:54:12 958] tts        442  local audiolen:  7910  ,ced:  116  
[2017/07/13 23:54:12 958] tts        471  0  udata(ac02d838) 1  
[2017/07/13 23:54:12 959] tts        536  TTS_MSG_GETAUDIO  0  
[2017/07/13 23:54:12 959] tts        429  get audio|use local  
[2017/07/13 23:54:12 959] tts        442  local audiolen:  6998  ,ced:  116  
[2017/07/13 23:54:12 959] tts        471  0  udata(ac02da98) 1  
[2017/07/13 23:54:12 960] tts        536  TTS_MSG_GETAUDIO  0  
[2017/07/13 23:54:12 960] tts        429  get audio|use local  
[2017/07/13 23:54:12 960] tts        442  local audiolen:  7268  ,ced:  116  
[2017/07/13 23:54:12 960] tts        471  0  udata(ac02dcf8) 1  
[2017/07/13 23:54:12 960] tts        536  TTS_MSG_GETAUDIO  0  
[2017/07/13 23:54:12 960] tts        429  get audio|use local  
[2017/07/13 23:54:12 960] tts        442  local audiolen:  512  ,ced:  116  
[2017/07/13 23:54:12 960] tts        471  0  udata(ac027048) 1  
[2017/07/13 23:54:12 961] tts        536  TTS_MSG_GETAUDIO  0  
[2017/07/13 23:54:12 961] tts        429  get audio|use local  
[2017/07/13 23:54:12 961] tts        442  local audiolen:  512  ,ced:  116  
[2017/07/13 23:54:12 961] tts        471  0  udata(ac02deb8) 1  
[2017/07/13 23:54:12 962] tts        536  TTS_MSG_GETAUDIO  0  
[2017/07/13 23:54:12 962] tts        429  get audio|use local  
[2017/07/13 23:54:12 962] tts        442  local audiolen:  512  ,ced:  116  
[2017/07/13 23:54:12 962] tts        471  0  udata(ac026ed8) 1  
[2017/07/13 23:54:12 963] tts        536  TTS_MSG_GETAUDIO  0  
[2017/07/13 23:54:12 963] tts        429  get audio|use local  
[2017/07/13 23:54:12 963] tts        442  local audiolen:  512  ,ced:  116  
[2017/07/13 23:54:12 963] tts        471  0  udata(ac026f88) 1  
[2017/07/13 23:54:12 964] tts        536  TTS_MSG_GETAUDIO  0  
[2017/07/13 23:54:12 964] tts        429  get audio|use local  
[2017/07/13 23:54:12 964] tts        442  local audiolen:  512  ,ced:  116  
[2017/07/13 23:54:12 964] tts        471  0  udata(ac0274a8) 1  
[2017/07/13 23:54:12 965] tts        536  TTS_MSG_GETAUDIO  0  
[2017/07/13 23:54:12 965] tts        429  get audio|use local  
[2017/07/13 23:54:12 966] tts        442  local audiolen:  512  ,ced:  116  
[2017/07/13 23:54:12 966] tts        471  0  udata(ac027f78) 1  
[2017/07/13 23:54:12 967] tts        536  TTS_MSG_GETAUDIO  0  
[2017/07/13 23:54:12 967] tts        429  get audio|use local  
[2017/07/13 23:54:12 967] tts        442  local audiolen:  512  ,ced:  116  
[2017/07/13 23:54:12 967] tts        471  0  udata(ac027138) 1  
[2017/07/13 23:54:12 968] tts        536  TTS_MSG_GETAUDIO  0  
[2017/07/13 23:54:12 968] tts        429  get audio|use local  
[2017/07/13 23:54:12 968] tts        442  local audiolen:  512  ,ced:  116  
[2017/07/13 23:54:12 968] tts        471  0  udata(ac0271e8) 1  
[2017/07/13 23:54:12 969] tts        536  TTS_MSG_GETAUDIO  0  
[2017/07/13 23:54:12 969] tts        429  get audio|use local  
[2017/07/13 23:54:12 969] tts        442  local audiolen:  512  ,ced:  116  
[2017/07/13 23:54:12 969] tts        471  0  udata(ac022788) 1  
[2017/07/13 23:54:12 969] tts        536  TTS_MSG_GETAUDIO  0  
[2017/07/13 23:54:12 969] tts        429  get audio|use local  
[2017/07/13 23:54:12 969] tts        442  local audiolen:  512  ,ced:  116  
[2017/07/13 23:54:12 969] tts        471  0  udata(ac0227d8) 1  
[2017/07/13 23:54:12 970] tts        536  TTS_MSG_GETAUDIO  0  
[2017/07/13 23:54:12 970] tts        429  get audio|use local  
[2017/07/13 23:54:12 970] tts        442  local audiolen:  512  ,ced:  116  
[2017/07/13 23:54:12 970] tts        471  0  udata(ac022828) 1  
[2017/07/13 23:54:12 970] tts        536  TTS_MSG_GETAUDIO  0  
[2017/07/13 23:54:12 971] tts        429  get audio|use local  
[2017/07/13 23:54:12 971] tts        442  local audiolen:  512  ,ced:  116  
[2017/07/13 23:54:12 971] tts        471  0  udata(ac027b68) 1  
[2017/07/13 23:54:12 971] tts        536  TTS_MSG_GETAUDIO  0  
[2017/07/13 23:54:12 971] tts        429  get audio|use local  
[2017/07/13 23:54:12 971] tts        442  local audiolen:  512  ,ced:  116  
[2017/07/13 23:54:12 971] tts        471  0  udata(ac027bb8) 1  
[2017/07/13 23:54:12 972] tts        536  TTS_MSG_GETAUDIO  0  
[2017/07/13 23:54:12 972] tts        429  get audio|use local  
[2017/07/13 23:54:12 972] tts        442  local audiolen:  512  ,ced:  116  
[2017/07/13 23:54:12 972] tts        471  0  udata(ac027c08) 1  
[2017/07/13 23:54:12 973] tts        536  TTS_MSG_GETAUDIO  0  
[2017/07/13 23:54:12 973] tts        429  get audio|use local  
[2017/07/13 23:54:12 974] tts        442  local audiolen:  512  ,ced:  116  
[2017/07/13 23:54:12 974] tts        471  0  udata(ac027c58) 1  
[2017/07/13 23:54:12 975] tts        536  TTS_MSG_GETAUDIO  0  
[2017/07/13 23:54:12 975] tts        429  get audio|use local  
[2017/07/13 23:54:12 975] tts        442  local audiolen:  512  ,ced:  116  
[2017/07/13 23:54:12 975] tts        471  0  udata(ac022368) 1  
[2017/07/13 23:54:12 976] tts        536  TTS_MSG_GETAUDIO  0  
[2017/07/13 23:54:12 976] tts        429  get audio|use local  
[2017/07/13 23:54:12 976] tts        442  local audiolen:  512  ,ced:  116  
[2017/07/13 23:54:12 976] tts        471  0  udata(ac02ac08) 1  
[2017/07/13 23:54:12 977] tts        536  TTS_MSG_GETAUDIO  0  
[2017/07/13 23:54:12 977] tts        429  get audio|use local  
[2017/07/13 23:54:12 977] tts        442  local audiolen:  512  ,ced:  116  
[2017/07/13 23:54:12 977] tts        471  0  udata(ac02a298) 1  
[2017/07/13 23:54:12 977] tts        536  TTS_MSG_GETAUDIO  0  
[2017/07/13 23:54:12 978] tts        429  get audio|use local  
[2017/07/13 23:54:12 978] tts        442  local audiolen:  160  ,ced:  116  
[2017/07/13 23:54:12 978] tts        471  0  udata(ac02a398) 1  
[2017/07/13 23:54:12 978] tts        536  TTS_MSG_GETAUDIO  0  
[2017/07/13 23:54:12 978] tts        429  get audio|use local  
[2017/07/13 23:54:12 978] tts        442  local audiolen:  300  ,ced:  143  
[2017/07/13 23:54:12 978] tts        471  0  udata(ac02adf8) 1  
[2017/07/13 23:54:12 979] tts        536  TTS_MSG_GETAUDIO  0  
[2017/07/13 23:54:12 979] tts        429  get audio|use local  
[2017/07/13 23:54:12 979] tts        442  local audiolen:  634  ,ced:  143  
[2017/07/13 23:54:12 979] tts        471  0  udata(ac02b668) 1  
[2017/07/13 23:54:12 980] tts        536  TTS_MSG_GETAUDIO  0  
[2017/07/13 23:54:12 980] tts        429  get audio|use local  
[2017/07/13 23:54:12 980] tts        442  local audiolen:  7202  ,ced:  143  
[2017/07/13 23:54:12 980] tts        471  0  udata(ac02ae48) 1  
[2017/07/13 23:54:12 981] tts        536  TTS_MSG_GETAUDIO  0  
[2017/07/13 23:54:12 981] tts        429  get audio|use local  
[2017/07/13 23:54:12 981] tts        442  local audiolen:  13316  ,ced:  143  
[2017/07/13 23:54:12 981] tts        471  0  udata(ac02a2e8) 1  
[2017/07/13 23:54:12 982] tts        536  TTS_MSG_GETAUDIO  0  
[2017/07/13 23:54:12 983] tts        429  get audio|use local  
[2017/07/13 23:54:12 983] tts        442  local audiolen:  7630  ,ced:  143  
[2017/07/13 23:54:12 983] tts        471  0  udata(ac02ac58) 1  
[2017/07/13 23:54:12 983] tts        536  TTS_MSG_GETAUDIO  0  
[2017/07/13 23:54:12 983] tts        429  get audio|use local  
[2017/07/13 23:54:12 983] tts        442  local audiolen:  9120  ,ced:  143  
[2017/07/13 23:54:12 983] tts        471  0  udata(ac0467e8) 1  
[2017/07/13 23:54:12 984] tts        536  TTS_MSG_GETAUDIO  0  
[2017/07/13 23:54:12 984] tts        429  get audio|use local  
[2017/07/13 23:54:12 984] tts        442  local audiolen:  5372  ,ced:  143  
[2017/07/13 23:54:12 984] tts        471  0  udata(ac046838) 1  
[2017/07/13 23:54:12 985] tts        536  TTS_MSG_GETAUDIO  0  
[2017/07/13 23:54:12 985] tts        429  get audio|use local  
[2017/07/13 23:54:12 985] tts        442  local audiolen:  12548  ,ced:  143  
[2017/07/13 23:54:12 985] tts        471  0  udata(ac048008) 1  
[2017/07/13 23:54:12 985] tts        536  TTS_MSG_GETAUDIO  0  
[2017/07/13 23:54:12 986] tts        429  get audio|use local  
[2017/07/13 23:54:12 986] tts        442  local audiolen:  512  ,ced:  143  
[2017/07/13 23:54:12 986] tts        471  0  udata(ac0482c8) 1  
[2017/07/13 23:54:12 987] tts        536  TTS_MSG_GETAUDIO  0  
[2017/07/13 23:54:12 987] tts        429  get audio|use local  
[2017/07/13 23:54:12 987] tts        442  local audiolen:  512  ,ced:  143  
[2017/07/13 23:54:12 987] tts        471  0  udata(ac046b98) 1  
[2017/07/13 23:54:12 988] tts        536  TTS_MSG_GETAUDIO  0  
[2017/07/13 23:54:12 988] tts        429  get audio|use local  
[2017/07/13 23:54:12 988] tts        442  local audiolen:  512  ,ced:  143  
[2017/07/13 23:54:12 988] tts        471  0  udata(ac046de8) 1  
[2017/07/13 23:54:12 989] tts        536  TTS_MSG_GETAUDIO  0  
[2017/07/13 23:54:12 989] tts        429  get audio|use local  
[2017/07/13 23:54:12 989] tts        442  local audiolen:  512  ,ced:  143  
[2017/07/13 23:54:12 990] tts        471  0  udata(ac0480b8) 1  
[2017/07/13 23:54:12 990] tts        536  TTS_MSG_GETAUDIO  0  
[2017/07/13 23:54:12 990] tts        429  get audio|use local  
[2017/07/13 23:54:12 990] tts        442  local audiolen:  512  ,ced:  143  
[2017/07/13 23:54:12 991] tts        471  0  udata(ac048108) 1  
[2017/07/13 23:54:12 992] tts        536  TTS_MSG_GETAUDIO  0  
[2017/07/13 23:54:12 992] tts        429  get audio|use local  
[2017/07/13 23:54:12 992] tts        442  local audiolen:  512  ,ced:  143  
[2017/07/13 23:54:12 993] tts        471  0  udata(ac047b38) 1  
[2017/07/13 23:54:12 993] tts        536  TTS_MSG_GETAUDIO  0  
[2017/07/13 23:54:12 993] tts        429  get audio|use local  
[2017/07/13 23:54:12 993] tts        442  local audiolen:  512  ,ced:  143  
[2017/07/13 23:54:12 993] tts        471  0  udata(ac047e88) 1  
[2017/07/13 23:54:12 995] tts        536  TTS_MSG_GETAUDIO  0  
[2017/07/13 23:54:12 995] tts        429  get audio|use local  
[2017/07/13 23:54:12 995] tts        442  local audiolen:  512  ,ced:  143  
[2017/07/13 23:54:12 995] tts        471  0  udata(ac02be68) 1  
[2017/07/13 23:54:12 996] tts        292  0  0  
[2017/07/13 23:54:12 996] tts        299  TTS_LOCAL_CB_END,  2  
[2017/07/13 23:54:12 996] tts        536  TTS_MSG_GETAUDIO  0  
[2017/07/13 23:54:12 996] tts        429  get audio|use local  
[2017/07/13 23:54:12 996] tts        442  local audiolen:  512  ,ced:  143  
[2017/07/13 23:54:12 996] tts        471  0  udata(ac02c458) 1  
[2017/07/13 23:54:12 997] tts        536  TTS_MSG_GETAUDIO  0  
[2017/07/13 23:54:12 997] tts        429  get audio|use local  
[2017/07/13 23:54:12 997] tts        442  local audiolen:  512  ,ced:  143  
[2017/07/13 23:54:12 997] tts        471  0  udata(ac02c508) 1  
[2017/07/13 23:54:12 997] tts        536  TTS_MSG_GETAUDIO  0  
[2017/07/13 23:54:12 997] tts        429  get audio|use local  
[2017/07/13 23:54:12 997] tts        442  local audiolen:  512  ,ced:  143  
[2017/07/13 23:54:12 997] tts        471  0  udata(ac02c558) 1  
[2017/07/13 23:54:12 997] tts        536  TTS_MSG_GETAUDIO  0  
[2017/07/13 23:54:12 997] tts        429  get audio|use local  
[2017/07/13 23:54:12 997] tts        442  local audiolen:  512  ,ced:  143  
[2017/07/13 23:54:12 997] tts        471  0  udata(ac02c5a8) 1  
[2017/07/13 23:54:12 997] tts        536  TTS_MSG_GETAUDIO  0  
[2017/07/13 23:54:12 997] tts        429  get audio|use local  
[2017/07/13 23:54:12 997] tts        442  local audiolen:  512  ,ced:  143  
[2017/07/13 23:54:12 997] tts        471  0  udata(ac02c5f8) 1  
[2017/07/13 23:54:12 998] tts        536  TTS_MSG_GETAUDIO  0  
[2017/07/13 23:54:12 998] tts        429  get audio|use local  
[2017/07/13 23:54:12 998] tts        442  local audiolen:  512  ,ced:  143  
[2017/07/13 23:54:12 998] tts        471  0  udata(ac02c648) 1  
[2017/07/13 23:54:12 998] tts        536  TTS_MSG_GETAUDIO  0  
[2017/07/13 23:54:12 998] tts        429  get audio|use local  
[2017/07/13 23:54:12 998] tts        442  local audiolen:  512  ,ced:  143  
[2017/07/13 23:54:12 998] tts        471  0  udata(ac02c698) 1  
[2017/07/13 23:54:12 998] tts        536  TTS_MSG_GETAUDIO  0  
[2017/07/13 23:54:12 998] tts        429  get audio|use local  
[2017/07/13 23:54:12 998] tts        442  local audiolen:  512  ,ced:  143  
[2017/07/13 23:54:12 998] tts        471  0  udata(ac02c6e8) 1  
[2017/07/13 23:54:12 998] tts        536  TTS_MSG_GETAUDIO  0  
[2017/07/13 23:54:12 998] tts        429  get audio|use local  
[2017/07/13 23:54:12 998] tts        442  local audiolen:  512  ,ced:  143  
[2017/07/13 23:54:12 998] tts        471  0  udata(ac02c738) 1  
[2017/07/13 23:54:12 999] tts        536  TTS_MSG_GETAUDIO  0  
[2017/07/13 23:54:12 999] tts        429  get audio|use local  
[2017/07/13 23:54:12 999] tts        442  local audiolen:  512  ,ced:  143  
[2017/07/13 23:54:12 999] tts        471  0  udata(ac02c788) 1  
[2017/07/13 23:54:12 999] tts        536  TTS_MSG_GETAUDIO  0  
[2017/07/13 23:54:12 999] tts        429  get audio|use local  
[2017/07/13 23:54:12 999] tts        442  local audiolen:  160  ,ced:  143  
[2017/07/13 23:54:12 999] tts        471  0  udata(ac047478) 1  
[2017/07/13 23:54:12 999] tts        536  TTS_MSG_GETAUDIO  0  
[2017/07/13 23:54:12 999] tts        429  get audio|use local  
[2017/07/13 23:54:12 999] tts        442  local audiolen:  300  ,ced:  176  
[2017/07/13 23:54:12 999] tts        471  0  udata(ac02c918) 1  
[2017/07/13 23:54:12 999] tts        536  TTS_MSG_GETAUDIO  0  
[2017/07/13 23:54:12 999] tts        429  get audio|use local  
[2017/07/13 23:54:12 999] tts        442  local audiolen:  634  ,ced:  176  
[2017/07/13 23:54:12 999] tts        471  0  udata(ac02cbf8) 1  
[2017/07/13 23:54:13 000] tts        536  TTS_MSG_GETAUDIO  0  
[2017/07/13 23:54:13 000] tts        429  get audio|use local  
[2017/07/13 23:54:13 000] tts        442  local audiolen:  8528  ,ced:  176  
[2017/07/13 23:54:13 000] tts        471  0  udata(ac02c4a8) 1  
[2017/07/13 23:54:13 000] tts        536  TTS_MSG_GETAUDIO  0  
[2017/07/13 23:54:13 000] tts        429  get audio|use local  
[2017/07/13 23:54:13 000] tts        442  local audiolen:  7092  ,ced:  176  
[2017/07/13 23:54:13 000] tts        471  0  udata(ac0473c8) 1  
[2017/07/13 23:54:13 000] tts        536  TTS_MSG_GETAUDIO  0  
[2017/07/13 23:54:13 000] tts        429  get audio|use local  
[2017/07/13 23:54:13 000] tts        442  local audiolen:  6376  ,ced:  176  
[2017/07/13 23:54:13 000] tts        471  0  udata(ac047418) 1  
[2017/07/13 23:54:13 001] tts        536  TTS_MSG_GETAUDIO  0  
[2017/07/13 23:54:13 001] tts        429  get audio|use local  
[2017/07/13 23:54:13 001] tts        442  local audiolen:  7488  ,ced:  176  
[2017/07/13 23:54:13 001] tts        471  0  udata(ac0474c8) 1  
[2017/07/13 23:54:13 001] tts        536  TTS_MSG_GETAUDIO  0  
[2017/07/13 23:54:13 001] tts        429  get audio|use local  
[2017/07/13 23:54:13 001] tts        442  local audiolen:  8846  ,ced:  176  
[2017/07/13 23:54:13 001] tts        471  0  udata(ac047518) 1  
[2017/07/13 23:54:13 001] tts        536  TTS_MSG_GETAUDIO  0  
[2017/07/13 23:54:13 001] tts        429  get audio|use local  
[2017/07/13 23:54:13 001] tts        442  local audiolen:  7224  ,ced:  176  
[2017/07/13 23:54:13 001] tts        471  0  udata(ac047568) 1  
[2017/07/13 23:54:13 002] tts        536  TTS_MSG_GETAUDIO  0  
[2017/07/13 23:54:13 002] tts        429  get audio|use local  
[2017/07/13 23:54:13 002] tts        442  local audiolen:  13396  ,ced:  176  
[2017/07/13 23:54:13 002] tts        471  0  udata(ac02c7d8) 1  
[2017/07/13 23:54:13 002] tts        536  TTS_MSG_GETAUDIO  0  
[2017/07/13 23:54:13 002] tts        429  get audio|use local  
[2017/07/13 23:54:13 002] tts        442  local audiolen:  7156  ,ced:  176  
[2017/07/13 23:54:13 002] tts        471  0  udata(ac02c828) 1  
[2017/07/13 23:54:13 003] tts        536  TTS_MSG_GETAUDIO  0  
[2017/07/13 23:54:13 003] tts        429  get audio|use local  
[2017/07/13 23:54:13 003] tts        442  local audiolen:  5896  ,ced:  176  
[2017/07/13 23:54:13 003] tts        471  0  udata(ac02c878) 1  
[2017/07/13 23:54:13 003] tts        536  TTS_MSG_GETAUDIO  0  
[2017/07/13 23:54:13 003] tts        429  get audio|use local  
[2017/07/13 23:54:13 003] tts        442  local audiolen:  512  ,ced:  176  
[2017/07/13 23:54:13 003] tts        471  0  udata(ac02c8c8) 1  
[2017/07/13 23:54:13 003] tts        536  TTS_MSG_GETAUDIO  0  
[2017/07/13 23:54:13 003] tts        429  get audio|use local  
[2017/07/13 23:54:13 003] tts        442  local audiolen:  512  ,ced:  176  
[2017/07/13 23:54:13 003] tts        471  0  udata(ac02cc48) 1  
[2017/07/13 23:54:13 004] tts        536  TTS_MSG_GETAUDIO  0  
[2017/07/13 23:54:13 004] tts        429  get audio|use local  
[2017/07/13 23:54:13 004] tts        442  local audiolen:  512  ,ced:  176  
[2017/07/13 23:54:13 004] tts        471  0  udata(ac02cc98) 1  
[2017/07/13 23:54:13 004] tts        536  TTS_MSG_GETAUDIO  0  
[2017/07/13 23:54:13 004] tts        429  get audio|use local  
[2017/07/13 23:54:13 004] tts        442  local audiolen:  512  ,ced:  176  
[2017/07/13 23:54:13 004] tts        471  0  udata(ac02cce8) 1  
[2017/07/13 23:54:13 004] tts        536  TTS_MSG_GETAUDIO  0  
[2017/07/13 23:54:13 004] tts        429  get audio|use local  
[2017/07/13 23:54:13 004] tts        442  local audiolen:  512  ,ced:  176  
[2017/07/13 23:54:13 004] tts        471  0  udata(ac02cd38) 1  
[2017/07/13 23:54:13 004] tts        536  TTS_MSG_GETAUDIO  0  
[2017/07/13 23:54:13 004] tts        429  get audio|use local  
[2017/07/13 23:54:13 004] tts        442  local audiolen:  512  ,ced:  176  
[2017/07/13 23:54:13 004] tts        471  0  udata(ac02cd88) 1  
[2017/07/13 23:54:13 005] tts        536  TTS_MSG_GETAUDIO  0  
[2017/07/13 23:54:13 005] tts        429  get audio|use local  
[2017/07/13 23:54:13 005] tts        442  local audiolen:  512  ,ced:  176  
[2017/07/13 23:54:13 005] tts        471  0  udata(ac02cdd8) 1  
[2017/07/13 23:54:13 005] tts        536  TTS_MSG_GETAUDIO  0  
[2017/07/13 23:54:13 005] tts        429  get audio|use local  
[2017/07/13 23:54:13 005] tts        442  local audiolen:  512  ,ced:  176  
[2017/07/13 23:54:13 005] tts        471  0  udata(ac02ce28) 1  
[2017/07/13 23:54:13 005] tts        536  TTS_MSG_GETAUDIO  0  
[2017/07/13 23:54:13 005] tts        429  get audio|use local  
[2017/07/13 23:54:13 005] tts        442  local audiolen:  512  ,ced:  176  
[2017/07/13 23:54:13 005] tts        471  0  udata(ac02ce78) 1  
[2017/07/13 23:54:13 005] tts        536  TTS_MSG_GETAUDIO  0  
[2017/07/13 23:54:13 005] tts        429  get audio|use local  
[2017/07/13 23:54:13 005] tts        442  local audiolen:  512  ,ced:  176  
[2017/07/13 23:54:13 005] tts        471  0  udata(ac02cec8) 1  
[2017/07/13 23:54:13 006] tts        536  TTS_MSG_GETAUDIO  0  
[2017/07/13 23:54:13 006] tts        429  get audio|use local  
[2017/07/13 23:54:13 006] tts        442  local audiolen:  512  ,ced:  176  
[2017/07/13 23:54:13 006] tts        471  0  udata(ac02cf18) 1  
[2017/07/13 23:54:13 006] tts        536  TTS_MSG_GETAUDIO  0  
[2017/07/13 23:54:13 006] tts        429  get audio|use local  
[2017/07/13 23:54:13 006] tts        442  local audiolen:  512  ,ced:  176  
[2017/07/13 23:54:13 006] tts        471  0  udata(ac02cf68) 1  
[2017/07/13 23:54:13 006] tts        536  TTS_MSG_GETAUDIO  0  
[2017/07/13 23:54:13 006] tts        429  get audio|use local  
[2017/07/13 23:54:13 006] tts        442  local audiolen:  512  ,ced:  176  
[2017/07/13 23:54:13 006] tts        471  0  udata(ac02cfb8) 1  
[2017/07/13 23:54:13 006] tts        536  TTS_MSG_GETAUDIO  0  
[2017/07/13 23:54:13 006] tts        429  get audio|use local  
[2017/07/13 23:54:13 006] tts        442  local audiolen:  512  ,ced:  176  
[2017/07/13 23:54:13 006] tts        471  0  udata(ac02d008) 1  
[2017/07/13 23:54:13 007] tts        536  TTS_MSG_GETAUDIO  0  
[2017/07/13 23:54:13 007] tts        429  get audio|use local  
[2017/07/13 23:54:13 007] tts        442  local audiolen:  512  ,ced:  176  
[2017/07/13 23:54:13 007] tts        471  0  udata(ac02d058) 1  
[2017/07/13 23:54:13 007] tts        536  TTS_MSG_GETAUDIO  0  
[2017/07/13 23:54:13 007] tts        429  get audio|use local  
[2017/07/13 23:54:13 007] tts        442  local audiolen:  512  ,ced:  176  
[2017/07/13 23:54:13 007] tts        471  0  udata(ac02d0a8) 1  
[2017/07/13 23:54:13 007] tts        536  TTS_MSG_GETAUDIO  0  
[2017/07/13 23:54:13 007] tts        429  get audio|use local  
[2017/07/13 23:54:13 007] tts        442  local audiolen:  512  ,ced:  176  
[2017/07/13 23:54:13 007] tts        471  0  udata(ac02d0f8) 1  
[2017/07/13 23:54:13 008] tts        536  TTS_MSG_GETAUDIO  0  
[2017/07/13 23:54:13 008] tts        429  get audio|use local  
[2017/07/13 23:54:13 008] tts        442  local audiolen:  512  ,ced:  176  
[2017/07/13 23:54:13 008] tts        471  0  udata(ac02d148) 1  
[2017/07/13 23:54:13 008] tts        536  TTS_MSG_GETAUDIO  0  
[2017/07/13 23:54:13 008] tts        429  get audio|use local  
[2017/07/13 23:54:13 008] tts        442  local audiolen:  160  ,ced:  176  
[2017/07/13 23:54:13 008] tts        471  0  udata(ac02ca78) 1  
[2017/07/13 23:54:13 009] tts        536  TTS_MSG_GETAUDIO  0  
[2017/07/13 23:54:13 009] tts        429  get audio|use local  
[2017/07/13 23:54:13 009] tts        442  local audiolen:  272  ,ced:  200  
[2017/07/13 23:54:13 009] tts        471  0  udata(ac02c9c8) 1  
[2017/07/13 23:54:13 009] tts        536  TTS_MSG_GETAUDIO  0  
[2017/07/13 23:54:13 009] tts        429  get audio|use local  
[2017/07/13 23:54:13 009] tts        442  local audiolen:  11504  ,ced:  200  
[2017/07/13 23:54:13 009] tts        471  0  udata(ac02ca18) 1  
[2017/07/13 23:54:13 010] tts        536  TTS_MSG_GETAUDIO  0  
[2017/07/13 23:54:13 010] tts        429  get audio|use local  
[2017/07/13 23:54:13 010] tts        442  local audiolen:  7070  ,ced:  200  
[2017/07/13 23:54:13 010] tts        471  0  udata(ac02c968) 1  
[2017/07/13 23:54:13 010] tts        536  TTS_MSG_GETAUDIO  0  
[2017/07/13 23:54:13 010] tts        429  get audio|use local  
[2017/07/13 23:54:13 010] tts        442  local audiolen:  6802  ,ced:  200  
[2017/07/13 23:54:13 010] tts        471  0  udata(ac02cac8) 1  
[2017/07/13 23:54:13 011] tts        536  TTS_MSG_GETAUDIO  0  
[2017/07/13 23:54:13 011] tts        429  get audio|use local  
[2017/07/13 23:54:13 011] tts        442  local audiolen:  7136  ,ced:  200  
[2017/07/13 23:54:13 011] tts        471  0  udata(ac02cb18) 1  
[2017/07/13 23:54:13 011] tts        536  TTS_MSG_GETAUDIO  0  
[2017/07/13 23:54:13 011] tts        429  get audio|use local  
[2017/07/13 23:54:13 011] tts        442  local audiolen:  3944  ,ced:  200  
[2017/07/13 23:54:13 011] tts        471  0  udata(ac02cb68) 1  
[2017/07/13 23:54:13 012] tts        536  TTS_MSG_GETAUDIO  0  
[2017/07/13 23:54:13 012] tts        429  get audio|use local  
[2017/07/13 23:54:13 012] tts        442  local audiolen:  10648  ,ced:  200  
[2017/07/13 23:54:13 012] tts        471  0  udata(ac02d198) 1  
[2017/07/13 23:54:13 012] tts        536  TTS_MSG_GETAUDIO  0  
[2017/07/13 23:54:13 012] tts        429  get audio|use local  
[2017/07/13 23:54:13 012] tts        442  local audiolen:  4700  ,ced:  200  
[2017/07/13 23:54:13 012] tts        471  0  udata(ac02d1e8) 1  
[2017/07/13 23:54:13 013] tts        536  TTS_MSG_GETAUDIO  0  
[2017/07/13 23:54:13 013] tts        429  get audio|use local  
[2017/07/13 23:54:13 013] tts        442  local audiolen:  7102  ,ced:  200  
[2017/07/13 23:54:13 013] tts        471  0  udata(ac02d238) 2  
[2017/07/13 23:54:13 014] tts        539  TTS_MSG_SSE  
[2017/07/13 23:54:13 014] tts        493  sse|use local  
[2017/07/13 23:54:13 015] tts        509  tts exit  
