============================================================
Time  2018/09/13 10:19:01 834 
============================================================
[2018/09/13 10:19:01 834] lgi        641  SYS_MSG_LOAD  
[2018/09/13 10:19:01 835] lgi        663  SYS_MSG_REGCB  msp_status_cb  func(a0015e20) 
[2018/09/13 10:19:01 835] lgi        292  LGI_MSG_INIT  
[2018/09/13 10:19:01 835] lgi        299  lgi  lgi_  268436457  1495166055  
[2018/09/13 10:19:01 835] lgi        332  lgi params:  appid = 54a61231, work_dir = .  
[2018/09/13 10:19:01 835] lgi        346  auth_time_str=  2018/09/13 10:19:01  
[2018/09/13 10:19:01 836] lgi        352  auth_appid=  54a61231  
[2018/09/13 10:19:01 836] lgi        363  token:  nil  
[2018/09/13 10:19:01 836] lgi        433  msc cver : 5.0.33.1158  
[2018/09/13 10:19:01 836] lgi        476  ns_enable=  1  
[2018/09/13 10:19:01 836] lgi        488  prot_ver=1  
[2018/09/13 10:19:01 836] lgi        499  prot_type=tcp  
[2018/09/13 10:19:01 836] lgi        650  SYS_MSG_UNLOAD  go bg!  
[2018/09/13 10:19:06 263] lgi        654  SYS_MSG_SHUTDOWN  
============================================================
Time  2018/09/13 10:20:21 990 
============================================================
[2018/09/13 10:20:21 990] lgi        641  SYS_MSG_LOAD  
[2018/09/13 10:20:21 991] lgi        663  SYS_MSG_REGCB  msp_status_cb  func(c8013530) 
[2018/09/13 10:20:21 991] lgi        292  LGI_MSG_INIT  
[2018/09/13 10:20:21 991] lgi        299  lgi  lgi_  268436457  1495166055  
[2018/09/13 10:20:21 991] lgi        332  lgi params:  appid = 54a61231, work_dir = .  
[2018/09/13 10:20:21 991] lgi        346  auth_time_str=  2018/09/13 10:20:21  
[2018/09/13 10:20:21 991] lgi        352  auth_appid=  54a61231  
[2018/09/13 10:20:21 991] lgi        363  token:  nil  
[2018/09/13 10:20:21 991] lgi        433  msc cver : 5.0.33.1158  
[2018/09/13 10:20:21 991] lgi        476  ns_enable=  1  
[2018/09/13 10:20:21 991] lgi        488  prot_ver=1  
[2018/09/13 10:20:21 991] lgi        499  prot_type=tcp  
[2018/09/13 10:20:21 991] lgi        650  SYS_MSG_UNLOAD  go bg!  
[2018/09/13 10:20:23 263] lgi        654  SYS_MSG_SHUTDOWN  
============================================================
Time  2019/07/09 17:29:12 132 
============================================================
[2019/07/09 17:29:12 132] lgi        641  SYS_MSG_LOAD  
[2019/07/09 17:29:12 133] lgi        663  SYS_MSG_REGCB  msp_status_cb  func(68015e00) 
[2019/07/09 17:29:12 133] lgi        292  LGI_MSG_INIT  
[2019/07/09 17:29:12 133] lgi        299  lgi  lgi_  268436457  1495166055  
[2019/07/09 17:29:12 133] lgi        332  lgi params:  appid = 54a61231, work_dir = .  
[2019/07/09 17:29:12 133] lgi        346  auth_time_str=  2019/07/09 17:29:12  
[2019/07/09 17:29:12 133] lgi        352  auth_appid=  54a61231  
[2019/07/09 17:29:12 133] lgi        363  token:  nil  
[2019/07/09 17:29:12 133] lgi        433  msc cver : 5.0.33.1158  
[2019/07/09 17:29:12 133] lgi        476  ns_enable=  1  
[2019/07/09 17:29:12 133] lgi        488  prot_ver=1  
[2019/07/09 17:29:12 133] lgi        499  prot_type=tcp  
[2019/07/09 17:29:12 133] lgi        650  SYS_MSG_UNLOAD  go bg!  
[2019/07/09 17:29:14 675] lgi        654  SYS_MSG_SHUTDOWN  
============================================================
Time  2019/07/09 17:30:24 939 
============================================================
[2019/07/09 17:30:24 939] lgi        641  SYS_MSG_LOAD  
[2019/07/09 17:30:24 940] lgi        663  SYS_MSG_REGCB  msp_status_cb  func(fc013530) 
[2019/07/09 17:30:24 940] lgi        292  LGI_MSG_INIT  
[2019/07/09 17:30:24 940] lgi        299  lgi  lgi_  268436457  1495166055  
[2019/07/09 17:30:24 940] lgi        332  lgi params:  appid = 54a61231, work_dir = .  
[2019/07/09 17:30:24 940] lgi        346  auth_time_str=  2019/07/09 17:30:24  
[2019/07/09 17:30:24 940] lgi        352  auth_appid=  54a61231  
[2019/07/09 17:30:24 940] lgi        363  token:  nil  
[2019/07/09 17:30:24 940] lgi        433  msc cver : 5.0.33.1158  
[2019/07/09 17:30:24 940] lgi        476  ns_enable=  1  
[2019/07/09 17:30:24 940] lgi        488  prot_ver=1  
[2019/07/09 17:30:24 940] lgi        499  prot_type=tcp  
[2019/07/09 17:30:24 940] lgi        650  SYS_MSG_UNLOAD  go bg!  
[2019/07/09 17:30:26 505] lgi        654  SYS_MSG_SHUTDOWN  
============================================================
Time  2019/07/09 17:30:41 553 
============================================================
[2019/07/09 17:30:41 553] lgi        641  SYS_MSG_LOAD  
[2019/07/09 17:30:41 554] lgi        663  SYS_MSG_REGCB  msp_status_cb  func(c0015de0) 
[2019/07/09 17:30:41 554] lgi        292  LGI_MSG_INIT  
[2019/07/09 17:30:41 554] lgi        299  lgi  lgi_  268436457  1495166055  
[2019/07/09 17:30:41 554] lgi        332  lgi params:  appid = 54a61231, work_dir = .  
[2019/07/09 17:30:41 554] lgi        346  auth_time_str=  2019/07/09 17:30:41  
[2019/07/09 17:30:41 554] lgi        352  auth_appid=  54a61231  
[2019/07/09 17:30:41 554] lgi        363  token:  nil  
[2019/07/09 17:30:41 554] lgi        433  msc cver : 5.0.33.1158  
[2019/07/09 17:30:41 554] lgi        476  ns_enable=  1  
[2019/07/09 17:30:41 554] lgi        488  prot_ver=1  
[2019/07/09 17:30:41 554] lgi        499  prot_type=tcp  
[2019/07/09 17:30:41 554] lgi        650  SYS_MSG_UNLOAD  go bg!  
============================================================
Time  2019/08/23 12:17:46 984 
============================================================
[2019/08/23 12:17:46 984] lgi        641  SYS_MSG_LOAD  
[2019/08/23 12:17:46 985] lgi        663  SYS_MSG_REGCB  msp_status_cb  func(cc015e20) 
[2019/08/23 12:17:46 985] lgi        292  LGI_MSG_INIT  
[2019/08/23 12:17:46 985] lgi        299  lgi  lgi_  268436457  1495166055  
[2019/08/23 12:17:46 985] lgi        332  lgi params:  appid = 54a61231, work_dir = .  
[2019/08/23 12:17:46 985] lgi        346  auth_time_str=  2019/08/23 12:17:46  
[2019/08/23 12:17:46 985] lgi        352  auth_appid=  54a61231  
[2019/08/23 12:17:46 985] lgi        363  token:  nil  
[2019/08/23 12:17:46 985] lgi        433  msc cver : 5.0.33.1158  
[2019/08/23 12:17:46 985] lgi        476  ns_enable=  1  
[2019/08/23 12:17:46 985] lgi        488  prot_ver=1  
[2019/08/23 12:17:46 985] lgi        499  prot_type=tcp  
[2019/08/23 12:17:46 986] lgi        650  SYS_MSG_UNLOAD  go bg!  
[2019/08/23 12:17:48 572] lgi        654  SYS_MSG_SHUTDOWN  
============================================================
Time  2019/08/23 13:39:18 774 
============================================================
[2019/08/23 13:39:18 774] lgi        641  SYS_MSG_LOAD  
[2019/08/23 13:39:18 775] lgi        663  SYS_MSG_REGCB  msp_status_cb  func(98013530) 
[2019/08/23 13:39:18 775] lgi        292  LGI_MSG_INIT  
[2019/08/23 13:39:18 775] lgi        299  lgi  lgi_  268436457  1495166055  
[2019/08/23 13:39:18 775] lgi        332  lgi params:  appid = 54a61231, work_dir = .  
[2019/08/23 13:39:18 775] lgi        346  auth_time_str=  2019/08/23 13:39:18  
[2019/08/23 13:39:18 775] lgi        352  auth_appid=  54a61231  
[2019/08/23 13:39:18 775] lgi        363  token:  nil  
[2019/08/23 13:39:18 775] lgi        433  msc cver : 5.0.33.1158  
[2019/08/23 13:39:18 775] lgi        476  ns_enable=  1  
[2019/08/23 13:39:18 775] lgi        488  prot_ver=1  
[2019/08/23 13:39:18 776] lgi        499  prot_type=tcp  
[2019/08/23 13:39:18 776] lgi        650  SYS_MSG_UNLOAD  go bg!  
[2019/08/23 13:39:19 821] lgi        654  SYS_MSG_SHUTDOWN  
