============================================================
Time  2019/08/23 13:39:18 784 
============================================================
[2019/08/23 13:39:18 784] tts_local  1824 Linux  
[2019/08/23 13:39:18 784] tts_local  1860 SYS_MSG_REGCB_LOCAL  
[2019/08/23 13:39:18 784] tts_local  1875 last gc at  1566538758  
[2019/08/23 13:39:18 784] tts_local  1860 SYS_MSG_REGCB_LOCAL  
[2019/08/23 13:39:18 784] tts_local  1875 last gc at  1566538758  
[2019/08/23 13:39:18 784] tts_local  1671 TTS_LOCAL_MSG_SSB  engine_type=local,text_encoding=UTF8,tts_res_path=fo|res/tts/xiaoyan.jet;fo|res/tts/common.jet,sample_rate=16000,speed=50,volume=50,pitch=50,rdn=2  
[2019/08/23 13:39:18 785] tts_local  1701 mode_num =  0  
[2019/08/23 13:39:18 785] tts_local  1563 fo|res/tts/xiaoyan.jet;fo|res/tts/common.jet  
[2019/08/23 13:39:18 785] tts_local  1566 nil  
[2019/08/23 13:39:18 785] tts_local  858  resource path:  fo|res/tts/xiaoyan.jet;fo|res/tts/common.jet  
[2019/08/23 13:39:18 785] tts_local  886  Disperse res  
[2019/08/23 13:39:18 785] tts_local  990  fo|res/tts/xiaoyan.jet  fo|res/tts/common.jet  
[2019/08/23 13:39:18 785] tts_local  1570 res_change is  true  
[2019/08/23 13:39:18 785] tts_local  1586 res change  
[2019/08/23 13:39:18 785] tts_local  1393 lgi:  nil  nil  
[2019/08/23 13:39:18 785] tts_local  858  resource path:  fo|res/tts/xiaoyan.jet;fo|res/tts/common.jet  
[2019/08/23 13:39:18 785] tts_local  886  Disperse res  
[2019/08/23 13:39:18 785] tts_local  848  file_type:  fo  file_path:  res/tts/xiaoyan.jet  
[2019/08/23 13:39:18 785] tts_local  848  file_type:  fo  file_path:  res/tts/common.jet  
[2019/08/23 13:39:18 785] tts_local  1417 fo  fo  res/tts/xiaoyan.jet  0  res/tts/common.jet  0  false  
[2019/08/23 13:39:18 785] tts_local  1029 speech_plus_setting  0  
[2019/08/23 13:39:18 785] tts_local  1037 fo  res/tts/xiaoyan.jet  0  0  
[2019/08/23 13:39:18 785] tts_local  1041 res_ver  2  
[2019/08/23 13:39:18 785] tts_local  1042 res appid5  be0d4e41680fbfdc9ec577dcd124f0a9  
[2019/08/23 13:39:18 785] tts_local  1043 res_new_old_mark  v5pp  
[2019/08/23 13:39:18 785] tts_local  1044 res_usr_name    
[2019/08/23 13:39:18 785] tts_local  1045 check ret  0  
[2019/08/23 13:39:18 785] tts_local  1060 lgi appid 5  be0d4e41680fbfdc9ec577dcd124f0a9  
[2019/08/23 13:39:18 785] tts_local  1177 res_expires is null  
[2019/08/23 13:39:18 785] auth       252  read auth file failed! err=  11200  
[2019/08/23 13:39:18 785] tts_local  1029 speech_plus_setting  0  
[2019/08/23 13:39:18 785] tts_local  1037 fo  res/tts/common.jet  0  0  
[2019/08/23 13:39:18 785] tts_local  1041 res_ver  2  
[2019/08/23 13:39:18 785] tts_local  1042 res appid5  be0d4e41680fbfdc9ec577dcd124f0a9  
[2019/08/23 13:39:18 785] tts_local  1043 res_new_old_mark  v5pp  
[2019/08/23 13:39:18 786] tts_local  1044 res_usr_name    
[2019/08/23 13:39:18 786] tts_local  1045 check ret  0  
[2019/08/23 13:39:18 786] tts_local  1060 lgi appid 5  be0d4e41680fbfdc9ec577dcd124f0a9  
[2019/08/23 13:39:18 786] tts_local  1177 res_expires is null  
[2019/08/23 13:39:18 786] tts_local  1466 v5pp  v5pp  
[2019/08/23 13:39:18 786] auth       252  read auth file failed! err=  11200  
[2019/08/23 13:39:18 786] tts_local  1509 fo  res/tts/xiaoyan.jet  256  fo  res/tts/common.jet  256  false  func(a0068df0) 
[2019/08/23 13:39:18 794] tts_local  1525 engine init success  
[2019/08/23 13:39:18 794] tts_local  858  resource path:  fo|res/tts/xiaoyan.jet;fo|res/tts/common.jet  
[2019/08/23 13:39:18 795] tts_local  886  Disperse res  
[2019/08/23 13:39:18 795] tts_local  1588 reinit ret:  0  
[2019/08/23 13:39:18 795] tts_local  1309 app auth  
[2019/08/23 13:39:18 795] auth       570  aisound  table(a0033120) nil  nil  appid = 54a61231, work_dir = .  
[2019/08/23 13:39:18 795] auth       579  app  nil  nil  nil  
[2019/08/23 13:39:18 795] auth       636  ath rquest  {"authorize":[{"busin":"aisound","ver":"2.1.1"}]}  
[2019/08/23 13:39:18 801] transport  658  paramkvsport is   nil  
[2019/08/23 13:39:18 801] transport  666  ns_enable=  1  
[2019/08/23 13:39:18 802] transport  710  url.full=  nil  
[2019/08/23 13:39:18 802] transport  887  switch 80  
[2019/08/23 13:39:18 802] transport  898  net type:  standard  
[2019/08/23 13:39:18 802] transport  899  net operator:  def  
[2019/08/23 13:39:18 802] transport  900  use proxy:  false  
[2019/08/23 13:39:18 802] auth       691  not login!  
[2019/08/23 13:39:18 802] auth       528  [session] send auth request  
[2019/08/23 13:39:18 802] transport  1033 session.domain=  open.xf-yun.com  
[2019/08/23 13:39:18 802] transport  1034 url.host=  open.xf-yun.com  
[2019/08/23 13:39:18 802] transport  1068 NAMESERVER START  
[2019/08/23 13:39:18 802] transport  1071 name =   ath  
[2019/08/23 13:39:18 802] ns         629  ntt=  standard  
[2019/08/23 13:39:18 803] transport  1074 trans,ns_inprog =  0  
[2019/08/23 13:39:18 803] ns         585  name server start  
[2019/08/23 13:39:18 803] ns         586  ns_sub =   ath  
[2019/08/23 13:39:18 803] ns         588  ns_host=  open.xf-yun.com  
[2019/08/23 13:39:18 803] ns         479  ns_host=  open.xf-yun.com  
[2019/08/23 13:39:18 803] ns         558  GET /sip/resolver?srand=0823133911.32 HTTP/1.1
Host: hdns.openspeech.cn
Connection: Keep-Alive
X-Par: ver=1.3&appid=54a61231&operator=UNKNOW&nettype=STANDARD&cver=5.0.33.1158&svc=ath&host=open.xf-yun.com&sign=462e99c206018ca1086997dbf79e7334
User-Agent: iFLYCloud

  
[2019/08/23 13:39:18 803] ns         559  net_type =  standard  
[2019/08/23 13:39:18 804] ns         560  cmwapascmnet =  
[2019/08/23 13:39:18 804] ns         561  uniwapasuninet =  
[2019/08/23 13:39:18 804] ns         562  ctwapasctnet =  
[2019/08/23 13:39:18 804] ns         579  host=  hdns.openspeech.cn  
[2019/08/23 13:39:18 804] network    242  gethostbyname  hdns.openspeech.cn  ns1  
[2019/08/23 13:39:18 805] auth       535  0  
[2019/08/23 13:39:18 805] auth       498  lver:  nil  
[2019/08/23 13:39:18 805] auth       503  cfg_ver:  nil  
[2019/08/23 13:39:18 805] tts_local  1362 forbid_aisound =  nil  
[2019/08/23 13:39:18 806] tts_local  1635 set voice name:  xiaoyan  
[2019/08/23 13:39:18 806] tts_local  1637 set default voice name:  xiaoyan  
[2019/08/23 13:39:18 806] tts_local  294  speed increase:  1  
[2019/08/23 13:39:18 806] tts_local  307  rcn:  0  
[2019/08/23 13:39:18 806] tts_local  320  bgs:  0  
[2019/08/23 13:39:18 806] tts_local  400  set language: chinese  
[2019/08/23 13:39:18 807] tts_local  408  set vcn:  xiaoyan  
[2019/08/23 13:39:18 807] tts_local  692  fit:  false  
[2019/08/23 13:39:18 807] tts_local  547  type:  speed  value:  50  weight:  50  double_weight:  100  
[2019/08/23 13:39:18 807] tts_local  547  type:  pitch  value:  50  weight:  50  double_weight:  100  
[2019/08/23 13:39:18 807] tts_local  547  type:  volume  value:  50  weight:  50  double_weight:  100  
[2019/08/23 13:39:18 807] tts_local  576  sample_rate:  528  
[2019/08/23 13:39:18 808] tts_local  589  text_encoding:  65001  
[2019/08/23 13:39:18 808] tts_local  610  rdn:  1  
[2019/08/23 13:39:18 808] tts_local  623  effect:  0  
[2019/08/23 13:39:18 808] tts_local  1725 tts_local.ssb ret:  0  
[2019/08/23 13:39:18 809] tts_local  1875 last gc at  1566538758  
[2019/08/23 13:39:18 809] tts_local  1733 TTS_LOCAL_MSG_TEXT  
[2019/08/23 13:39:18 809] tts_local  1740 base64 =  5YmN5pa55pyJ6Zqc56KN54mp77yM6K+35o6l566h  
[2019/08/23 13:39:18 809] tts_local  1875 last gc at  1566538758  
[2019/08/23 13:39:18 814] network    224  dns resp  10214  ns1  
[2019/08/23 13:39:18 814] ns         457  ns dns failed, err =   10214  
[2019/08/23 13:39:18 814] network    423  gethttpresp2  117.121.48.5  80  ns2  
[2019/08/23 13:39:18 814] network    440  prot_type  tcp  
[2019/08/23 13:39:18 815] transport  296  [dns] [1] failed! 10214  
[2019/08/23 13:39:18 815] network    88   ipfromenv ,  ipcache  open.xf-yun.com  def  nil  
[2019/08/23 13:39:18 815] network    88   ipfromenv ,  ipcfg  open.xf-yun.com  def  nil  
[2019/08/23 13:39:18 815] transport  1266 [soc] connect   116.213.69.195  80  
[2019/08/23 13:39:18 815] transport  1283 mspsoc.open,prot_type=  tcp  
[2019/08/23 13:39:18 816] tts_local  950  TTS_LOCAL_CB_OUTPUT  nCode:  528  ,ced:  21  ,nSize:  212  ,data:  udata(a00636d8) 
[2019/08/23 13:39:18 816] tts_local  950  TTS_LOCAL_CB_OUTPUT  nCode:  528  ,ced:  21  ,nSize:  5380  ,data:  udata(a0039a48) 
[2019/08/23 13:39:18 816] tts_local  950  TTS_LOCAL_CB_OUTPUT  nCode:  528  ,ced:  21  ,nSize:  7024  ,data:  udata(a0008098) 
[2019/08/23 13:39:18 816] tts_local  950  TTS_LOCAL_CB_OUTPUT  nCode:  528  ,ced:  21  ,nSize:  7198  ,data:  udata(a0085ad8) 
[2019/08/23 13:39:18 816] tts_local  950  TTS_LOCAL_CB_OUTPUT  nCode:  528  ,ced:  21  ,nSize:  6472  ,data:  udata(a004eab8) 
[2019/08/23 13:39:18 816] tts_local  950  TTS_LOCAL_CB_OUTPUT  nCode:  528  ,ced:  21  ,nSize:  7218  ,data:  udata(a0064038) 
[2019/08/23 13:39:18 816] tts_local  950  TTS_LOCAL_CB_OUTPUT  nCode:  528  ,ced:  21  ,nSize:  7238  ,data:  udata(a0045178) 
[2019/08/23 13:39:18 816] tts_local  950  TTS_LOCAL_CB_OUTPUT  nCode:  528  ,ced:  21  ,nSize:  7412  ,data:  udata(a0046a38) 
[2019/08/23 13:39:18 816] tts_local  950  TTS_LOCAL_CB_OUTPUT  nCode:  528  ,ced:  21  ,nSize:  512  ,data:  udata(a0073318) 
[2019/08/23 13:39:18 816] tts_local  950  TTS_LOCAL_CB_OUTPUT  nCode:  528  ,ced:  21  ,nSize:  512  ,data:  udata(a0044c18) 
[2019/08/23 13:39:18 816] tts_local  950  TTS_LOCAL_CB_OUTPUT  nCode:  528  ,ced:  21  ,nSize:  512  ,data:  udata(a0045018) 
[2019/08/23 13:39:18 816] tts_local  950  TTS_LOCAL_CB_OUTPUT  nCode:  528  ,ced:  21  ,nSize:  512  ,data:  udata(a0009dc8) 
[2019/08/23 13:39:18 816] tts_local  950  TTS_LOCAL_CB_OUTPUT  nCode:  528  ,ced:  21  ,nSize:  512  ,data:  udata(a00639b8) 
[2019/08/23 13:39:18 817] tts_local  950  TTS_LOCAL_CB_OUTPUT  nCode:  528  ,ced:  21  ,nSize:  512  ,data:  udata(a00808a8) 
[2019/08/23 13:39:18 817] tts_local  950  TTS_LOCAL_CB_OUTPUT  nCode:  528  ,ced:  21  ,nSize:  512  ,data:  udata(a0080918) 
[2019/08/23 13:39:18 817] tts_local  950  TTS_LOCAL_CB_OUTPUT  nCode:  528  ,ced:  21  ,nSize:  512  ,data:  udata(a0053968) 
[2019/08/23 13:39:18 817] tts_local  950  TTS_LOCAL_CB_OUTPUT  nCode:  528  ,ced:  21  ,nSize:  512  ,data:  udata(a003c8e8) 
[2019/08/23 13:39:18 817] tts_local  950  TTS_LOCAL_CB_OUTPUT  nCode:  528  ,ced:  21  ,nSize:  512  ,data:  udata(a003c938) 
[2019/08/23 13:39:18 817] tts_local  950  TTS_LOCAL_CB_OUTPUT  nCode:  528  ,ced:  21  ,nSize:  512  ,data:  udata(a0047518) 
[2019/08/23 13:39:18 817] tts_local  950  TTS_LOCAL_CB_OUTPUT  nCode:  528  ,ced:  21  ,nSize:  512  ,data:  udata(a0009958) 
[2019/08/23 13:39:18 817] tts_local  950  TTS_LOCAL_CB_OUTPUT  nCode:  528  ,ced:  21  ,nSize:  512  ,data:  udata(a007a298) 
[2019/08/23 13:39:18 817] tts_local  950  TTS_LOCAL_CB_OUTPUT  nCode:  528  ,ced:  21  ,nSize:  512  ,data:  udata(a008f998) 
[2019/08/23 13:39:18 818] tts_local  950  TTS_LOCAL_CB_OUTPUT  nCode:  528  ,ced:  21  ,nSize:  512  ,data:  udata(a0044d18) 
[2019/08/23 13:39:18 821] tts_local  950  TTS_LOCAL_CB_OUTPUT  nCode:  528  ,ced:  21  ,nSize:  512  ,data:  udata(a007b648) 
[2019/08/23 13:39:18 821] tts_local  950  TTS_LOCAL_CB_OUTPUT  nCode:  528  ,ced:  21  ,nSize:  512  ,data:  udata(a0044dc8) 
[2019/08/23 13:39:18 822] tts_local  950  TTS_LOCAL_CB_OUTPUT  nCode:  528  ,ced:  21  ,nSize:  512  ,data:  udata(a0045c98) 
[2019/08/23 13:39:18 822] tts_local  950  TTS_LOCAL_CB_OUTPUT  nCode:  528  ,ced:  21  ,nSize:  160  ,data:  udata(a0080728) 
[2019/08/23 13:39:18 822] network    396  soc error  10202  ns2  
[2019/08/23 13:39:18 823] ns         256  name server http resp  table(a007d110) 10202  nil  
[2019/08/23 13:39:18 823] ns         415  ns response failed, err =  10202  
[2019/08/23 13:39:18 823] ns         116  ns_host=  open.xf-yun.com  
[2019/08/23 13:39:18 823] ns         118  use default ip  
[2019/08/23 13:39:18 823] transport  1048 ns_ip =   116.213.69.195  
[2019/08/23 13:39:18 823] transport  1049 ip_type =  def_athopen.xf-yun.com  
[2019/08/23 13:39:18 823] ns         658  no data in ns_q  
[2019/08/23 13:39:18 823] ns         659  conti_ns,ns_inprog =   1  
[2019/08/23 13:39:18 824] transport  562  MSC:[soc] [1] error 10202 101!  
[2019/08/23 13:39:18 824] transport  57   clear_ip ip_type =  def_athopen.xf-yun.com  
[2019/08/23 13:39:18 824] transport  322  soc_conn_failed  
[2019/08/23 13:39:18 824] network    93   iptoenv ,  ipcache  open.xf-yun.com  def  nil  
[2019/08/23 13:39:18 825] transport  391  switch 80  
[2019/08/23 13:39:18 826] transport  1300 [soc] disconnect   
[2019/08/23 13:39:18 831] tts_local  950  TTS_LOCAL_CB_OUTPUT  nCode:  528  ,ced:  30  ,nSize:  212  ,data:  udata(a0045c38) 
[2019/08/23 13:39:18 831] tts_local  950  TTS_LOCAL_CB_OUTPUT  nCode:  528  ,ced:  30  ,nSize:  6052  ,data:  udata(a0045648) 
[2019/08/23 13:39:18 831] tts_local  950  TTS_LOCAL_CB_OUTPUT  nCode:  528  ,ced:  30  ,nSize:  5830  ,data:  udata(a007d288) 
[2019/08/23 13:39:18 832] tts_local  950  TTS_LOCAL_CB_OUTPUT  nCode:  528  ,ced:  30  ,nSize:  5608  ,data:  udata(a003d8c8) 
[2019/08/23 13:39:18 832] tts_local  950  TTS_LOCAL_CB_OUTPUT  nCode:  528  ,ced:  30  ,nSize:  9966  ,data:  udata(a003f878) 
[2019/08/23 13:39:18 832] tts_local  937  TTS_LOCAL_CB_END  0  nil  
[2019/08/23 13:39:18 834] tts_local  1782 TTS_LOCAL_MSG_END  0  
[2019/08/23 13:39:18 834] tts_local  1194 plog_process  {"u_lrs":54,"hints":"Normal","dur":54,"csid":"ctts1P1HHBHjy8iPapIXVaaBrdmxV1fkmiQ","u_txt":3,"u_frs":43,"stime":"2019/08/23 13:39:18 780","ret":0}  nil  
[2019/08/23 13:39:18 837] tts_local  1875 last gc at  1566538758  
[2019/08/23 13:39:19 028] transport  1033 session.domain=  open.xf-yun.com  
[2019/08/23 13:39:19 028] transport  1034 url.host=  open.xf-yun.com  
[2019/08/23 13:39:19 028] transport  1068 NAMESERVER START  
[2019/08/23 13:39:19 028] transport  1071 name =   ath  
[2019/08/23 13:39:19 028] ns         629  ntt=  standard  
[2019/08/23 13:39:19 028] transport  1074 trans,ns_inprog =  0  
[2019/08/23 13:39:19 028] ns         585  name server start  
[2019/08/23 13:39:19 028] ns         586  ns_sub =   ath  
[2019/08/23 13:39:19 028] ns         588  ns_host=  open.xf-yun.com  
[2019/08/23 13:39:19 028] ns         479  ns_host=  open.xf-yun.com  
[2019/08/23 13:39:19 028] ns         558  GET /sip/resolver?srand=0823133911.32 HTTP/1.1
Host: hdns.openspeech.cn
Connection: Keep-Alive
X-Par: ver=1.3&appid=54a61231&operator=UNKNOW&nettype=STANDARD&cver=5.0.33.1158&svc=ath&host=open.xf-yun.com&sign=462e99c206018ca1086997dbf79e7334
User-Agent: iFLYCloud

  
[2019/08/23 13:39:19 028] ns         559  net_type =  standard  
[2019/08/23 13:39:19 028] ns         560  cmwapascmnet =  
[2019/08/23 13:39:19 028] ns         561  uniwapasuninet =  
[2019/08/23 13:39:19 028] ns         562  ctwapasctnet =  
[2019/08/23 13:39:19 028] ns         579  host=  hdns.openspeech.cn  
[2019/08/23 13:39:19 028] network    242  gethostbyname  hdns.openspeech.cn  ns3  
[2019/08/23 13:39:19 029] network    224  dns resp  10214  ns3  
[2019/08/23 13:39:19 029] ns         457  ns dns failed, err =   10214  
[2019/08/23 13:39:19 029] network    423  gethttpresp2  117.121.48.5  80  ns4  
[2019/08/23 13:39:19 029] network    440  prot_type  tcp  
[2019/08/23 13:39:19 030] network    396  soc error  10202  ns4  
[2019/08/23 13:39:19 030] ns         256  name server http resp  table(a0064380) 10202  nil  
[2019/08/23 13:39:19 030] ns         415  ns response failed, err =  10202  
[2019/08/23 13:39:19 030] ns         116  ns_host=  open.xf-yun.com  
[2019/08/23 13:39:19 030] ns         118  use default ip  
[2019/08/23 13:39:19 030] transport  1048 ns_ip =   116.213.69.195  
[2019/08/23 13:39:19 030] transport  1049 ip_type =  def_athopen.xf-yun.com  
[2019/08/23 13:39:19 030] transport  1266 [soc] connect   116.213.69.195  80  
[2019/08/23 13:39:19 030] transport  1283 mspsoc.open,prot_type=  tcp  
[2019/08/23 13:39:19 030] ns         658  no data in ns_q  
[2019/08/23 13:39:19 030] ns         659  conti_ns,ns_inprog =   1  
[2019/08/23 13:39:19 030] transport  296  [dns] [1] failed! 10214  
[2019/08/23 13:39:19 030] transport  562  MSC:[soc] [1] error 10202 101!  
[2019/08/23 13:39:19 030] transport  57   clear_ip ip_type =  def_athopen.xf-yun.com  
[2019/08/23 13:39:19 030] transport  322  soc_conn_failed  
[2019/08/23 13:39:19 030] network    93   iptoenv ,  ipcache  open.xf-yun.com  def  nil  
[2019/08/23 13:39:19 031] transport  391  switch 80  
[2019/08/23 13:39:19 031] transport  1300 [soc] disconnect   
[2019/08/23 13:39:19 233] transport  1033 session.domain=  open.xf-yun.com  
[2019/08/23 13:39:19 233] transport  1034 url.host=  open.xf-yun.com  
[2019/08/23 13:39:19 233] transport  1068 NAMESERVER START  
[2019/08/23 13:39:19 233] transport  1071 name =   ath  
[2019/08/23 13:39:19 233] ns         629  ntt=  standard  
[2019/08/23 13:39:19 233] transport  1074 trans,ns_inprog =  0  
[2019/08/23 13:39:19 233] ns         585  name server start  
[2019/08/23 13:39:19 233] ns         586  ns_sub =   ath  
[2019/08/23 13:39:19 233] ns         588  ns_host=  open.xf-yun.com  
[2019/08/23 13:39:19 233] ns         479  ns_host=  open.xf-yun.com  
[2019/08/23 13:39:19 233] ns         558  GET /sip/resolver?srand=0823133911.32 HTTP/1.1
Host: hdns.openspeech.cn
Connection: Keep-Alive
X-Par: ver=1.3&appid=54a61231&operator=UNKNOW&nettype=STANDARD&cver=5.0.33.1158&svc=ath&host=open.xf-yun.com&sign=462e99c206018ca1086997dbf79e7334
User-Agent: iFLYCloud

  
[2019/08/23 13:39:19 233] ns         559  net_type =  standard  
[2019/08/23 13:39:19 233] ns         560  cmwapascmnet =  
[2019/08/23 13:39:19 233] ns         561  uniwapasuninet =  
[2019/08/23 13:39:19 233] ns         562  ctwapasctnet =  
[2019/08/23 13:39:19 233] ns         579  host=  hdns.openspeech.cn  
[2019/08/23 13:39:19 233] network    242  gethostbyname  hdns.openspeech.cn  ns5  
[2019/08/23 13:39:19 234] network    224  dns resp  10214  ns5  
[2019/08/23 13:39:19 234] ns         457  ns dns failed, err =   10214  
[2019/08/23 13:39:19 234] network    423  gethttpresp2  117.121.48.5  80  ns6  
[2019/08/23 13:39:19 234] network    440  prot_type  tcp  
[2019/08/23 13:39:19 234] transport  296  [dns] [1] failed! 10214  
[2019/08/23 13:39:19 235] network    88   ipfromenv ,  ipcache  open.xf-yun.com  def  nil  
[2019/08/23 13:39:19 235] network    88   ipfromenv ,  ipcfg  open.xf-yun.com  def  nil  
[2019/08/23 13:39:19 235] transport  1266 [soc] connect   116.213.69.195  80  
[2019/08/23 13:39:19 235] transport  1283 mspsoc.open,prot_type=  tcp  
[2019/08/23 13:39:19 235] network    396  soc error  10202  ns6  
[2019/08/23 13:39:19 235] ns         256  name server http resp  table(a0080880) 10202  nil  
[2019/08/23 13:39:19 235] ns         415  ns response failed, err =  10202  
[2019/08/23 13:39:19 235] ns         116  ns_host=  open.xf-yun.com  
[2019/08/23 13:39:19 235] ns         118  use default ip  
[2019/08/23 13:39:19 235] transport  1048 ns_ip =   116.213.69.195  
[2019/08/23 13:39:19 235] transport  1049 ip_type =  def_athopen.xf-yun.com  
[2019/08/23 13:39:19 235] ns         658  no data in ns_q  
[2019/08/23 13:39:19 235] ns         659  conti_ns,ns_inprog =   1  
[2019/08/23 13:39:19 236] transport  562  MSC:[soc] [1] error 10202 101!  
[2019/08/23 13:39:19 236] transport  57   clear_ip ip_type =  def_athopen.xf-yun.com  
[2019/08/23 13:39:19 236] transport  322  soc_conn_failed  
[2019/08/23 13:39:19 236] network    93   iptoenv ,  ipcache  open.xf-yun.com  def  nil  
[2019/08/23 13:39:19 236] transport  391  switch 80  
[2019/08/23 13:39:19 236] transport  1300 [soc] disconnect   
[2019/08/23 13:39:19 438] transport  1033 session.domain=  open.xf-yun.com  
[2019/08/23 13:39:19 438] transport  1034 url.host=  open.xf-yun.com  
[2019/08/23 13:39:19 438] transport  1068 NAMESERVER START  
[2019/08/23 13:39:19 438] transport  1071 name =   ath  
[2019/08/23 13:39:19 438] ns         629  ntt=  standard  
[2019/08/23 13:39:19 438] transport  1074 trans,ns_inprog =  0  
[2019/08/23 13:39:19 438] ns         585  name server start  
[2019/08/23 13:39:19 438] ns         586  ns_sub =   ath  
[2019/08/23 13:39:19 438] ns         588  ns_host=  open.xf-yun.com  
[2019/08/23 13:39:19 438] ns         479  ns_host=  open.xf-yun.com  
[2019/08/23 13:39:19 438] ns         558  GET /sip/resolver?srand=0823133911.32 HTTP/1.1
Host: hdns.openspeech.cn
Connection: Keep-Alive
X-Par: ver=1.3&appid=54a61231&operator=UNKNOW&nettype=STANDARD&cver=5.0.33.1158&svc=ath&host=open.xf-yun.com&sign=462e99c206018ca1086997dbf79e7334
User-Agent: iFLYCloud

  
[2019/08/23 13:39:19 438] ns         559  net_type =  standard  
[2019/08/23 13:39:19 438] ns         560  cmwapascmnet =  
[2019/08/23 13:39:19 438] ns         561  uniwapasuninet =  
[2019/08/23 13:39:19 438] ns         562  ctwapasctnet =  
[2019/08/23 13:39:19 438] ns         579  host=  hdns.openspeech.cn  
[2019/08/23 13:39:19 438] network    242  gethostbyname  hdns.openspeech.cn  ns7  
[2019/08/23 13:39:19 439] network    224  dns resp  10214  ns7  
[2019/08/23 13:39:19 439] ns         457  ns dns failed, err =   10214  
[2019/08/23 13:39:19 439] network    423  gethttpresp2  117.121.48.5  80  ns8  
[2019/08/23 13:39:19 439] network    440  prot_type  tcp  
[2019/08/23 13:39:19 440] network    396  soc error  10202  ns8  
[2019/08/23 13:39:19 440] ns         256  name server http resp  table(a0046bc0) 10202  nil  
[2019/08/23 13:39:19 440] ns         415  ns response failed, err =  10202  
[2019/08/23 13:39:19 440] ns         116  ns_host=  open.xf-yun.com  
[2019/08/23 13:39:19 440] ns         118  use default ip  
[2019/08/23 13:39:19 440] transport  1048 ns_ip =   116.213.69.195  
[2019/08/23 13:39:19 440] transport  1049 ip_type =  def_athopen.xf-yun.com  
[2019/08/23 13:39:19 440] transport  1266 [soc] connect   116.213.69.195  80  
[2019/08/23 13:39:19 440] transport  1283 mspsoc.open,prot_type=  tcp  
[2019/08/23 13:39:19 440] ns         658  no data in ns_q  
[2019/08/23 13:39:19 440] ns         659  conti_ns,ns_inprog =   1  
[2019/08/23 13:39:19 440] transport  296  [dns] [1] failed! 10214  
[2019/08/23 13:39:19 440] transport  562  MSC:[soc] [1] error 10202 101!  
[2019/08/23 13:39:19 440] transport  57   clear_ip ip_type =  def_athopen.xf-yun.com  
[2019/08/23 13:39:19 440] transport  322  soc_conn_failed  
[2019/08/23 13:39:19 440] network    93   iptoenv ,  ipcache  open.xf-yun.com  def  nil  
[2019/08/23 13:39:19 441] transport  391  switch 80  
[2019/08/23 13:39:19 441] transport  1300 [soc] disconnect   
[2019/08/23 13:39:19 642] transport  1033 session.domain=  open.xf-yun.com  
[2019/08/23 13:39:19 642] transport  1034 url.host=  open.xf-yun.com  
[2019/08/23 13:39:19 642] transport  1068 NAMESERVER START  
[2019/08/23 13:39:19 642] transport  1071 name =   ath  
[2019/08/23 13:39:19 642] ns         629  ntt=  standard  
[2019/08/23 13:39:19 642] transport  1074 trans,ns_inprog =  0  
[2019/08/23 13:39:19 642] ns         585  name server start  
[2019/08/23 13:39:19 642] ns         586  ns_sub =   ath  
[2019/08/23 13:39:19 642] ns         588  ns_host=  open.xf-yun.com  
[2019/08/23 13:39:19 642] ns         479  ns_host=  open.xf-yun.com  
[2019/08/23 13:39:19 642] ns         558  GET /sip/resolver?srand=0823133911.32 HTTP/1.1
Host: hdns.openspeech.cn
Connection: Keep-Alive
X-Par: ver=1.3&appid=54a61231&operator=UNKNOW&nettype=STANDARD&cver=5.0.33.1158&svc=ath&host=open.xf-yun.com&sign=462e99c206018ca1086997dbf79e7334
User-Agent: iFLYCloud

  
[2019/08/23 13:39:19 642] ns         559  net_type =  standard  
[2019/08/23 13:39:19 642] ns         560  cmwapascmnet =  
[2019/08/23 13:39:19 642] ns         561  uniwapasuninet =  
[2019/08/23 13:39:19 642] ns         562  ctwapasctnet =  
[2019/08/23 13:39:19 642] ns         579  host=  hdns.openspeech.cn  
[2019/08/23 13:39:19 642] network    242  gethostbyname  hdns.openspeech.cn  ns9  
[2019/08/23 13:39:19 643] network    224  dns resp  10214  ns9  
[2019/08/23 13:39:19 643] ns         457  ns dns failed, err =   10214  
[2019/08/23 13:39:19 643] network    423  gethttpresp2  117.121.48.5  80  ns10  
[2019/08/23 13:39:19 643] network    440  prot_type  tcp  
[2019/08/23 13:39:19 644] transport  296  [dns] [1] failed! 10214  
[2019/08/23 13:39:19 644] network    88   ipfromenv ,  ipcache  open.xf-yun.com  def  nil  
[2019/08/23 13:39:19 645] network    88   ipfromenv ,  ipcfg  open.xf-yun.com  def  nil  
[2019/08/23 13:39:19 645] transport  1266 [soc] connect   116.213.69.195  80  
[2019/08/23 13:39:19 645] transport  1283 mspsoc.open,prot_type=  tcp  
[2019/08/23 13:39:19 645] network    396  soc error  10202  ns10  
[2019/08/23 13:39:19 645] ns         256  name server http resp  table(a0046bc0) 10202  nil  
[2019/08/23 13:39:19 645] ns         415  ns response failed, err =  10202  
[2019/08/23 13:39:19 645] ns         116  ns_host=  open.xf-yun.com  
[2019/08/23 13:39:19 645] ns         118  use default ip  
[2019/08/23 13:39:19 645] transport  1048 ns_ip =   116.213.69.195  
[2019/08/23 13:39:19 645] transport  1049 ip_type =  def_athopen.xf-yun.com  
[2019/08/23 13:39:19 645] ns         658  no data in ns_q  
[2019/08/23 13:39:19 645] ns         659  conti_ns,ns_inprog =   1  
[2019/08/23 13:39:19 645] transport  562  MSC:[soc] [1] error 10202 101!  
[2019/08/23 13:39:19 645] transport  57   clear_ip ip_type =  def_athopen.xf-yun.com  
[2019/08/23 13:39:19 645] transport  322  soc_conn_failed  
[2019/08/23 13:39:19 645] network    93   iptoenv ,  ipcache  open.xf-yun.com  def  nil  
[2019/08/23 13:39:19 646] transport  391  switch 80  
[2019/08/23 13:39:19 646] transport  1300 [soc] disconnect   
[2019/08/23 13:39:19 821] tts_local  1840 SYS_MSG_SHUTDOWN_LOCAL  
[2019/08/23 13:39:19 821] tts_local  1875 last gc at  1566538758  
